[2025-07-24T03:27:03.191+0000] {taskinstance.py:1956} INFO - Dependencies all met for dep_context=non-requeueable deps ti=<TaskInstance: TechAndUrbanGrowth.ingestion_urbanization_data manual__2025-07-24T03:26:58.892049+00:00 [queued]>
[2025-07-24T03:27:03.214+0000] {taskinstance.py:1956} INFO - Dependencies all met for dep_context=requeueable deps ti=<TaskInstance: TechAndUrbanGrowth.ingestion_urbanization_data manual__2025-07-24T03:26:58.892049+00:00 [queued]>
[2025-07-24T03:27:03.215+0000] {taskinstance.py:2170} INFO - Starting attempt 1 of 2
[2025-07-24T03:27:03.268+0000] {taskinstance.py:2191} INFO - Executing <Task(PythonOperator): ingestion_urbanization_data> on 2025-07-24 03:26:58.892049+00:00
[2025-07-24T03:27:03.322+0000] {standard_task_runner.py:60} INFO - Started process 2385 to run task
[2025-07-24T03:27:03.333+0000] {standard_task_runner.py:87} INFO - Running: ['***', 'tasks', 'run', 'TechAndUrbanGrowth', 'ingestion_urbanization_data', 'manual__2025-07-24T03:26:58.892049+00:00', '--job-id', '118', '--raw', '--subdir', 'DAGS_FOLDER/main.py', '--cfg-path', '/tmp/tmpy05cy10f']
[2025-07-24T03:27:03.356+0000] {standard_task_runner.py:88} INFO - Job 118: Subtask ingestion_urbanization_data
[2025-07-24T03:27:03.750+0000] {task_command.py:423} INFO - Running <TaskInstance: TechAndUrbanGrowth.ingestion_urbanization_data manual__2025-07-24T03:26:58.892049+00:00 [running]> on host 4c8899e5e1ad
[2025-07-24T03:27:04.213+0000] {taskinstance.py:2480} INFO - Exporting env vars: AIRFLOW_CTX_DAG_OWNER='***' AIRFLOW_CTX_DAG_ID='TechAndUrbanGrowth' AIRFLOW_CTX_TASK_ID='ingestion_urbanization_data' AIRFLOW_CTX_EXECUTION_DATE='2025-07-24T03:26:58.892049+00:00' AIRFLOW_CTX_TRY_NUMBER='1' AIRFLOW_CTX_DAG_RUN_ID='manual__2025-07-24T03:26:58.892049+00:00'
[2025-07-24T03:27:05.437+0000] {ingestion_2.py:35} INFO - ✔ Datos urbanización obtenidos para ARG, registros: 65
[2025-07-24T03:27:05.935+0000] {ingestion_2.py:35} INFO - ✔ Datos urbanización obtenidos para ATG, registros: 65
[2025-07-24T03:27:06.298+0000] {ingestion_2.py:35} INFO - ✔ Datos urbanización obtenidos para BHS, registros: 65
[2025-07-24T03:27:06.721+0000] {ingestion_2.py:35} INFO - ✔ Datos urbanización obtenidos para BRB, registros: 65
[2025-07-24T03:27:07.396+0000] {ingestion_2.py:35} INFO - ✔ Datos urbanización obtenidos para BLZ, registros: 65
[2025-07-24T03:27:07.689+0000] {ingestion_2.py:35} INFO - ✔ Datos urbanización obtenidos para BOL, registros: 65
[2025-07-24T03:27:08.014+0000] {ingestion_2.py:35} INFO - ✔ Datos urbanización obtenidos para BRA, registros: 65
[2025-07-24T03:27:08.366+0000] {ingestion_2.py:35} INFO - ✔ Datos urbanización obtenidos para CAN, registros: 65
[2025-07-24T03:27:08.711+0000] {ingestion_2.py:35} INFO - ✔ Datos urbanización obtenidos para CHL, registros: 65
[2025-07-24T03:27:09.011+0000] {ingestion_2.py:35} INFO - ✔ Datos urbanización obtenidos para COL, registros: 65
[2025-07-24T03:27:09.345+0000] {ingestion_2.py:35} INFO - ✔ Datos urbanización obtenidos para CRI, registros: 65
[2025-07-24T03:27:09.691+0000] {ingestion_2.py:35} INFO - ✔ Datos urbanización obtenidos para CUB, registros: 65
[2025-07-24T03:27:10.021+0000] {ingestion_2.py:35} INFO - ✔ Datos urbanización obtenidos para DMA, registros: 65
[2025-07-24T03:27:10.344+0000] {ingestion_2.py:35} INFO - ✔ Datos urbanización obtenidos para DOM, registros: 65
[2025-07-24T03:27:10.773+0000] {ingestion_2.py:35} INFO - ✔ Datos urbanización obtenidos para ECU, registros: 65
[2025-07-24T03:27:11.115+0000] {ingestion_2.py:35} INFO - ✔ Datos urbanización obtenidos para SLV, registros: 65
[2025-07-24T03:27:11.435+0000] {ingestion_2.py:35} INFO - ✔ Datos urbanización obtenidos para GRD, registros: 65
[2025-07-24T03:27:11.755+0000] {ingestion_2.py:35} INFO - ✔ Datos urbanización obtenidos para GTM, registros: 65
[2025-07-24T03:27:12.086+0000] {ingestion_2.py:35} INFO - ✔ Datos urbanización obtenidos para GUY, registros: 65
[2025-07-24T03:27:12.589+0000] {ingestion_2.py:35} INFO - ✔ Datos urbanización obtenidos para HTI, registros: 65
[2025-07-24T03:27:13.143+0000] {ingestion_2.py:35} INFO - ✔ Datos urbanización obtenidos para HND, registros: 65
[2025-07-24T03:27:13.493+0000] {ingestion_2.py:35} INFO - ✔ Datos urbanización obtenidos para JAM, registros: 65
[2025-07-24T03:27:13.925+0000] {ingestion_2.py:35} INFO - ✔ Datos urbanización obtenidos para MEX, registros: 65
[2025-07-24T03:27:14.306+0000] {ingestion_2.py:35} INFO - ✔ Datos urbanización obtenidos para NIC, registros: 65
[2025-07-24T03:27:14.642+0000] {ingestion_2.py:35} INFO - ✔ Datos urbanización obtenidos para PAN, registros: 65
[2025-07-24T03:27:15.020+0000] {ingestion_2.py:35} INFO - ✔ Datos urbanización obtenidos para PRY, registros: 65
[2025-07-24T03:27:15.303+0000] {ingestion_2.py:35} INFO - ✔ Datos urbanización obtenidos para PER, registros: 65
[2025-07-24T03:27:15.840+0000] {ingestion_2.py:35} INFO - ✔ Datos urbanización obtenidos para KNA, registros: 65
[2025-07-24T03:27:16.215+0000] {ingestion_2.py:35} INFO - ✔ Datos urbanización obtenidos para LCA, registros: 65
[2025-07-24T03:27:16.484+0000] {ingestion_2.py:35} INFO - ✔ Datos urbanización obtenidos para VCT, registros: 65
[2025-07-24T03:27:16.814+0000] {ingestion_2.py:35} INFO - ✔ Datos urbanización obtenidos para SUR, registros: 65
[2025-07-24T03:27:17.118+0000] {ingestion_2.py:35} INFO - ✔ Datos urbanización obtenidos para TTO, registros: 65
[2025-07-24T03:27:17.412+0000] {ingestion_2.py:35} INFO - ✔ Datos urbanización obtenidos para URY, registros: 65
[2025-07-24T03:27:17.758+0000] {ingestion_2.py:35} INFO - ✔ Datos urbanización obtenidos para USA, registros: 65
[2025-07-24T03:27:18.408+0000] {ingestion_2.py:35} INFO - ✔ Datos urbanización obtenidos para VEN, registros: 65
[2025-07-24T03:27:18.467+0000] {ingestion_2.py:42} INFO - ✔ Total registros urbanización obtenidos: 2275
[2025-07-24T03:27:18.474+0000] {python.py:201} INFO - Done. Returned value was: None
[2025-07-24T03:27:18.488+0000] {taskinstance.py:1138} INFO - Marking task as SUCCESS. dag_id=TechAndUrbanGrowth, task_id=ingestion_urbanization_data, execution_date=20250724T032658, start_date=20250724T032703, end_date=20250724T032718
[2025-07-24T03:27:18.554+0000] {local_task_job_runner.py:234} INFO - Task exited with return code 0
[2025-07-24T03:27:18.588+0000] {taskinstance.py:3280} INFO - 1 downstream tasks scheduled from follow-on schedule check
