[2025-07-24T00:01:22.056+0000] {taskinstance.py:1956} INFO - Dependencies all met for dep_context=non-requeueable deps ti=<TaskInstance: TechAndUrbanGrowth.transform_population_data scheduled__2025-07-23T00:00:00+00:00 [queued]>
[2025-07-24T00:01:22.129+0000] {taskinstance.py:1956} INFO - Dependencies all met for dep_context=requeueable deps ti=<TaskInstance: TechAndUrbanGrowth.transform_population_data scheduled__2025-07-23T00:00:00+00:00 [queued]>
[2025-07-24T00:01:22.135+0000] {taskinstance.py:2170} INFO - Starting attempt 1 of 2
[2025-07-24T00:01:22.194+0000] {taskinstance.py:2191} INFO - Executing <Task(PythonOperator): transform_population_data> on 2025-07-23 00:00:00+00:00
[2025-07-24T00:01:22.225+0000] {standard_task_runner.py:60} INFO - Started process 230 to run task
[2025-07-24T00:01:22.283+0000] {standard_task_runner.py:87} INFO - Running: ['***', 'tasks', 'run', 'TechAndUrbanGrowth', 'transform_population_data', 'scheduled__2025-07-23T00:00:00+00:00', '--job-id', '10', '--raw', '--subdir', 'DAGS_FOLDER/main.py', '--cfg-path', '/tmp/tmpcstml8kj']
[2025-07-24T00:01:22.309+0000] {standard_task_runner.py:88} INFO - Job 10: Subtask transform_population_data
[2025-07-24T00:01:23.226+0000] {task_command.py:423} INFO - Running <TaskInstance: TechAndUrbanGrowth.transform_population_data scheduled__2025-07-23T00:00:00+00:00 [running]> on host 42eccaba6988
[2025-07-24T00:01:24.697+0000] {taskinstance.py:2480} INFO - Exporting env vars: AIRFLOW_CTX_DAG_OWNER='***' AIRFLOW_CTX_DAG_ID='TechAndUrbanGrowth' AIRFLOW_CTX_TASK_ID='transform_population_data' AIRFLOW_CTX_EXECUTION_DATE='2025-07-23T00:00:00+00:00' AIRFLOW_CTX_TRY_NUMBER='1' AIRFLOW_CTX_DAG_RUN_ID='scheduled__2025-07-23T00:00:00+00:00'
[2025-07-24T00:01:24.848+0000] {transform_3.py:34} INFO - ✔ Población: 65 registros transformados.
[2025-07-24T00:01:24.919+0000] {python.py:201} INFO - Done. Returned value was: None
[2025-07-24T00:01:25.003+0000] {taskinstance.py:1138} INFO - Marking task as SUCCESS. dag_id=TechAndUrbanGrowth, task_id=transform_population_data, execution_date=20250723T000000, start_date=20250724T000122, end_date=20250724T000125
[2025-07-24T00:01:25.186+0000] {local_task_job_runner.py:234} INFO - Task exited with return code 0
[2025-07-24T00:01:25.479+0000] {taskinstance.py:3280} INFO - 0 downstream tasks scheduled from follow-on schedule check
[2025-07-24T00:22:51.079+0000] {taskinstance.py:1956} INFO - Dependencies all met for dep_context=non-requeueable deps ti=<TaskInstance: TechAndUrbanGrowth.transform_population_data scheduled__2025-07-23T00:00:00+00:00 [queued]>
[2025-07-24T00:22:51.107+0000] {taskinstance.py:1956} INFO - Dependencies all met for dep_context=requeueable deps ti=<TaskInstance: TechAndUrbanGrowth.transform_population_data scheduled__2025-07-23T00:00:00+00:00 [queued]>
[2025-07-24T00:22:51.109+0000] {taskinstance.py:2170} INFO - Starting attempt 1 of 2
[2025-07-24T00:22:51.148+0000] {taskinstance.py:2191} INFO - Executing <Task(PythonOperator): transform_population_data> on 2025-07-23 00:00:00+00:00
[2025-07-24T00:22:51.168+0000] {standard_task_runner.py:60} INFO - Started process 273 to run task
[2025-07-24T00:22:51.199+0000] {standard_task_runner.py:87} INFO - Running: ['***', 'tasks', 'run', 'TechAndUrbanGrowth', 'transform_population_data', 'scheduled__2025-07-23T00:00:00+00:00', '--job-id', '14', '--raw', '--subdir', 'DAGS_FOLDER/main.py', '--cfg-path', '/tmp/tmpjjjmr1ju']
[2025-07-24T00:22:51.209+0000] {standard_task_runner.py:88} INFO - Job 14: Subtask transform_population_data
[2025-07-24T00:22:51.418+0000] {task_command.py:423} INFO - Running <TaskInstance: TechAndUrbanGrowth.transform_population_data scheduled__2025-07-23T00:00:00+00:00 [running]> on host 4c8899e5e1ad
[2025-07-24T00:22:51.615+0000] {taskinstance.py:2480} INFO - Exporting env vars: AIRFLOW_CTX_DAG_OWNER='***' AIRFLOW_CTX_DAG_ID='TechAndUrbanGrowth' AIRFLOW_CTX_TASK_ID='transform_population_data' AIRFLOW_CTX_EXECUTION_DATE='2025-07-23T00:00:00+00:00' AIRFLOW_CTX_TRY_NUMBER='1' AIRFLOW_CTX_DAG_RUN_ID='scheduled__2025-07-23T00:00:00+00:00'
[2025-07-24T00:22:51.676+0000] {transform_3.py:34} INFO - ✔ Población: 65 registros transformados.
[2025-07-24T00:22:51.714+0000] {python.py:201} INFO - Done. Returned value was: None
[2025-07-24T00:22:51.734+0000] {taskinstance.py:1138} INFO - Marking task as SUCCESS. dag_id=TechAndUrbanGrowth, task_id=transform_population_data, execution_date=20250723T000000, start_date=20250724T002251, end_date=20250724T002251
[2025-07-24T00:22:51.802+0000] {local_task_job_runner.py:234} INFO - Task exited with return code 0
[2025-07-24T00:22:51.843+0000] {taskinstance.py:3280} INFO - 0 downstream tasks scheduled from follow-on schedule check
