[2025-07-24T03:02:12.694+0000] {taskinstance.py:1956} INFO - Dependencies all met for dep_context=non-requeueable deps ti=<TaskInstance: TechAndUrbanGrowth.ingestion_population_data manual__2025-07-24T03:02:03.097243+00:00 [queued]>
[2025-07-24T03:02:12.736+0000] {taskinstance.py:1956} INFO - Dependencies all met for dep_context=requeueable deps ti=<TaskInstance: TechAndUrbanGrowth.ingestion_population_data manual__2025-07-24T03:02:03.097243+00:00 [queued]>
[2025-07-24T03:02:12.738+0000] {taskinstance.py:2170} INFO - Starting attempt 1 of 2
[2025-07-24T03:02:12.814+0000] {taskinstance.py:2191} INFO - Executing <Task(PythonOperator): ingestion_population_data> on 2025-07-24 03:02:03.097243+00:00
[2025-07-24T03:02:12.931+0000] {standard_task_runner.py:60} INFO - Started process 2058 to run task
[2025-07-24T03:02:12.958+0000] {standard_task_runner.py:87} INFO - Running: ['***', 'tasks', 'run', 'TechAndUrbanGrowth', 'ingestion_population_data', 'manual__2025-07-24T03:02:03.097243+00:00', '--job-id', '97', '--raw', '--subdir', 'DAGS_FOLDER/main.py', '--cfg-path', '/tmp/tmpaphcgpq3']
[2025-07-24T03:02:12.971+0000] {standard_task_runner.py:88} INFO - Job 97: Subtask ingestion_population_data
[2025-07-24T03:02:13.617+0000] {task_command.py:423} INFO - Running <TaskInstance: TechAndUrbanGrowth.ingestion_population_data manual__2025-07-24T03:02:03.097243+00:00 [running]> on host 4c8899e5e1ad
[2025-07-24T03:02:15.207+0000] {taskinstance.py:2480} INFO - Exporting env vars: AIRFLOW_CTX_DAG_OWNER='***' AIRFLOW_CTX_DAG_ID='TechAndUrbanGrowth' AIRFLOW_CTX_TASK_ID='ingestion_population_data' AIRFLOW_CTX_EXECUTION_DATE='2025-07-24T03:02:03.097243+00:00' AIRFLOW_CTX_TRY_NUMBER='1' AIRFLOW_CTX_DAG_RUN_ID='manual__2025-07-24T03:02:03.097243+00:00'
[2025-07-24T03:02:38.251+0000] {ingestion_3.py:34} INFO - ✔ Datos población obtenidos para ARG, registros: 65
[2025-07-24T03:02:38.738+0000] {ingestion_3.py:34} INFO - ✔ Datos población obtenidos para ATG, registros: 65
[2025-07-24T03:03:00.405+0000] {ingestion_3.py:34} INFO - ✔ Datos población obtenidos para BHS, registros: 65
[2025-07-24T03:03:21.938+0000] {ingestion_3.py:34} INFO - ✔ Datos población obtenidos para BRB, registros: 65
[2025-07-24T03:03:22.304+0000] {ingestion_3.py:34} INFO - ✔ Datos población obtenidos para BLZ, registros: 65
[2025-07-24T03:03:43.951+0000] {ingestion_3.py:34} INFO - ✔ Datos población obtenidos para BOL, registros: 65
[2025-07-24T03:04:05.250+0000] {ingestion_3.py:34} INFO - ✔ Datos población obtenidos para BRA, registros: 65
[2025-07-24T03:04:26.609+0000] {ingestion_3.py:34} INFO - ✔ Datos población obtenidos para CAN, registros: 65
[2025-07-24T03:04:42.022+0000] {ingestion_3.py:34} INFO - ✔ Datos población obtenidos para CHL, registros: 65
[2025-07-24T03:04:42.339+0000] {ingestion_3.py:34} INFO - ✔ Datos población obtenidos para COL, registros: 65
[2025-07-24T03:04:42.686+0000] {ingestion_3.py:34} INFO - ✔ Datos población obtenidos para CRI, registros: 65
[2025-07-24T03:04:43.264+0000] {ingestion_3.py:34} INFO - ✔ Datos población obtenidos para CUB, registros: 65
[2025-07-24T03:04:43.633+0000] {ingestion_3.py:34} INFO - ✔ Datos población obtenidos para DMA, registros: 65
[2025-07-24T03:04:43.937+0000] {ingestion_3.py:34} INFO - ✔ Datos población obtenidos para DOM, registros: 65
[2025-07-24T03:04:44.313+0000] {ingestion_3.py:34} INFO - ✔ Datos población obtenidos para ECU, registros: 65
[2025-07-24T03:04:44.616+0000] {ingestion_3.py:34} INFO - ✔ Datos población obtenidos para SLV, registros: 65
[2025-07-24T03:04:44.924+0000] {ingestion_3.py:34} INFO - ✔ Datos población obtenidos para GRD, registros: 65
[2025-07-24T03:04:45.218+0000] {ingestion_3.py:34} INFO - ✔ Datos población obtenidos para GTM, registros: 65
[2025-07-24T03:04:45.536+0000] {ingestion_3.py:34} INFO - ✔ Datos población obtenidos para GUY, registros: 65
[2025-07-24T03:04:45.851+0000] {ingestion_3.py:34} INFO - ✔ Datos población obtenidos para HTI, registros: 65
[2025-07-24T03:04:46.170+0000] {ingestion_3.py:34} INFO - ✔ Datos población obtenidos para HND, registros: 65
[2025-07-24T03:04:46.485+0000] {ingestion_3.py:34} INFO - ✔ Datos población obtenidos para JAM, registros: 65
[2025-07-24T03:04:46.807+0000] {ingestion_3.py:34} INFO - ✔ Datos población obtenidos para MEX, registros: 65
[2025-07-24T03:04:47.149+0000] {ingestion_3.py:34} INFO - ✔ Datos población obtenidos para NIC, registros: 65
[2025-07-24T03:04:47.610+0000] {ingestion_3.py:34} INFO - ✔ Datos población obtenidos para PAN, registros: 65
[2025-07-24T03:04:47.956+0000] {ingestion_3.py:34} INFO - ✔ Datos población obtenidos para PRY, registros: 65
[2025-07-24T03:04:48.277+0000] {ingestion_3.py:34} INFO - ✔ Datos población obtenidos para PER, registros: 65
[2025-07-24T03:04:48.592+0000] {ingestion_3.py:34} INFO - ✔ Datos población obtenidos para KNA, registros: 65
[2025-07-24T03:04:48.921+0000] {ingestion_3.py:34} INFO - ✔ Datos población obtenidos para LCA, registros: 65
[2025-07-24T03:04:49.284+0000] {ingestion_3.py:34} INFO - ✔ Datos población obtenidos para VCT, registros: 65
[2025-07-24T03:04:49.719+0000] {ingestion_3.py:34} INFO - ✔ Datos población obtenidos para SUR, registros: 65
[2025-07-24T03:04:50.022+0000] {ingestion_3.py:34} INFO - ✔ Datos población obtenidos para TTO, registros: 65
[2025-07-24T03:04:50.338+0000] {ingestion_3.py:34} INFO - ✔ Datos población obtenidos para URY, registros: 65
[2025-07-24T03:04:50.654+0000] {ingestion_3.py:34} INFO - ✔ Datos población obtenidos para USA, registros: 65
[2025-07-24T03:04:50.950+0000] {ingestion_3.py:34} INFO - ✔ Datos población obtenidos para VEN, registros: 65
[2025-07-24T03:04:51.435+0000] {ingestion_3.py:41} INFO - ✔ Total registros población obtenidos: 2275
[2025-07-24T03:04:51.454+0000] {python.py:201} INFO - Done. Returned value was: None
[2025-07-24T03:04:51.574+0000] {taskinstance.py:1138} INFO - Marking task as SUCCESS. dag_id=TechAndUrbanGrowth, task_id=ingestion_population_data, execution_date=20250724T030203, start_date=20250724T030212, end_date=20250724T030451
[2025-07-24T03:04:51.804+0000] {local_task_job_runner.py:234} INFO - Task exited with return code 0
[2025-07-24T03:04:52.065+0000] {taskinstance.py:3280} INFO - 1 downstream tasks scheduled from follow-on schedule check
