[2025-07-24T03:18:03.305+0000] {taskinstance.py:1956} INFO - Dependencies all met for dep_context=non-requeueable deps ti=<TaskInstance: TechAndUrbanGrowth.ingestion_urbanization_data manual__2025-07-24T03:17:57.368913+00:00 [queued]>
[2025-07-24T03:18:03.349+0000] {taskinstance.py:1956} INFO - Dependencies all met for dep_context=requeueable deps ti=<TaskInstance: TechAndUrbanGrowth.ingestion_urbanization_data manual__2025-07-24T03:17:57.368913+00:00 [queued]>
[2025-07-24T03:18:03.351+0000] {taskinstance.py:2170} INFO - Starting attempt 1 of 2
[2025-07-24T03:18:03.445+0000] {taskinstance.py:2191} INFO - Executing <Task(PythonOperator): ingestion_urbanization_data> on 2025-07-24 03:17:57.368913+00:00
[2025-07-24T03:18:03.490+0000] {standard_task_runner.py:60} INFO - Started process 2244 to run task
[2025-07-24T03:18:03.506+0000] {standard_task_runner.py:87} INFO - Running: ['***', 'tasks', 'run', 'TechAndUrbanGrowth', 'ingestion_urbanization_data', 'manual__2025-07-24T03:17:57.368913+00:00', '--job-id', '103', '--raw', '--subdir', 'DAGS_FOLDER/main.py', '--cfg-path', '/tmp/tmp_za8po2u']
[2025-07-24T03:18:03.514+0000] {standard_task_runner.py:88} INFO - Job 103: Subtask ingestion_urbanization_data
[2025-07-24T03:18:03.766+0000] {task_command.py:423} INFO - Running <TaskInstance: TechAndUrbanGrowth.ingestion_urbanization_data manual__2025-07-24T03:17:57.368913+00:00 [running]> on host 4c8899e5e1ad
[2025-07-24T03:18:04.084+0000] {taskinstance.py:2480} INFO - Exporting env vars: AIRFLOW_CTX_DAG_OWNER='***' AIRFLOW_CTX_DAG_ID='TechAndUrbanGrowth' AIRFLOW_CTX_TASK_ID='ingestion_urbanization_data' AIRFLOW_CTX_EXECUTION_DATE='2025-07-24T03:17:57.368913+00:00' AIRFLOW_CTX_TRY_NUMBER='1' AIRFLOW_CTX_DAG_RUN_ID='manual__2025-07-24T03:17:57.368913+00:00'
[2025-07-24T03:18:06.763+0000] {ingestion_2.py:35} INFO - ✔ Datos urbanización obtenidos para ARG, registros: 65
[2025-07-24T03:18:07.137+0000] {ingestion_2.py:35} INFO - ✔ Datos urbanización obtenidos para ATG, registros: 65
[2025-07-24T03:18:07.481+0000] {ingestion_2.py:35} INFO - ✔ Datos urbanización obtenidos para BHS, registros: 65
[2025-07-24T03:18:07.774+0000] {ingestion_2.py:35} INFO - ✔ Datos urbanización obtenidos para BRB, registros: 65
[2025-07-24T03:18:08.170+0000] {ingestion_2.py:35} INFO - ✔ Datos urbanización obtenidos para BLZ, registros: 65
[2025-07-24T03:18:08.504+0000] {ingestion_2.py:35} INFO - ✔ Datos urbanización obtenidos para BOL, registros: 65
[2025-07-24T03:18:08.926+0000] {ingestion_2.py:35} INFO - ✔ Datos urbanización obtenidos para BRA, registros: 65
[2025-07-24T03:18:09.310+0000] {ingestion_2.py:35} INFO - ✔ Datos urbanización obtenidos para CAN, registros: 65
[2025-07-24T03:18:09.772+0000] {ingestion_2.py:35} INFO - ✔ Datos urbanización obtenidos para CHL, registros: 65
[2025-07-24T03:18:10.982+0000] {ingestion_2.py:35} INFO - ✔ Datos urbanización obtenidos para COL, registros: 65
[2025-07-24T03:18:11.660+0000] {ingestion_2.py:35} INFO - ✔ Datos urbanización obtenidos para CRI, registros: 65
[2025-07-24T03:18:12.045+0000] {ingestion_2.py:35} INFO - ✔ Datos urbanización obtenidos para CUB, registros: 65
[2025-07-24T03:18:12.726+0000] {ingestion_2.py:35} INFO - ✔ Datos urbanización obtenidos para DMA, registros: 65
[2025-07-24T03:18:13.061+0000] {ingestion_2.py:35} INFO - ✔ Datos urbanización obtenidos para DOM, registros: 65
[2025-07-24T03:18:13.397+0000] {ingestion_2.py:35} INFO - ✔ Datos urbanización obtenidos para ECU, registros: 65
[2025-07-24T03:18:13.704+0000] {ingestion_2.py:35} INFO - ✔ Datos urbanización obtenidos para SLV, registros: 65
[2025-07-24T03:18:14.058+0000] {ingestion_2.py:35} INFO - ✔ Datos urbanización obtenidos para GRD, registros: 65
[2025-07-24T03:18:14.381+0000] {ingestion_2.py:35} INFO - ✔ Datos urbanización obtenidos para GTM, registros: 65
[2025-07-24T03:18:14.732+0000] {ingestion_2.py:35} INFO - ✔ Datos urbanización obtenidos para GUY, registros: 65
[2025-07-24T03:18:15.307+0000] {ingestion_2.py:35} INFO - ✔ Datos urbanización obtenidos para HTI, registros: 65
[2025-07-24T03:18:15.665+0000] {ingestion_2.py:35} INFO - ✔ Datos urbanización obtenidos para HND, registros: 65
[2025-07-24T03:18:16.020+0000] {ingestion_2.py:35} INFO - ✔ Datos urbanización obtenidos para JAM, registros: 65
[2025-07-24T03:18:16.468+0000] {ingestion_2.py:35} INFO - ✔ Datos urbanización obtenidos para MEX, registros: 65
[2025-07-24T03:18:17.200+0000] {ingestion_2.py:35} INFO - ✔ Datos urbanización obtenidos para NIC, registros: 65
[2025-07-24T03:18:17.717+0000] {ingestion_2.py:35} INFO - ✔ Datos urbanización obtenidos para PAN, registros: 65
[2025-07-24T03:18:18.314+0000] {ingestion_2.py:35} INFO - ✔ Datos urbanización obtenidos para PRY, registros: 65
[2025-07-24T03:18:18.736+0000] {ingestion_2.py:35} INFO - ✔ Datos urbanización obtenidos para PER, registros: 65
[2025-07-24T03:18:19.103+0000] {ingestion_2.py:35} INFO - ✔ Datos urbanización obtenidos para KNA, registros: 65
[2025-07-24T03:18:19.451+0000] {ingestion_2.py:35} INFO - ✔ Datos urbanización obtenidos para LCA, registros: 65
[2025-07-24T03:18:19.789+0000] {ingestion_2.py:35} INFO - ✔ Datos urbanización obtenidos para VCT, registros: 65
[2025-07-24T03:18:20.259+0000] {ingestion_2.py:35} INFO - ✔ Datos urbanización obtenidos para SUR, registros: 65
[2025-07-24T03:18:20.648+0000] {ingestion_2.py:35} INFO - ✔ Datos urbanización obtenidos para TTO, registros: 65
[2025-07-24T03:18:20.976+0000] {ingestion_2.py:35} INFO - ✔ Datos urbanización obtenidos para URY, registros: 65
[2025-07-24T03:18:21.279+0000] {ingestion_2.py:35} INFO - ✔ Datos urbanización obtenidos para USA, registros: 65
[2025-07-24T03:18:21.640+0000] {ingestion_2.py:35} INFO - ✔ Datos urbanización obtenidos para VEN, registros: 65
[2025-07-24T03:18:21.814+0000] {ingestion_2.py:42} INFO - ✔ Total registros urbanización obtenidos: 2275
[2025-07-24T03:18:21.829+0000] {python.py:201} INFO - Done. Returned value was: None
[2025-07-24T03:18:21.869+0000] {taskinstance.py:1138} INFO - Marking task as SUCCESS. dag_id=TechAndUrbanGrowth, task_id=ingestion_urbanization_data, execution_date=20250724T031757, start_date=20250724T031803, end_date=20250724T031821
[2025-07-24T03:18:21.983+0000] {local_task_job_runner.py:234} INFO - Task exited with return code 0
[2025-07-24T03:18:22.126+0000] {taskinstance.py:3280} INFO - 1 downstream tasks scheduled from follow-on schedule check
