[2025-07-23T23:40:07.422+0000] {taskinstance.py:1956} INFO - Dependencies all met for dep_context=non-requeueable deps ti=<TaskInstance: TechAndUrbanGrowth.load_all_to_mongo manual__2025-07-23T23:39:49.536598+00:00 [queued]>
[2025-07-23T23:40:07.438+0000] {taskinstance.py:1956} INFO - Dependencies all met for dep_context=requeueable deps ti=<TaskInstance: TechAndUrbanGrowth.load_all_to_mongo manual__2025-07-23T23:39:49.536598+00:00 [queued]>
[2025-07-23T23:40:07.440+0000] {taskinstance.py:2170} INFO - Starting attempt 1 of 2
[2025-07-23T23:40:07.463+0000] {taskinstance.py:2191} INFO - Executing <Task(PythonOperator): load_all_to_mongo> on 2025-07-23 23:39:49.536598+00:00
[2025-07-23T23:40:07.473+0000] {standard_task_runner.py:60} INFO - Started process 202 to run task
[2025-07-23T23:40:07.478+0000] {standard_task_runner.py:87} INFO - Running: ['***', 'tasks', 'run', 'TechAndUrbanGrowth', 'load_all_to_mongo', 'manual__2025-07-23T23:39:49.536598+00:00', '--job-id', '37', '--raw', '--subdir', 'DAGS_FOLDER/main.py', '--cfg-path', '/tmp/tmp9wl2o5gv']
[2025-07-23T23:40:07.482+0000] {standard_task_runner.py:88} INFO - Job 37: Subtask load_all_to_mongo
[2025-07-23T23:40:07.583+0000] {task_command.py:423} INFO - Running <TaskInstance: TechAndUrbanGrowth.load_all_to_mongo manual__2025-07-23T23:39:49.536598+00:00 [running]> on host f528c79bc51a
[2025-07-23T23:40:07.714+0000] {taskinstance.py:2480} INFO - Exporting env vars: AIRFLOW_CTX_DAG_OWNER='***' AIRFLOW_CTX_DAG_ID='TechAndUrbanGrowth' AIRFLOW_CTX_TASK_ID='load_all_to_mongo' AIRFLOW_CTX_EXECUTION_DATE='2025-07-23T23:39:49.536598+00:00' AIRFLOW_CTX_TRY_NUMBER='1' AIRFLOW_CTX_DAG_RUN_ID='manual__2025-07-23T23:39:49.536598+00:00'
[2025-07-23T23:40:07.716+0000] {load_mongo.py:13} INFO - 📦 Conectando a MongoDB...
[2025-07-23T23:40:07.787+0000] {load_mongo.py:21} INFO - Datos urbanización recibidos: tipo=<class 'list'>, cantidad=65
[2025-07-23T23:40:07.788+0000] {load_mongo.py:22} INFO - Datos calidad aire recibidos: tipo=<class 'list'>, cantidad=35
[2025-07-23T23:40:07.789+0000] {load_mongo.py:23} INFO - Datos población recibidos: tipo=<class 'list'>, cantidad=65
[2025-07-23T23:40:08.248+0000] {load_mongo.py:67} INFO - 💨 Calidad del aire: 35 registros upsertados
[2025-07-23T23:40:08.490+0000] {load_mongo.py:101} INFO - 📝 Resumen consolidado insertado: {'timestamp': '2025-07-23T23:40:08.486258', 'sources': ['population', 'urbanization', 'air_quality'], 'summary': {'population': 65, 'urbanization': 65, 'air_quality': 35, 'total_upserted': 165}, '_id': ObjectId('688172d8d0d5e98430db47ee')}
[2025-07-23T23:40:08.534+0000] {load_mongo.py:106} INFO - ✅ Carga finalizada con éxito: 165 registros upsertados
[2025-07-23T23:40:08.535+0000] {python.py:201} INFO - Done. Returned value was: None
[2025-07-23T23:40:08.552+0000] {taskinstance.py:1138} INFO - Marking task as SUCCESS. dag_id=TechAndUrbanGrowth, task_id=load_all_to_mongo, execution_date=20250723T233949, start_date=20250723T234007, end_date=20250723T234008
[2025-07-23T23:40:08.616+0000] {local_task_job_runner.py:234} INFO - Task exited with return code 0
[2025-07-23T23:40:08.658+0000] {taskinstance.py:3280} INFO - 1 downstream tasks scheduled from follow-on schedule check
