[2025-07-24T03:36:59.755+0000] {taskinstance.py:1956} INFO - Dependencies all met for dep_context=non-requeueable deps ti=<TaskInstance: TechAndUrbanGrowth.ingestion_urbanization_data manual__2025-07-24T03:36:52.564661+00:00 [queued]>
[2025-07-24T03:36:59.808+0000] {taskinstance.py:1956} INFO - Dependencies all met for dep_context=requeueable deps ti=<TaskInstance: TechAndUrbanGrowth.ingestion_urbanization_data manual__2025-07-24T03:36:52.564661+00:00 [queued]>
[2025-07-24T03:36:59.809+0000] {taskinstance.py:2170} INFO - Starting attempt 1 of 2
[2025-07-24T03:36:59.887+0000] {taskinstance.py:2191} INFO - Executing <Task(PythonOperator): ingestion_urbanization_data> on 2025-07-24 03:36:52.564661+00:00
[2025-07-24T03:36:59.929+0000] {standard_task_runner.py:60} INFO - Started process 2608 to run task
[2025-07-24T03:37:00.021+0000] {standard_task_runner.py:87} INFO - Running: ['***', 'tasks', 'run', 'TechAndUrbanGrowth', 'ingestion_urbanization_data', 'manual__2025-07-24T03:36:52.564661+00:00', '--job-id', '150', '--raw', '--subdir', 'DAGS_FOLDER/main.py', '--cfg-path', '/tmp/tmpvv7anrgr']
[2025-07-24T03:37:00.095+0000] {standard_task_runner.py:88} INFO - Job 150: Subtask ingestion_urbanization_data
[2025-07-24T03:37:00.515+0000] {task_command.py:423} INFO - Running <TaskInstance: TechAndUrbanGrowth.ingestion_urbanization_data manual__2025-07-24T03:36:52.564661+00:00 [running]> on host 4c8899e5e1ad
[2025-07-24T03:37:01.094+0000] {taskinstance.py:2480} INFO - Exporting env vars: AIRFLOW_CTX_DAG_OWNER='***' AIRFLOW_CTX_DAG_ID='TechAndUrbanGrowth' AIRFLOW_CTX_TASK_ID='ingestion_urbanization_data' AIRFLOW_CTX_EXECUTION_DATE='2025-07-24T03:36:52.564661+00:00' AIRFLOW_CTX_TRY_NUMBER='1' AIRFLOW_CTX_DAG_RUN_ID='manual__2025-07-24T03:36:52.564661+00:00'
[2025-07-24T03:37:02.520+0000] {ingestion_2.py:35} INFO - ✔ Datos urbanización obtenidos para ARG, registros: 65
[2025-07-24T03:37:02.873+0000] {ingestion_2.py:35} INFO - ✔ Datos urbanización obtenidos para ATG, registros: 65
[2025-07-24T03:37:03.276+0000] {ingestion_2.py:35} INFO - ✔ Datos urbanización obtenidos para BHS, registros: 65
[2025-07-24T03:37:03.674+0000] {ingestion_2.py:35} INFO - ✔ Datos urbanización obtenidos para BRB, registros: 65
[2025-07-24T03:37:04.014+0000] {ingestion_2.py:35} INFO - ✔ Datos urbanización obtenidos para BLZ, registros: 65
[2025-07-24T03:37:04.365+0000] {ingestion_2.py:35} INFO - ✔ Datos urbanización obtenidos para BOL, registros: 65
[2025-07-24T03:37:04.702+0000] {ingestion_2.py:35} INFO - ✔ Datos urbanización obtenidos para BRA, registros: 65
[2025-07-24T03:37:05.050+0000] {ingestion_2.py:35} INFO - ✔ Datos urbanización obtenidos para CAN, registros: 65
[2025-07-24T03:37:05.486+0000] {ingestion_2.py:35} INFO - ✔ Datos urbanización obtenidos para CHL, registros: 65
[2025-07-24T03:37:05.808+0000] {ingestion_2.py:35} INFO - ✔ Datos urbanización obtenidos para COL, registros: 65
[2025-07-24T03:37:06.167+0000] {ingestion_2.py:35} INFO - ✔ Datos urbanización obtenidos para CRI, registros: 65
[2025-07-24T03:37:06.517+0000] {ingestion_2.py:35} INFO - ✔ Datos urbanización obtenidos para CUB, registros: 65
[2025-07-24T03:37:06.825+0000] {ingestion_2.py:35} INFO - ✔ Datos urbanización obtenidos para DMA, registros: 65
[2025-07-24T03:37:07.149+0000] {ingestion_2.py:35} INFO - ✔ Datos urbanización obtenidos para DOM, registros: 65
[2025-07-24T03:37:07.497+0000] {ingestion_2.py:35} INFO - ✔ Datos urbanización obtenidos para ECU, registros: 65
[2025-07-24T03:37:07.862+0000] {ingestion_2.py:35} INFO - ✔ Datos urbanización obtenidos para SLV, registros: 65
[2025-07-24T03:37:08.191+0000] {ingestion_2.py:35} INFO - ✔ Datos urbanización obtenidos para GRD, registros: 65
[2025-07-24T03:37:08.550+0000] {ingestion_2.py:35} INFO - ✔ Datos urbanización obtenidos para GTM, registros: 65
[2025-07-24T03:37:08.965+0000] {ingestion_2.py:35} INFO - ✔ Datos urbanización obtenidos para GUY, registros: 65
[2025-07-24T03:37:09.312+0000] {ingestion_2.py:35} INFO - ✔ Datos urbanización obtenidos para HTI, registros: 65
[2025-07-24T03:37:09.647+0000] {ingestion_2.py:35} INFO - ✔ Datos urbanización obtenidos para HND, registros: 65
[2025-07-24T03:37:10.256+0000] {ingestion_2.py:35} INFO - ✔ Datos urbanización obtenidos para JAM, registros: 65
[2025-07-24T03:37:10.582+0000] {ingestion_2.py:35} INFO - ✔ Datos urbanización obtenidos para MEX, registros: 65
[2025-07-24T03:37:10.980+0000] {ingestion_2.py:35} INFO - ✔ Datos urbanización obtenidos para NIC, registros: 65
[2025-07-24T03:37:11.389+0000] {ingestion_2.py:35} INFO - ✔ Datos urbanización obtenidos para PAN, registros: 65
[2025-07-24T03:37:11.769+0000] {ingestion_2.py:35} INFO - ✔ Datos urbanización obtenidos para PRY, registros: 65
[2025-07-24T03:37:12.172+0000] {ingestion_2.py:35} INFO - ✔ Datos urbanización obtenidos para PER, registros: 65
[2025-07-24T03:37:12.532+0000] {ingestion_2.py:35} INFO - ✔ Datos urbanización obtenidos para KNA, registros: 65
[2025-07-24T03:37:12.844+0000] {ingestion_2.py:35} INFO - ✔ Datos urbanización obtenidos para LCA, registros: 65
[2025-07-24T03:37:13.219+0000] {ingestion_2.py:35} INFO - ✔ Datos urbanización obtenidos para VCT, registros: 65
[2025-07-24T03:37:13.541+0000] {ingestion_2.py:35} INFO - ✔ Datos urbanización obtenidos para SUR, registros: 65
[2025-07-24T03:37:13.867+0000] {ingestion_2.py:35} INFO - ✔ Datos urbanización obtenidos para TTO, registros: 65
[2025-07-24T03:37:14.185+0000] {ingestion_2.py:35} INFO - ✔ Datos urbanización obtenidos para URY, registros: 65
[2025-07-24T03:37:14.540+0000] {ingestion_2.py:35} INFO - ✔ Datos urbanización obtenidos para USA, registros: 65
[2025-07-24T03:37:14.960+0000] {ingestion_2.py:35} INFO - ✔ Datos urbanización obtenidos para VEN, registros: 65
[2025-07-24T03:37:15.133+0000] {ingestion_2.py:42} INFO - ✔ Total registros urbanización obtenidos: 2275
[2025-07-24T03:37:15.147+0000] {python.py:201} INFO - Done. Returned value was: None
[2025-07-24T03:37:15.179+0000] {taskinstance.py:1138} INFO - Marking task as SUCCESS. dag_id=TechAndUrbanGrowth, task_id=ingestion_urbanization_data, execution_date=20250724T033652, start_date=20250724T033659, end_date=20250724T033715
[2025-07-24T03:37:15.295+0000] {local_task_job_runner.py:234} INFO - Task exited with return code 0
[2025-07-24T03:37:15.371+0000] {taskinstance.py:3280} INFO - 1 downstream tasks scheduled from follow-on schedule check
