[2025-07-24T03:24:49.851+0000] {taskinstance.py:1956} INFO - Dependencies all met for dep_context=non-requeueable deps ti=<TaskInstance: TechAndUrbanGrowth.transform_air_quality_data manual__2025-07-24T03:24:33.033913+00:00 [queued]>
[2025-07-24T03:24:49.869+0000] {taskinstance.py:1956} INFO - Dependencies all met for dep_context=requeueable deps ti=<TaskInstance: TechAndUrbanGrowth.transform_air_quality_data manual__2025-07-24T03:24:33.033913+00:00 [queued]>
[2025-07-24T03:24:49.870+0000] {taskinstance.py:2170} INFO - Starting attempt 1 of 2
[2025-07-24T03:24:49.894+0000] {taskinstance.py:2191} INFO - Executing <Task(PythonOperator): transform_air_quality_data> on 2025-07-24 03:24:33.033913+00:00
[2025-07-24T03:24:49.910+0000] {standard_task_runner.py:60} INFO - Started process 2347 to run task
[2025-07-24T03:24:49.915+0000] {standard_task_runner.py:87} INFO - Running: ['***', 'tasks', 'run', 'TechAndUrbanGrowth', 'transform_air_quality_data', 'manual__2025-07-24T03:24:33.033913+00:00', '--job-id', '112', '--raw', '--subdir', 'DAGS_FOLDER/main.py', '--cfg-path', '/tmp/tmpfc8jph64']
[2025-07-24T03:24:49.918+0000] {standard_task_runner.py:88} INFO - Job 112: Subtask transform_air_quality_data
[2025-07-24T03:24:50.033+0000] {task_command.py:423} INFO - Running <TaskInstance: TechAndUrbanGrowth.transform_air_quality_data manual__2025-07-24T03:24:33.033913+00:00 [running]> on host 4c8899e5e1ad
[2025-07-24T03:24:50.308+0000] {taskinstance.py:2480} INFO - Exporting env vars: AIRFLOW_CTX_DAG_OWNER='***' AIRFLOW_CTX_DAG_ID='TechAndUrbanGrowth' AIRFLOW_CTX_TASK_ID='transform_air_quality_data' AIRFLOW_CTX_EXECUTION_DATE='2025-07-24T03:24:33.033913+00:00' AIRFLOW_CTX_TRY_NUMBER='1' AIRFLOW_CTX_DAG_RUN_ID='manual__2025-07-24T03:24:33.033913+00:00'
[2025-07-24T03:24:50.349+0000] {transform_1.py:59} INFO - ✔ Transformado dato calidad aire 0 para Buenos Aires
[2025-07-24T03:24:50.356+0000] {transform_1.py:59} INFO - ✔ Transformado dato calidad aire 1 para St. John's
[2025-07-24T03:24:50.358+0000] {transform_1.py:59} INFO - ✔ Transformado dato calidad aire 2 para Nassau
[2025-07-24T03:24:50.359+0000] {transform_1.py:59} INFO - ✔ Transformado dato calidad aire 3 para Bridgetown
[2025-07-24T03:24:50.361+0000] {transform_1.py:59} INFO - ✔ Transformado dato calidad aire 4 para Belmopan
[2025-07-24T03:24:50.362+0000] {transform_1.py:59} INFO - ✔ Transformado dato calidad aire 5 para Sucre
[2025-07-24T03:24:50.363+0000] {transform_1.py:59} INFO - ✔ Transformado dato calidad aire 6 para Brasilia
[2025-07-24T03:24:50.365+0000] {transform_1.py:59} INFO - ✔ Transformado dato calidad aire 7 para Ottawa
[2025-07-24T03:24:50.366+0000] {transform_1.py:59} INFO - ✔ Transformado dato calidad aire 8 para Santiago
[2025-07-24T03:24:50.368+0000] {transform_1.py:59} INFO - ✔ Transformado dato calidad aire 9 para Bogotá
[2025-07-24T03:24:50.369+0000] {transform_1.py:59} INFO - ✔ Transformado dato calidad aire 10 para San José
[2025-07-24T03:24:50.370+0000] {transform_1.py:59} INFO - ✔ Transformado dato calidad aire 11 para Havana
[2025-07-24T03:24:50.371+0000] {transform_1.py:59} INFO - ✔ Transformado dato calidad aire 12 para Roseau
[2025-07-24T03:24:50.373+0000] {transform_1.py:59} INFO - ✔ Transformado dato calidad aire 13 para Santo Domingo
[2025-07-24T03:24:50.374+0000] {transform_1.py:59} INFO - ✔ Transformado dato calidad aire 14 para Quito
[2025-07-24T03:24:50.375+0000] {transform_1.py:59} INFO - ✔ Transformado dato calidad aire 15 para San Salvador
[2025-07-24T03:24:50.375+0000] {transform_1.py:59} INFO - ✔ Transformado dato calidad aire 16 para St. George's
[2025-07-24T03:24:50.376+0000] {transform_1.py:59} INFO - ✔ Transformado dato calidad aire 17 para Guatemala City
[2025-07-24T03:24:50.377+0000] {transform_1.py:59} INFO - ✔ Transformado dato calidad aire 18 para Georgetown
[2025-07-24T03:24:50.377+0000] {transform_1.py:59} INFO - ✔ Transformado dato calidad aire 19 para Port-au-Prince
[2025-07-24T03:24:50.378+0000] {transform_1.py:59} INFO - ✔ Transformado dato calidad aire 20 para Tegucigalpa
[2025-07-24T03:24:50.379+0000] {transform_1.py:59} INFO - ✔ Transformado dato calidad aire 21 para Kingston
[2025-07-24T03:24:50.380+0000] {transform_1.py:59} INFO - ✔ Transformado dato calidad aire 22 para Ciudad de México
[2025-07-24T03:24:50.380+0000] {transform_1.py:59} INFO - ✔ Transformado dato calidad aire 23 para Managua
[2025-07-24T03:24:50.381+0000] {transform_1.py:59} INFO - ✔ Transformado dato calidad aire 24 para Panama City
[2025-07-24T03:24:50.382+0000] {transform_1.py:59} INFO - ✔ Transformado dato calidad aire 25 para Asunción
[2025-07-24T03:24:50.382+0000] {transform_1.py:59} INFO - ✔ Transformado dato calidad aire 26 para Lima
[2025-07-24T03:24:50.383+0000] {transform_1.py:59} INFO - ✔ Transformado dato calidad aire 27 para Basseterre
[2025-07-24T03:24:50.384+0000] {transform_1.py:59} INFO - ✔ Transformado dato calidad aire 28 para Castries
[2025-07-24T03:24:50.385+0000] {transform_1.py:59} INFO - ✔ Transformado dato calidad aire 29 para Kingstown
[2025-07-24T03:24:50.385+0000] {transform_1.py:59} INFO - ✔ Transformado dato calidad aire 30 para Paramaribo
[2025-07-24T03:24:50.386+0000] {transform_1.py:59} INFO - ✔ Transformado dato calidad aire 31 para Port of Spain
[2025-07-24T03:24:50.388+0000] {transform_1.py:59} INFO - ✔ Transformado dato calidad aire 32 para Montevideo
[2025-07-24T03:24:50.389+0000] {transform_1.py:59} INFO - ✔ Transformado dato calidad aire 33 para Washington
[2025-07-24T03:24:50.390+0000] {transform_1.py:59} INFO - ✔ Transformado dato calidad aire 34 para Caracas
[2025-07-24T03:24:50.421+0000] {python.py:201} INFO - Done. Returned value was: None
[2025-07-24T03:24:50.435+0000] {taskinstance.py:1138} INFO - Marking task as SUCCESS. dag_id=TechAndUrbanGrowth, task_id=transform_air_quality_data, execution_date=20250724T032433, start_date=20250724T032449, end_date=20250724T032450
[2025-07-24T03:24:50.491+0000] {local_task_job_runner.py:234} INFO - Task exited with return code 0
[2025-07-24T03:24:50.546+0000] {taskinstance.py:3280} INFO - 0 downstream tasks scheduled from follow-on schedule check
