[2025-07-24T03:34:47.315+0000] {taskinstance.py:1956} INFO - Dependencies all met for dep_context=non-requeueable deps ti=<TaskInstance: TechAndUrbanGrowth.ingestion_urbanization_data manual__2025-07-24T03:34:40.874189+00:00 [queued]>
[2025-07-24T03:34:47.335+0000] {taskinstance.py:1956} INFO - Dependencies all met for dep_context=requeueable deps ti=<TaskInstance: TechAndUrbanGrowth.ingestion_urbanization_data manual__2025-07-24T03:34:40.874189+00:00 [queued]>
[2025-07-24T03:34:47.336+0000] {taskinstance.py:2170} INFO - Starting attempt 1 of 2
[2025-07-24T03:34:47.388+0000] {taskinstance.py:2191} INFO - Executing <Task(PythonOperator): ingestion_urbanization_data> on 2025-07-24 03:34:40.874189+00:00
[2025-07-24T03:34:47.410+0000] {standard_task_runner.py:60} INFO - Started process 2554 to run task
[2025-07-24T03:34:47.422+0000] {standard_task_runner.py:87} INFO - Running: ['***', 'tasks', 'run', 'TechAndUrbanGrowth', 'ingestion_urbanization_data', 'manual__2025-07-24T03:34:40.874189+00:00', '--job-id', '142', '--raw', '--subdir', 'DAGS_FOLDER/main.py', '--cfg-path', '/tmp/tmpfv2wwekc']
[2025-07-24T03:34:47.430+0000] {standard_task_runner.py:88} INFO - Job 142: Subtask ingestion_urbanization_data
[2025-07-24T03:34:47.610+0000] {task_command.py:423} INFO - Running <TaskInstance: TechAndUrbanGrowth.ingestion_urbanization_data manual__2025-07-24T03:34:40.874189+00:00 [running]> on host 4c8899e5e1ad
[2025-07-24T03:34:47.943+0000] {taskinstance.py:2480} INFO - Exporting env vars: AIRFLOW_CTX_DAG_OWNER='***' AIRFLOW_CTX_DAG_ID='TechAndUrbanGrowth' AIRFLOW_CTX_TASK_ID='ingestion_urbanization_data' AIRFLOW_CTX_EXECUTION_DATE='2025-07-24T03:34:40.874189+00:00' AIRFLOW_CTX_TRY_NUMBER='1' AIRFLOW_CTX_DAG_RUN_ID='manual__2025-07-24T03:34:40.874189+00:00'
[2025-07-24T03:34:49.265+0000] {ingestion_2.py:35} INFO - ✔ Datos urbanización obtenidos para ARG, registros: 65
[2025-07-24T03:34:49.674+0000] {ingestion_2.py:35} INFO - ✔ Datos urbanización obtenidos para ATG, registros: 65
[2025-07-24T03:34:50.125+0000] {ingestion_2.py:35} INFO - ✔ Datos urbanización obtenidos para BHS, registros: 65
[2025-07-24T03:34:50.530+0000] {ingestion_2.py:35} INFO - ✔ Datos urbanización obtenidos para BRB, registros: 65
[2025-07-24T03:34:51.056+0000] {ingestion_2.py:35} INFO - ✔ Datos urbanización obtenidos para BLZ, registros: 65
[2025-07-24T03:34:51.407+0000] {ingestion_2.py:35} INFO - ✔ Datos urbanización obtenidos para BOL, registros: 65
[2025-07-24T03:34:52.049+0000] {ingestion_2.py:35} INFO - ✔ Datos urbanización obtenidos para BRA, registros: 65
[2025-07-24T03:34:52.372+0000] {ingestion_2.py:35} INFO - ✔ Datos urbanización obtenidos para CAN, registros: 65
[2025-07-24T03:34:52.895+0000] {ingestion_2.py:35} INFO - ✔ Datos urbanización obtenidos para CHL, registros: 65
[2025-07-24T03:34:53.198+0000] {ingestion_2.py:35} INFO - ✔ Datos urbanización obtenidos para COL, registros: 65
[2025-07-24T03:34:53.501+0000] {ingestion_2.py:35} INFO - ✔ Datos urbanización obtenidos para CRI, registros: 65
[2025-07-24T03:34:53.795+0000] {ingestion_2.py:35} INFO - ✔ Datos urbanización obtenidos para CUB, registros: 65
[2025-07-24T03:34:54.155+0000] {ingestion_2.py:35} INFO - ✔ Datos urbanización obtenidos para DMA, registros: 65
[2025-07-24T03:34:54.444+0000] {ingestion_2.py:35} INFO - ✔ Datos urbanización obtenidos para DOM, registros: 65
[2025-07-24T03:34:54.784+0000] {ingestion_2.py:35} INFO - ✔ Datos urbanización obtenidos para ECU, registros: 65
[2025-07-24T03:34:55.155+0000] {ingestion_2.py:35} INFO - ✔ Datos urbanización obtenidos para SLV, registros: 65
[2025-07-24T03:34:55.457+0000] {ingestion_2.py:35} INFO - ✔ Datos urbanización obtenidos para GRD, registros: 65
[2025-07-24T03:34:55.769+0000] {ingestion_2.py:35} INFO - ✔ Datos urbanización obtenidos para GTM, registros: 65
[2025-07-24T03:34:56.157+0000] {ingestion_2.py:35} INFO - ✔ Datos urbanización obtenidos para GUY, registros: 65
[2025-07-24T03:34:56.520+0000] {ingestion_2.py:35} INFO - ✔ Datos urbanización obtenidos para HTI, registros: 65
[2025-07-24T03:34:56.825+0000] {ingestion_2.py:35} INFO - ✔ Datos urbanización obtenidos para HND, registros: 65
[2025-07-24T03:34:57.193+0000] {ingestion_2.py:35} INFO - ✔ Datos urbanización obtenidos para JAM, registros: 65
[2025-07-24T03:34:57.495+0000] {ingestion_2.py:35} INFO - ✔ Datos urbanización obtenidos para MEX, registros: 65
[2025-07-24T03:34:57.800+0000] {ingestion_2.py:35} INFO - ✔ Datos urbanización obtenidos para NIC, registros: 65
[2025-07-24T03:34:58.156+0000] {ingestion_2.py:35} INFO - ✔ Datos urbanización obtenidos para PAN, registros: 65
[2025-07-24T03:34:58.511+0000] {ingestion_2.py:35} INFO - ✔ Datos urbanización obtenidos para PRY, registros: 65
[2025-07-24T03:34:58.816+0000] {ingestion_2.py:35} INFO - ✔ Datos urbanización obtenidos para PER, registros: 65
[2025-07-24T03:34:59.170+0000] {ingestion_2.py:35} INFO - ✔ Datos urbanización obtenidos para KNA, registros: 65
[2025-07-24T03:34:59.509+0000] {ingestion_2.py:35} INFO - ✔ Datos urbanización obtenidos para LCA, registros: 65
[2025-07-24T03:34:59.913+0000] {ingestion_2.py:35} INFO - ✔ Datos urbanización obtenidos para VCT, registros: 65
[2025-07-24T03:35:00.243+0000] {ingestion_2.py:35} INFO - ✔ Datos urbanización obtenidos para SUR, registros: 65
[2025-07-24T03:35:00.579+0000] {ingestion_2.py:35} INFO - ✔ Datos urbanización obtenidos para TTO, registros: 65
[2025-07-24T03:35:00.906+0000] {ingestion_2.py:35} INFO - ✔ Datos urbanización obtenidos para URY, registros: 65
[2025-07-24T03:35:01.304+0000] {ingestion_2.py:35} INFO - ✔ Datos urbanización obtenidos para USA, registros: 65
[2025-07-24T03:35:01.598+0000] {ingestion_2.py:35} INFO - ✔ Datos urbanización obtenidos para VEN, registros: 65
[2025-07-24T03:35:01.658+0000] {ingestion_2.py:42} INFO - ✔ Total registros urbanización obtenidos: 2275
[2025-07-24T03:35:01.665+0000] {python.py:201} INFO - Done. Returned value was: None
[2025-07-24T03:35:01.681+0000] {taskinstance.py:1138} INFO - Marking task as SUCCESS. dag_id=TechAndUrbanGrowth, task_id=ingestion_urbanization_data, execution_date=20250724T033440, start_date=20250724T033447, end_date=20250724T033501
[2025-07-24T03:35:01.737+0000] {local_task_job_runner.py:234} INFO - Task exited with return code 0
[2025-07-24T03:35:01.808+0000] {taskinstance.py:3280} INFO - 1 downstream tasks scheduled from follow-on schedule check
