[2025-07-24T03:34:47.314+0000] {taskinstance.py:1956} INFO - Dependencies all met for dep_context=non-requeueable deps ti=<TaskInstance: TechAndUrbanGrowth.ingestion_population_data manual__2025-07-24T03:34:40.874189+00:00 [queued]>
[2025-07-24T03:34:47.335+0000] {taskinstance.py:1956} INFO - Dependencies all met for dep_context=requeueable deps ti=<TaskInstance: TechAndUrbanGrowth.ingestion_population_data manual__2025-07-24T03:34:40.874189+00:00 [queued]>
[2025-07-24T03:34:47.336+0000] {taskinstance.py:2170} INFO - Starting attempt 1 of 2
[2025-07-24T03:34:47.376+0000] {taskinstance.py:2191} INFO - Executing <Task(PythonOperator): ingestion_population_data> on 2025-07-24 03:34:40.874189+00:00
[2025-07-24T03:34:47.407+0000] {standard_task_runner.py:60} INFO - Started process 2553 to run task
[2025-07-24T03:34:47.417+0000] {standard_task_runner.py:87} INFO - Running: ['***', 'tasks', 'run', 'TechAndUrbanGrowth', 'ingestion_population_data', 'manual__2025-07-24T03:34:40.874189+00:00', '--job-id', '143', '--raw', '--subdir', 'DAGS_FOLDER/main.py', '--cfg-path', '/tmp/tmp4h498rei']
[2025-07-24T03:34:47.423+0000] {standard_task_runner.py:88} INFO - Job 143: Subtask ingestion_population_data
[2025-07-24T03:34:47.610+0000] {task_command.py:423} INFO - Running <TaskInstance: TechAndUrbanGrowth.ingestion_population_data manual__2025-07-24T03:34:40.874189+00:00 [running]> on host 4c8899e5e1ad
[2025-07-24T03:34:47.942+0000] {taskinstance.py:2480} INFO - Exporting env vars: AIRFLOW_CTX_DAG_OWNER='***' AIRFLOW_CTX_DAG_ID='TechAndUrbanGrowth' AIRFLOW_CTX_TASK_ID='ingestion_population_data' AIRFLOW_CTX_EXECUTION_DATE='2025-07-24T03:34:40.874189+00:00' AIRFLOW_CTX_TRY_NUMBER='1' AIRFLOW_CTX_DAG_RUN_ID='manual__2025-07-24T03:34:40.874189+00:00'
[2025-07-24T03:34:49.236+0000] {ingestion_3.py:34} INFO - ✔ Datos población obtenidos para ARG, registros: 65
[2025-07-24T03:34:49.595+0000] {ingestion_3.py:34} INFO - ✔ Datos población obtenidos para ATG, registros: 65
[2025-07-24T03:34:49.982+0000] {ingestion_3.py:34} INFO - ✔ Datos población obtenidos para BHS, registros: 65
[2025-07-24T03:34:50.444+0000] {ingestion_3.py:34} INFO - ✔ Datos población obtenidos para BRB, registros: 65
[2025-07-24T03:34:50.923+0000] {ingestion_3.py:34} INFO - ✔ Datos población obtenidos para BLZ, registros: 65
[2025-07-24T03:34:51.371+0000] {ingestion_3.py:34} INFO - ✔ Datos población obtenidos para BOL, registros: 65
[2025-07-24T03:34:51.819+0000] {ingestion_3.py:34} INFO - ✔ Datos población obtenidos para BRA, registros: 65
[2025-07-24T03:34:52.346+0000] {ingestion_3.py:34} INFO - ✔ Datos población obtenidos para CAN, registros: 65
[2025-07-24T03:34:52.903+0000] {ingestion_3.py:34} INFO - ✔ Datos población obtenidos para CHL, registros: 65
[2025-07-24T03:34:53.423+0000] {ingestion_3.py:34} INFO - ✔ Datos población obtenidos para COL, registros: 65
[2025-07-24T03:34:53.758+0000] {ingestion_3.py:34} INFO - ✔ Datos población obtenidos para CRI, registros: 65
[2025-07-24T03:34:54.056+0000] {ingestion_3.py:34} INFO - ✔ Datos población obtenidos para CUB, registros: 65
[2025-07-24T03:34:54.363+0000] {ingestion_3.py:34} INFO - ✔ Datos población obtenidos para DMA, registros: 65
[2025-07-24T03:34:54.965+0000] {ingestion_3.py:34} INFO - ✔ Datos población obtenidos para DOM, registros: 65
[2025-07-24T03:34:55.338+0000] {ingestion_3.py:34} INFO - ✔ Datos población obtenidos para ECU, registros: 65
[2025-07-24T03:34:55.627+0000] {ingestion_3.py:34} INFO - ✔ Datos población obtenidos para SLV, registros: 65
[2025-07-24T03:34:55.969+0000] {ingestion_3.py:34} INFO - ✔ Datos población obtenidos para GRD, registros: 65
[2025-07-24T03:34:56.332+0000] {ingestion_3.py:34} INFO - ✔ Datos población obtenidos para GTM, registros: 65
[2025-07-24T03:34:56.700+0000] {ingestion_3.py:34} INFO - ✔ Datos población obtenidos para GUY, registros: 65
[2025-07-24T03:34:57.068+0000] {ingestion_3.py:34} INFO - ✔ Datos población obtenidos para HTI, registros: 65
[2025-07-24T03:34:57.347+0000] {ingestion_3.py:34} INFO - ✔ Datos población obtenidos para HND, registros: 65
[2025-07-24T03:34:57.622+0000] {ingestion_3.py:34} INFO - ✔ Datos población obtenidos para JAM, registros: 65
[2025-07-24T03:34:57.923+0000] {ingestion_3.py:34} INFO - ✔ Datos población obtenidos para MEX, registros: 65
[2025-07-24T03:34:58.348+0000] {ingestion_3.py:34} INFO - ✔ Datos población obtenidos para NIC, registros: 65
[2025-07-24T03:34:58.707+0000] {ingestion_3.py:34} INFO - ✔ Datos población obtenidos para PAN, registros: 65
[2025-07-24T03:34:59.024+0000] {ingestion_3.py:34} INFO - ✔ Datos población obtenidos para PRY, registros: 65
[2025-07-24T03:34:59.359+0000] {ingestion_3.py:34} INFO - ✔ Datos población obtenidos para PER, registros: 65
[2025-07-24T03:34:59.660+0000] {ingestion_3.py:34} INFO - ✔ Datos población obtenidos para KNA, registros: 65
[2025-07-24T03:35:00.225+0000] {ingestion_3.py:34} INFO - ✔ Datos población obtenidos para LCA, registros: 65
[2025-07-24T03:35:00.606+0000] {ingestion_3.py:34} INFO - ✔ Datos población obtenidos para VCT, registros: 65
[2025-07-24T03:35:00.939+0000] {ingestion_3.py:34} INFO - ✔ Datos población obtenidos para SUR, registros: 65
[2025-07-24T03:35:01.331+0000] {ingestion_3.py:34} INFO - ✔ Datos población obtenidos para TTO, registros: 65
[2025-07-24T03:35:01.646+0000] {ingestion_3.py:34} INFO - ✔ Datos población obtenidos para URY, registros: 65
[2025-07-24T03:35:02.030+0000] {ingestion_3.py:34} INFO - ✔ Datos población obtenidos para USA, registros: 65
[2025-07-24T03:35:02.325+0000] {ingestion_3.py:34} INFO - ✔ Datos población obtenidos para VEN, registros: 65
[2025-07-24T03:35:02.395+0000] {ingestion_3.py:41} INFO - ✔ Total registros población obtenidos: 2275
[2025-07-24T03:35:02.401+0000] {python.py:201} INFO - Done. Returned value was: None
[2025-07-24T03:35:02.415+0000] {taskinstance.py:1138} INFO - Marking task as SUCCESS. dag_id=TechAndUrbanGrowth, task_id=ingestion_population_data, execution_date=20250724T033440, start_date=20250724T033447, end_date=20250724T033502
[2025-07-24T03:35:02.460+0000] {local_task_job_runner.py:234} INFO - Task exited with return code 0
[2025-07-24T03:35:02.493+0000] {taskinstance.py:3280} INFO - 1 downstream tasks scheduled from follow-on schedule check
