[2025-07-24T02:02:15.394+0000] {taskinstance.py:1956} INFO - Dependencies all met for dep_context=non-requeueable deps ti=<TaskInstance: TechAndUrbanGrowth.load_all_to_mongo manual__2025-07-24T02:01:49.554053+00:00 [queued]>
[2025-07-24T02:02:15.413+0000] {taskinstance.py:1956} INFO - Dependencies all met for dep_context=requeueable deps ti=<TaskInstance: TechAndUrbanGrowth.load_all_to_mongo manual__2025-07-24T02:01:49.554053+00:00 [queued]>
[2025-07-24T02:02:15.415+0000] {taskinstance.py:2170} INFO - Starting attempt 1 of 2
[2025-07-24T02:02:15.445+0000] {taskinstance.py:2191} INFO - Executing <Task(PythonOperator): load_all_to_mongo> on 2025-07-24 02:01:49.554053+00:00
[2025-07-24T02:02:15.459+0000] {standard_task_runner.py:60} INFO - Started process 1344 to run task
[2025-07-24T02:02:15.467+0000] {standard_task_runner.py:87} INFO - Running: ['***', 'tasks', 'run', 'TechAndUrbanGrowth', 'load_all_to_mongo', 'manual__2025-07-24T02:01:49.554053+00:00', '--job-id', '56', '--raw', '--subdir', 'DAGS_FOLDER/main.py', '--cfg-path', '/tmp/tmp_qbbn3tz']
[2025-07-24T02:02:15.473+0000] {standard_task_runner.py:88} INFO - Job 56: Subtask load_all_to_mongo
[2025-07-24T02:02:15.631+0000] {task_command.py:423} INFO - Running <TaskInstance: TechAndUrbanGrowth.load_all_to_mongo manual__2025-07-24T02:01:49.554053+00:00 [running]> on host 4c8899e5e1ad
[2025-07-24T02:02:15.796+0000] {taskinstance.py:2480} INFO - Exporting env vars: AIRFLOW_CTX_DAG_OWNER='***' AIRFLOW_CTX_DAG_ID='TechAndUrbanGrowth' AIRFLOW_CTX_TASK_ID='load_all_to_mongo' AIRFLOW_CTX_EXECUTION_DATE='2025-07-24T02:01:49.554053+00:00' AIRFLOW_CTX_TRY_NUMBER='1' AIRFLOW_CTX_DAG_RUN_ID='manual__2025-07-24T02:01:49.554053+00:00'
[2025-07-24T02:02:15.804+0000] {load_mongo.py:13} INFO - 📦 Conectando a MongoDB...
[2025-07-24T02:02:15.957+0000] {load_mongo.py:21} INFO - Datos urbanización recibidos: tipo=<class 'list'>, cantidad=0
[2025-07-24T02:02:15.958+0000] {load_mongo.py:22} INFO - Datos calidad aire recibidos: tipo=<class 'list'>, cantidad=35
[2025-07-24T02:02:15.962+0000] {load_mongo.py:23} INFO - Datos población recibidos: tipo=<class 'list'>, cantidad=0
[2025-07-24T02:02:15.964+0000] {load_mongo.py:40} WARNING - ⚠️ No hay datos de urbanización para cargar
[2025-07-24T02:02:16.298+0000] {load_mongo.py:67} INFO - 💨 Calidad del aire: 35 registros upsertados
[2025-07-24T02:02:16.300+0000] {load_mongo.py:86} WARNING - ⚠️ No hay datos de población para cargar
[2025-07-24T02:02:16.329+0000] {load_mongo.py:101} INFO - 📝 Resumen consolidado insertado: {'timestamp': '2025-07-24T02:02:16.325718', 'sources': ['population', 'urbanization', 'air_quality'], 'summary': {'population': 0, 'urbanization': 0, 'air_quality': 35, 'total_upserted': 35}, '_id': ObjectId('68819428114f1e3fe546a32d')}
[2025-07-24T02:02:16.386+0000] {load_mongo.py:106} INFO - ✅ Carga finalizada con éxito: 35 registros upsertados
[2025-07-24T02:02:16.388+0000] {python.py:201} INFO - Done. Returned value was: None
[2025-07-24T02:02:16.408+0000] {taskinstance.py:1138} INFO - Marking task as SUCCESS. dag_id=TechAndUrbanGrowth, task_id=load_all_to_mongo, execution_date=20250724T020149, start_date=20250724T020215, end_date=20250724T020216
[2025-07-24T02:02:16.487+0000] {local_task_job_runner.py:234} INFO - Task exited with return code 0
[2025-07-24T02:02:16.592+0000] {taskinstance.py:3280} INFO - 1 downstream tasks scheduled from follow-on schedule check
