[2025-07-24T00:01:03.715+0000] {taskinstance.py:1956} INFO - Dependencies all met for dep_context=non-requeueable deps ti=<TaskInstance: TechAndUrbanGrowth.ingestion_population_data scheduled__2025-07-23T00:00:00+00:00 [queued]>
[2025-07-24T00:01:03.835+0000] {taskinstance.py:1956} INFO - Dependencies all met for dep_context=requeueable deps ti=<TaskInstance: TechAndUrbanGrowth.ingestion_population_data scheduled__2025-07-23T00:00:00+00:00 [queued]>
[2025-07-24T00:01:03.841+0000] {taskinstance.py:2170} INFO - Starting attempt 1 of 2
[2025-07-24T00:01:04.187+0000] {taskinstance.py:2191} INFO - Executing <Task(PythonOperator): ingestion_population_data> on 2025-07-23 00:00:00+00:00
[2025-07-24T00:01:04.677+0000] {standard_task_runner.py:60} INFO - Started process 206 to run task
[2025-07-24T00:01:04.888+0000] {standard_task_runner.py:87} INFO - Running: ['***', 'tasks', 'run', 'TechAndUrbanGrowth', 'ingestion_population_data', 'scheduled__2025-07-23T00:00:00+00:00', '--job-id', '4', '--raw', '--subdir', 'DAGS_FOLDER/main.py', '--cfg-path', '/tmp/tmp35p7f2qd']
[2025-07-24T00:01:05.589+0000] {standard_task_runner.py:88} INFO - Job 4: Subtask ingestion_population_data
[2025-07-24T00:01:06.818+0000] {task_command.py:423} INFO - Running <TaskInstance: TechAndUrbanGrowth.ingestion_population_data scheduled__2025-07-23T00:00:00+00:00 [running]> on host 42eccaba6988
[2025-07-24T00:01:08.069+0000] {taskinstance.py:2480} INFO - Exporting env vars: AIRFLOW_CTX_DAG_OWNER='***' AIRFLOW_CTX_DAG_ID='TechAndUrbanGrowth' AIRFLOW_CTX_TASK_ID='ingestion_population_data' AIRFLOW_CTX_EXECUTION_DATE='2025-07-23T00:00:00+00:00' AIRFLOW_CTX_TRY_NUMBER='1' AIRFLOW_CTX_DAG_RUN_ID='scheduled__2025-07-23T00:00:00+00:00'
[2025-07-24T00:01:12.704+0000] {logging_mixin.py:188} INFO - ✔ Datos población obtenidos correctamente
[2025-07-24T00:01:12.780+0000] {python.py:201} INFO - Done. Returned value was: None
[2025-07-24T00:01:13.412+0000] {taskinstance.py:1138} INFO - Marking task as SUCCESS. dag_id=TechAndUrbanGrowth, task_id=ingestion_population_data, execution_date=20250723T000000, start_date=20250724T000103, end_date=20250724T000113
[2025-07-24T00:01:14.617+0000] {local_task_job_runner.py:234} INFO - Task exited with return code 0
[2025-07-24T00:01:15.167+0000] {taskinstance.py:3280} INFO - 1 downstream tasks scheduled from follow-on schedule check
[2025-07-24T00:22:17.352+0000] {taskinstance.py:1956} INFO - Dependencies all met for dep_context=non-requeueable deps ti=<TaskInstance: TechAndUrbanGrowth.ingestion_population_data scheduled__2025-07-23T00:00:00+00:00 [queued]>
[2025-07-24T00:22:17.446+0000] {taskinstance.py:1956} INFO - Dependencies all met for dep_context=requeueable deps ti=<TaskInstance: TechAndUrbanGrowth.ingestion_population_data scheduled__2025-07-23T00:00:00+00:00 [queued]>
[2025-07-24T00:22:17.453+0000] {taskinstance.py:2170} INFO - Starting attempt 1 of 2
[2025-07-24T00:22:17.553+0000] {taskinstance.py:2191} INFO - Executing <Task(PythonOperator): ingestion_population_data> on 2025-07-23 00:00:00+00:00
[2025-07-24T00:22:17.749+0000] {standard_task_runner.py:60} INFO - Started process 231 to run task
[2025-07-24T00:22:17.944+0000] {standard_task_runner.py:87} INFO - Running: ['***', 'tasks', 'run', 'TechAndUrbanGrowth', 'ingestion_population_data', 'scheduled__2025-07-23T00:00:00+00:00', '--job-id', '4', '--raw', '--subdir', 'DAGS_FOLDER/main.py', '--cfg-path', '/tmp/tmpm_6st21o']
[2025-07-24T00:22:18.117+0000] {standard_task_runner.py:88} INFO - Job 4: Subtask ingestion_population_data
[2025-07-24T00:22:20.568+0000] {task_command.py:423} INFO - Running <TaskInstance: TechAndUrbanGrowth.ingestion_population_data scheduled__2025-07-23T00:00:00+00:00 [running]> on host 4c8899e5e1ad
[2025-07-24T00:22:26.433+0000] {taskinstance.py:2480} INFO - Exporting env vars: AIRFLOW_CTX_DAG_OWNER='***' AIRFLOW_CTX_DAG_ID='TechAndUrbanGrowth' AIRFLOW_CTX_TASK_ID='ingestion_population_data' AIRFLOW_CTX_EXECUTION_DATE='2025-07-23T00:00:00+00:00' AIRFLOW_CTX_TRY_NUMBER='1' AIRFLOW_CTX_DAG_RUN_ID='scheduled__2025-07-23T00:00:00+00:00'
[2025-07-24T00:22:48.983+0000] {logging_mixin.py:188} INFO - ✔ Datos población obtenidos correctamente
[2025-07-24T00:22:49.001+0000] {python.py:201} INFO - Done. Returned value was: None
[2025-07-24T00:22:49.070+0000] {taskinstance.py:1138} INFO - Marking task as SUCCESS. dag_id=TechAndUrbanGrowth, task_id=ingestion_population_data, execution_date=20250723T000000, start_date=20250724T002217, end_date=20250724T002249
[2025-07-24T00:22:49.159+0000] {local_task_job_runner.py:234} INFO - Task exited with return code 0
[2025-07-24T00:22:49.337+0000] {taskinstance.py:3280} INFO - 1 downstream tasks scheduled from follow-on schedule check
