[2025-07-24T03:02:12.694+0000] {taskinstance.py:1956} INFO - Dependencies all met for dep_context=non-requeueable deps ti=<TaskInstance: TechAndUrbanGrowth.ingestion_urbanization_data manual__2025-07-24T03:02:03.097243+00:00 [queued]>
[2025-07-24T03:02:12.736+0000] {taskinstance.py:1956} INFO - Dependencies all met for dep_context=requeueable deps ti=<TaskInstance: TechAndUrbanGrowth.ingestion_urbanization_data manual__2025-07-24T03:02:03.097243+00:00 [queued]>
[2025-07-24T03:02:12.738+0000] {taskinstance.py:2170} INFO - Starting attempt 1 of 2
[2025-07-24T03:02:12.830+0000] {taskinstance.py:2191} INFO - Executing <Task(PythonOperator): ingestion_urbanization_data> on 2025-07-24 03:02:03.097243+00:00
[2025-07-24T03:02:12.932+0000] {standard_task_runner.py:60} INFO - Started process 2059 to run task
[2025-07-24T03:02:12.969+0000] {standard_task_runner.py:87} INFO - Running: ['***', 'tasks', 'run', 'TechAndUrbanGrowth', 'ingestion_urbanization_data', 'manual__2025-07-24T03:02:03.097243+00:00', '--job-id', '96', '--raw', '--subdir', 'DAGS_FOLDER/main.py', '--cfg-path', '/tmp/tmpigssr3gp']
[2025-07-24T03:02:13.001+0000] {standard_task_runner.py:88} INFO - Job 96: Subtask ingestion_urbanization_data
[2025-07-24T03:02:13.617+0000] {task_command.py:423} INFO - Running <TaskInstance: TechAndUrbanGrowth.ingestion_urbanization_data manual__2025-07-24T03:02:03.097243+00:00 [running]> on host 4c8899e5e1ad
[2025-07-24T03:02:15.207+0000] {taskinstance.py:2480} INFO - Exporting env vars: AIRFLOW_CTX_DAG_OWNER='***' AIRFLOW_CTX_DAG_ID='TechAndUrbanGrowth' AIRFLOW_CTX_TASK_ID='ingestion_urbanization_data' AIRFLOW_CTX_EXECUTION_DATE='2025-07-24T03:02:03.097243+00:00' AIRFLOW_CTX_TRY_NUMBER='1' AIRFLOW_CTX_DAG_RUN_ID='manual__2025-07-24T03:02:03.097243+00:00'
[2025-07-24T03:02:17.609+0000] {ingestion_2.py:35} INFO - ✔ Datos urbanización obtenidos para ARG, registros: 65
[2025-07-24T03:02:18.541+0000] {ingestion_2.py:35} INFO - ✔ Datos urbanización obtenidos para ATG, registros: 65
[2025-07-24T03:02:19.126+0000] {ingestion_2.py:35} INFO - ✔ Datos urbanización obtenidos para BHS, registros: 65
[2025-07-24T03:02:20.032+0000] {ingestion_2.py:35} INFO - ✔ Datos urbanización obtenidos para BRB, registros: 65
[2025-07-24T03:02:20.671+0000] {ingestion_2.py:35} INFO - ✔ Datos urbanización obtenidos para BLZ, registros: 65
[2025-07-24T03:02:42.359+0000] {ingestion_2.py:35} INFO - ✔ Datos urbanización obtenidos para BOL, registros: 65
[2025-07-24T03:02:42.868+0000] {ingestion_2.py:35} INFO - ✔ Datos urbanización obtenidos para BRA, registros: 65
[2025-07-24T03:03:04.460+0000] {ingestion_2.py:35} INFO - ✔ Datos urbanización obtenidos para CAN, registros: 65
[2025-07-24T03:03:25.909+0000] {ingestion_2.py:35} INFO - ✔ Datos urbanización obtenidos para CHL, registros: 65
[2025-07-24T03:03:47.454+0000] {ingestion_2.py:35} INFO - ✔ Datos urbanización obtenidos para COL, registros: 65
[2025-07-24T03:04:08.855+0000] {ingestion_2.py:35} INFO - ✔ Datos urbanización obtenidos para CRI, registros: 65
[2025-07-24T03:04:09.191+0000] {ingestion_2.py:35} INFO - ✔ Datos urbanización obtenidos para CUB, registros: 65
[2025-07-24T03:04:09.793+0000] {ingestion_2.py:35} INFO - ✔ Datos urbanización obtenidos para DMA, registros: 65
[2025-07-24T03:04:10.146+0000] {ingestion_2.py:35} INFO - ✔ Datos urbanización obtenidos para DOM, registros: 65
[2025-07-24T03:04:10.579+0000] {ingestion_2.py:35} INFO - ✔ Datos urbanización obtenidos para ECU, registros: 65
[2025-07-24T03:04:31.956+0000] {ingestion_2.py:35} INFO - ✔ Datos urbanización obtenidos para SLV, registros: 65
[2025-07-24T03:04:32.277+0000] {ingestion_2.py:35} INFO - ✔ Datos urbanización obtenidos para GRD, registros: 65
[2025-07-24T03:04:32.578+0000] {ingestion_2.py:35} INFO - ✔ Datos urbanización obtenidos para GTM, registros: 65
[2025-07-24T03:04:47.899+0000] {ingestion_2.py:35} INFO - ✔ Datos urbanización obtenidos para GUY, registros: 65
[2025-07-24T03:04:48.261+0000] {ingestion_2.py:35} INFO - ✔ Datos urbanización obtenidos para HTI, registros: 65
[2025-07-24T03:04:48.567+0000] {ingestion_2.py:35} INFO - ✔ Datos urbanización obtenidos para HND, registros: 65
[2025-07-24T03:04:48.885+0000] {ingestion_2.py:35} INFO - ✔ Datos urbanización obtenidos para JAM, registros: 65
[2025-07-24T03:04:49.210+0000] {ingestion_2.py:35} INFO - ✔ Datos urbanización obtenidos para MEX, registros: 65
[2025-07-24T03:04:49.493+0000] {ingestion_2.py:35} INFO - ✔ Datos urbanización obtenidos para NIC, registros: 65
[2025-07-24T03:04:49.793+0000] {ingestion_2.py:35} INFO - ✔ Datos urbanización obtenidos para PAN, registros: 65
[2025-07-24T03:04:50.076+0000] {ingestion_2.py:35} INFO - ✔ Datos urbanización obtenidos para PRY, registros: 65
[2025-07-24T03:04:50.387+0000] {ingestion_2.py:35} INFO - ✔ Datos urbanización obtenidos para PER, registros: 65
[2025-07-24T03:04:50.732+0000] {ingestion_2.py:35} INFO - ✔ Datos urbanización obtenidos para KNA, registros: 65
[2025-07-24T03:04:51.016+0000] {ingestion_2.py:35} INFO - ✔ Datos urbanización obtenidos para LCA, registros: 65
[2025-07-24T03:04:51.302+0000] {ingestion_2.py:35} INFO - ✔ Datos urbanización obtenidos para VCT, registros: 65
[2025-07-24T03:04:51.700+0000] {ingestion_2.py:35} INFO - ✔ Datos urbanización obtenidos para SUR, registros: 65
[2025-07-24T03:04:52.033+0000] {ingestion_2.py:35} INFO - ✔ Datos urbanización obtenidos para TTO, registros: 65
[2025-07-24T03:04:52.351+0000] {ingestion_2.py:35} INFO - ✔ Datos urbanización obtenidos para URY, registros: 65
[2025-07-24T03:04:53.161+0000] {ingestion_2.py:35} INFO - ✔ Datos urbanización obtenidos para USA, registros: 65
[2025-07-24T03:04:53.492+0000] {ingestion_2.py:35} INFO - ✔ Datos urbanización obtenidos para VEN, registros: 65
[2025-07-24T03:04:54.242+0000] {ingestion_2.py:42} INFO - ✔ Total registros urbanización obtenidos: 2275
[2025-07-24T03:04:54.267+0000] {python.py:201} INFO - Done. Returned value was: None
[2025-07-24T03:04:54.397+0000] {taskinstance.py:1138} INFO - Marking task as SUCCESS. dag_id=TechAndUrbanGrowth, task_id=ingestion_urbanization_data, execution_date=20250724T030203, start_date=20250724T030212, end_date=20250724T030454
[2025-07-24T03:04:54.608+0000] {local_task_job_runner.py:234} INFO - Task exited with return code 0
[2025-07-24T03:04:54.861+0000] {taskinstance.py:3280} INFO - 1 downstream tasks scheduled from follow-on schedule check
