[2025-07-24T02:01:58.015+0000] {taskinstance.py:1956} INFO - Dependencies all met for dep_context=non-requeueable deps ti=<TaskInstance: TechAndUrbanGrowth.ingestion_air_quality_data manual__2025-07-24T02:01:49.554053+00:00 [queued]>
[2025-07-24T02:01:58.065+0000] {taskinstance.py:1956} INFO - Dependencies all met for dep_context=requeueable deps ti=<TaskInstance: TechAndUrbanGrowth.ingestion_air_quality_data manual__2025-07-24T02:01:49.554053+00:00 [queued]>
[2025-07-24T02:01:58.066+0000] {taskinstance.py:2170} INFO - Starting attempt 1 of 2
[2025-07-24T02:01:58.173+0000] {taskinstance.py:2191} INFO - Executing <Task(PythonOperator): ingestion_air_quality_data> on 2025-07-24 02:01:49.554053+00:00
[2025-07-24T02:01:58.205+0000] {standard_task_runner.py:60} INFO - Started process 1329 to run task
[2025-07-24T02:01:58.224+0000] {standard_task_runner.py:87} INFO - Running: ['***', 'tasks', 'run', 'TechAndUrbanGrowth', 'ingestion_air_quality_data', 'manual__2025-07-24T02:01:49.554053+00:00', '--job-id', '52', '--raw', '--subdir', 'DAGS_FOLDER/main.py', '--cfg-path', '/tmp/tmpdgakuglw']
[2025-07-24T02:01:58.235+0000] {standard_task_runner.py:88} INFO - Job 52: Subtask ingestion_air_quality_data
[2025-07-24T02:01:58.577+0000] {task_command.py:423} INFO - Running <TaskInstance: TechAndUrbanGrowth.ingestion_air_quality_data manual__2025-07-24T02:01:49.554053+00:00 [running]> on host 4c8899e5e1ad
[2025-07-24T02:01:59.189+0000] {taskinstance.py:2480} INFO - Exporting env vars: AIRFLOW_CTX_DAG_OWNER='***' AIRFLOW_CTX_DAG_ID='TechAndUrbanGrowth' AIRFLOW_CTX_TASK_ID='ingestion_air_quality_data' AIRFLOW_CTX_EXECUTION_DATE='2025-07-24T02:01:49.554053+00:00' AIRFLOW_CTX_TRY_NUMBER='1' AIRFLOW_CTX_DAG_RUN_ID='manual__2025-07-24T02:01:49.554053+00:00'
[2025-07-24T02:02:00.494+0000] {ingestion_1.py:43} INFO - ✔ Datos de calidad del aire obtenidos para Buenos Aires, ARG
[2025-07-24T02:02:00.812+0000] {ingestion_1.py:43} INFO - ✔ Datos de calidad del aire obtenidos para St. John's, ATG
[2025-07-24T02:02:01.225+0000] {ingestion_1.py:43} INFO - ✔ Datos de calidad del aire obtenidos para Nassau, BHS
[2025-07-24T02:02:01.499+0000] {ingestion_1.py:43} INFO - ✔ Datos de calidad del aire obtenidos para Bridgetown, BRB
[2025-07-24T02:02:01.884+0000] {ingestion_1.py:43} INFO - ✔ Datos de calidad del aire obtenidos para Belmopan, BLZ
[2025-07-24T02:02:02.178+0000] {ingestion_1.py:43} INFO - ✔ Datos de calidad del aire obtenidos para Sucre, BOL
[2025-07-24T02:02:02.507+0000] {ingestion_1.py:43} INFO - ✔ Datos de calidad del aire obtenidos para Brasilia, BRA
[2025-07-24T02:02:02.721+0000] {ingestion_1.py:43} INFO - ✔ Datos de calidad del aire obtenidos para Ottawa, CAN
[2025-07-24T02:02:02.976+0000] {ingestion_1.py:43} INFO - ✔ Datos de calidad del aire obtenidos para Santiago, CHL
[2025-07-24T02:02:03.258+0000] {ingestion_1.py:43} INFO - ✔ Datos de calidad del aire obtenidos para Bogotá, COL
[2025-07-24T02:02:03.573+0000] {ingestion_1.py:43} INFO - ✔ Datos de calidad del aire obtenidos para San José, CRI
[2025-07-24T02:02:03.869+0000] {ingestion_1.py:43} INFO - ✔ Datos de calidad del aire obtenidos para Havana, CUB
[2025-07-24T02:02:04.197+0000] {ingestion_1.py:43} INFO - ✔ Datos de calidad del aire obtenidos para Roseau, DMA
[2025-07-24T02:02:04.484+0000] {ingestion_1.py:43} INFO - ✔ Datos de calidad del aire obtenidos para Santo Domingo, DOM
[2025-07-24T02:02:04.732+0000] {ingestion_1.py:43} INFO - ✔ Datos de calidad del aire obtenidos para Quito, ECU
[2025-07-24T02:02:05.118+0000] {ingestion_1.py:43} INFO - ✔ Datos de calidad del aire obtenidos para San Salvador, SLV
[2025-07-24T02:02:05.324+0000] {ingestion_1.py:43} INFO - ✔ Datos de calidad del aire obtenidos para St. George's, GRD
[2025-07-24T02:02:05.606+0000] {ingestion_1.py:43} INFO - ✔ Datos de calidad del aire obtenidos para Guatemala City, GTM
[2025-07-24T02:02:05.904+0000] {ingestion_1.py:43} INFO - ✔ Datos de calidad del aire obtenidos para Georgetown, GUY
[2025-07-24T02:02:06.187+0000] {ingestion_1.py:43} INFO - ✔ Datos de calidad del aire obtenidos para Port-au-Prince, HTI
[2025-07-24T02:02:06.468+0000] {ingestion_1.py:43} INFO - ✔ Datos de calidad del aire obtenidos para Tegucigalpa, HND
[2025-07-24T02:02:06.669+0000] {ingestion_1.py:43} INFO - ✔ Datos de calidad del aire obtenidos para Kingston, JAM
[2025-07-24T02:02:06.830+0000] {ingestion_1.py:43} INFO - ✔ Datos de calidad del aire obtenidos para Ciudad de México, MEX
[2025-07-24T02:02:07.115+0000] {ingestion_1.py:43} INFO - ✔ Datos de calidad del aire obtenidos para Managua, NIC
[2025-07-24T02:02:07.393+0000] {ingestion_1.py:43} INFO - ✔ Datos de calidad del aire obtenidos para Panama City, PAN
[2025-07-24T02:02:07.665+0000] {ingestion_1.py:43} INFO - ✔ Datos de calidad del aire obtenidos para Asunción, PRY
[2025-07-24T02:02:07.949+0000] {ingestion_1.py:43} INFO - ✔ Datos de calidad del aire obtenidos para Lima, PER
[2025-07-24T02:02:08.148+0000] {ingestion_1.py:43} INFO - ✔ Datos de calidad del aire obtenidos para Basseterre, KNA
[2025-07-24T02:02:08.434+0000] {ingestion_1.py:43} INFO - ✔ Datos de calidad del aire obtenidos para Castries, LCA
[2025-07-24T02:02:08.725+0000] {ingestion_1.py:43} INFO - ✔ Datos de calidad del aire obtenidos para Kingstown, VCT
[2025-07-24T02:02:08.967+0000] {ingestion_1.py:43} INFO - ✔ Datos de calidad del aire obtenidos para Paramaribo, SUR
[2025-07-24T02:02:09.243+0000] {ingestion_1.py:43} INFO - ✔ Datos de calidad del aire obtenidos para Port of Spain, TTO
[2025-07-24T02:02:09.494+0000] {ingestion_1.py:43} INFO - ✔ Datos de calidad del aire obtenidos para Montevideo, URY
[2025-07-24T02:02:09.792+0000] {ingestion_1.py:43} INFO - ✔ Datos de calidad del aire obtenidos para Washington, USA
[2025-07-24T02:02:10.076+0000] {ingestion_1.py:43} INFO - ✔ Datos de calidad del aire obtenidos para Caracas, VEN
[2025-07-24T02:02:10.286+0000] {python.py:201} INFO - Done. Returned value was: None
[2025-07-24T02:02:10.349+0000] {taskinstance.py:1138} INFO - Marking task as SUCCESS. dag_id=TechAndUrbanGrowth, task_id=ingestion_air_quality_data, execution_date=20250724T020149, start_date=20250724T020158, end_date=20250724T020210
[2025-07-24T02:02:10.594+0000] {local_task_job_runner.py:234} INFO - Task exited with return code 0
[2025-07-24T02:02:10.809+0000] {taskinstance.py:3280} INFO - 1 downstream tasks scheduled from follow-on schedule check
