[2025-07-24T02:30:23.850+0000] {taskinstance.py:1956} INFO - Dependencies all met for dep_context=non-requeueable deps ti=<TaskInstance: TechAndUrbanGrowth.ingestion_air_quality_data manual__2025-07-24T02:30:16.843306+00:00 [queued]>
[2025-07-24T02:30:23.901+0000] {taskinstance.py:1956} INFO - Dependencies all met for dep_context=requeueable deps ti=<TaskInstance: TechAndUrbanGrowth.ingestion_air_quality_data manual__2025-07-24T02:30:16.843306+00:00 [queued]>
[2025-07-24T02:30:23.902+0000] {taskinstance.py:2170} INFO - Starting attempt 1 of 2
[2025-07-24T02:30:24.049+0000] {taskinstance.py:2191} INFO - Executing <Task(PythonOperator): ingestion_air_quality_data> on 2025-07-24 02:30:16.843306+00:00
[2025-07-24T02:30:24.160+0000] {standard_task_runner.py:60} INFO - Started process 1696 to run task
[2025-07-24T02:30:24.478+0000] {standard_task_runner.py:87} INFO - Running: ['***', 'tasks', 'run', 'TechAndUrbanGrowth', 'ingestion_air_quality_data', 'manual__2025-07-24T02:30:16.843306+00:00', '--job-id', '79', '--raw', '--subdir', 'DAGS_FOLDER/main.py', '--cfg-path', '/tmp/tmpf2yps5wv']
[2025-07-24T02:30:24.551+0000] {standard_task_runner.py:88} INFO - Job 79: Subtask ingestion_air_quality_data
[2025-07-24T02:30:25.602+0000] {task_command.py:423} INFO - Running <TaskInstance: TechAndUrbanGrowth.ingestion_air_quality_data manual__2025-07-24T02:30:16.843306+00:00 [running]> on host 4c8899e5e1ad
[2025-07-24T02:30:26.984+0000] {taskinstance.py:2480} INFO - Exporting env vars: AIRFLOW_CTX_DAG_OWNER='***' AIRFLOW_CTX_DAG_ID='TechAndUrbanGrowth' AIRFLOW_CTX_TASK_ID='ingestion_air_quality_data' AIRFLOW_CTX_EXECUTION_DATE='2025-07-24T02:30:16.843306+00:00' AIRFLOW_CTX_TRY_NUMBER='1' AIRFLOW_CTX_DAG_RUN_ID='manual__2025-07-24T02:30:16.843306+00:00'
[2025-07-24T02:30:27.485+0000] {ingestion_1.py:43} INFO - ✔ Datos de calidad del aire obtenidos para Buenos Aires, ARG
[2025-07-24T02:30:27.676+0000] {ingestion_1.py:43} INFO - ✔ Datos de calidad del aire obtenidos para St. John's, ATG
[2025-07-24T02:30:27.891+0000] {ingestion_1.py:43} INFO - ✔ Datos de calidad del aire obtenidos para Nassau, BHS
[2025-07-24T02:30:28.081+0000] {ingestion_1.py:43} INFO - ✔ Datos de calidad del aire obtenidos para Bridgetown, BRB
[2025-07-24T02:30:28.266+0000] {ingestion_1.py:43} INFO - ✔ Datos de calidad del aire obtenidos para Belmopan, BLZ
[2025-07-24T02:30:28.463+0000] {ingestion_1.py:43} INFO - ✔ Datos de calidad del aire obtenidos para Sucre, BOL
[2025-07-24T02:30:28.648+0000] {ingestion_1.py:43} INFO - ✔ Datos de calidad del aire obtenidos para Brasilia, BRA
[2025-07-24T02:30:28.833+0000] {ingestion_1.py:43} INFO - ✔ Datos de calidad del aire obtenidos para Ottawa, CAN
[2025-07-24T02:30:29.036+0000] {ingestion_1.py:43} INFO - ✔ Datos de calidad del aire obtenidos para Santiago, CHL
[2025-07-24T02:30:29.224+0000] {ingestion_1.py:43} INFO - ✔ Datos de calidad del aire obtenidos para Bogotá, COL
[2025-07-24T02:30:29.384+0000] {ingestion_1.py:43} INFO - ✔ Datos de calidad del aire obtenidos para San José, CRI
[2025-07-24T02:30:29.548+0000] {ingestion_1.py:43} INFO - ✔ Datos de calidad del aire obtenidos para Havana, CUB
[2025-07-24T02:30:29.707+0000] {ingestion_1.py:43} INFO - ✔ Datos de calidad del aire obtenidos para Roseau, DMA
[2025-07-24T02:30:29.904+0000] {ingestion_1.py:43} INFO - ✔ Datos de calidad del aire obtenidos para Santo Domingo, DOM
[2025-07-24T02:30:30.059+0000] {ingestion_1.py:43} INFO - ✔ Datos de calidad del aire obtenidos para Quito, ECU
[2025-07-24T02:30:30.251+0000] {ingestion_1.py:43} INFO - ✔ Datos de calidad del aire obtenidos para San Salvador, SLV
[2025-07-24T02:30:30.440+0000] {ingestion_1.py:43} INFO - ✔ Datos de calidad del aire obtenidos para St. George's, GRD
[2025-07-24T02:30:30.869+0000] {ingestion_1.py:43} INFO - ✔ Datos de calidad del aire obtenidos para Guatemala City, GTM
[2025-07-24T02:30:31.063+0000] {ingestion_1.py:43} INFO - ✔ Datos de calidad del aire obtenidos para Georgetown, GUY
[2025-07-24T02:30:31.248+0000] {ingestion_1.py:43} INFO - ✔ Datos de calidad del aire obtenidos para Port-au-Prince, HTI
[2025-07-24T02:30:31.444+0000] {ingestion_1.py:43} INFO - ✔ Datos de calidad del aire obtenidos para Tegucigalpa, HND
[2025-07-24T02:30:31.642+0000] {ingestion_1.py:43} INFO - ✔ Datos de calidad del aire obtenidos para Kingston, JAM
[2025-07-24T02:30:31.819+0000] {ingestion_1.py:43} INFO - ✔ Datos de calidad del aire obtenidos para Ciudad de México, MEX
[2025-07-24T02:30:32.037+0000] {ingestion_1.py:43} INFO - ✔ Datos de calidad del aire obtenidos para Managua, NIC
[2025-07-24T02:30:32.231+0000] {ingestion_1.py:43} INFO - ✔ Datos de calidad del aire obtenidos para Panama City, PAN
[2025-07-24T02:30:32.391+0000] {ingestion_1.py:43} INFO - ✔ Datos de calidad del aire obtenidos para Asunción, PRY
[2025-07-24T02:30:32.577+0000] {ingestion_1.py:43} INFO - ✔ Datos de calidad del aire obtenidos para Lima, PER
[2025-07-24T02:30:32.765+0000] {ingestion_1.py:43} INFO - ✔ Datos de calidad del aire obtenidos para Basseterre, KNA
[2025-07-24T02:30:32.960+0000] {ingestion_1.py:43} INFO - ✔ Datos de calidad del aire obtenidos para Castries, LCA
[2025-07-24T02:30:33.148+0000] {ingestion_1.py:43} INFO - ✔ Datos de calidad del aire obtenidos para Kingstown, VCT
[2025-07-24T02:30:33.332+0000] {ingestion_1.py:43} INFO - ✔ Datos de calidad del aire obtenidos para Paramaribo, SUR
[2025-07-24T02:30:33.517+0000] {ingestion_1.py:43} INFO - ✔ Datos de calidad del aire obtenidos para Port of Spain, TTO
[2025-07-24T02:30:33.706+0000] {ingestion_1.py:43} INFO - ✔ Datos de calidad del aire obtenidos para Montevideo, URY
[2025-07-24T02:30:33.896+0000] {ingestion_1.py:43} INFO - ✔ Datos de calidad del aire obtenidos para Washington, USA
[2025-07-24T02:30:34.086+0000] {ingestion_1.py:43} INFO - ✔ Datos de calidad del aire obtenidos para Caracas, VEN
[2025-07-24T02:30:34.143+0000] {python.py:201} INFO - Done. Returned value was: None
[2025-07-24T02:30:34.164+0000] {taskinstance.py:1138} INFO - Marking task as SUCCESS. dag_id=TechAndUrbanGrowth, task_id=ingestion_air_quality_data, execution_date=20250724T023016, start_date=20250724T023023, end_date=20250724T023034
[2025-07-24T02:30:34.206+0000] {local_task_job_runner.py:234} INFO - Task exited with return code 0
[2025-07-24T02:30:34.260+0000] {taskinstance.py:3280} INFO - 1 downstream tasks scheduled from follow-on schedule check
