[2025-07-23T23:29:12.426+0000] {taskinstance.py:1956} INFO - Dependencies all met for dep_context=non-requeueable deps ti=<TaskInstance: TechAndUrbanGrowth.load_all_to_mongo manual__2025-07-23T23:28:53.268147+00:00 [queued]>
[2025-07-23T23:29:12.450+0000] {taskinstance.py:1956} INFO - Dependencies all met for dep_context=requeueable deps ti=<TaskInstance: TechAndUrbanGrowth.load_all_to_mongo manual__2025-07-23T23:28:53.268147+00:00 [queued]>
[2025-07-23T23:29:12.452+0000] {taskinstance.py:2170} INFO - Starting attempt 1 of 2
[2025-07-23T23:29:12.481+0000] {taskinstance.py:2191} INFO - Executing <Task(PythonOperator): load_all_to_mongo> on 2025-07-23 23:28:53.268147+00:00
[2025-07-23T23:29:12.498+0000] {standard_task_runner.py:60} INFO - Started process 234 to run task
[2025-07-23T23:29:12.505+0000] {standard_task_runner.py:87} INFO - Running: ['***', 'tasks', 'run', 'TechAndUrbanGrowth', 'load_all_to_mongo', 'manual__2025-07-23T23:28:53.268147+00:00', '--job-id', '28', '--raw', '--subdir', 'DAGS_FOLDER/main.py', '--cfg-path', '/tmp/tmpvlrw7yc7']
[2025-07-23T23:29:12.509+0000] {standard_task_runner.py:88} INFO - Job 28: Subtask load_all_to_mongo
[2025-07-23T23:29:12.789+0000] {task_command.py:423} INFO - Running <TaskInstance: TechAndUrbanGrowth.load_all_to_mongo manual__2025-07-23T23:28:53.268147+00:00 [running]> on host 835426bf55cb
[2025-07-23T23:29:13.255+0000] {taskinstance.py:2480} INFO - Exporting env vars: AIRFLOW_CTX_DAG_OWNER='***' AIRFLOW_CTX_DAG_ID='TechAndUrbanGrowth' AIRFLOW_CTX_TASK_ID='load_all_to_mongo' AIRFLOW_CTX_EXECUTION_DATE='2025-07-23T23:28:53.268147+00:00' AIRFLOW_CTX_TRY_NUMBER='1' AIRFLOW_CTX_DAG_RUN_ID='manual__2025-07-23T23:28:53.268147+00:00'
[2025-07-23T23:29:13.261+0000] {load_mongo.py:13} INFO - 📦 Conectando a MongoDB...
[2025-07-23T23:29:13.388+0000] {load_mongo.py:21} INFO - Datos urbanización recibidos: tipo=<class 'list'>, cantidad=65
[2025-07-23T23:29:13.391+0000] {load_mongo.py:22} INFO - Datos calidad aire recibidos: tipo=<class 'list'>, cantidad=35
[2025-07-23T23:29:13.393+0000] {load_mongo.py:23} INFO - Datos población recibidos: tipo=<class 'list'>, cantidad=65
[2025-07-23T23:29:13.963+0000] {load_mongo.py:67} INFO - 💨 Calidad del aire: 35 registros upsertados
[2025-07-23T23:29:14.324+0000] {load_mongo.py:101} INFO - 📝 Resumen consolidado insertado: {'timestamp': '2025-07-23T23:29:14.320154', 'sources': ['population', 'urbanization', 'air_quality'], 'summary': {'population': 65, 'urbanization': 65, 'air_quality': 35, 'total_upserted': 165}, '_id': ObjectId('6881704a7c9fe7391a056093')}
[2025-07-23T23:29:14.382+0000] {load_mongo.py:106} INFO - ✅ Carga finalizada con éxito: 165 registros upsertados
[2025-07-23T23:29:14.384+0000] {python.py:201} INFO - Done. Returned value was: None
[2025-07-23T23:29:14.402+0000] {taskinstance.py:1138} INFO - Marking task as SUCCESS. dag_id=TechAndUrbanGrowth, task_id=load_all_to_mongo, execution_date=20250723T232853, start_date=20250723T232912, end_date=20250723T232914
[2025-07-23T23:29:14.453+0000] {local_task_job_runner.py:234} INFO - Task exited with return code 0
[2025-07-23T23:29:14.492+0000] {taskinstance.py:3280} INFO - 1 downstream tasks scheduled from follow-on schedule check
