[2025-07-24T01:48:51.952+0000] {taskinstance.py:1956} INFO - Dependencies all met for dep_context=non-requeueable deps ti=<TaskInstance: TechAndUrbanGrowth.ingestion_air_quality_data manual__2025-07-24T01:48:40.529596+00:00 [queued]>
[2025-07-24T01:48:52.022+0000] {taskinstance.py:1956} INFO - Dependencies all met for dep_context=requeueable deps ti=<TaskInstance: TechAndUrbanGrowth.ingestion_air_quality_data manual__2025-07-24T01:48:40.529596+00:00 [queued]>
[2025-07-24T01:48:52.024+0000] {taskinstance.py:2170} INFO - Starting attempt 1 of 2
[2025-07-24T01:48:52.127+0000] {taskinstance.py:2191} INFO - Executing <Task(PythonOperator): ingestion_air_quality_data> on 2025-07-24 01:48:40.529596+00:00
[2025-07-24T01:48:52.288+0000] {standard_task_runner.py:60} INFO - Started process 1180 to run task
[2025-07-24T01:48:52.367+0000] {standard_task_runner.py:87} INFO - Running: ['***', 'tasks', 'run', 'TechAndUrbanGrowth', 'ingestion_air_quality_data', 'manual__2025-07-24T01:48:40.529596+00:00', '--job-id', '44', '--raw', '--subdir', 'DAGS_FOLDER/main.py', '--cfg-path', '/tmp/tmpep78_r7t']
[2025-07-24T01:48:52.394+0000] {standard_task_runner.py:88} INFO - Job 44: Subtask ingestion_air_quality_data
[2025-07-24T01:48:53.040+0000] {task_command.py:423} INFO - Running <TaskInstance: TechAndUrbanGrowth.ingestion_air_quality_data manual__2025-07-24T01:48:40.529596+00:00 [running]> on host 4c8899e5e1ad
[2025-07-24T01:48:53.708+0000] {taskinstance.py:2480} INFO - Exporting env vars: AIRFLOW_CTX_DAG_OWNER='***' AIRFLOW_CTX_DAG_ID='TechAndUrbanGrowth' AIRFLOW_CTX_TASK_ID='ingestion_air_quality_data' AIRFLOW_CTX_EXECUTION_DATE='2025-07-24T01:48:40.529596+00:00' AIRFLOW_CTX_TRY_NUMBER='1' AIRFLOW_CTX_DAG_RUN_ID='manual__2025-07-24T01:48:40.529596+00:00'
[2025-07-24T01:48:55.401+0000] {ingestion_1.py:43} INFO - ✔ Datos de calidad del aire obtenidos para Buenos Aires, ARG
[2025-07-24T01:48:55.739+0000] {ingestion_1.py:43} INFO - ✔ Datos de calidad del aire obtenidos para St. John's, ATG
[2025-07-24T01:48:56.042+0000] {ingestion_1.py:43} INFO - ✔ Datos de calidad del aire obtenidos para Nassau, BHS
[2025-07-24T01:48:56.348+0000] {ingestion_1.py:43} INFO - ✔ Datos de calidad del aire obtenidos para Bridgetown, BRB
[2025-07-24T01:48:56.664+0000] {ingestion_1.py:43} INFO - ✔ Datos de calidad del aire obtenidos para Belmopan, BLZ
[2025-07-24T01:48:56.968+0000] {ingestion_1.py:43} INFO - ✔ Datos de calidad del aire obtenidos para Sucre, BOL
[2025-07-24T01:48:57.262+0000] {ingestion_1.py:43} INFO - ✔ Datos de calidad del aire obtenidos para Brasilia, BRA
[2025-07-24T01:48:57.472+0000] {ingestion_1.py:43} INFO - ✔ Datos de calidad del aire obtenidos para Ottawa, CAN
[2025-07-24T01:48:57.771+0000] {ingestion_1.py:43} INFO - ✔ Datos de calidad del aire obtenidos para Santiago, CHL
[2025-07-24T01:48:58.062+0000] {ingestion_1.py:43} INFO - ✔ Datos de calidad del aire obtenidos para Bogotá, COL
[2025-07-24T01:48:58.368+0000] {ingestion_1.py:43} INFO - ✔ Datos de calidad del aire obtenidos para San José, CRI
[2025-07-24T01:48:58.665+0000] {ingestion_1.py:43} INFO - ✔ Datos de calidad del aire obtenidos para Havana, CUB
[2025-07-24T01:48:58.966+0000] {ingestion_1.py:43} INFO - ✔ Datos de calidad del aire obtenidos para Roseau, DMA
[2025-07-24T01:48:59.222+0000] {ingestion_1.py:43} INFO - ✔ Datos de calidad del aire obtenidos para Santo Domingo, DOM
[2025-07-24T01:48:59.488+0000] {ingestion_1.py:43} INFO - ✔ Datos de calidad del aire obtenidos para Quito, ECU
[2025-07-24T01:48:59.782+0000] {ingestion_1.py:43} INFO - ✔ Datos de calidad del aire obtenidos para San Salvador, SLV
[2025-07-24T01:49:00.080+0000] {ingestion_1.py:43} INFO - ✔ Datos de calidad del aire obtenidos para St. George's, GRD
[2025-07-24T01:49:00.391+0000] {ingestion_1.py:43} INFO - ✔ Datos de calidad del aire obtenidos para Guatemala City, GTM
[2025-07-24T01:49:00.702+0000] {ingestion_1.py:43} INFO - ✔ Datos de calidad del aire obtenidos para Georgetown, GUY
[2025-07-24T01:49:01.073+0000] {ingestion_1.py:43} INFO - ✔ Datos de calidad del aire obtenidos para Port-au-Prince, HTI
[2025-07-24T01:49:01.402+0000] {ingestion_1.py:43} INFO - ✔ Datos de calidad del aire obtenidos para Tegucigalpa, HND
[2025-07-24T01:49:01.775+0000] {ingestion_1.py:43} INFO - ✔ Datos de calidad del aire obtenidos para Kingston, JAM
[2025-07-24T01:49:02.097+0000] {ingestion_1.py:43} INFO - ✔ Datos de calidad del aire obtenidos para Ciudad de México, MEX
[2025-07-24T01:49:02.443+0000] {ingestion_1.py:43} INFO - ✔ Datos de calidad del aire obtenidos para Managua, NIC
[2025-07-24T01:49:03.290+0000] {ingestion_1.py:43} INFO - ✔ Datos de calidad del aire obtenidos para Panama City, PAN
[2025-07-24T01:49:03.639+0000] {ingestion_1.py:43} INFO - ✔ Datos de calidad del aire obtenidos para Asunción, PRY
[2025-07-24T01:49:03.958+0000] {ingestion_1.py:43} INFO - ✔ Datos de calidad del aire obtenidos para Lima, PER
[2025-07-24T01:49:04.258+0000] {ingestion_1.py:43} INFO - ✔ Datos de calidad del aire obtenidos para Basseterre, KNA
[2025-07-24T01:49:04.585+0000] {ingestion_1.py:43} INFO - ✔ Datos de calidad del aire obtenidos para Castries, LCA
[2025-07-24T01:49:04.922+0000] {ingestion_1.py:43} INFO - ✔ Datos de calidad del aire obtenidos para Kingstown, VCT
[2025-07-24T01:49:05.241+0000] {ingestion_1.py:43} INFO - ✔ Datos de calidad del aire obtenidos para Paramaribo, SUR
[2025-07-24T01:49:05.540+0000] {ingestion_1.py:43} INFO - ✔ Datos de calidad del aire obtenidos para Port of Spain, TTO
[2025-07-24T01:49:05.852+0000] {ingestion_1.py:43} INFO - ✔ Datos de calidad del aire obtenidos para Montevideo, URY
[2025-07-24T01:49:06.063+0000] {ingestion_1.py:43} INFO - ✔ Datos de calidad del aire obtenidos para Washington, USA
[2025-07-24T01:49:06.320+0000] {ingestion_1.py:43} INFO - ✔ Datos de calidad del aire obtenidos para Caracas, VEN
[2025-07-24T01:49:07.314+0000] {python.py:201} INFO - Done. Returned value was: None
[2025-07-24T01:49:07.516+0000] {taskinstance.py:1138} INFO - Marking task as SUCCESS. dag_id=TechAndUrbanGrowth, task_id=ingestion_air_quality_data, execution_date=20250724T014840, start_date=20250724T014851, end_date=20250724T014907
[2025-07-24T01:49:07.808+0000] {local_task_job_runner.py:234} INFO - Task exited with return code 0
[2025-07-24T01:49:08.461+0000] {taskinstance.py:3280} INFO - 1 downstream tasks scheduled from follow-on schedule check
