[2025-07-24T03:28:14.360+0000] {taskinstance.py:1956} INFO - Dependencies all met for dep_context=non-requeueable deps ti=<TaskInstance: TechAndUrbanGrowth.transform_population_data manual__2025-07-24T03:22:50.080886+00:00 [queued]>
[2025-07-24T03:28:14.384+0000] {taskinstance.py:1956} INFO - Dependencies all met for dep_context=requeueable deps ti=<TaskInstance: TechAndUrbanGrowth.transform_population_data manual__2025-07-24T03:22:50.080886+00:00 [queued]>
[2025-07-24T03:28:14.389+0000] {taskinstance.py:2170} INFO - Starting attempt 1 of 2
[2025-07-24T03:28:14.423+0000] {taskinstance.py:2191} INFO - Executing <Task(PythonOperator): transform_population_data> on 2025-07-24 03:22:50.080886+00:00
[2025-07-24T03:28:14.438+0000] {standard_task_runner.py:60} INFO - Started process 2448 to run task
[2025-07-24T03:28:14.445+0000] {standard_task_runner.py:87} INFO - Running: ['***', 'tasks', 'run', 'TechAndUrbanGrowth', 'transform_population_data', 'manual__2025-07-24T03:22:50.080886+00:00', '--job-id', '130', '--raw', '--subdir', 'DAGS_FOLDER/main.py', '--cfg-path', '/tmp/tmpd7hs26tv']
[2025-07-24T03:28:14.450+0000] {standard_task_runner.py:88} INFO - Job 130: Subtask transform_population_data
[2025-07-24T03:28:14.592+0000] {task_command.py:423} INFO - Running <TaskInstance: TechAndUrbanGrowth.transform_population_data manual__2025-07-24T03:22:50.080886+00:00 [running]> on host 4c8899e5e1ad
[2025-07-24T03:28:14.748+0000] {taskinstance.py:2480} INFO - Exporting env vars: AIRFLOW_CTX_DAG_OWNER='***' AIRFLOW_CTX_DAG_ID='TechAndUrbanGrowth' AIRFLOW_CTX_TASK_ID='transform_population_data' AIRFLOW_CTX_EXECUTION_DATE='2025-07-24T03:22:50.080886+00:00' AIRFLOW_CTX_TRY_NUMBER='1' AIRFLOW_CTX_DAG_RUN_ID='manual__2025-07-24T03:22:50.080886+00:00'
[2025-07-24T03:28:14.812+0000] {transform_3.py:13} INFO - DEBUG: raw_data tipo=<class 'list'> cantidad=2275
[2025-07-24T03:28:14.818+0000] {transform_3.py:19} INFO - DEBUG entrada[0]: {'indicator': {'id': 'SP.POP.TOTL', 'value': 'Population, total'}, 'country': {'id': 'AR', 'value': 'Argentina'}, 'countryiso3code': 'ARG', 'date': '2024', 'value': 45696159, 'unit': '', 'obs_status': '', 'decimal': 0, 'country_code': 'ARG'}
[2025-07-24T03:28:14.819+0000] {transform_3.py:27} INFO -   -> país AR no permitido
[2025-07-24T03:28:14.820+0000] {transform_3.py:19} INFO - DEBUG entrada[1]: {'indicator': {'id': 'SP.POP.TOTL', 'value': 'Population, total'}, 'country': {'id': 'AR', 'value': 'Argentina'}, 'countryiso3code': 'ARG', 'date': '2023', 'value': 45538401, 'unit': '', 'obs_status': '', 'decimal': 0, 'country_code': 'ARG'}
[2025-07-24T03:28:14.821+0000] {transform_3.py:27} INFO -   -> país AR no permitido
[2025-07-24T03:28:14.822+0000] {transform_3.py:19} INFO - DEBUG entrada[2]: {'indicator': {'id': 'SP.POP.TOTL', 'value': 'Population, total'}, 'country': {'id': 'AR', 'value': 'Argentina'}, 'countryiso3code': 'ARG', 'date': '2022', 'value': 45407904, 'unit': '', 'obs_status': '', 'decimal': 0, 'country_code': 'ARG'}
[2025-07-24T03:28:14.823+0000] {transform_3.py:27} INFO -   -> país AR no permitido
[2025-07-24T03:28:14.824+0000] {transform_3.py:19} INFO - DEBUG entrada[3]: {'indicator': {'id': 'SP.POP.TOTL', 'value': 'Population, total'}, 'country': {'id': 'AR', 'value': 'Argentina'}, 'countryiso3code': 'ARG', 'date': '2021', 'value': 45312281, 'unit': '', 'obs_status': '', 'decimal': 0, 'country_code': 'ARG'}
[2025-07-24T03:28:14.824+0000] {transform_3.py:27} INFO -   -> país AR no permitido
[2025-07-24T03:28:14.825+0000] {transform_3.py:19} INFO - DEBUG entrada[4]: {'indicator': {'id': 'SP.POP.TOTL', 'value': 'Population, total'}, 'country': {'id': 'AR', 'value': 'Argentina'}, 'countryiso3code': 'ARG', 'date': '2020', 'value': 45191965, 'unit': '', 'obs_status': '', 'decimal': 0, 'country_code': 'ARG'}
[2025-07-24T03:28:14.826+0000] {transform_3.py:27} INFO -   -> país AR no permitido
[2025-07-24T03:28:14.827+0000] {transform_3.py:19} INFO - DEBUG entrada[5]: {'indicator': {'id': 'SP.POP.TOTL', 'value': 'Population, total'}, 'country': {'id': 'AR', 'value': 'Argentina'}, 'countryiso3code': 'ARG', 'date': '2019', 'value': 44973465, 'unit': '', 'obs_status': '', 'decimal': 0, 'country_code': 'ARG'}
[2025-07-24T03:28:14.828+0000] {transform_3.py:27} INFO -   -> país AR no permitido
[2025-07-24T03:28:14.829+0000] {transform_3.py:19} INFO - DEBUG entrada[6]: {'indicator': {'id': 'SP.POP.TOTL', 'value': 'Population, total'}, 'country': {'id': 'AR', 'value': 'Argentina'}, 'countryiso3code': 'ARG', 'date': '2018', 'value': 44654882, 'unit': '', 'obs_status': '', 'decimal': 0, 'country_code': 'ARG'}
[2025-07-24T03:28:14.830+0000] {transform_3.py:27} INFO -   -> país AR no permitido
[2025-07-24T03:28:14.831+0000] {transform_3.py:19} INFO - DEBUG entrada[7]: {'indicator': {'id': 'SP.POP.TOTL', 'value': 'Population, total'}, 'country': {'id': 'AR', 'value': 'Argentina'}, 'countryiso3code': 'ARG', 'date': '2017', 'value': 44288894, 'unit': '', 'obs_status': '', 'decimal': 0, 'country_code': 'ARG'}
[2025-07-24T03:28:14.832+0000] {transform_3.py:27} INFO -   -> país AR no permitido
[2025-07-24T03:28:14.833+0000] {transform_3.py:19} INFO - DEBUG entrada[8]: {'indicator': {'id': 'SP.POP.TOTL', 'value': 'Population, total'}, 'country': {'id': 'AR', 'value': 'Argentina'}, 'countryiso3code': 'ARG', 'date': '2016', 'value': 43900313, 'unit': '', 'obs_status': '', 'decimal': 0, 'country_code': 'ARG'}
[2025-07-24T03:28:14.835+0000] {transform_3.py:27} INFO -   -> país AR no permitido
[2025-07-24T03:28:14.836+0000] {transform_3.py:19} INFO - DEBUG entrada[9]: {'indicator': {'id': 'SP.POP.TOTL', 'value': 'Population, total'}, 'country': {'id': 'AR', 'value': 'Argentina'}, 'countryiso3code': 'ARG', 'date': '2015', 'value': 43477012, 'unit': '', 'obs_status': '', 'decimal': 0, 'country_code': 'ARG'}
[2025-07-24T03:28:14.837+0000] {transform_3.py:27} INFO -   -> país AR no permitido
[2025-07-24T03:28:14.838+0000] {transform_3.py:42} INFO - ✔ 0 registros de población transformados correctamente
[2025-07-24T03:28:14.864+0000] {python.py:201} INFO - Done. Returned value was: None
[2025-07-24T03:28:14.880+0000] {taskinstance.py:1138} INFO - Marking task as SUCCESS. dag_id=TechAndUrbanGrowth, task_id=transform_population_data, execution_date=20250724T032250, start_date=20250724T032814, end_date=20250724T032814
[2025-07-24T03:28:14.940+0000] {local_task_job_runner.py:234} INFO - Task exited with return code 0
[2025-07-24T03:28:14.986+0000] {taskinstance.py:3280} INFO - 1 downstream tasks scheduled from follow-on schedule check
