[2025-07-24T03:27:57.906+0000] {taskinstance.py:1956} INFO - Dependencies all met for dep_context=non-requeueable deps ti=<TaskInstance: TechAndUrbanGrowth.ingestion_population_data manual__2025-07-24T03:22:50.080886+00:00 [queued]>
[2025-07-24T03:27:57.930+0000] {taskinstance.py:1956} INFO - Dependencies all met for dep_context=requeueable deps ti=<TaskInstance: TechAndUrbanGrowth.ingestion_population_data manual__2025-07-24T03:22:50.080886+00:00 [queued]>
[2025-07-24T03:27:57.932+0000] {taskinstance.py:2170} INFO - Starting attempt 2 of 2
[2025-07-24T03:27:57.964+0000] {taskinstance.py:2191} INFO - Executing <Task(PythonOperator): ingestion_population_data> on 2025-07-24 03:22:50.080886+00:00
[2025-07-24T03:27:57.978+0000] {standard_task_runner.py:60} INFO - Started process 2426 to run task
[2025-07-24T03:27:57.985+0000] {standard_task_runner.py:87} INFO - Running: ['***', 'tasks', 'run', 'TechAndUrbanGrowth', 'ingestion_population_data', 'manual__2025-07-24T03:22:50.080886+00:00', '--job-id', '126', '--raw', '--subdir', 'DAGS_FOLDER/main.py', '--cfg-path', '/tmp/tmpmnbxuygt']
[2025-07-24T03:27:57.994+0000] {standard_task_runner.py:88} INFO - Job 126: Subtask ingestion_population_data
[2025-07-24T03:27:58.166+0000] {task_command.py:423} INFO - Running <TaskInstance: TechAndUrbanGrowth.ingestion_population_data manual__2025-07-24T03:22:50.080886+00:00 [running]> on host 4c8899e5e1ad
[2025-07-24T03:27:58.427+0000] {taskinstance.py:2480} INFO - Exporting env vars: AIRFLOW_CTX_DAG_OWNER='***' AIRFLOW_CTX_DAG_ID='TechAndUrbanGrowth' AIRFLOW_CTX_TASK_ID='ingestion_population_data' AIRFLOW_CTX_EXECUTION_DATE='2025-07-24T03:22:50.080886+00:00' AIRFLOW_CTX_TRY_NUMBER='2' AIRFLOW_CTX_DAG_RUN_ID='manual__2025-07-24T03:22:50.080886+00:00'
[2025-07-24T03:27:59.089+0000] {ingestion_3.py:34} INFO - ✔ Datos población obtenidos para ARG, registros: 65
[2025-07-24T03:27:59.457+0000] {ingestion_3.py:34} INFO - ✔ Datos población obtenidos para ATG, registros: 65
[2025-07-24T03:27:59.821+0000] {ingestion_3.py:34} INFO - ✔ Datos población obtenidos para BHS, registros: 65
[2025-07-24T03:28:00.163+0000] {ingestion_3.py:34} INFO - ✔ Datos población obtenidos para BRB, registros: 65
[2025-07-24T03:28:00.518+0000] {ingestion_3.py:34} INFO - ✔ Datos población obtenidos para BLZ, registros: 65
[2025-07-24T03:28:00.925+0000] {ingestion_3.py:34} INFO - ✔ Datos población obtenidos para BOL, registros: 65
[2025-07-24T03:28:01.292+0000] {ingestion_3.py:34} INFO - ✔ Datos población obtenidos para BRA, registros: 65
[2025-07-24T03:28:01.663+0000] {ingestion_3.py:34} INFO - ✔ Datos población obtenidos para CAN, registros: 65
[2025-07-24T03:28:01.982+0000] {ingestion_3.py:34} INFO - ✔ Datos población obtenidos para CHL, registros: 65
[2025-07-24T03:28:02.301+0000] {ingestion_3.py:34} INFO - ✔ Datos población obtenidos para COL, registros: 65
[2025-07-24T03:28:02.774+0000] {ingestion_3.py:34} INFO - ✔ Datos población obtenidos para CRI, registros: 65
[2025-07-24T03:28:03.195+0000] {ingestion_3.py:34} INFO - ✔ Datos población obtenidos para CUB, registros: 65
[2025-07-24T03:28:03.592+0000] {ingestion_3.py:34} INFO - ✔ Datos población obtenidos para DMA, registros: 65
[2025-07-24T03:28:03.998+0000] {ingestion_3.py:34} INFO - ✔ Datos población obtenidos para DOM, registros: 65
[2025-07-24T03:28:04.802+0000] {ingestion_3.py:34} INFO - ✔ Datos población obtenidos para ECU, registros: 65
[2025-07-24T03:28:05.321+0000] {ingestion_3.py:34} INFO - ✔ Datos población obtenidos para SLV, registros: 65
[2025-07-24T03:28:05.682+0000] {ingestion_3.py:34} INFO - ✔ Datos población obtenidos para GRD, registros: 65
[2025-07-24T03:28:06.007+0000] {ingestion_3.py:34} INFO - ✔ Datos población obtenidos para GTM, registros: 65
[2025-07-24T03:28:06.432+0000] {ingestion_3.py:34} INFO - ✔ Datos población obtenidos para GUY, registros: 65
[2025-07-24T03:28:06.746+0000] {ingestion_3.py:34} INFO - ✔ Datos población obtenidos para HTI, registros: 65
[2025-07-24T03:28:07.058+0000] {ingestion_3.py:34} INFO - ✔ Datos población obtenidos para HND, registros: 65
[2025-07-24T03:28:07.386+0000] {ingestion_3.py:34} INFO - ✔ Datos población obtenidos para JAM, registros: 65
[2025-07-24T03:28:07.698+0000] {ingestion_3.py:34} INFO - ✔ Datos población obtenidos para MEX, registros: 65
[2025-07-24T03:28:08.043+0000] {ingestion_3.py:34} INFO - ✔ Datos población obtenidos para NIC, registros: 65
[2025-07-24T03:28:08.390+0000] {ingestion_3.py:34} INFO - ✔ Datos población obtenidos para PAN, registros: 65
[2025-07-24T03:28:09.008+0000] {ingestion_3.py:34} INFO - ✔ Datos población obtenidos para PRY, registros: 65
[2025-07-24T03:28:09.391+0000] {ingestion_3.py:34} INFO - ✔ Datos población obtenidos para PER, registros: 65
[2025-07-24T03:28:09.786+0000] {ingestion_3.py:34} INFO - ✔ Datos población obtenidos para KNA, registros: 65
[2025-07-24T03:28:10.223+0000] {ingestion_3.py:34} INFO - ✔ Datos población obtenidos para LCA, registros: 65
[2025-07-24T03:28:10.572+0000] {ingestion_3.py:34} INFO - ✔ Datos población obtenidos para VCT, registros: 65
[2025-07-24T03:28:11.149+0000] {ingestion_3.py:34} INFO - ✔ Datos población obtenidos para SUR, registros: 65
[2025-07-24T03:28:11.547+0000] {ingestion_3.py:34} INFO - ✔ Datos población obtenidos para TTO, registros: 65
[2025-07-24T03:28:11.928+0000] {ingestion_3.py:34} INFO - ✔ Datos población obtenidos para URY, registros: 65
[2025-07-24T03:28:12.307+0000] {ingestion_3.py:34} INFO - ✔ Datos población obtenidos para USA, registros: 65
[2025-07-24T03:28:12.674+0000] {ingestion_3.py:34} INFO - ✔ Datos población obtenidos para VEN, registros: 65
[2025-07-24T03:28:12.770+0000] {ingestion_3.py:41} INFO - ✔ Total registros población obtenidos: 2275
[2025-07-24T03:28:12.777+0000] {python.py:201} INFO - Done. Returned value was: None
[2025-07-24T03:28:12.798+0000] {taskinstance.py:1138} INFO - Marking task as SUCCESS. dag_id=TechAndUrbanGrowth, task_id=ingestion_population_data, execution_date=20250724T032250, start_date=20250724T032757, end_date=20250724T032812
[2025-07-24T03:28:12.862+0000] {local_task_job_runner.py:234} INFO - Task exited with return code 0
[2025-07-24T03:28:12.962+0000] {taskinstance.py:3280} INFO - 0 downstream tasks scheduled from follow-on schedule check
