[2025-07-24T02:25:19.573+0000] {taskinstance.py:1956} INFO - Dependencies all met for dep_context=non-requeueable deps ti=<TaskInstance: TechAndUrbanGrowth.ingestion_urbanization_data manual__2025-07-24T02:25:12.724720+00:00 [queued]>
[2025-07-24T02:25:19.609+0000] {taskinstance.py:1956} INFO - Dependencies all met for dep_context=requeueable deps ti=<TaskInstance: TechAndUrbanGrowth.ingestion_urbanization_data manual__2025-07-24T02:25:12.724720+00:00 [queued]>
[2025-07-24T02:25:19.613+0000] {taskinstance.py:2170} INFO - Starting attempt 1 of 2
[2025-07-24T02:25:19.674+0000] {taskinstance.py:2191} INFO - Executing <Task(PythonOperator): ingestion_urbanization_data> on 2025-07-24 02:25:12.724720+00:00
[2025-07-24T02:25:19.706+0000] {standard_task_runner.py:60} INFO - Started process 1627 to run task
[2025-07-24T02:25:19.721+0000] {standard_task_runner.py:87} INFO - Running: ['***', 'tasks', 'run', 'TechAndUrbanGrowth', 'ingestion_urbanization_data', 'manual__2025-07-24T02:25:12.724720+00:00', '--job-id', '74', '--raw', '--subdir', 'DAGS_FOLDER/main.py', '--cfg-path', '/tmp/tmp5he8j5a3']
[2025-07-24T02:25:19.726+0000] {standard_task_runner.py:88} INFO - Job 74: Subtask ingestion_urbanization_data
[2025-07-24T02:25:19.947+0000] {task_command.py:423} INFO - Running <TaskInstance: TechAndUrbanGrowth.ingestion_urbanization_data manual__2025-07-24T02:25:12.724720+00:00 [running]> on host 4c8899e5e1ad
[2025-07-24T02:25:20.233+0000] {taskinstance.py:2480} INFO - Exporting env vars: AIRFLOW_CTX_DAG_OWNER='***' AIRFLOW_CTX_DAG_ID='TechAndUrbanGrowth' AIRFLOW_CTX_TASK_ID='ingestion_urbanization_data' AIRFLOW_CTX_EXECUTION_DATE='2025-07-24T02:25:12.724720+00:00' AIRFLOW_CTX_TRY_NUMBER='1' AIRFLOW_CTX_DAG_RUN_ID='manual__2025-07-24T02:25:12.724720+00:00'
[2025-07-24T02:25:22.328+0000] {ingestion_2.py:35} INFO - ✔ Datos urbanización obtenidos para A, registros: 0
[2025-07-24T02:25:23.091+0000] {ingestion_2.py:35} INFO - ✔ Datos urbanización obtenidos para R, registros: 0
[2025-07-24T02:25:23.514+0000] {ingestion_2.py:35} INFO - ✔ Datos urbanización obtenidos para G, registros: 0
[2025-07-24T02:25:23.951+0000] {ingestion_2.py:35} INFO - ✔ Datos urbanización obtenidos para ;, registros: 0
[2025-07-24T02:25:24.330+0000] {ingestion_2.py:35} INFO - ✔ Datos urbanización obtenidos para A, registros: 0
[2025-07-24T02:25:24.724+0000] {ingestion_2.py:35} INFO - ✔ Datos urbanización obtenidos para T, registros: 0
[2025-07-24T02:25:25.213+0000] {ingestion_2.py:35} INFO - ✔ Datos urbanización obtenidos para G, registros: 0
[2025-07-24T02:25:25.499+0000] {ingestion_2.py:35} INFO - ✔ Datos urbanización obtenidos para ;, registros: 0
[2025-07-24T02:25:25.892+0000] {ingestion_2.py:35} INFO - ✔ Datos urbanización obtenidos para B, registros: 0
[2025-07-24T02:25:26.378+0000] {ingestion_2.py:35} INFO - ✔ Datos urbanización obtenidos para H, registros: 0
[2025-07-24T02:25:26.795+0000] {ingestion_2.py:35} INFO - ✔ Datos urbanización obtenidos para S, registros: 0
[2025-07-24T02:25:27.093+0000] {ingestion_2.py:35} INFO - ✔ Datos urbanización obtenidos para ;, registros: 0
[2025-07-24T02:25:27.471+0000] {ingestion_2.py:35} INFO - ✔ Datos urbanización obtenidos para B, registros: 0
[2025-07-24T02:25:27.781+0000] {ingestion_2.py:35} INFO - ✔ Datos urbanización obtenidos para R, registros: 0
[2025-07-24T02:25:28.085+0000] {ingestion_2.py:35} INFO - ✔ Datos urbanización obtenidos para B, registros: 0
[2025-07-24T02:25:28.414+0000] {ingestion_2.py:35} INFO - ✔ Datos urbanización obtenidos para ;, registros: 0
[2025-07-24T02:25:28.783+0000] {ingestion_2.py:35} INFO - ✔ Datos urbanización obtenidos para B, registros: 0
[2025-07-24T02:25:29.194+0000] {ingestion_2.py:35} INFO - ✔ Datos urbanización obtenidos para L, registros: 0
[2025-07-24T02:25:29.592+0000] {ingestion_2.py:35} INFO - ✔ Datos urbanización obtenidos para Z, registros: 0
[2025-07-24T02:25:29.900+0000] {ingestion_2.py:35} INFO - ✔ Datos urbanización obtenidos para ;, registros: 0
[2025-07-24T02:25:30.441+0000] {ingestion_2.py:35} INFO - ✔ Datos urbanización obtenidos para B, registros: 0
[2025-07-24T02:25:31.097+0000] {ingestion_2.py:35} INFO - ✔ Datos urbanización obtenidos para O, registros: 0
[2025-07-24T02:25:31.478+0000] {ingestion_2.py:35} INFO - ✔ Datos urbanización obtenidos para L, registros: 0
[2025-07-24T02:25:31.793+0000] {ingestion_2.py:35} INFO - ✔ Datos urbanización obtenidos para ;, registros: 0
[2025-07-24T02:25:32.199+0000] {ingestion_2.py:35} INFO - ✔ Datos urbanización obtenidos para B, registros: 0
[2025-07-24T02:25:32.562+0000] {ingestion_2.py:35} INFO - ✔ Datos urbanización obtenidos para R, registros: 0
[2025-07-24T02:25:32.927+0000] {ingestion_2.py:35} INFO - ✔ Datos urbanización obtenidos para A, registros: 0
[2025-07-24T02:25:33.431+0000] {ingestion_2.py:35} INFO - ✔ Datos urbanización obtenidos para ;, registros: 0
[2025-07-24T02:25:34.101+0000] {ingestion_2.py:35} INFO - ✔ Datos urbanización obtenidos para C, registros: 0
[2025-07-24T02:25:34.546+0000] {ingestion_2.py:35} INFO - ✔ Datos urbanización obtenidos para A, registros: 0
[2025-07-24T02:25:56.379+0000] {ingestion_2.py:35} INFO - ✔ Datos urbanización obtenidos para N, registros: 0
[2025-07-24T02:26:17.760+0000] {ingestion_2.py:35} INFO - ✔ Datos urbanización obtenidos para ;, registros: 0
[2025-07-24T02:26:39.221+0000] {ingestion_2.py:35} INFO - ✔ Datos urbanización obtenidos para C, registros: 0
[2025-07-24T02:26:39.530+0000] {ingestion_2.py:35} INFO - ✔ Datos urbanización obtenidos para H, registros: 0
[2025-07-24T02:27:00.863+0000] {ingestion_2.py:35} INFO - ✔ Datos urbanización obtenidos para L, registros: 0
[2025-07-24T02:27:22.300+0000] {ingestion_2.py:35} INFO - ✔ Datos urbanización obtenidos para ;, registros: 0
[2025-07-24T02:27:22.644+0000] {ingestion_2.py:35} INFO - ✔ Datos urbanización obtenidos para C, registros: 0
[2025-07-24T02:27:22.996+0000] {ingestion_2.py:35} INFO - ✔ Datos urbanización obtenidos para O, registros: 0
[2025-07-24T02:27:44.601+0000] {ingestion_2.py:35} INFO - ✔ Datos urbanización obtenidos para L, registros: 0
[2025-07-24T02:27:44.911+0000] {ingestion_2.py:35} INFO - ✔ Datos urbanización obtenidos para ;, registros: 0
[2025-07-24T02:27:45.215+0000] {ingestion_2.py:35} INFO - ✔ Datos urbanización obtenidos para C, registros: 0
[2025-07-24T02:27:46.049+0000] {ingestion_2.py:35} INFO - ✔ Datos urbanización obtenidos para R, registros: 0
[2025-07-24T02:28:07.551+0000] {ingestion_2.py:35} INFO - ✔ Datos urbanización obtenidos para I, registros: 0
[2025-07-24T02:28:08.076+0000] {ingestion_2.py:35} INFO - ✔ Datos urbanización obtenidos para ;, registros: 0
[2025-07-24T02:28:08.419+0000] {ingestion_2.py:35} INFO - ✔ Datos urbanización obtenidos para C, registros: 0
[2025-07-24T02:28:08.803+0000] {ingestion_2.py:35} INFO - ✔ Datos urbanización obtenidos para U, registros: 0
[2025-07-24T02:28:09.101+0000] {ingestion_2.py:35} INFO - ✔ Datos urbanización obtenidos para B, registros: 0
[2025-07-24T02:28:30.757+0000] {ingestion_2.py:35} INFO - ✔ Datos urbanización obtenidos para ;, registros: 0
[2025-07-24T02:28:52.336+0000] {ingestion_2.py:35} INFO - ✔ Datos urbanización obtenidos para D, registros: 0
[2025-07-24T02:29:13.741+0000] {ingestion_2.py:35} INFO - ✔ Datos urbanización obtenidos para M, registros: 0
[2025-07-24T02:29:35.236+0000] {ingestion_2.py:35} INFO - ✔ Datos urbanización obtenidos para A, registros: 0
[2025-07-24T02:29:56.699+0000] {ingestion_2.py:35} INFO - ✔ Datos urbanización obtenidos para ;, registros: 0
[2025-07-24T02:29:57.075+0000] {ingestion_2.py:35} INFO - ✔ Datos urbanización obtenidos para D, registros: 0
[2025-07-24T02:29:57.487+0000] {ingestion_2.py:35} INFO - ✔ Datos urbanización obtenidos para O, registros: 0
[2025-07-24T02:29:57.850+0000] {ingestion_2.py:35} INFO - ✔ Datos urbanización obtenidos para M, registros: 0
[2025-07-24T02:29:58.274+0000] {ingestion_2.py:35} INFO - ✔ Datos urbanización obtenidos para ;, registros: 0
[2025-07-24T02:29:58.698+0000] {ingestion_2.py:35} INFO - ✔ Datos urbanización obtenidos para E, registros: 0
[2025-07-24T02:29:59.035+0000] {ingestion_2.py:35} INFO - ✔ Datos urbanización obtenidos para C, registros: 0
[2025-07-24T02:29:59.418+0000] {ingestion_2.py:35} INFO - ✔ Datos urbanización obtenidos para U, registros: 0
[2025-07-24T02:29:59.733+0000] {ingestion_2.py:35} INFO - ✔ Datos urbanización obtenidos para ;, registros: 0
[2025-07-24T02:30:21.922+0000] {ingestion_2.py:35} INFO - ✔ Datos urbanización obtenidos para S, registros: 0
[2025-07-24T02:30:23.050+0000] {ingestion_2.py:35} INFO - ✔ Datos urbanización obtenidos para L, registros: 0
[2025-07-24T02:30:23.608+0000] {ingestion_2.py:35} INFO - ✔ Datos urbanización obtenidos para V, registros: 0
[2025-07-24T02:30:44.961+0000] {ingestion_2.py:35} INFO - ✔ Datos urbanización obtenidos para ;, registros: 0
[2025-07-24T02:30:45.349+0000] {ingestion_2.py:35} INFO - ✔ Datos urbanización obtenidos para G, registros: 0
[2025-07-24T02:30:45.679+0000] {ingestion_2.py:35} INFO - ✔ Datos urbanización obtenidos para R, registros: 0
[2025-07-24T02:30:46.389+0000] {ingestion_2.py:35} INFO - ✔ Datos urbanización obtenidos para D, registros: 0
[2025-07-24T02:31:08.120+0000] {ingestion_2.py:35} INFO - ✔ Datos urbanización obtenidos para ;, registros: 0
[2025-07-24T02:31:29.671+0000] {ingestion_2.py:35} INFO - ✔ Datos urbanización obtenidos para G, registros: 0
[2025-07-24T02:31:51.564+0000] {ingestion_2.py:35} INFO - ✔ Datos urbanización obtenidos para T, registros: 0
[2025-07-24T02:31:52.206+0000] {ingestion_2.py:35} INFO - ✔ Datos urbanización obtenidos para M, registros: 0
[2025-07-24T02:31:52.544+0000] {ingestion_2.py:35} INFO - ✔ Datos urbanización obtenidos para ;, registros: 0
[2025-07-24T02:31:52.880+0000] {ingestion_2.py:35} INFO - ✔ Datos urbanización obtenidos para G, registros: 0
[2025-07-24T02:31:53.189+0000] {ingestion_2.py:35} INFO - ✔ Datos urbanización obtenidos para U, registros: 0
[2025-07-24T02:32:14.707+0000] {ingestion_2.py:35} INFO - ✔ Datos urbanización obtenidos para Y, registros: 0
[2025-07-24T02:32:15.117+0000] {ingestion_2.py:35} INFO - ✔ Datos urbanización obtenidos para ;, registros: 0
[2025-07-24T02:32:36.548+0000] {ingestion_2.py:35} INFO - ✔ Datos urbanización obtenidos para H, registros: 0
[2025-07-24T02:32:57.925+0000] {ingestion_2.py:35} INFO - ✔ Datos urbanización obtenidos para T, registros: 0
[2025-07-24T02:32:58.259+0000] {ingestion_2.py:35} INFO - ✔ Datos urbanización obtenidos para I, registros: 0
[2025-07-24T02:33:19.682+0000] {ingestion_2.py:35} INFO - ✔ Datos urbanización obtenidos para ;, registros: 0
[2025-07-24T02:33:41.063+0000] {ingestion_2.py:35} INFO - ✔ Datos urbanización obtenidos para H, registros: 0
[2025-07-24T02:33:41.367+0000] {ingestion_2.py:35} INFO - ✔ Datos urbanización obtenidos para N, registros: 0
[2025-07-24T02:33:41.686+0000] {ingestion_2.py:35} INFO - ✔ Datos urbanización obtenidos para D, registros: 0
[2025-07-24T02:33:42.024+0000] {ingestion_2.py:35} INFO - ✔ Datos urbanización obtenidos para ;, registros: 0
[2025-07-24T02:34:03.433+0000] {ingestion_2.py:35} INFO - ✔ Datos urbanización obtenidos para J, registros: 0
[2025-07-24T02:34:03.927+0000] {ingestion_2.py:35} INFO - ✔ Datos urbanización obtenidos para A, registros: 0
[2025-07-24T02:34:25.327+0000] {ingestion_2.py:35} INFO - ✔ Datos urbanización obtenidos para M, registros: 0
[2025-07-24T02:34:25.607+0000] {ingestion_2.py:35} INFO - ✔ Datos urbanización obtenidos para ;, registros: 0
[2025-07-24T02:34:25.897+0000] {ingestion_2.py:35} INFO - ✔ Datos urbanización obtenidos para M, registros: 0
[2025-07-24T02:34:26.192+0000] {ingestion_2.py:35} INFO - ✔ Datos urbanización obtenidos para E, registros: 0
[2025-07-24T02:34:26.575+0000] {ingestion_2.py:35} INFO - ✔ Datos urbanización obtenidos para X, registros: 0
[2025-07-24T02:34:26.931+0000] {ingestion_2.py:35} INFO - ✔ Datos urbanización obtenidos para ;, registros: 0
[2025-07-24T02:34:27.441+0000] {ingestion_2.py:35} INFO - ✔ Datos urbanización obtenidos para N, registros: 0
[2025-07-24T02:34:27.823+0000] {ingestion_2.py:35} INFO - ✔ Datos urbanización obtenidos para I, registros: 0
[2025-07-24T02:34:28.123+0000] {ingestion_2.py:35} INFO - ✔ Datos urbanización obtenidos para C, registros: 0
[2025-07-24T02:34:28.430+0000] {ingestion_2.py:35} INFO - ✔ Datos urbanización obtenidos para ;, registros: 0
[2025-07-24T02:34:28.831+0000] {ingestion_2.py:35} INFO - ✔ Datos urbanización obtenidos para P, registros: 0
[2025-07-24T02:34:29.140+0000] {ingestion_2.py:35} INFO - ✔ Datos urbanización obtenidos para A, registros: 0
[2025-07-24T02:34:29.696+0000] {ingestion_2.py:35} INFO - ✔ Datos urbanización obtenidos para N, registros: 0
[2025-07-24T02:34:29.987+0000] {ingestion_2.py:35} INFO - ✔ Datos urbanización obtenidos para ;, registros: 0
[2025-07-24T02:34:30.380+0000] {ingestion_2.py:35} INFO - ✔ Datos urbanización obtenidos para P, registros: 0
[2025-07-24T02:34:30.720+0000] {ingestion_2.py:35} INFO - ✔ Datos urbanización obtenidos para R, registros: 0
[2025-07-24T02:34:30.999+0000] {ingestion_2.py:35} INFO - ✔ Datos urbanización obtenidos para Y, registros: 0
[2025-07-24T02:34:31.277+0000] {ingestion_2.py:35} INFO - ✔ Datos urbanización obtenidos para ;, registros: 0
[2025-07-24T02:34:31.564+0000] {ingestion_2.py:35} INFO - ✔ Datos urbanización obtenidos para P, registros: 0
[2025-07-24T02:34:31.860+0000] {ingestion_2.py:35} INFO - ✔ Datos urbanización obtenidos para E, registros: 0
[2025-07-24T02:34:32.161+0000] {ingestion_2.py:35} INFO - ✔ Datos urbanización obtenidos para R, registros: 0
[2025-07-24T02:34:32.444+0000] {ingestion_2.py:35} INFO - ✔ Datos urbanización obtenidos para ;, registros: 0
[2025-07-24T02:34:32.803+0000] {ingestion_2.py:35} INFO - ✔ Datos urbanización obtenidos para K, registros: 0
[2025-07-24T02:34:33.075+0000] {ingestion_2.py:35} INFO - ✔ Datos urbanización obtenidos para N, registros: 0
[2025-07-24T02:34:33.385+0000] {ingestion_2.py:35} INFO - ✔ Datos urbanización obtenidos para A, registros: 0
[2025-07-24T02:34:33.664+0000] {ingestion_2.py:35} INFO - ✔ Datos urbanización obtenidos para ;, registros: 0
[2025-07-24T02:34:33.979+0000] {ingestion_2.py:35} INFO - ✔ Datos urbanización obtenidos para L, registros: 0
[2025-07-24T02:34:34.257+0000] {ingestion_2.py:35} INFO - ✔ Datos urbanización obtenidos para C, registros: 0
[2025-07-24T02:34:34.531+0000] {ingestion_2.py:35} INFO - ✔ Datos urbanización obtenidos para A, registros: 0
[2025-07-24T02:34:34.830+0000] {ingestion_2.py:35} INFO - ✔ Datos urbanización obtenidos para ;, registros: 0
[2025-07-24T02:34:35.149+0000] {ingestion_2.py:35} INFO - ✔ Datos urbanización obtenidos para V, registros: 0
[2025-07-24T02:34:35.697+0000] {ingestion_2.py:35} INFO - ✔ Datos urbanización obtenidos para C, registros: 0
[2025-07-24T02:34:35.983+0000] {ingestion_2.py:35} INFO - ✔ Datos urbanización obtenidos para T, registros: 0
[2025-07-24T02:34:36.304+0000] {ingestion_2.py:35} INFO - ✔ Datos urbanización obtenidos para ;, registros: 0
[2025-07-24T02:34:36.671+0000] {ingestion_2.py:35} INFO - ✔ Datos urbanización obtenidos para S, registros: 0
[2025-07-24T02:34:36.974+0000] {ingestion_2.py:35} INFO - ✔ Datos urbanización obtenidos para U, registros: 0
[2025-07-24T02:34:37.285+0000] {ingestion_2.py:35} INFO - ✔ Datos urbanización obtenidos para R, registros: 0
[2025-07-24T02:34:37.723+0000] {ingestion_2.py:35} INFO - ✔ Datos urbanización obtenidos para ;, registros: 0
[2025-07-24T02:34:38.151+0000] {ingestion_2.py:35} INFO - ✔ Datos urbanización obtenidos para T, registros: 0
[2025-07-24T02:34:38.536+0000] {ingestion_2.py:35} INFO - ✔ Datos urbanización obtenidos para T, registros: 0
[2025-07-24T02:34:38.887+0000] {ingestion_2.py:35} INFO - ✔ Datos urbanización obtenidos para O, registros: 0
[2025-07-24T02:34:39.224+0000] {ingestion_2.py:35} INFO - ✔ Datos urbanización obtenidos para ;, registros: 0
[2025-07-24T02:34:39.588+0000] {ingestion_2.py:35} INFO - ✔ Datos urbanización obtenidos para U, registros: 0
[2025-07-24T02:34:40.031+0000] {ingestion_2.py:35} INFO - ✔ Datos urbanización obtenidos para R, registros: 0
[2025-07-24T02:34:40.408+0000] {ingestion_2.py:35} INFO - ✔ Datos urbanización obtenidos para Y, registros: 0
[2025-07-24T02:34:40.794+0000] {ingestion_2.py:35} INFO - ✔ Datos urbanización obtenidos para ;, registros: 0
[2025-07-24T02:34:41.129+0000] {ingestion_2.py:35} INFO - ✔ Datos urbanización obtenidos para U, registros: 0
[2025-07-24T02:34:41.449+0000] {ingestion_2.py:35} INFO - ✔ Datos urbanización obtenidos para S, registros: 0
[2025-07-24T02:34:41.813+0000] {ingestion_2.py:35} INFO - ✔ Datos urbanización obtenidos para A, registros: 0
[2025-07-24T02:34:42.151+0000] {ingestion_2.py:35} INFO - ✔ Datos urbanización obtenidos para ;, registros: 0
[2025-07-24T02:34:42.446+0000] {ingestion_2.py:35} INFO - ✔ Datos urbanización obtenidos para V, registros: 0
[2025-07-24T02:34:42.856+0000] {ingestion_2.py:35} INFO - ✔ Datos urbanización obtenidos para E, registros: 0
[2025-07-24T02:34:43.152+0000] {ingestion_2.py:35} INFO - ✔ Datos urbanización obtenidos para N, registros: 0
[2025-07-24T02:34:43.587+0000] {ingestion_2.py:42} INFO - ✔ Total registros urbanización obtenidos: 0
[2025-07-24T02:34:43.615+0000] {python.py:201} INFO - Done. Returned value was: None
[2025-07-24T02:34:43.736+0000] {taskinstance.py:1138} INFO - Marking task as SUCCESS. dag_id=TechAndUrbanGrowth, task_id=ingestion_urbanization_data, execution_date=20250724T022512, start_date=20250724T022519, end_date=20250724T023443
[2025-07-24T02:34:43.938+0000] {local_task_job_runner.py:234} INFO - Task exited with return code 0
[2025-07-24T02:34:44.291+0000] {taskinstance.py:3280} INFO - 1 downstream tasks scheduled from follow-on schedule check
