[2025-07-24T03:27:03.193+0000] {taskinstance.py:1956} INFO - Dependencies all met for dep_context=non-requeueable deps ti=<TaskInstance: TechAndUrbanGrowth.ingestion_air_quality_data manual__2025-07-24T03:26:58.892049+00:00 [queued]>
[2025-07-24T03:27:03.214+0000] {taskinstance.py:1956} INFO - Dependencies all met for dep_context=requeueable deps ti=<TaskInstance: TechAndUrbanGrowth.ingestion_air_quality_data manual__2025-07-24T03:26:58.892049+00:00 [queued]>
[2025-07-24T03:27:03.215+0000] {taskinstance.py:2170} INFO - Starting attempt 1 of 2
[2025-07-24T03:27:03.318+0000] {taskinstance.py:2191} INFO - Executing <Task(PythonOperator): ingestion_air_quality_data> on 2025-07-24 03:26:58.892049+00:00
[2025-07-24T03:27:03.416+0000] {standard_task_runner.py:60} INFO - Started process 2387 to run task
[2025-07-24T03:27:03.439+0000] {standard_task_runner.py:87} INFO - Running: ['***', 'tasks', 'run', 'TechAndUrbanGrowth', 'ingestion_air_quality_data', 'manual__2025-07-24T03:26:58.892049+00:00', '--job-id', '119', '--raw', '--subdir', 'DAGS_FOLDER/main.py', '--cfg-path', '/tmp/tmp6p5l003k']
[2025-07-24T03:27:03.447+0000] {standard_task_runner.py:88} INFO - Job 119: Subtask ingestion_air_quality_data
[2025-07-24T03:27:03.761+0000] {task_command.py:423} INFO - Running <TaskInstance: TechAndUrbanGrowth.ingestion_air_quality_data manual__2025-07-24T03:26:58.892049+00:00 [running]> on host 4c8899e5e1ad
[2025-07-24T03:27:04.214+0000] {taskinstance.py:2480} INFO - Exporting env vars: AIRFLOW_CTX_DAG_OWNER='***' AIRFLOW_CTX_DAG_ID='TechAndUrbanGrowth' AIRFLOW_CTX_TASK_ID='ingestion_air_quality_data' AIRFLOW_CTX_EXECUTION_DATE='2025-07-24T03:26:58.892049+00:00' AIRFLOW_CTX_TRY_NUMBER='1' AIRFLOW_CTX_DAG_RUN_ID='manual__2025-07-24T03:26:58.892049+00:00'
[2025-07-24T03:27:05.030+0000] {ingestion_1.py:43} INFO - ✔ Datos de calidad del aire obtenidos para Buenos Aires, ARG
[2025-07-24T03:27:05.230+0000] {ingestion_1.py:43} INFO - ✔ Datos de calidad del aire obtenidos para St. John's, ATG
[2025-07-24T03:27:05.388+0000] {ingestion_1.py:43} INFO - ✔ Datos de calidad del aire obtenidos para Nassau, BHS
[2025-07-24T03:27:05.549+0000] {ingestion_1.py:43} INFO - ✔ Datos de calidad del aire obtenidos para Bridgetown, BRB
[2025-07-24T03:27:05.744+0000] {ingestion_1.py:43} INFO - ✔ Datos de calidad del aire obtenidos para Belmopan, BLZ
[2025-07-24T03:27:05.939+0000] {ingestion_1.py:43} INFO - ✔ Datos de calidad del aire obtenidos para Sucre, BOL
[2025-07-24T03:27:06.142+0000] {ingestion_1.py:43} INFO - ✔ Datos de calidad del aire obtenidos para Brasilia, BRA
[2025-07-24T03:27:06.300+0000] {ingestion_1.py:43} INFO - ✔ Datos de calidad del aire obtenidos para Ottawa, CAN
[2025-07-24T03:27:06.494+0000] {ingestion_1.py:43} INFO - ✔ Datos de calidad del aire obtenidos para Santiago, CHL
[2025-07-24T03:27:06.688+0000] {ingestion_1.py:43} INFO - ✔ Datos de calidad del aire obtenidos para Bogotá, COL
[2025-07-24T03:27:06.896+0000] {ingestion_1.py:43} INFO - ✔ Datos de calidad del aire obtenidos para San José, CRI
[2025-07-24T03:27:07.135+0000] {ingestion_1.py:43} INFO - ✔ Datos de calidad del aire obtenidos para Havana, CUB
[2025-07-24T03:27:07.350+0000] {ingestion_1.py:43} INFO - ✔ Datos de calidad del aire obtenidos para Roseau, DMA
[2025-07-24T03:27:07.538+0000] {ingestion_1.py:43} INFO - ✔ Datos de calidad del aire obtenidos para Santo Domingo, DOM
[2025-07-24T03:27:07.723+0000] {ingestion_1.py:43} INFO - ✔ Datos de calidad del aire obtenidos para Quito, ECU
[2025-07-24T03:27:07.905+0000] {ingestion_1.py:43} INFO - ✔ Datos de calidad del aire obtenidos para San Salvador, SLV
[2025-07-24T03:27:08.145+0000] {ingestion_1.py:43} INFO - ✔ Datos de calidad del aire obtenidos para St. George's, GRD
[2025-07-24T03:27:08.330+0000] {ingestion_1.py:43} INFO - ✔ Datos de calidad del aire obtenidos para Guatemala City, GTM
[2025-07-24T03:27:08.528+0000] {ingestion_1.py:43} INFO - ✔ Datos de calidad del aire obtenidos para Georgetown, GUY
[2025-07-24T03:27:08.716+0000] {ingestion_1.py:43} INFO - ✔ Datos de calidad del aire obtenidos para Port-au-Prince, HTI
[2025-07-24T03:27:08.901+0000] {ingestion_1.py:43} INFO - ✔ Datos de calidad del aire obtenidos para Tegucigalpa, HND
[2025-07-24T03:27:09.087+0000] {ingestion_1.py:43} INFO - ✔ Datos de calidad del aire obtenidos para Kingston, JAM
[2025-07-24T03:27:09.274+0000] {ingestion_1.py:43} INFO - ✔ Datos de calidad del aire obtenidos para Ciudad de México, MEX
[2025-07-24T03:27:09.459+0000] {ingestion_1.py:43} INFO - ✔ Datos de calidad del aire obtenidos para Managua, NIC
[2025-07-24T03:27:09.641+0000] {ingestion_1.py:43} INFO - ✔ Datos de calidad del aire obtenidos para Panama City, PAN
[2025-07-24T03:27:09.825+0000] {ingestion_1.py:43} INFO - ✔ Datos de calidad del aire obtenidos para Asunción, PRY
[2025-07-24T03:27:10.026+0000] {ingestion_1.py:43} INFO - ✔ Datos de calidad del aire obtenidos para Lima, PER
[2025-07-24T03:27:10.195+0000] {ingestion_1.py:43} INFO - ✔ Datos de calidad del aire obtenidos para Basseterre, KNA
[2025-07-24T03:27:10.375+0000] {ingestion_1.py:43} INFO - ✔ Datos de calidad del aire obtenidos para Castries, LCA
[2025-07-24T03:27:10.566+0000] {ingestion_1.py:43} INFO - ✔ Datos de calidad del aire obtenidos para Kingstown, VCT
[2025-07-24T03:27:10.718+0000] {ingestion_1.py:43} INFO - ✔ Datos de calidad del aire obtenidos para Paramaribo, SUR
[2025-07-24T03:27:10.913+0000] {ingestion_1.py:43} INFO - ✔ Datos de calidad del aire obtenidos para Port of Spain, TTO
[2025-07-24T03:27:11.100+0000] {ingestion_1.py:43} INFO - ✔ Datos de calidad del aire obtenidos para Montevideo, URY
[2025-07-24T03:27:11.284+0000] {ingestion_1.py:43} INFO - ✔ Datos de calidad del aire obtenidos para Washington, USA
[2025-07-24T03:27:11.434+0000] {ingestion_1.py:43} INFO - ✔ Datos de calidad del aire obtenidos para Caracas, VEN
[2025-07-24T03:27:11.473+0000] {python.py:201} INFO - Done. Returned value was: None
[2025-07-24T03:27:11.497+0000] {taskinstance.py:1138} INFO - Marking task as SUCCESS. dag_id=TechAndUrbanGrowth, task_id=ingestion_air_quality_data, execution_date=20250724T032658, start_date=20250724T032703, end_date=20250724T032711
[2025-07-24T03:27:11.553+0000] {local_task_job_runner.py:234} INFO - Task exited with return code 0
[2025-07-24T03:27:11.599+0000] {taskinstance.py:3280} INFO - 1 downstream tasks scheduled from follow-on schedule check
