[2025-07-24T03:28:16.335+0000] {taskinstance.py:1956} INFO - Dependencies all met for dep_context=non-requeueable deps ti=<TaskInstance: TechAndUrbanGrowth.load_all_to_mongo manual__2025-07-24T03:22:50.080886+00:00 [queued]>
[2025-07-24T03:28:16.358+0000] {taskinstance.py:1956} INFO - Dependencies all met for dep_context=requeueable deps ti=<TaskInstance: TechAndUrbanGrowth.load_all_to_mongo manual__2025-07-24T03:22:50.080886+00:00 [queued]>
[2025-07-24T03:28:16.359+0000] {taskinstance.py:2170} INFO - Starting attempt 1 of 2
[2025-07-24T03:28:16.389+0000] {taskinstance.py:2191} INFO - Executing <Task(PythonOperator): load_all_to_mongo> on 2025-07-24 03:22:50.080886+00:00
[2025-07-24T03:28:16.403+0000] {standard_task_runner.py:60} INFO - Started process 2450 to run task
[2025-07-24T03:28:16.410+0000] {standard_task_runner.py:87} INFO - Running: ['***', 'tasks', 'run', 'TechAndUrbanGrowth', 'load_all_to_mongo', 'manual__2025-07-24T03:22:50.080886+00:00', '--job-id', '131', '--raw', '--subdir', 'DAGS_FOLDER/main.py', '--cfg-path', '/tmp/tmp4mo64j4t']
[2025-07-24T03:28:16.416+0000] {standard_task_runner.py:88} INFO - Job 131: Subtask load_all_to_mongo
[2025-07-24T03:28:16.529+0000] {task_command.py:423} INFO - Running <TaskInstance: TechAndUrbanGrowth.load_all_to_mongo manual__2025-07-24T03:22:50.080886+00:00 [running]> on host 4c8899e5e1ad
[2025-07-24T03:28:16.648+0000] {taskinstance.py:2480} INFO - Exporting env vars: AIRFLOW_CTX_DAG_OWNER='***' AIRFLOW_CTX_DAG_ID='TechAndUrbanGrowth' AIRFLOW_CTX_TASK_ID='load_all_to_mongo' AIRFLOW_CTX_EXECUTION_DATE='2025-07-24T03:22:50.080886+00:00' AIRFLOW_CTX_TRY_NUMBER='1' AIRFLOW_CTX_DAG_RUN_ID='manual__2025-07-24T03:22:50.080886+00:00'
[2025-07-24T03:28:16.650+0000] {load_mongo.py:13} INFO - 📦 Conectando a MongoDB...
[2025-07-24T03:28:16.744+0000] {load_mongo.py:21} INFO - Datos urbanización recibidos: tipo=<class 'list'>, cantidad=2275
[2025-07-24T03:28:16.745+0000] {load_mongo.py:22} INFO - Datos calidad aire recibidos: tipo=<class 'list'>, cantidad=35
[2025-07-24T03:28:16.746+0000] {load_mongo.py:23} INFO - Datos población recibidos: tipo=<class 'list'>, cantidad=0
[2025-07-24T03:28:22.982+0000] {load_mongo.py:67} INFO - 💨 Calidad del aire: 35 registros upsertados
[2025-07-24T03:28:22.983+0000] {load_mongo.py:86} WARNING - ⚠️ No hay datos de población para cargar
[2025-07-24T03:28:23.004+0000] {load_mongo.py:101} INFO - 📝 Resumen consolidado insertado: {'timestamp': '2025-07-24T03:28:23.002650', 'sources': ['population', 'urbanization', 'air_quality'], 'summary': {'population': 0, 'urbanization': 2275, 'air_quality': 35, 'total_upserted': 2310}, '_id': ObjectId('6881a85791903b9cce8f1d0d')}
[2025-07-24T03:28:23.048+0000] {load_mongo.py:106} INFO - ✅ Carga finalizada con éxito: 2310 registros upsertados
[2025-07-24T03:28:23.050+0000] {python.py:201} INFO - Done. Returned value was: None
[2025-07-24T03:28:23.064+0000] {taskinstance.py:1138} INFO - Marking task as SUCCESS. dag_id=TechAndUrbanGrowth, task_id=load_all_to_mongo, execution_date=20250724T032250, start_date=20250724T032816, end_date=20250724T032823
[2025-07-24T03:28:23.105+0000] {local_task_job_runner.py:234} INFO - Task exited with return code 0
[2025-07-24T03:28:23.140+0000] {taskinstance.py:3280} INFO - 1 downstream tasks scheduled from follow-on schedule check
