[2025-07-24T02:14:06.752+0000] {taskinstance.py:1956} INFO - Dependencies all met for dep_context=non-requeueable deps ti=<TaskInstance: TechAndUrbanGrowth.load_all_to_mongo manual__2025-07-24T02:12:55.880246+00:00 [queued]>
[2025-07-24T02:14:06.774+0000] {taskinstance.py:1956} INFO - Dependencies all met for dep_context=requeueable deps ti=<TaskInstance: TechAndUrbanGrowth.load_all_to_mongo manual__2025-07-24T02:12:55.880246+00:00 [queued]>
[2025-07-24T02:14:06.775+0000] {taskinstance.py:2170} INFO - Starting attempt 1 of 2
[2025-07-24T02:14:06.800+0000] {taskinstance.py:2191} INFO - Executing <Task(PythonOperator): load_all_to_mongo> on 2025-07-24 02:12:55.880246+00:00
[2025-07-24T02:14:06.817+0000] {standard_task_runner.py:60} INFO - Started process 1482 to run task
[2025-07-24T02:14:06.824+0000] {standard_task_runner.py:87} INFO - Running: ['***', 'tasks', 'run', 'TechAndUrbanGrowth', 'load_all_to_mongo', 'manual__2025-07-24T02:12:55.880246+00:00', '--job-id', '64', '--raw', '--subdir', 'DAGS_FOLDER/main.py', '--cfg-path', '/tmp/tmpc9mvlkw4']
[2025-07-24T02:14:06.830+0000] {standard_task_runner.py:88} INFO - Job 64: Subtask load_all_to_mongo
[2025-07-24T02:14:06.987+0000] {task_command.py:423} INFO - Running <TaskInstance: TechAndUrbanGrowth.load_all_to_mongo manual__2025-07-24T02:12:55.880246+00:00 [running]> on host 4c8899e5e1ad
[2025-07-24T02:14:07.144+0000] {taskinstance.py:2480} INFO - Exporting env vars: AIRFLOW_CTX_DAG_OWNER='***' AIRFLOW_CTX_DAG_ID='TechAndUrbanGrowth' AIRFLOW_CTX_TASK_ID='load_all_to_mongo' AIRFLOW_CTX_EXECUTION_DATE='2025-07-24T02:12:55.880246+00:00' AIRFLOW_CTX_TRY_NUMBER='1' AIRFLOW_CTX_DAG_RUN_ID='manual__2025-07-24T02:12:55.880246+00:00'
[2025-07-24T02:14:07.147+0000] {load_mongo.py:13} INFO - 📦 Conectando a MongoDB...
[2025-07-24T02:14:07.263+0000] {load_mongo.py:21} INFO - Datos urbanización recibidos: tipo=<class 'NoneType'>, cantidad=0
[2025-07-24T02:14:07.264+0000] {load_mongo.py:22} INFO - Datos calidad aire recibidos: tipo=<class 'list'>, cantidad=35
[2025-07-24T02:14:07.265+0000] {load_mongo.py:23} INFO - Datos población recibidos: tipo=<class 'list'>, cantidad=0
[2025-07-24T02:14:07.266+0000] {load_mongo.py:40} WARNING - ⚠️ No hay datos de urbanización para cargar
[2025-07-24T02:14:07.558+0000] {load_mongo.py:67} INFO - 💨 Calidad del aire: 35 registros upsertados
[2025-07-24T02:14:07.560+0000] {load_mongo.py:86} WARNING - ⚠️ No hay datos de población para cargar
[2025-07-24T02:14:07.594+0000] {load_mongo.py:101} INFO - 📝 Resumen consolidado insertado: {'timestamp': '2025-07-24T02:14:07.586346', 'sources': ['population', 'urbanization', 'air_quality'], 'summary': {'population': 0, 'urbanization': 0, 'air_quality': 35, 'total_upserted': 35}, '_id': ObjectId('688196ef569031b00823364c')}
[2025-07-24T02:14:07.647+0000] {load_mongo.py:106} INFO - ✅ Carga finalizada con éxito: 35 registros upsertados
[2025-07-24T02:14:07.649+0000] {python.py:201} INFO - Done. Returned value was: None
[2025-07-24T02:14:07.667+0000] {taskinstance.py:1138} INFO - Marking task as SUCCESS. dag_id=TechAndUrbanGrowth, task_id=load_all_to_mongo, execution_date=20250724T021255, start_date=20250724T021406, end_date=20250724T021407
[2025-07-24T02:14:07.724+0000] {local_task_job_runner.py:234} INFO - Task exited with return code 0
[2025-07-24T02:14:07.768+0000] {taskinstance.py:3280} INFO - 1 downstream tasks scheduled from follow-on schedule check
