[2025-07-24T00:01:33.168+0000] {taskinstance.py:1956} INFO - Dependencies all met for dep_context=non-requeueable deps ti=<TaskInstance: TechAndUrbanGrowth.load_all_to_mongo scheduled__2025-07-23T00:00:00+00:00 [queued]>
[2025-07-24T00:01:33.184+0000] {taskinstance.py:1956} INFO - Dependencies all met for dep_context=requeueable deps ti=<TaskInstance: TechAndUrbanGrowth.load_all_to_mongo scheduled__2025-07-23T00:00:00+00:00 [queued]>
[2025-07-24T00:01:33.185+0000] {taskinstance.py:2170} INFO - Starting attempt 1 of 2
[2025-07-24T00:01:33.209+0000] {taskinstance.py:2191} INFO - Executing <Task(PythonOperator): load_all_to_mongo> on 2025-07-23 00:00:00+00:00
[2025-07-24T00:01:33.223+0000] {standard_task_runner.py:60} INFO - Started process 241 to run task
[2025-07-24T00:01:33.229+0000] {standard_task_runner.py:87} INFO - Running: ['***', 'tasks', 'run', 'TechAndUrbanGrowth', 'load_all_to_mongo', 'scheduled__2025-07-23T00:00:00+00:00', '--job-id', '15', '--raw', '--subdir', 'DAGS_FOLDER/main.py', '--cfg-path', '/tmp/tmpyxp3vzbt']
[2025-07-24T00:01:33.233+0000] {standard_task_runner.py:88} INFO - Job 15: Subtask load_all_to_mongo
[2025-07-24T00:01:33.471+0000] {task_command.py:423} INFO - Running <TaskInstance: TechAndUrbanGrowth.load_all_to_mongo scheduled__2025-07-23T00:00:00+00:00 [running]> on host 42eccaba6988
[2025-07-24T00:01:33.691+0000] {taskinstance.py:2480} INFO - Exporting env vars: AIRFLOW_CTX_DAG_OWNER='***' AIRFLOW_CTX_DAG_ID='TechAndUrbanGrowth' AIRFLOW_CTX_TASK_ID='load_all_to_mongo' AIRFLOW_CTX_EXECUTION_DATE='2025-07-23T00:00:00+00:00' AIRFLOW_CTX_TRY_NUMBER='1' AIRFLOW_CTX_DAG_RUN_ID='scheduled__2025-07-23T00:00:00+00:00'
[2025-07-24T00:01:33.695+0000] {load_mongo.py:13} INFO - 📦 Conectando a MongoDB...
[2025-07-24T00:01:33.865+0000] {load_mongo.py:21} INFO - Datos urbanización recibidos: tipo=<class 'list'>, cantidad=65
[2025-07-24T00:01:33.866+0000] {load_mongo.py:22} INFO - Datos calidad aire recibidos: tipo=<class 'list'>, cantidad=35
[2025-07-24T00:01:33.868+0000] {load_mongo.py:23} INFO - Datos población recibidos: tipo=<class 'list'>, cantidad=65
[2025-07-24T00:01:34.502+0000] {load_mongo.py:67} INFO - 💨 Calidad del aire: 35 registros upsertados
[2025-07-24T00:01:34.843+0000] {load_mongo.py:101} INFO - 📝 Resumen consolidado insertado: {'timestamp': '2025-07-24T00:01:34.836646', 'sources': ['population', 'urbanization', 'air_quality'], 'summary': {'population': 65, 'urbanization': 65, 'air_quality': 35, 'total_upserted': 165}, '_id': ObjectId('688177de179788e681f55a4d')}
[2025-07-24T00:01:34.904+0000] {load_mongo.py:106} INFO - ✅ Carga finalizada con éxito: 165 registros upsertados
[2025-07-24T00:01:34.908+0000] {python.py:201} INFO - Done. Returned value was: None
[2025-07-24T00:01:34.937+0000] {taskinstance.py:1138} INFO - Marking task as SUCCESS. dag_id=TechAndUrbanGrowth, task_id=load_all_to_mongo, execution_date=20250723T000000, start_date=20250724T000133, end_date=20250724T000134
[2025-07-24T00:01:35.019+0000] {local_task_job_runner.py:234} INFO - Task exited with return code 0
[2025-07-24T00:01:35.078+0000] {taskinstance.py:3280} INFO - 1 downstream tasks scheduled from follow-on schedule check
[2025-07-24T00:22:54.129+0000] {taskinstance.py:1956} INFO - Dependencies all met for dep_context=non-requeueable deps ti=<TaskInstance: TechAndUrbanGrowth.load_all_to_mongo scheduled__2025-07-23T00:00:00+00:00 [queued]>
[2025-07-24T00:22:54.147+0000] {taskinstance.py:1956} INFO - Dependencies all met for dep_context=requeueable deps ti=<TaskInstance: TechAndUrbanGrowth.load_all_to_mongo scheduled__2025-07-23T00:00:00+00:00 [queued]>
[2025-07-24T00:22:54.148+0000] {taskinstance.py:2170} INFO - Starting attempt 1 of 2
[2025-07-24T00:22:54.171+0000] {taskinstance.py:2191} INFO - Executing <Task(PythonOperator): load_all_to_mongo> on 2025-07-23 00:00:00+00:00
[2025-07-24T00:22:54.187+0000] {standard_task_runner.py:60} INFO - Started process 279 to run task
[2025-07-24T00:22:54.193+0000] {standard_task_runner.py:87} INFO - Running: ['***', 'tasks', 'run', 'TechAndUrbanGrowth', 'load_all_to_mongo', 'scheduled__2025-07-23T00:00:00+00:00', '--job-id', '16', '--raw', '--subdir', 'DAGS_FOLDER/main.py', '--cfg-path', '/tmp/tmp0kvud3n1']
[2025-07-24T00:22:54.211+0000] {standard_task_runner.py:88} INFO - Job 16: Subtask load_all_to_mongo
[2025-07-24T00:22:54.458+0000] {task_command.py:423} INFO - Running <TaskInstance: TechAndUrbanGrowth.load_all_to_mongo scheduled__2025-07-23T00:00:00+00:00 [running]> on host 4c8899e5e1ad
[2025-07-24T00:22:54.616+0000] {taskinstance.py:2480} INFO - Exporting env vars: AIRFLOW_CTX_DAG_OWNER='***' AIRFLOW_CTX_DAG_ID='TechAndUrbanGrowth' AIRFLOW_CTX_TASK_ID='load_all_to_mongo' AIRFLOW_CTX_EXECUTION_DATE='2025-07-23T00:00:00+00:00' AIRFLOW_CTX_TRY_NUMBER='1' AIRFLOW_CTX_DAG_RUN_ID='scheduled__2025-07-23T00:00:00+00:00'
[2025-07-24T00:22:54.618+0000] {load_mongo.py:13} INFO - 📦 Conectando a MongoDB...
[2025-07-24T00:22:54.689+0000] {load_mongo.py:21} INFO - Datos urbanización recibidos: tipo=<class 'list'>, cantidad=65
[2025-07-24T00:22:54.690+0000] {load_mongo.py:22} INFO - Datos calidad aire recibidos: tipo=<class 'list'>, cantidad=35
[2025-07-24T00:22:54.691+0000] {load_mongo.py:23} INFO - Datos población recibidos: tipo=<class 'list'>, cantidad=65
[2025-07-24T00:22:55.002+0000] {load_mongo.py:67} INFO - 💨 Calidad del aire: 35 registros upsertados
[2025-07-24T00:22:55.158+0000] {load_mongo.py:101} INFO - 📝 Resumen consolidado insertado: {'timestamp': '2025-07-24T00:22:55.155975', 'sources': ['population', 'urbanization', 'air_quality'], 'summary': {'population': 65, 'urbanization': 65, 'air_quality': 35, 'total_upserted': 165}, '_id': ObjectId('68817cdfccde34515425f935')}
[2025-07-24T00:22:55.210+0000] {load_mongo.py:106} INFO - ✅ Carga finalizada con éxito: 165 registros upsertados
[2025-07-24T00:22:55.212+0000] {python.py:201} INFO - Done. Returned value was: None
[2025-07-24T00:22:55.232+0000] {taskinstance.py:1138} INFO - Marking task as SUCCESS. dag_id=TechAndUrbanGrowth, task_id=load_all_to_mongo, execution_date=20250723T000000, start_date=20250724T002254, end_date=20250724T002255
[2025-07-24T00:22:55.292+0000] {local_task_job_runner.py:234} INFO - Task exited with return code 0
[2025-07-24T00:22:55.334+0000] {taskinstance.py:3280} INFO - 1 downstream tasks scheduled from follow-on schedule check
