[2025-07-24T00:22:45.326+0000] {taskinstance.py:1956} INFO - Dependencies all met for dep_context=non-requeueable deps ti=<TaskInstance: TechAndUrbanGrowth.transform_air_quality_data manual__2025-07-24T00:22:16.353267+00:00 [queued]>
[2025-07-24T00:22:45.342+0000] {taskinstance.py:1956} INFO - Dependencies all met for dep_context=requeueable deps ti=<TaskInstance: TechAndUrbanGrowth.transform_air_quality_data manual__2025-07-24T00:22:16.353267+00:00 [queued]>
[2025-07-24T00:22:45.343+0000] {taskinstance.py:2170} INFO - Starting attempt 1 of 2
[2025-07-24T00:22:45.368+0000] {taskinstance.py:2191} INFO - Executing <Task(PythonOperator): transform_air_quality_data> on 2025-07-24 00:22:16.353267+00:00
[2025-07-24T00:22:45.381+0000] {standard_task_runner.py:60} INFO - Started process 263 to run task
[2025-07-24T00:22:45.386+0000] {standard_task_runner.py:87} INFO - Running: ['***', 'tasks', 'run', 'TechAndUrbanGrowth', 'transform_air_quality_data', 'manual__2025-07-24T00:22:16.353267+00:00', '--job-id', '11', '--raw', '--subdir', 'DAGS_FOLDER/main.py', '--cfg-path', '/tmp/tmphldnocu8']
[2025-07-24T00:22:45.390+0000] {standard_task_runner.py:88} INFO - Job 11: Subtask transform_air_quality_data
[2025-07-24T00:22:45.506+0000] {task_command.py:423} INFO - Running <TaskInstance: TechAndUrbanGrowth.transform_air_quality_data manual__2025-07-24T00:22:16.353267+00:00 [running]> on host 4c8899e5e1ad
[2025-07-24T00:22:45.658+0000] {taskinstance.py:2480} INFO - Exporting env vars: AIRFLOW_CTX_DAG_OWNER='***' AIRFLOW_CTX_DAG_ID='TechAndUrbanGrowth' AIRFLOW_CTX_TASK_ID='transform_air_quality_data' AIRFLOW_CTX_EXECUTION_DATE='2025-07-24T00:22:16.353267+00:00' AIRFLOW_CTX_TRY_NUMBER='1' AIRFLOW_CTX_DAG_RUN_ID='manual__2025-07-24T00:22:16.353267+00:00'
[2025-07-24T00:22:45.687+0000] {transform_1.py:58} INFO - ✔ Transformado dato calidad aire 0 para Buenos Aires
[2025-07-24T00:22:45.688+0000] {transform_1.py:58} INFO - ✔ Transformado dato calidad aire 1 para St. John's
[2025-07-24T00:22:45.691+0000] {transform_1.py:58} INFO - ✔ Transformado dato calidad aire 2 para Nassau
[2025-07-24T00:22:45.692+0000] {transform_1.py:58} INFO - ✔ Transformado dato calidad aire 3 para Bridgetown
[2025-07-24T00:22:45.693+0000] {transform_1.py:58} INFO - ✔ Transformado dato calidad aire 4 para Belmopan
[2025-07-24T00:22:45.694+0000] {transform_1.py:58} INFO - ✔ Transformado dato calidad aire 5 para Sucre
[2025-07-24T00:22:45.695+0000] {transform_1.py:58} INFO - ✔ Transformado dato calidad aire 6 para Brasilia
[2025-07-24T00:22:45.697+0000] {transform_1.py:58} INFO - ✔ Transformado dato calidad aire 7 para Ottawa
[2025-07-24T00:22:45.698+0000] {transform_1.py:58} INFO - ✔ Transformado dato calidad aire 8 para Santiago
[2025-07-24T00:22:45.699+0000] {transform_1.py:58} INFO - ✔ Transformado dato calidad aire 9 para Bogotá
[2025-07-24T00:22:45.699+0000] {transform_1.py:58} INFO - ✔ Transformado dato calidad aire 10 para San José
[2025-07-24T00:22:45.700+0000] {transform_1.py:58} INFO - ✔ Transformado dato calidad aire 11 para Havana
[2025-07-24T00:22:45.701+0000] {transform_1.py:58} INFO - ✔ Transformado dato calidad aire 12 para Roseau
[2025-07-24T00:22:45.702+0000] {transform_1.py:58} INFO - ✔ Transformado dato calidad aire 13 para Santo Domingo
[2025-07-24T00:22:45.703+0000] {transform_1.py:58} INFO - ✔ Transformado dato calidad aire 14 para Quito
[2025-07-24T00:22:45.704+0000] {transform_1.py:58} INFO - ✔ Transformado dato calidad aire 15 para San Salvador
[2025-07-24T00:22:45.705+0000] {transform_1.py:58} INFO - ✔ Transformado dato calidad aire 16 para St. George's
[2025-07-24T00:22:45.706+0000] {transform_1.py:58} INFO - ✔ Transformado dato calidad aire 17 para Guatemala City
[2025-07-24T00:22:45.707+0000] {transform_1.py:58} INFO - ✔ Transformado dato calidad aire 18 para Georgetown
[2025-07-24T00:22:45.708+0000] {transform_1.py:58} INFO - ✔ Transformado dato calidad aire 19 para Port-au-Prince
[2025-07-24T00:22:45.710+0000] {transform_1.py:58} INFO - ✔ Transformado dato calidad aire 20 para Tegucigalpa
[2025-07-24T00:22:45.712+0000] {transform_1.py:58} INFO - ✔ Transformado dato calidad aire 21 para Kingston
[2025-07-24T00:22:45.713+0000] {transform_1.py:58} INFO - ✔ Transformado dato calidad aire 22 para Ciudad de México
[2025-07-24T00:22:45.715+0000] {transform_1.py:58} INFO - ✔ Transformado dato calidad aire 23 para Managua
[2025-07-24T00:22:45.716+0000] {transform_1.py:58} INFO - ✔ Transformado dato calidad aire 24 para Panama City
[2025-07-24T00:22:45.717+0000] {transform_1.py:58} INFO - ✔ Transformado dato calidad aire 25 para Asunción
[2025-07-24T00:22:45.720+0000] {transform_1.py:58} INFO - ✔ Transformado dato calidad aire 26 para Lima
[2025-07-24T00:22:45.723+0000] {transform_1.py:58} INFO - ✔ Transformado dato calidad aire 27 para Basseterre
[2025-07-24T00:22:45.724+0000] {transform_1.py:58} INFO - ✔ Transformado dato calidad aire 28 para Castries
[2025-07-24T00:22:45.725+0000] {transform_1.py:58} INFO - ✔ Transformado dato calidad aire 29 para Kingstown
[2025-07-24T00:22:45.726+0000] {transform_1.py:58} INFO - ✔ Transformado dato calidad aire 30 para Paramaribo
[2025-07-24T00:22:45.728+0000] {transform_1.py:58} INFO - ✔ Transformado dato calidad aire 31 para Port of Spain
[2025-07-24T00:22:45.729+0000] {transform_1.py:58} INFO - ✔ Transformado dato calidad aire 32 para Montevideo
[2025-07-24T00:22:45.730+0000] {transform_1.py:58} INFO - ✔ Transformado dato calidad aire 33 para Washington
[2025-07-24T00:22:45.731+0000] {transform_1.py:58} INFO - ✔ Transformado dato calidad aire 34 para Caracas
[2025-07-24T00:22:45.771+0000] {python.py:201} INFO - Done. Returned value was: None
[2025-07-24T00:22:45.794+0000] {taskinstance.py:1138} INFO - Marking task as SUCCESS. dag_id=TechAndUrbanGrowth, task_id=transform_air_quality_data, execution_date=20250724T002216, start_date=20250724T002245, end_date=20250724T002245
[2025-07-24T00:22:45.882+0000] {local_task_job_runner.py:234} INFO - Task exited with return code 0
[2025-07-24T00:22:45.929+0000] {taskinstance.py:3280} INFO - 1 downstream tasks scheduled from follow-on schedule check
