[2025-07-23T23:11:20.682+0000] {processor.py:161} INFO - Started process (PID=166) to work on /opt/airflow/dags/main.py
[2025-07-23T23:11:20.687+0000] {processor.py:830} INFO - Processing file /opt/airflow/dags/main.py for tasks to queue
[2025-07-23T23:11:20.699+0000] {logging_mixin.py:188} INFO - [2025-07-23T23:11:20.689+0000] {dagbag.py:538} INFO - Filling up the DagBag from /opt/airflow/dags/main.py
[2025-07-23T23:11:20.970+0000] {logging_mixin.py:188} INFO - [2025-07-23T23:11:20.953+0000] {dagbag.py:348} ERROR - Failed to import: /opt/airflow/dags/main.py
Traceback (most recent call last):
  File "/home/airflow/.local/lib/python3.8/site-packages/airflow/models/dagbag.py", line 344, in parse
    loader.exec_module(new_module)
  File "<frozen importlib._bootstrap_external>", line 843, in exec_module
  File "<frozen importlib._bootstrap>", line 219, in _call_with_frames_removed
  File "/opt/airflow/dags/main.py", line 7, in <module>
    from ingestion_1 import ingestion_air_quality_data
  File "/opt/airflow/dags/ingestion_1.py", line 4, in <module>
    from utils.mongo_helpers import get_mongo_client
ModuleNotFoundError: No module named 'utils'
[2025-07-23T23:11:20.977+0000] {processor.py:842} WARNING - No viable dags retrieved from /opt/airflow/dags/main.py
[2025-07-23T23:11:21.030+0000] {processor.py:183} INFO - Processing /opt/airflow/dags/main.py took 0.358 seconds
[2025-07-23T23:11:51.498+0000] {processor.py:161} INFO - Started process (PID=171) to work on /opt/airflow/dags/main.py
[2025-07-23T23:11:51.503+0000] {processor.py:830} INFO - Processing file /opt/airflow/dags/main.py for tasks to queue
[2025-07-23T23:11:51.511+0000] {logging_mixin.py:188} INFO - [2025-07-23T23:11:51.507+0000] {dagbag.py:538} INFO - Filling up the DagBag from /opt/airflow/dags/main.py
[2025-07-23T23:11:51.602+0000] {logging_mixin.py:188} INFO - [2025-07-23T23:11:51.586+0000] {dagbag.py:348} ERROR - Failed to import: /opt/airflow/dags/main.py
Traceback (most recent call last):
  File "/home/airflow/.local/lib/python3.8/site-packages/airflow/models/dagbag.py", line 344, in parse
    loader.exec_module(new_module)
  File "<frozen importlib._bootstrap_external>", line 843, in exec_module
  File "<frozen importlib._bootstrap>", line 219, in _call_with_frames_removed
  File "/opt/airflow/dags/main.py", line 7, in <module>
    from ingestion_1 import ingestion_air_quality_data
  File "/opt/airflow/dags/ingestion_1.py", line 4, in <module>
    from utils.mongo_helpers import get_mongo_client
ModuleNotFoundError: No module named 'utils'
[2025-07-23T23:11:51.607+0000] {processor.py:842} WARNING - No viable dags retrieved from /opt/airflow/dags/main.py
[2025-07-23T23:11:51.849+0000] {processor.py:183} INFO - Processing /opt/airflow/dags/main.py took 0.381 seconds
[2025-07-23T23:12:22.449+0000] {processor.py:161} INFO - Started process (PID=176) to work on /opt/airflow/dags/main.py
[2025-07-23T23:12:22.455+0000] {processor.py:830} INFO - Processing file /opt/airflow/dags/main.py for tasks to queue
[2025-07-23T23:12:22.462+0000] {logging_mixin.py:188} INFO - [2025-07-23T23:12:22.459+0000] {dagbag.py:538} INFO - Filling up the DagBag from /opt/airflow/dags/main.py
[2025-07-23T23:12:22.563+0000] {logging_mixin.py:188} INFO - [2025-07-23T23:12:22.542+0000] {dagbag.py:348} ERROR - Failed to import: /opt/airflow/dags/main.py
Traceback (most recent call last):
  File "/home/airflow/.local/lib/python3.8/site-packages/airflow/models/dagbag.py", line 344, in parse
    loader.exec_module(new_module)
  File "<frozen importlib._bootstrap_external>", line 843, in exec_module
  File "<frozen importlib._bootstrap>", line 219, in _call_with_frames_removed
  File "/opt/airflow/dags/main.py", line 7, in <module>
    from ingestion_1 import ingestion_air_quality_data
  File "/opt/airflow/dags/ingestion_1.py", line 4, in <module>
    from utils.mongo_helpers import get_mongo_client
ModuleNotFoundError: No module named 'utils'
[2025-07-23T23:12:22.570+0000] {processor.py:842} WARNING - No viable dags retrieved from /opt/airflow/dags/main.py
[2025-07-23T23:12:22.671+0000] {processor.py:183} INFO - Processing /opt/airflow/dags/main.py took 0.245 seconds
[2025-07-23T23:12:53.188+0000] {processor.py:161} INFO - Started process (PID=181) to work on /opt/airflow/dags/main.py
[2025-07-23T23:12:53.195+0000] {processor.py:830} INFO - Processing file /opt/airflow/dags/main.py for tasks to queue
[2025-07-23T23:12:53.199+0000] {logging_mixin.py:188} INFO - [2025-07-23T23:12:53.198+0000] {dagbag.py:538} INFO - Filling up the DagBag from /opt/airflow/dags/main.py
[2025-07-23T23:12:53.275+0000] {logging_mixin.py:188} INFO - [2025-07-23T23:12:53.259+0000] {dagbag.py:348} ERROR - Failed to import: /opt/airflow/dags/main.py
Traceback (most recent call last):
  File "/home/airflow/.local/lib/python3.8/site-packages/airflow/models/dagbag.py", line 344, in parse
    loader.exec_module(new_module)
  File "<frozen importlib._bootstrap_external>", line 843, in exec_module
  File "<frozen importlib._bootstrap>", line 219, in _call_with_frames_removed
  File "/opt/airflow/dags/main.py", line 7, in <module>
    from ingestion_1 import ingestion_air_quality_data
  File "/opt/airflow/dags/ingestion_1.py", line 4, in <module>
    from utils.mongo_helpers import get_mongo_client
ModuleNotFoundError: No module named 'utils'
[2025-07-23T23:12:53.280+0000] {processor.py:842} WARNING - No viable dags retrieved from /opt/airflow/dags/main.py
[2025-07-23T23:12:53.446+0000] {processor.py:183} INFO - Processing /opt/airflow/dags/main.py took 0.270 seconds
[2025-07-23T23:13:23.841+0000] {processor.py:161} INFO - Started process (PID=186) to work on /opt/airflow/dags/main.py
[2025-07-23T23:13:23.845+0000] {processor.py:830} INFO - Processing file /opt/airflow/dags/main.py for tasks to queue
[2025-07-23T23:13:23.848+0000] {logging_mixin.py:188} INFO - [2025-07-23T23:13:23.847+0000] {dagbag.py:538} INFO - Filling up the DagBag from /opt/airflow/dags/main.py
[2025-07-23T23:13:23.894+0000] {logging_mixin.py:188} INFO - [2025-07-23T23:13:23.885+0000] {dagbag.py:348} ERROR - Failed to import: /opt/airflow/dags/main.py
Traceback (most recent call last):
  File "/home/airflow/.local/lib/python3.8/site-packages/airflow/models/dagbag.py", line 344, in parse
    loader.exec_module(new_module)
  File "<frozen importlib._bootstrap_external>", line 843, in exec_module
  File "<frozen importlib._bootstrap>", line 219, in _call_with_frames_removed
  File "/opt/airflow/dags/main.py", line 7, in <module>
    from ingestion_1 import ingestion_air_quality_data
  File "/opt/airflow/dags/ingestion_1.py", line 4, in <module>
    from utils.mongo_helpers import get_mongo_client
ModuleNotFoundError: No module named 'utils'
[2025-07-23T23:13:23.897+0000] {processor.py:842} WARNING - No viable dags retrieved from /opt/airflow/dags/main.py
[2025-07-23T23:13:23.979+0000] {processor.py:183} INFO - Processing /opt/airflow/dags/main.py took 0.147 seconds
[2025-07-23T23:13:54.250+0000] {processor.py:161} INFO - Started process (PID=191) to work on /opt/airflow/dags/main.py
[2025-07-23T23:13:54.273+0000] {processor.py:830} INFO - Processing file /opt/airflow/dags/main.py for tasks to queue
[2025-07-23T23:13:54.287+0000] {logging_mixin.py:188} INFO - [2025-07-23T23:13:54.281+0000] {dagbag.py:538} INFO - Filling up the DagBag from /opt/airflow/dags/main.py
[2025-07-23T23:13:54.446+0000] {logging_mixin.py:188} INFO - [2025-07-23T23:13:54.420+0000] {dagbag.py:348} ERROR - Failed to import: /opt/airflow/dags/main.py
Traceback (most recent call last):
  File "/home/airflow/.local/lib/python3.8/site-packages/airflow/models/dagbag.py", line 344, in parse
    loader.exec_module(new_module)
  File "<frozen importlib._bootstrap_external>", line 843, in exec_module
  File "<frozen importlib._bootstrap>", line 219, in _call_with_frames_removed
  File "/opt/airflow/dags/main.py", line 7, in <module>
    from ingestion_1 import ingestion_air_quality_data
  File "/opt/airflow/dags/ingestion_1.py", line 4, in <module>
    from utils.mongo_helpers import get_mongo_client
ModuleNotFoundError: No module named 'utils'
[2025-07-23T23:13:54.452+0000] {processor.py:842} WARNING - No viable dags retrieved from /opt/airflow/dags/main.py
[2025-07-23T23:13:54.618+0000] {processor.py:183} INFO - Processing /opt/airflow/dags/main.py took 0.426 seconds
[2025-07-23T23:14:24.875+0000] {processor.py:161} INFO - Started process (PID=196) to work on /opt/airflow/dags/main.py
[2025-07-23T23:14:24.881+0000] {processor.py:830} INFO - Processing file /opt/airflow/dags/main.py for tasks to queue
[2025-07-23T23:14:24.888+0000] {logging_mixin.py:188} INFO - [2025-07-23T23:14:24.885+0000] {dagbag.py:538} INFO - Filling up the DagBag from /opt/airflow/dags/main.py
[2025-07-23T23:14:24.969+0000] {logging_mixin.py:188} INFO - [2025-07-23T23:14:24.954+0000] {dagbag.py:348} ERROR - Failed to import: /opt/airflow/dags/main.py
Traceback (most recent call last):
  File "/home/airflow/.local/lib/python3.8/site-packages/airflow/models/dagbag.py", line 344, in parse
    loader.exec_module(new_module)
  File "<frozen importlib._bootstrap_external>", line 843, in exec_module
  File "<frozen importlib._bootstrap>", line 219, in _call_with_frames_removed
  File "/opt/airflow/dags/main.py", line 7, in <module>
    from ingestion_1 import ingestion_air_quality_data
  File "/opt/airflow/dags/ingestion_1.py", line 4, in <module>
    from utils.mongo_helpers import get_mongo_client
ModuleNotFoundError: No module named 'utils'
[2025-07-23T23:14:24.975+0000] {processor.py:842} WARNING - No viable dags retrieved from /opt/airflow/dags/main.py
[2025-07-23T23:14:25.090+0000] {processor.py:183} INFO - Processing /opt/airflow/dags/main.py took 0.234 seconds
[2025-07-23T23:14:55.470+0000] {processor.py:161} INFO - Started process (PID=201) to work on /opt/airflow/dags/main.py
[2025-07-23T23:14:55.476+0000] {processor.py:830} INFO - Processing file /opt/airflow/dags/main.py for tasks to queue
[2025-07-23T23:14:55.485+0000] {logging_mixin.py:188} INFO - [2025-07-23T23:14:55.479+0000] {dagbag.py:538} INFO - Filling up the DagBag from /opt/airflow/dags/main.py
[2025-07-23T23:14:55.542+0000] {logging_mixin.py:188} INFO - [2025-07-23T23:14:55.527+0000] {dagbag.py:348} ERROR - Failed to import: /opt/airflow/dags/main.py
Traceback (most recent call last):
  File "/home/airflow/.local/lib/python3.8/site-packages/airflow/models/dagbag.py", line 344, in parse
    loader.exec_module(new_module)
  File "<frozen importlib._bootstrap_external>", line 843, in exec_module
  File "<frozen importlib._bootstrap>", line 219, in _call_with_frames_removed
  File "/opt/airflow/dags/main.py", line 7, in <module>
    from ingestion_1 import ingestion_air_quality_data
  File "/opt/airflow/dags/ingestion_1.py", line 4, in <module>
    from utils.mongo_helpers import get_mongo_client
ModuleNotFoundError: No module named 'utils'
[2025-07-23T23:14:55.547+0000] {processor.py:842} WARNING - No viable dags retrieved from /opt/airflow/dags/main.py
[2025-07-23T23:14:55.648+0000] {processor.py:183} INFO - Processing /opt/airflow/dags/main.py took 0.186 seconds
[2025-07-23T23:15:25.771+0000] {processor.py:161} INFO - Started process (PID=206) to work on /opt/airflow/dags/main.py
[2025-07-23T23:15:25.789+0000] {processor.py:830} INFO - Processing file /opt/airflow/dags/main.py for tasks to queue
[2025-07-23T23:15:25.792+0000] {logging_mixin.py:188} INFO - [2025-07-23T23:15:25.791+0000] {dagbag.py:538} INFO - Filling up the DagBag from /opt/airflow/dags/main.py
[2025-07-23T23:15:25.848+0000] {logging_mixin.py:188} INFO - [2025-07-23T23:15:25.838+0000] {dagbag.py:348} ERROR - Failed to import: /opt/airflow/dags/main.py
Traceback (most recent call last):
  File "/home/airflow/.local/lib/python3.8/site-packages/airflow/models/dagbag.py", line 344, in parse
    loader.exec_module(new_module)
  File "<frozen importlib._bootstrap_external>", line 843, in exec_module
  File "<frozen importlib._bootstrap>", line 219, in _call_with_frames_removed
  File "/opt/airflow/dags/main.py", line 7, in <module>
    from ingestion_1 import ingestion_air_quality_data
  File "/opt/airflow/dags/ingestion_1.py", line 4, in <module>
    from utils.mongo_helpers import get_mongo_client
ModuleNotFoundError: No module named 'utils'
[2025-07-23T23:15:25.853+0000] {processor.py:842} WARNING - No viable dags retrieved from /opt/airflow/dags/main.py
[2025-07-23T23:15:25.905+0000] {processor.py:183} INFO - Processing /opt/airflow/dags/main.py took 0.145 seconds
[2025-07-23T23:15:56.122+0000] {processor.py:161} INFO - Started process (PID=211) to work on /opt/airflow/dags/main.py
[2025-07-23T23:15:56.126+0000] {processor.py:830} INFO - Processing file /opt/airflow/dags/main.py for tasks to queue
[2025-07-23T23:15:56.129+0000] {logging_mixin.py:188} INFO - [2025-07-23T23:15:56.128+0000] {dagbag.py:538} INFO - Filling up the DagBag from /opt/airflow/dags/main.py
[2025-07-23T23:15:56.260+0000] {logging_mixin.py:188} INFO - [2025-07-23T23:15:56.236+0000] {dagbag.py:348} ERROR - Failed to import: /opt/airflow/dags/main.py
Traceback (most recent call last):
  File "/home/airflow/.local/lib/python3.8/site-packages/airflow/models/dagbag.py", line 344, in parse
    loader.exec_module(new_module)
  File "<frozen importlib._bootstrap_external>", line 843, in exec_module
  File "<frozen importlib._bootstrap>", line 219, in _call_with_frames_removed
  File "/opt/airflow/dags/main.py", line 7, in <module>
    from ingestion_1 import ingestion_air_quality_data
  File "/opt/airflow/dags/ingestion_1.py", line 4, in <module>
    from utils.mongo_helpers import get_mongo_client
ModuleNotFoundError: No module named 'utils'
[2025-07-23T23:15:56.265+0000] {processor.py:842} WARNING - No viable dags retrieved from /opt/airflow/dags/main.py
[2025-07-23T23:15:56.359+0000] {processor.py:183} INFO - Processing /opt/airflow/dags/main.py took 0.248 seconds
[2025-07-23T23:16:26.964+0000] {processor.py:161} INFO - Started process (PID=216) to work on /opt/airflow/dags/main.py
[2025-07-23T23:16:26.970+0000] {processor.py:830} INFO - Processing file /opt/airflow/dags/main.py for tasks to queue
[2025-07-23T23:16:26.976+0000] {logging_mixin.py:188} INFO - [2025-07-23T23:16:26.974+0000] {dagbag.py:538} INFO - Filling up the DagBag from /opt/airflow/dags/main.py
[2025-07-23T23:16:27.055+0000] {logging_mixin.py:188} INFO - [2025-07-23T23:16:27.040+0000] {dagbag.py:348} ERROR - Failed to import: /opt/airflow/dags/main.py
Traceback (most recent call last):
  File "/home/airflow/.local/lib/python3.8/site-packages/airflow/models/dagbag.py", line 344, in parse
    loader.exec_module(new_module)
  File "<frozen importlib._bootstrap_external>", line 843, in exec_module
  File "<frozen importlib._bootstrap>", line 219, in _call_with_frames_removed
  File "/opt/airflow/dags/main.py", line 7, in <module>
    from ingestion_1 import ingestion_air_quality_data
  File "/opt/airflow/dags/ingestion_1.py", line 4, in <module>
    from utils.mongo_helpers import get_mongo_client
ModuleNotFoundError: No module named 'utils'
[2025-07-23T23:16:27.060+0000] {processor.py:842} WARNING - No viable dags retrieved from /opt/airflow/dags/main.py
[2025-07-23T23:16:27.209+0000] {processor.py:183} INFO - Processing /opt/airflow/dags/main.py took 0.269 seconds
[2025-07-23T23:16:57.585+0000] {processor.py:161} INFO - Started process (PID=221) to work on /opt/airflow/dags/main.py
[2025-07-23T23:16:57.590+0000] {processor.py:830} INFO - Processing file /opt/airflow/dags/main.py for tasks to queue
[2025-07-23T23:16:57.593+0000] {logging_mixin.py:188} INFO - [2025-07-23T23:16:57.592+0000] {dagbag.py:538} INFO - Filling up the DagBag from /opt/airflow/dags/main.py
[2025-07-23T23:16:57.660+0000] {logging_mixin.py:188} INFO - [2025-07-23T23:16:57.646+0000] {dagbag.py:348} ERROR - Failed to import: /opt/airflow/dags/main.py
Traceback (most recent call last):
  File "/home/airflow/.local/lib/python3.8/site-packages/airflow/models/dagbag.py", line 344, in parse
    loader.exec_module(new_module)
  File "<frozen importlib._bootstrap_external>", line 843, in exec_module
  File "<frozen importlib._bootstrap>", line 219, in _call_with_frames_removed
  File "/opt/airflow/dags/main.py", line 7, in <module>
    from ingestion_1 import ingestion_air_quality_data
  File "/opt/airflow/dags/ingestion_1.py", line 4, in <module>
    from utils.mongo_helpers import get_mongo_client
ModuleNotFoundError: No module named 'utils'
[2025-07-23T23:16:57.664+0000] {processor.py:842} WARNING - No viable dags retrieved from /opt/airflow/dags/main.py
[2025-07-23T23:16:57.735+0000] {processor.py:183} INFO - Processing /opt/airflow/dags/main.py took 0.159 seconds
[2025-07-23T23:17:27.906+0000] {processor.py:161} INFO - Started process (PID=226) to work on /opt/airflow/dags/main.py
[2025-07-23T23:17:27.910+0000] {processor.py:830} INFO - Processing file /opt/airflow/dags/main.py for tasks to queue
[2025-07-23T23:17:27.914+0000] {logging_mixin.py:188} INFO - [2025-07-23T23:17:27.912+0000] {dagbag.py:538} INFO - Filling up the DagBag from /opt/airflow/dags/main.py
[2025-07-23T23:17:27.978+0000] {logging_mixin.py:188} INFO - [2025-07-23T23:17:27.966+0000] {dagbag.py:348} ERROR - Failed to import: /opt/airflow/dags/main.py
Traceback (most recent call last):
  File "/home/airflow/.local/lib/python3.8/site-packages/airflow/models/dagbag.py", line 344, in parse
    loader.exec_module(new_module)
  File "<frozen importlib._bootstrap_external>", line 843, in exec_module
  File "<frozen importlib._bootstrap>", line 219, in _call_with_frames_removed
  File "/opt/airflow/dags/main.py", line 7, in <module>
    from ingestion_1 import ingestion_air_quality_data
  File "/opt/airflow/dags/ingestion_1.py", line 4, in <module>
    from utils.mongo_helpers import get_mongo_client
ModuleNotFoundError: No module named 'utils'
[2025-07-23T23:17:27.982+0000] {processor.py:842} WARNING - No viable dags retrieved from /opt/airflow/dags/main.py
[2025-07-23T23:17:28.034+0000] {processor.py:183} INFO - Processing /opt/airflow/dags/main.py took 0.136 seconds
[2025-07-23T23:19:15.060+0000] {processor.py:161} INFO - Started process (PID=167) to work on /opt/airflow/dags/main.py
[2025-07-23T23:19:15.063+0000] {processor.py:830} INFO - Processing file /opt/airflow/dags/main.py for tasks to queue
[2025-07-23T23:19:15.065+0000] {logging_mixin.py:188} INFO - [2025-07-23T23:19:15.065+0000] {dagbag.py:538} INFO - Filling up the DagBag from /opt/airflow/dags/main.py
[2025-07-23T23:19:15.360+0000] {processor.py:840} INFO - DAG(s) 'TechAndUrbanGrowth' retrieved from /opt/airflow/dags/main.py
[2025-07-23T23:19:15.418+0000] {logging_mixin.py:188} INFO - [2025-07-23T23:19:15.418+0000] {dag.py:3036} INFO - Sync 1 DAGs
[2025-07-23T23:19:15.472+0000] {logging_mixin.py:188} INFO - [2025-07-23T23:19:15.471+0000] {dag.py:3823} INFO - Setting next_dagrun for TechAndUrbanGrowth to 2025-07-22 00:00:00+00:00, run_after=2025-07-23 00:00:00+00:00
[2025-07-23T23:19:15.539+0000] {processor.py:183} INFO - Processing /opt/airflow/dags/main.py took 0.485 seconds
[2025-07-23T23:19:45.865+0000] {processor.py:161} INFO - Started process (PID=172) to work on /opt/airflow/dags/main.py
[2025-07-23T23:19:45.871+0000] {processor.py:830} INFO - Processing file /opt/airflow/dags/main.py for tasks to queue
[2025-07-23T23:19:45.874+0000] {logging_mixin.py:188} INFO - [2025-07-23T23:19:45.873+0000] {dagbag.py:538} INFO - Filling up the DagBag from /opt/airflow/dags/main.py
[2025-07-23T23:19:46.125+0000] {processor.py:840} INFO - DAG(s) 'TechAndUrbanGrowth' retrieved from /opt/airflow/dags/main.py
[2025-07-23T23:19:46.590+0000] {logging_mixin.py:188} INFO - [2025-07-23T23:19:46.590+0000] {dag.py:3036} INFO - Sync 1 DAGs
[2025-07-23T23:19:46.626+0000] {logging_mixin.py:188} INFO - [2025-07-23T23:19:46.626+0000] {dag.py:3823} INFO - Setting next_dagrun for TechAndUrbanGrowth to 2025-07-22 00:00:00+00:00, run_after=2025-07-23 00:00:00+00:00
[2025-07-23T23:19:46.683+0000] {processor.py:183} INFO - Processing /opt/airflow/dags/main.py took 0.830 seconds
[2025-07-23T23:20:17.907+0000] {processor.py:161} INFO - Started process (PID=180) to work on /opt/airflow/dags/main.py
[2025-07-23T23:20:17.949+0000] {processor.py:830} INFO - Processing file /opt/airflow/dags/main.py for tasks to queue
[2025-07-23T23:20:17.985+0000] {logging_mixin.py:188} INFO - [2025-07-23T23:20:17.972+0000] {dagbag.py:538} INFO - Filling up the DagBag from /opt/airflow/dags/main.py
[2025-07-23T23:20:21.234+0000] {processor.py:840} INFO - DAG(s) 'TechAndUrbanGrowth' retrieved from /opt/airflow/dags/main.py
[2025-07-23T23:20:22.143+0000] {logging_mixin.py:188} INFO - [2025-07-23T23:20:22.140+0000] {dag.py:3036} INFO - Sync 1 DAGs
[2025-07-23T23:20:23.149+0000] {logging_mixin.py:188} INFO - [2025-07-23T23:20:23.147+0000] {dag.py:3823} INFO - Setting next_dagrun for TechAndUrbanGrowth to 2025-07-23 00:00:00+00:00, run_after=2025-07-24 00:00:00+00:00
[2025-07-23T23:20:23.563+0000] {processor.py:183} INFO - Processing /opt/airflow/dags/main.py took 5.891 seconds
[2025-07-23T23:20:54.252+0000] {processor.py:161} INFO - Started process (PID=206) to work on /opt/airflow/dags/main.py
[2025-07-23T23:20:54.256+0000] {processor.py:830} INFO - Processing file /opt/airflow/dags/main.py for tasks to queue
[2025-07-23T23:20:54.263+0000] {logging_mixin.py:188} INFO - [2025-07-23T23:20:54.259+0000] {dagbag.py:538} INFO - Filling up the DagBag from /opt/airflow/dags/main.py
[2025-07-23T23:20:54.618+0000] {processor.py:840} INFO - DAG(s) 'TechAndUrbanGrowth' retrieved from /opt/airflow/dags/main.py
[2025-07-23T23:20:54.892+0000] {logging_mixin.py:188} INFO - [2025-07-23T23:20:54.892+0000] {dag.py:3036} INFO - Sync 1 DAGs
[2025-07-23T23:20:54.983+0000] {logging_mixin.py:188} INFO - [2025-07-23T23:20:54.982+0000] {dag.py:3823} INFO - Setting next_dagrun for TechAndUrbanGrowth to 2025-07-23 00:00:00+00:00, run_after=2025-07-24 00:00:00+00:00
[2025-07-23T23:20:55.055+0000] {processor.py:183} INFO - Processing /opt/airflow/dags/main.py took 0.831 seconds
[2025-07-23T23:21:25.483+0000] {processor.py:161} INFO - Started process (PID=215) to work on /opt/airflow/dags/main.py
[2025-07-23T23:21:25.492+0000] {processor.py:830} INFO - Processing file /opt/airflow/dags/main.py for tasks to queue
[2025-07-23T23:21:25.495+0000] {logging_mixin.py:188} INFO - [2025-07-23T23:21:25.494+0000] {dagbag.py:538} INFO - Filling up the DagBag from /opt/airflow/dags/main.py
[2025-07-23T23:21:25.776+0000] {processor.py:840} INFO - DAG(s) 'TechAndUrbanGrowth' retrieved from /opt/airflow/dags/main.py
[2025-07-23T23:21:25.851+0000] {logging_mixin.py:188} INFO - [2025-07-23T23:21:25.850+0000] {dag.py:3036} INFO - Sync 1 DAGs
[2025-07-23T23:21:25.943+0000] {logging_mixin.py:188} INFO - [2025-07-23T23:21:25.941+0000] {dag.py:3823} INFO - Setting next_dagrun for TechAndUrbanGrowth to 2025-07-23 00:00:00+00:00, run_after=2025-07-24 00:00:00+00:00
[2025-07-23T23:21:26.025+0000] {processor.py:183} INFO - Processing /opt/airflow/dags/main.py took 0.549 seconds
[2025-07-23T23:21:56.431+0000] {processor.py:161} INFO - Started process (PID=220) to work on /opt/airflow/dags/main.py
[2025-07-23T23:21:56.434+0000] {processor.py:830} INFO - Processing file /opt/airflow/dags/main.py for tasks to queue
[2025-07-23T23:21:56.437+0000] {logging_mixin.py:188} INFO - [2025-07-23T23:21:56.436+0000] {dagbag.py:538} INFO - Filling up the DagBag from /opt/airflow/dags/main.py
[2025-07-23T23:21:56.762+0000] {processor.py:840} INFO - DAG(s) 'TechAndUrbanGrowth' retrieved from /opt/airflow/dags/main.py
[2025-07-23T23:21:56.831+0000] {logging_mixin.py:188} INFO - [2025-07-23T23:21:56.830+0000] {dag.py:3036} INFO - Sync 1 DAGs
[2025-07-23T23:21:56.893+0000] {logging_mixin.py:188} INFO - [2025-07-23T23:21:56.892+0000] {dag.py:3823} INFO - Setting next_dagrun for TechAndUrbanGrowth to 2025-07-23 00:00:00+00:00, run_after=2025-07-24 00:00:00+00:00
[2025-07-23T23:21:56.933+0000] {processor.py:183} INFO - Processing /opt/airflow/dags/main.py took 0.509 seconds
[2025-07-23T23:22:27.280+0000] {processor.py:161} INFO - Started process (PID=225) to work on /opt/airflow/dags/main.py
[2025-07-23T23:22:27.292+0000] {processor.py:830} INFO - Processing file /opt/airflow/dags/main.py for tasks to queue
[2025-07-23T23:22:27.297+0000] {logging_mixin.py:188} INFO - [2025-07-23T23:22:27.296+0000] {dagbag.py:538} INFO - Filling up the DagBag from /opt/airflow/dags/main.py
[2025-07-23T23:22:27.848+0000] {processor.py:840} INFO - DAG(s) 'TechAndUrbanGrowth' retrieved from /opt/airflow/dags/main.py
[2025-07-23T23:22:27.992+0000] {logging_mixin.py:188} INFO - [2025-07-23T23:22:27.991+0000] {dag.py:3036} INFO - Sync 1 DAGs
[2025-07-23T23:22:28.149+0000] {logging_mixin.py:188} INFO - [2025-07-23T23:22:28.148+0000] {dag.py:3823} INFO - Setting next_dagrun for TechAndUrbanGrowth to 2025-07-23 00:00:00+00:00, run_after=2025-07-24 00:00:00+00:00
[2025-07-23T23:22:28.240+0000] {processor.py:183} INFO - Processing /opt/airflow/dags/main.py took 1.003 seconds
[2025-07-23T23:22:58.600+0000] {processor.py:161} INFO - Started process (PID=230) to work on /opt/airflow/dags/main.py
[2025-07-23T23:22:58.626+0000] {processor.py:830} INFO - Processing file /opt/airflow/dags/main.py for tasks to queue
[2025-07-23T23:22:58.638+0000] {logging_mixin.py:188} INFO - [2025-07-23T23:22:58.634+0000] {dagbag.py:538} INFO - Filling up the DagBag from /opt/airflow/dags/main.py
[2025-07-23T23:22:59.450+0000] {processor.py:840} INFO - DAG(s) 'TechAndUrbanGrowth' retrieved from /opt/airflow/dags/main.py
[2025-07-23T23:22:59.906+0000] {logging_mixin.py:188} INFO - [2025-07-23T23:22:59.905+0000] {dag.py:3036} INFO - Sync 1 DAGs
[2025-07-23T23:23:00.193+0000] {logging_mixin.py:188} INFO - [2025-07-23T23:23:00.191+0000] {dag.py:3823} INFO - Setting next_dagrun for TechAndUrbanGrowth to 2025-07-23 00:00:00+00:00, run_after=2025-07-24 00:00:00+00:00
[2025-07-23T23:23:00.389+0000] {processor.py:183} INFO - Processing /opt/airflow/dags/main.py took 1.818 seconds
[2025-07-23T23:23:31.051+0000] {processor.py:161} INFO - Started process (PID=235) to work on /opt/airflow/dags/main.py
[2025-07-23T23:23:31.066+0000] {processor.py:830} INFO - Processing file /opt/airflow/dags/main.py for tasks to queue
[2025-07-23T23:23:31.077+0000] {logging_mixin.py:188} INFO - [2025-07-23T23:23:31.073+0000] {dagbag.py:538} INFO - Filling up the DagBag from /opt/airflow/dags/main.py
[2025-07-23T23:23:31.728+0000] {processor.py:840} INFO - DAG(s) 'TechAndUrbanGrowth' retrieved from /opt/airflow/dags/main.py
[2025-07-23T23:23:31.903+0000] {logging_mixin.py:188} INFO - [2025-07-23T23:23:31.902+0000] {dag.py:3036} INFO - Sync 1 DAGs
[2025-07-23T23:23:32.045+0000] {logging_mixin.py:188} INFO - [2025-07-23T23:23:32.044+0000] {dag.py:3823} INFO - Setting next_dagrun for TechAndUrbanGrowth to 2025-07-23 00:00:00+00:00, run_after=2025-07-24 00:00:00+00:00
[2025-07-23T23:23:32.114+0000] {processor.py:183} INFO - Processing /opt/airflow/dags/main.py took 1.103 seconds
[2025-07-23T23:24:02.961+0000] {processor.py:161} INFO - Started process (PID=240) to work on /opt/airflow/dags/main.py
[2025-07-23T23:24:02.976+0000] {processor.py:830} INFO - Processing file /opt/airflow/dags/main.py for tasks to queue
[2025-07-23T23:24:02.986+0000] {logging_mixin.py:188} INFO - [2025-07-23T23:24:02.982+0000] {dagbag.py:538} INFO - Filling up the DagBag from /opt/airflow/dags/main.py
[2025-07-23T23:24:03.714+0000] {processor.py:840} INFO - DAG(s) 'TechAndUrbanGrowth' retrieved from /opt/airflow/dags/main.py
[2025-07-23T23:24:03.914+0000] {logging_mixin.py:188} INFO - [2025-07-23T23:24:03.914+0000] {dag.py:3036} INFO - Sync 1 DAGs
[2025-07-23T23:24:04.070+0000] {logging_mixin.py:188} INFO - [2025-07-23T23:24:04.069+0000] {dag.py:3823} INFO - Setting next_dagrun for TechAndUrbanGrowth to 2025-07-23 00:00:00+00:00, run_after=2025-07-24 00:00:00+00:00
[2025-07-23T23:24:04.210+0000] {processor.py:183} INFO - Processing /opt/airflow/dags/main.py took 1.310 seconds
[2025-07-23T23:24:34.609+0000] {processor.py:161} INFO - Started process (PID=245) to work on /opt/airflow/dags/main.py
[2025-07-23T23:24:34.617+0000] {processor.py:830} INFO - Processing file /opt/airflow/dags/main.py for tasks to queue
[2025-07-23T23:24:34.627+0000] {logging_mixin.py:188} INFO - [2025-07-23T23:24:34.622+0000] {dagbag.py:538} INFO - Filling up the DagBag from /opt/airflow/dags/main.py
[2025-07-23T23:24:35.504+0000] {processor.py:840} INFO - DAG(s) 'TechAndUrbanGrowth' retrieved from /opt/airflow/dags/main.py
[2025-07-23T23:24:35.643+0000] {logging_mixin.py:188} INFO - [2025-07-23T23:24:35.643+0000] {dag.py:3036} INFO - Sync 1 DAGs
[2025-07-23T23:24:35.756+0000] {logging_mixin.py:188} INFO - [2025-07-23T23:24:35.756+0000] {dag.py:3823} INFO - Setting next_dagrun for TechAndUrbanGrowth to 2025-07-23 00:00:00+00:00, run_after=2025-07-24 00:00:00+00:00
[2025-07-23T23:24:35.839+0000] {processor.py:183} INFO - Processing /opt/airflow/dags/main.py took 1.277 seconds
[2025-07-23T23:25:05.945+0000] {processor.py:161} INFO - Started process (PID=250) to work on /opt/airflow/dags/main.py
[2025-07-23T23:25:05.948+0000] {processor.py:830} INFO - Processing file /opt/airflow/dags/main.py for tasks to queue
[2025-07-23T23:25:05.951+0000] {logging_mixin.py:188} INFO - [2025-07-23T23:25:05.950+0000] {dagbag.py:538} INFO - Filling up the DagBag from /opt/airflow/dags/main.py
[2025-07-23T23:25:06.377+0000] {processor.py:840} INFO - DAG(s) 'TechAndUrbanGrowth' retrieved from /opt/airflow/dags/main.py
[2025-07-23T23:25:06.429+0000] {logging_mixin.py:188} INFO - [2025-07-23T23:25:06.429+0000] {dag.py:3036} INFO - Sync 1 DAGs
[2025-07-23T23:25:06.529+0000] {logging_mixin.py:188} INFO - [2025-07-23T23:25:06.528+0000] {dag.py:3823} INFO - Setting next_dagrun for TechAndUrbanGrowth to 2025-07-23 00:00:00+00:00, run_after=2025-07-24 00:00:00+00:00
[2025-07-23T23:25:06.615+0000] {processor.py:183} INFO - Processing /opt/airflow/dags/main.py took 0.679 seconds
[2025-07-23T23:25:37.513+0000] {processor.py:161} INFO - Started process (PID=255) to work on /opt/airflow/dags/main.py
[2025-07-23T23:25:37.532+0000] {processor.py:830} INFO - Processing file /opt/airflow/dags/main.py for tasks to queue
[2025-07-23T23:25:37.553+0000] {logging_mixin.py:188} INFO - [2025-07-23T23:25:37.543+0000] {dagbag.py:538} INFO - Filling up the DagBag from /opt/airflow/dags/main.py
[2025-07-23T23:25:39.359+0000] {processor.py:840} INFO - DAG(s) 'TechAndUrbanGrowth' retrieved from /opt/airflow/dags/main.py
[2025-07-23T23:25:39.946+0000] {logging_mixin.py:188} INFO - [2025-07-23T23:25:39.945+0000] {dag.py:3036} INFO - Sync 1 DAGs
[2025-07-23T23:25:40.091+0000] {logging_mixin.py:188} INFO - [2025-07-23T23:25:40.091+0000] {dag.py:3823} INFO - Setting next_dagrun for TechAndUrbanGrowth to 2025-07-23 00:00:00+00:00, run_after=2025-07-24 00:00:00+00:00
[2025-07-23T23:25:40.167+0000] {processor.py:183} INFO - Processing /opt/airflow/dags/main.py took 2.865 seconds
[2025-07-23T23:27:50.557+0000] {processor.py:161} INFO - Started process (PID=165) to work on /opt/airflow/dags/main.py
[2025-07-23T23:27:50.571+0000] {processor.py:830} INFO - Processing file /opt/airflow/dags/main.py for tasks to queue
[2025-07-23T23:27:50.583+0000] {logging_mixin.py:188} INFO - [2025-07-23T23:27:50.580+0000] {dagbag.py:538} INFO - Filling up the DagBag from /opt/airflow/dags/main.py
[2025-07-23T23:27:51.168+0000] {processor.py:840} INFO - DAG(s) 'TechAndUrbanGrowth' retrieved from /opt/airflow/dags/main.py
[2025-07-23T23:27:51.262+0000] {logging_mixin.py:188} INFO - [2025-07-23T23:27:51.262+0000] {dag.py:3036} INFO - Sync 1 DAGs
[2025-07-23T23:27:51.346+0000] {logging_mixin.py:188} INFO - [2025-07-23T23:27:51.345+0000] {dag.py:3823} INFO - Setting next_dagrun for TechAndUrbanGrowth to 2025-07-23 00:00:00+00:00, run_after=2025-07-24 00:00:00+00:00
[2025-07-23T23:27:51.407+0000] {processor.py:183} INFO - Processing /opt/airflow/dags/main.py took 0.914 seconds
[2025-07-23T23:28:21.943+0000] {processor.py:161} INFO - Started process (PID=205) to work on /opt/airflow/dags/main.py
[2025-07-23T23:28:21.947+0000] {processor.py:830} INFO - Processing file /opt/airflow/dags/main.py for tasks to queue
[2025-07-23T23:28:21.952+0000] {logging_mixin.py:188} INFO - [2025-07-23T23:28:21.950+0000] {dagbag.py:538} INFO - Filling up the DagBag from /opt/airflow/dags/main.py
[2025-07-23T23:28:22.306+0000] {processor.py:840} INFO - DAG(s) 'TechAndUrbanGrowth' retrieved from /opt/airflow/dags/main.py
[2025-07-23T23:28:23.086+0000] {logging_mixin.py:188} INFO - [2025-07-23T23:28:23.085+0000] {dag.py:3036} INFO - Sync 1 DAGs
[2025-07-23T23:28:23.148+0000] {logging_mixin.py:188} INFO - [2025-07-23T23:28:23.148+0000] {dag.py:3823} INFO - Setting next_dagrun for TechAndUrbanGrowth to 2025-07-23 00:00:00+00:00, run_after=2025-07-24 00:00:00+00:00
[2025-07-23T23:28:23.207+0000] {processor.py:183} INFO - Processing /opt/airflow/dags/main.py took 1.290 seconds
[2025-07-23T23:28:53.702+0000] {processor.py:161} INFO - Started process (PID=210) to work on /opt/airflow/dags/main.py
[2025-07-23T23:28:53.717+0000] {processor.py:830} INFO - Processing file /opt/airflow/dags/main.py for tasks to queue
[2025-07-23T23:28:53.742+0000] {logging_mixin.py:188} INFO - [2025-07-23T23:28:53.734+0000] {dagbag.py:538} INFO - Filling up the DagBag from /opt/airflow/dags/main.py
[2025-07-23T23:28:55.035+0000] {processor.py:840} INFO - DAG(s) 'TechAndUrbanGrowth' retrieved from /opt/airflow/dags/main.py
[2025-07-23T23:28:55.518+0000] {logging_mixin.py:188} INFO - [2025-07-23T23:28:55.517+0000] {dag.py:3036} INFO - Sync 1 DAGs
[2025-07-23T23:28:55.729+0000] {logging_mixin.py:188} INFO - [2025-07-23T23:28:55.728+0000] {dag.py:3823} INFO - Setting next_dagrun for TechAndUrbanGrowth to 2025-07-23 00:00:00+00:00, run_after=2025-07-24 00:00:00+00:00
[2025-07-23T23:28:55.830+0000] {processor.py:183} INFO - Processing /opt/airflow/dags/main.py took 2.201 seconds
[2025-07-23T23:29:26.125+0000] {processor.py:161} INFO - Started process (PID=243) to work on /opt/airflow/dags/main.py
[2025-07-23T23:29:26.130+0000] {processor.py:830} INFO - Processing file /opt/airflow/dags/main.py for tasks to queue
[2025-07-23T23:29:26.137+0000] {logging_mixin.py:188} INFO - [2025-07-23T23:29:26.135+0000] {dagbag.py:538} INFO - Filling up the DagBag from /opt/airflow/dags/main.py
[2025-07-23T23:29:26.592+0000] {processor.py:840} INFO - DAG(s) 'TechAndUrbanGrowth' retrieved from /opt/airflow/dags/main.py
[2025-07-23T23:29:26.731+0000] {logging_mixin.py:188} INFO - [2025-07-23T23:29:26.730+0000] {dag.py:3036} INFO - Sync 1 DAGs
[2025-07-23T23:29:26.826+0000] {logging_mixin.py:188} INFO - [2025-07-23T23:29:26.825+0000] {dag.py:3823} INFO - Setting next_dagrun for TechAndUrbanGrowth to 2025-07-23 00:00:00+00:00, run_after=2025-07-24 00:00:00+00:00
[2025-07-23T23:29:26.887+0000] {processor.py:183} INFO - Processing /opt/airflow/dags/main.py took 0.791 seconds
[2025-07-23T23:29:57.440+0000] {processor.py:161} INFO - Started process (PID=248) to work on /opt/airflow/dags/main.py
[2025-07-23T23:29:57.445+0000] {processor.py:830} INFO - Processing file /opt/airflow/dags/main.py for tasks to queue
[2025-07-23T23:29:57.452+0000] {logging_mixin.py:188} INFO - [2025-07-23T23:29:57.450+0000] {dagbag.py:538} INFO - Filling up the DagBag from /opt/airflow/dags/main.py
[2025-07-23T23:29:57.815+0000] {processor.py:840} INFO - DAG(s) 'TechAndUrbanGrowth' retrieved from /opt/airflow/dags/main.py
[2025-07-23T23:29:57.910+0000] {logging_mixin.py:188} INFO - [2025-07-23T23:29:57.910+0000] {dag.py:3036} INFO - Sync 1 DAGs
[2025-07-23T23:29:58.009+0000] {logging_mixin.py:188} INFO - [2025-07-23T23:29:58.008+0000] {dag.py:3823} INFO - Setting next_dagrun for TechAndUrbanGrowth to 2025-07-23 00:00:00+00:00, run_after=2025-07-24 00:00:00+00:00
[2025-07-23T23:29:58.060+0000] {processor.py:183} INFO - Processing /opt/airflow/dags/main.py took 0.645 seconds
[2025-07-23T23:30:28.794+0000] {processor.py:161} INFO - Started process (PID=253) to work on /opt/airflow/dags/main.py
[2025-07-23T23:30:28.818+0000] {processor.py:830} INFO - Processing file /opt/airflow/dags/main.py for tasks to queue
[2025-07-23T23:30:28.828+0000] {logging_mixin.py:188} INFO - [2025-07-23T23:30:28.826+0000] {dagbag.py:538} INFO - Filling up the DagBag from /opt/airflow/dags/main.py
[2025-07-23T23:30:29.388+0000] {processor.py:840} INFO - DAG(s) 'TechAndUrbanGrowth' retrieved from /opt/airflow/dags/main.py
[2025-07-23T23:30:29.519+0000] {logging_mixin.py:188} INFO - [2025-07-23T23:30:29.519+0000] {dag.py:3036} INFO - Sync 1 DAGs
[2025-07-23T23:30:29.616+0000] {logging_mixin.py:188} INFO - [2025-07-23T23:30:29.615+0000] {dag.py:3823} INFO - Setting next_dagrun for TechAndUrbanGrowth to 2025-07-23 00:00:00+00:00, run_after=2025-07-24 00:00:00+00:00
[2025-07-23T23:30:29.681+0000] {processor.py:183} INFO - Processing /opt/airflow/dags/main.py took 0.960 seconds
[2025-07-23T23:31:00.101+0000] {processor.py:161} INFO - Started process (PID=258) to work on /opt/airflow/dags/main.py
[2025-07-23T23:31:00.110+0000] {processor.py:830} INFO - Processing file /opt/airflow/dags/main.py for tasks to queue
[2025-07-23T23:31:00.114+0000] {logging_mixin.py:188} INFO - [2025-07-23T23:31:00.113+0000] {dagbag.py:538} INFO - Filling up the DagBag from /opt/airflow/dags/main.py
[2025-07-23T23:31:00.469+0000] {processor.py:840} INFO - DAG(s) 'TechAndUrbanGrowth' retrieved from /opt/airflow/dags/main.py
[2025-07-23T23:31:00.606+0000] {logging_mixin.py:188} INFO - [2025-07-23T23:31:00.606+0000] {dag.py:3036} INFO - Sync 1 DAGs
[2025-07-23T23:31:00.727+0000] {logging_mixin.py:188} INFO - [2025-07-23T23:31:00.727+0000] {dag.py:3823} INFO - Setting next_dagrun for TechAndUrbanGrowth to 2025-07-23 00:00:00+00:00, run_after=2025-07-24 00:00:00+00:00
[2025-07-23T23:31:00.805+0000] {processor.py:183} INFO - Processing /opt/airflow/dags/main.py took 0.721 seconds
[2025-07-23T23:31:31.521+0000] {processor.py:161} INFO - Started process (PID=263) to work on /opt/airflow/dags/main.py
[2025-07-23T23:31:31.528+0000] {processor.py:830} INFO - Processing file /opt/airflow/dags/main.py for tasks to queue
[2025-07-23T23:31:31.535+0000] {logging_mixin.py:188} INFO - [2025-07-23T23:31:31.533+0000] {dagbag.py:538} INFO - Filling up the DagBag from /opt/airflow/dags/main.py
[2025-07-23T23:31:32.186+0000] {processor.py:840} INFO - DAG(s) 'TechAndUrbanGrowth' retrieved from /opt/airflow/dags/main.py
[2025-07-23T23:31:32.364+0000] {logging_mixin.py:188} INFO - [2025-07-23T23:31:32.363+0000] {dag.py:3036} INFO - Sync 1 DAGs
[2025-07-23T23:31:32.454+0000] {logging_mixin.py:188} INFO - [2025-07-23T23:31:32.453+0000] {dag.py:3823} INFO - Setting next_dagrun for TechAndUrbanGrowth to 2025-07-23 00:00:00+00:00, run_after=2025-07-24 00:00:00+00:00
[2025-07-23T23:31:32.515+0000] {processor.py:183} INFO - Processing /opt/airflow/dags/main.py took 1.035 seconds
[2025-07-23T23:32:02.798+0000] {processor.py:161} INFO - Started process (PID=268) to work on /opt/airflow/dags/main.py
[2025-07-23T23:32:02.802+0000] {processor.py:830} INFO - Processing file /opt/airflow/dags/main.py for tasks to queue
[2025-07-23T23:32:02.806+0000] {logging_mixin.py:188} INFO - [2025-07-23T23:32:02.805+0000] {dagbag.py:538} INFO - Filling up the DagBag from /opt/airflow/dags/main.py
[2025-07-23T23:32:03.076+0000] {processor.py:840} INFO - DAG(s) 'TechAndUrbanGrowth' retrieved from /opt/airflow/dags/main.py
[2025-07-23T23:32:03.167+0000] {logging_mixin.py:188} INFO - [2025-07-23T23:32:03.166+0000] {dag.py:3036} INFO - Sync 1 DAGs
[2025-07-23T23:32:03.227+0000] {logging_mixin.py:188} INFO - [2025-07-23T23:32:03.227+0000] {dag.py:3823} INFO - Setting next_dagrun for TechAndUrbanGrowth to 2025-07-23 00:00:00+00:00, run_after=2025-07-24 00:00:00+00:00
[2025-07-23T23:32:03.283+0000] {processor.py:183} INFO - Processing /opt/airflow/dags/main.py took 0.494 seconds
[2025-07-23T23:32:33.896+0000] {processor.py:161} INFO - Started process (PID=273) to work on /opt/airflow/dags/main.py
[2025-07-23T23:32:33.906+0000] {processor.py:830} INFO - Processing file /opt/airflow/dags/main.py for tasks to queue
[2025-07-23T23:32:33.910+0000] {logging_mixin.py:188} INFO - [2025-07-23T23:32:33.909+0000] {dagbag.py:538} INFO - Filling up the DagBag from /opt/airflow/dags/main.py
[2025-07-23T23:32:34.270+0000] {processor.py:840} INFO - DAG(s) 'TechAndUrbanGrowth' retrieved from /opt/airflow/dags/main.py
[2025-07-23T23:32:34.389+0000] {logging_mixin.py:188} INFO - [2025-07-23T23:32:34.388+0000] {dag.py:3036} INFO - Sync 1 DAGs
[2025-07-23T23:32:34.479+0000] {logging_mixin.py:188} INFO - [2025-07-23T23:32:34.479+0000] {dag.py:3823} INFO - Setting next_dagrun for TechAndUrbanGrowth to 2025-07-23 00:00:00+00:00, run_after=2025-07-24 00:00:00+00:00
[2025-07-23T23:32:34.525+0000] {processor.py:183} INFO - Processing /opt/airflow/dags/main.py took 0.648 seconds
[2025-07-23T23:33:05.180+0000] {processor.py:161} INFO - Started process (PID=278) to work on /opt/airflow/dags/main.py
[2025-07-23T23:33:05.185+0000] {processor.py:830} INFO - Processing file /opt/airflow/dags/main.py for tasks to queue
[2025-07-23T23:33:05.192+0000] {logging_mixin.py:188} INFO - [2025-07-23T23:33:05.191+0000] {dagbag.py:538} INFO - Filling up the DagBag from /opt/airflow/dags/main.py
[2025-07-23T23:33:05.455+0000] {processor.py:840} INFO - DAG(s) 'TechAndUrbanGrowth' retrieved from /opt/airflow/dags/main.py
[2025-07-23T23:33:05.539+0000] {logging_mixin.py:188} INFO - [2025-07-23T23:33:05.538+0000] {dag.py:3036} INFO - Sync 1 DAGs
[2025-07-23T23:33:05.589+0000] {logging_mixin.py:188} INFO - [2025-07-23T23:33:05.588+0000] {dag.py:3823} INFO - Setting next_dagrun for TechAndUrbanGrowth to 2025-07-23 00:00:00+00:00, run_after=2025-07-24 00:00:00+00:00
[2025-07-23T23:33:05.642+0000] {processor.py:183} INFO - Processing /opt/airflow/dags/main.py took 0.474 seconds
[2025-07-23T23:33:35.956+0000] {processor.py:161} INFO - Started process (PID=283) to work on /opt/airflow/dags/main.py
[2025-07-23T23:33:35.959+0000] {processor.py:830} INFO - Processing file /opt/airflow/dags/main.py for tasks to queue
[2025-07-23T23:33:35.962+0000] {logging_mixin.py:188} INFO - [2025-07-23T23:33:35.961+0000] {dagbag.py:538} INFO - Filling up the DagBag from /opt/airflow/dags/main.py
[2025-07-23T23:33:36.251+0000] {processor.py:840} INFO - DAG(s) 'TechAndUrbanGrowth' retrieved from /opt/airflow/dags/main.py
[2025-07-23T23:33:36.319+0000] {logging_mixin.py:188} INFO - [2025-07-23T23:33:36.318+0000] {dag.py:3036} INFO - Sync 1 DAGs
[2025-07-23T23:33:36.395+0000] {logging_mixin.py:188} INFO - [2025-07-23T23:33:36.395+0000] {dag.py:3823} INFO - Setting next_dagrun for TechAndUrbanGrowth to 2025-07-23 00:00:00+00:00, run_after=2025-07-24 00:00:00+00:00
[2025-07-23T23:33:36.466+0000] {processor.py:183} INFO - Processing /opt/airflow/dags/main.py took 0.519 seconds
[2025-07-23T23:34:07.354+0000] {processor.py:161} INFO - Started process (PID=288) to work on /opt/airflow/dags/main.py
[2025-07-23T23:34:07.407+0000] {processor.py:830} INFO - Processing file /opt/airflow/dags/main.py for tasks to queue
[2025-07-23T23:34:07.466+0000] {logging_mixin.py:188} INFO - [2025-07-23T23:34:07.447+0000] {dagbag.py:538} INFO - Filling up the DagBag from /opt/airflow/dags/main.py
[2025-07-23T23:34:08.890+0000] {processor.py:840} INFO - DAG(s) 'TechAndUrbanGrowth' retrieved from /opt/airflow/dags/main.py
[2025-07-23T23:34:09.133+0000] {logging_mixin.py:188} INFO - [2025-07-23T23:34:09.133+0000] {dag.py:3036} INFO - Sync 1 DAGs
[2025-07-23T23:34:09.283+0000] {logging_mixin.py:188} INFO - [2025-07-23T23:34:09.282+0000] {dag.py:3823} INFO - Setting next_dagrun for TechAndUrbanGrowth to 2025-07-23 00:00:00+00:00, run_after=2025-07-24 00:00:00+00:00
[2025-07-23T23:34:09.347+0000] {processor.py:183} INFO - Processing /opt/airflow/dags/main.py took 2.129 seconds
[2025-07-23T23:34:39.722+0000] {processor.py:161} INFO - Started process (PID=293) to work on /opt/airflow/dags/main.py
[2025-07-23T23:34:39.725+0000] {processor.py:830} INFO - Processing file /opt/airflow/dags/main.py for tasks to queue
[2025-07-23T23:34:39.727+0000] {logging_mixin.py:188} INFO - [2025-07-23T23:34:39.726+0000] {dagbag.py:538} INFO - Filling up the DagBag from /opt/airflow/dags/main.py
[2025-07-23T23:34:40.000+0000] {processor.py:840} INFO - DAG(s) 'TechAndUrbanGrowth' retrieved from /opt/airflow/dags/main.py
[2025-07-23T23:34:40.099+0000] {logging_mixin.py:188} INFO - [2025-07-23T23:34:40.099+0000] {dag.py:3036} INFO - Sync 1 DAGs
[2025-07-23T23:34:40.151+0000] {logging_mixin.py:188} INFO - [2025-07-23T23:34:40.150+0000] {dag.py:3823} INFO - Setting next_dagrun for TechAndUrbanGrowth to 2025-07-23 00:00:00+00:00, run_after=2025-07-24 00:00:00+00:00
[2025-07-23T23:34:40.196+0000] {processor.py:183} INFO - Processing /opt/airflow/dags/main.py took 0.484 seconds
[2025-07-23T23:35:10.643+0000] {processor.py:161} INFO - Started process (PID=298) to work on /opt/airflow/dags/main.py
[2025-07-23T23:35:10.647+0000] {processor.py:830} INFO - Processing file /opt/airflow/dags/main.py for tasks to queue
[2025-07-23T23:35:10.650+0000] {logging_mixin.py:188} INFO - [2025-07-23T23:35:10.649+0000] {dagbag.py:538} INFO - Filling up the DagBag from /opt/airflow/dags/main.py
[2025-07-23T23:35:10.903+0000] {processor.py:840} INFO - DAG(s) 'TechAndUrbanGrowth' retrieved from /opt/airflow/dags/main.py
[2025-07-23T23:35:10.993+0000] {logging_mixin.py:188} INFO - [2025-07-23T23:35:10.992+0000] {dag.py:3036} INFO - Sync 1 DAGs
[2025-07-23T23:35:11.147+0000] {logging_mixin.py:188} INFO - [2025-07-23T23:35:11.146+0000] {dag.py:3823} INFO - Setting next_dagrun for TechAndUrbanGrowth to 2025-07-23 00:00:00+00:00, run_after=2025-07-24 00:00:00+00:00
[2025-07-23T23:35:11.204+0000] {processor.py:183} INFO - Processing /opt/airflow/dags/main.py took 0.568 seconds
[2025-07-23T23:35:41.345+0000] {processor.py:161} INFO - Started process (PID=303) to work on /opt/airflow/dags/main.py
[2025-07-23T23:35:41.349+0000] {processor.py:830} INFO - Processing file /opt/airflow/dags/main.py for tasks to queue
[2025-07-23T23:35:41.356+0000] {logging_mixin.py:188} INFO - [2025-07-23T23:35:41.354+0000] {dagbag.py:538} INFO - Filling up the DagBag from /opt/airflow/dags/main.py
[2025-07-23T23:35:41.626+0000] {processor.py:840} INFO - DAG(s) 'TechAndUrbanGrowth' retrieved from /opt/airflow/dags/main.py
[2025-07-23T23:35:41.678+0000] {logging_mixin.py:188} INFO - [2025-07-23T23:35:41.678+0000] {dag.py:3036} INFO - Sync 1 DAGs
[2025-07-23T23:35:41.760+0000] {logging_mixin.py:188} INFO - [2025-07-23T23:35:41.759+0000] {dag.py:3823} INFO - Setting next_dagrun for TechAndUrbanGrowth to 2025-07-23 00:00:00+00:00, run_after=2025-07-24 00:00:00+00:00
[2025-07-23T23:35:41.844+0000] {processor.py:183} INFO - Processing /opt/airflow/dags/main.py took 0.507 seconds
[2025-07-23T23:36:12.308+0000] {processor.py:161} INFO - Started process (PID=308) to work on /opt/airflow/dags/main.py
[2025-07-23T23:36:12.310+0000] {processor.py:830} INFO - Processing file /opt/airflow/dags/main.py for tasks to queue
[2025-07-23T23:36:12.312+0000] {logging_mixin.py:188} INFO - [2025-07-23T23:36:12.312+0000] {dagbag.py:538} INFO - Filling up the DagBag from /opt/airflow/dags/main.py
[2025-07-23T23:36:12.580+0000] {processor.py:840} INFO - DAG(s) 'TechAndUrbanGrowth' retrieved from /opt/airflow/dags/main.py
[2025-07-23T23:36:12.632+0000] {logging_mixin.py:188} INFO - [2025-07-23T23:36:12.632+0000] {dag.py:3036} INFO - Sync 1 DAGs
[2025-07-23T23:36:12.667+0000] {logging_mixin.py:188} INFO - [2025-07-23T23:36:12.667+0000] {dag.py:3823} INFO - Setting next_dagrun for TechAndUrbanGrowth to 2025-07-23 00:00:00+00:00, run_after=2025-07-24 00:00:00+00:00
[2025-07-23T23:36:12.703+0000] {processor.py:183} INFO - Processing /opt/airflow/dags/main.py took 0.403 seconds
[2025-07-23T23:36:43.120+0000] {processor.py:161} INFO - Started process (PID=313) to work on /opt/airflow/dags/main.py
[2025-07-23T23:36:43.123+0000] {processor.py:830} INFO - Processing file /opt/airflow/dags/main.py for tasks to queue
[2025-07-23T23:36:43.126+0000] {logging_mixin.py:188} INFO - [2025-07-23T23:36:43.125+0000] {dagbag.py:538} INFO - Filling up the DagBag from /opt/airflow/dags/main.py
[2025-07-23T23:36:43.501+0000] {processor.py:840} INFO - DAG(s) 'TechAndUrbanGrowth' retrieved from /opt/airflow/dags/main.py
[2025-07-23T23:36:43.636+0000] {logging_mixin.py:188} INFO - [2025-07-23T23:36:43.636+0000] {dag.py:3036} INFO - Sync 1 DAGs
[2025-07-23T23:36:43.689+0000] {logging_mixin.py:188} INFO - [2025-07-23T23:36:43.689+0000] {dag.py:3823} INFO - Setting next_dagrun for TechAndUrbanGrowth to 2025-07-23 00:00:00+00:00, run_after=2025-07-24 00:00:00+00:00
[2025-07-23T23:36:43.748+0000] {processor.py:183} INFO - Processing /opt/airflow/dags/main.py took 0.641 seconds
[2025-07-23T23:38:41.844+0000] {processor.py:161} INFO - Started process (PID=168) to work on /opt/airflow/dags/main.py
[2025-07-23T23:38:41.860+0000] {processor.py:830} INFO - Processing file /opt/airflow/dags/main.py for tasks to queue
[2025-07-23T23:38:41.869+0000] {logging_mixin.py:188} INFO - [2025-07-23T23:38:41.865+0000] {dagbag.py:538} INFO - Filling up the DagBag from /opt/airflow/dags/main.py
[2025-07-23T23:38:42.505+0000] {processor.py:840} INFO - DAG(s) 'TechAndUrbanGrowth' retrieved from /opt/airflow/dags/main.py
[2025-07-23T23:38:42.668+0000] {logging_mixin.py:188} INFO - [2025-07-23T23:38:42.666+0000] {dag.py:3036} INFO - Sync 1 DAGs
[2025-07-23T23:38:42.793+0000] {logging_mixin.py:188} INFO - [2025-07-23T23:38:42.792+0000] {dag.py:3823} INFO - Setting next_dagrun for TechAndUrbanGrowth to 2025-07-23 00:00:00+00:00, run_after=2025-07-24 00:00:00+00:00
[2025-07-23T23:38:42.897+0000] {processor.py:183} INFO - Processing /opt/airflow/dags/main.py took 1.109 seconds
[2025-07-23T23:39:13.131+0000] {processor.py:161} INFO - Started process (PID=173) to work on /opt/airflow/dags/main.py
[2025-07-23T23:39:13.136+0000] {processor.py:830} INFO - Processing file /opt/airflow/dags/main.py for tasks to queue
[2025-07-23T23:39:13.140+0000] {logging_mixin.py:188} INFO - [2025-07-23T23:39:13.139+0000] {dagbag.py:538} INFO - Filling up the DagBag from /opt/airflow/dags/main.py
[2025-07-23T23:39:13.523+0000] {processor.py:840} INFO - DAG(s) 'TechAndUrbanGrowth' retrieved from /opt/airflow/dags/main.py
[2025-07-23T23:39:14.095+0000] {logging_mixin.py:188} INFO - [2025-07-23T23:39:14.094+0000] {dag.py:3036} INFO - Sync 1 DAGs
[2025-07-23T23:39:14.139+0000] {logging_mixin.py:188} INFO - [2025-07-23T23:39:14.138+0000] {dag.py:3823} INFO - Setting next_dagrun for TechAndUrbanGrowth to 2025-07-23 00:00:00+00:00, run_after=2025-07-24 00:00:00+00:00
[2025-07-23T23:39:14.179+0000] {processor.py:183} INFO - Processing /opt/airflow/dags/main.py took 1.068 seconds
[2025-07-23T23:39:44.515+0000] {processor.py:161} INFO - Started process (PID=178) to work on /opt/airflow/dags/main.py
[2025-07-23T23:39:44.521+0000] {processor.py:830} INFO - Processing file /opt/airflow/dags/main.py for tasks to queue
[2025-07-23T23:39:44.525+0000] {logging_mixin.py:188} INFO - [2025-07-23T23:39:44.524+0000] {dagbag.py:538} INFO - Filling up the DagBag from /opt/airflow/dags/main.py
[2025-07-23T23:39:44.932+0000] {processor.py:840} INFO - DAG(s) 'TechAndUrbanGrowth' retrieved from /opt/airflow/dags/main.py
[2025-07-23T23:39:45.023+0000] {logging_mixin.py:188} INFO - [2025-07-23T23:39:45.022+0000] {dag.py:3036} INFO - Sync 1 DAGs
[2025-07-23T23:39:45.073+0000] {logging_mixin.py:188} INFO - [2025-07-23T23:39:45.073+0000] {dag.py:3823} INFO - Setting next_dagrun for TechAndUrbanGrowth to 2025-07-23 00:00:00+00:00, run_after=2025-07-24 00:00:00+00:00
[2025-07-23T23:39:45.122+0000] {processor.py:183} INFO - Processing /opt/airflow/dags/main.py took 0.619 seconds
[2025-07-23T23:40:15.758+0000] {processor.py:161} INFO - Started process (PID=211) to work on /opt/airflow/dags/main.py
[2025-07-23T23:40:15.765+0000] {processor.py:830} INFO - Processing file /opt/airflow/dags/main.py for tasks to queue
[2025-07-23T23:40:15.774+0000] {logging_mixin.py:188} INFO - [2025-07-23T23:40:15.772+0000] {dagbag.py:538} INFO - Filling up the DagBag from /opt/airflow/dags/main.py
[2025-07-23T23:40:16.291+0000] {processor.py:840} INFO - DAG(s) 'TechAndUrbanGrowth' retrieved from /opt/airflow/dags/main.py
[2025-07-23T23:40:16.427+0000] {logging_mixin.py:188} INFO - [2025-07-23T23:40:16.426+0000] {dag.py:3036} INFO - Sync 1 DAGs
[2025-07-23T23:40:16.581+0000] {logging_mixin.py:188} INFO - [2025-07-23T23:40:16.581+0000] {dag.py:3823} INFO - Setting next_dagrun for TechAndUrbanGrowth to 2025-07-23 00:00:00+00:00, run_after=2025-07-24 00:00:00+00:00
[2025-07-23T23:40:16.663+0000] {processor.py:183} INFO - Processing /opt/airflow/dags/main.py took 0.952 seconds
[2025-07-23T23:40:47.223+0000] {processor.py:161} INFO - Started process (PID=216) to work on /opt/airflow/dags/main.py
[2025-07-23T23:40:47.230+0000] {processor.py:830} INFO - Processing file /opt/airflow/dags/main.py for tasks to queue
[2025-07-23T23:40:47.239+0000] {logging_mixin.py:188} INFO - [2025-07-23T23:40:47.235+0000] {dagbag.py:538} INFO - Filling up the DagBag from /opt/airflow/dags/main.py
[2025-07-23T23:40:47.928+0000] {processor.py:840} INFO - DAG(s) 'TechAndUrbanGrowth' retrieved from /opt/airflow/dags/main.py
[2025-07-23T23:40:48.092+0000] {logging_mixin.py:188} INFO - [2025-07-23T23:40:48.091+0000] {dag.py:3036} INFO - Sync 1 DAGs
[2025-07-23T23:40:48.173+0000] {logging_mixin.py:188} INFO - [2025-07-23T23:40:48.172+0000] {dag.py:3823} INFO - Setting next_dagrun for TechAndUrbanGrowth to 2025-07-23 00:00:00+00:00, run_after=2025-07-24 00:00:00+00:00
[2025-07-23T23:40:48.254+0000] {processor.py:183} INFO - Processing /opt/airflow/dags/main.py took 1.066 seconds
[2025-07-23T23:41:18.934+0000] {processor.py:161} INFO - Started process (PID=221) to work on /opt/airflow/dags/main.py
[2025-07-23T23:41:18.948+0000] {processor.py:830} INFO - Processing file /opt/airflow/dags/main.py for tasks to queue
[2025-07-23T23:41:18.960+0000] {logging_mixin.py:188} INFO - [2025-07-23T23:41:18.955+0000] {dagbag.py:538} INFO - Filling up the DagBag from /opt/airflow/dags/main.py
[2025-07-23T23:41:20.002+0000] {processor.py:840} INFO - DAG(s) 'TechAndUrbanGrowth' retrieved from /opt/airflow/dags/main.py
[2025-07-23T23:41:20.471+0000] {logging_mixin.py:188} INFO - [2025-07-23T23:41:20.469+0000] {dag.py:3036} INFO - Sync 1 DAGs
[2025-07-23T23:41:20.909+0000] {logging_mixin.py:188} INFO - [2025-07-23T23:41:20.908+0000] {dag.py:3823} INFO - Setting next_dagrun for TechAndUrbanGrowth to 2025-07-23 00:00:00+00:00, run_after=2025-07-24 00:00:00+00:00
[2025-07-23T23:41:21.016+0000] {processor.py:183} INFO - Processing /opt/airflow/dags/main.py took 2.136 seconds
[2025-07-23T23:41:51.584+0000] {processor.py:161} INFO - Started process (PID=226) to work on /opt/airflow/dags/main.py
[2025-07-23T23:41:51.593+0000] {processor.py:830} INFO - Processing file /opt/airflow/dags/main.py for tasks to queue
[2025-07-23T23:41:51.601+0000] {logging_mixin.py:188} INFO - [2025-07-23T23:41:51.598+0000] {dagbag.py:538} INFO - Filling up the DagBag from /opt/airflow/dags/main.py
[2025-07-23T23:41:52.258+0000] {processor.py:840} INFO - DAG(s) 'TechAndUrbanGrowth' retrieved from /opt/airflow/dags/main.py
[2025-07-23T23:41:52.509+0000] {logging_mixin.py:188} INFO - [2025-07-23T23:41:52.508+0000] {dag.py:3036} INFO - Sync 1 DAGs
[2025-07-23T23:41:52.675+0000] {logging_mixin.py:188} INFO - [2025-07-23T23:41:52.674+0000] {dag.py:3823} INFO - Setting next_dagrun for TechAndUrbanGrowth to 2025-07-23 00:00:00+00:00, run_after=2025-07-24 00:00:00+00:00
[2025-07-23T23:41:52.773+0000] {processor.py:183} INFO - Processing /opt/airflow/dags/main.py took 1.238 seconds
[2025-07-23T23:42:23.614+0000] {processor.py:161} INFO - Started process (PID=231) to work on /opt/airflow/dags/main.py
[2025-07-23T23:42:23.627+0000] {processor.py:830} INFO - Processing file /opt/airflow/dags/main.py for tasks to queue
[2025-07-23T23:42:23.640+0000] {logging_mixin.py:188} INFO - [2025-07-23T23:42:23.633+0000] {dagbag.py:538} INFO - Filling up the DagBag from /opt/airflow/dags/main.py
[2025-07-23T23:42:24.530+0000] {processor.py:840} INFO - DAG(s) 'TechAndUrbanGrowth' retrieved from /opt/airflow/dags/main.py
[2025-07-23T23:42:25.019+0000] {logging_mixin.py:188} INFO - [2025-07-23T23:42:25.019+0000] {dag.py:3036} INFO - Sync 1 DAGs
[2025-07-23T23:42:25.314+0000] {logging_mixin.py:188} INFO - [2025-07-23T23:42:25.313+0000] {dag.py:3823} INFO - Setting next_dagrun for TechAndUrbanGrowth to 2025-07-23 00:00:00+00:00, run_after=2025-07-24 00:00:00+00:00
[2025-07-23T23:42:25.417+0000] {processor.py:183} INFO - Processing /opt/airflow/dags/main.py took 1.889 seconds
[2025-07-23T23:42:55.869+0000] {processor.py:161} INFO - Started process (PID=236) to work on /opt/airflow/dags/main.py
[2025-07-23T23:42:55.873+0000] {processor.py:830} INFO - Processing file /opt/airflow/dags/main.py for tasks to queue
[2025-07-23T23:42:55.876+0000] {logging_mixin.py:188} INFO - [2025-07-23T23:42:55.875+0000] {dagbag.py:538} INFO - Filling up the DagBag from /opt/airflow/dags/main.py
[2025-07-23T23:42:56.281+0000] {processor.py:840} INFO - DAG(s) 'TechAndUrbanGrowth' retrieved from /opt/airflow/dags/main.py
[2025-07-23T23:42:56.366+0000] {logging_mixin.py:188} INFO - [2025-07-23T23:42:56.365+0000] {dag.py:3036} INFO - Sync 1 DAGs
[2025-07-23T23:42:56.524+0000] {logging_mixin.py:188} INFO - [2025-07-23T23:42:56.523+0000] {dag.py:3823} INFO - Setting next_dagrun for TechAndUrbanGrowth to 2025-07-23 00:00:00+00:00, run_after=2025-07-24 00:00:00+00:00
[2025-07-23T23:42:56.611+0000] {processor.py:183} INFO - Processing /opt/airflow/dags/main.py took 0.750 seconds
[2025-07-23T23:43:27.039+0000] {processor.py:161} INFO - Started process (PID=241) to work on /opt/airflow/dags/main.py
[2025-07-23T23:43:27.042+0000] {processor.py:830} INFO - Processing file /opt/airflow/dags/main.py for tasks to queue
[2025-07-23T23:43:27.048+0000] {logging_mixin.py:188} INFO - [2025-07-23T23:43:27.044+0000] {dagbag.py:538} INFO - Filling up the DagBag from /opt/airflow/dags/main.py
[2025-07-23T23:43:27.312+0000] {processor.py:840} INFO - DAG(s) 'TechAndUrbanGrowth' retrieved from /opt/airflow/dags/main.py
[2025-07-23T23:43:27.374+0000] {logging_mixin.py:188} INFO - [2025-07-23T23:43:27.373+0000] {dag.py:3036} INFO - Sync 1 DAGs
[2025-07-23T23:43:27.457+0000] {logging_mixin.py:188} INFO - [2025-07-23T23:43:27.456+0000] {dag.py:3823} INFO - Setting next_dagrun for TechAndUrbanGrowth to 2025-07-23 00:00:00+00:00, run_after=2025-07-24 00:00:00+00:00
[2025-07-23T23:43:27.569+0000] {processor.py:183} INFO - Processing /opt/airflow/dags/main.py took 0.544 seconds
[2025-07-23T23:43:58.365+0000] {processor.py:161} INFO - Started process (PID=246) to work on /opt/airflow/dags/main.py
[2025-07-23T23:43:58.370+0000] {processor.py:830} INFO - Processing file /opt/airflow/dags/main.py for tasks to queue
[2025-07-23T23:43:58.377+0000] {logging_mixin.py:188} INFO - [2025-07-23T23:43:58.374+0000] {dagbag.py:538} INFO - Filling up the DagBag from /opt/airflow/dags/main.py
[2025-07-23T23:43:58.840+0000] {processor.py:840} INFO - DAG(s) 'TechAndUrbanGrowth' retrieved from /opt/airflow/dags/main.py
[2025-07-23T23:43:59.061+0000] {logging_mixin.py:188} INFO - [2025-07-23T23:43:59.061+0000] {dag.py:3036} INFO - Sync 1 DAGs
[2025-07-23T23:43:59.234+0000] {logging_mixin.py:188} INFO - [2025-07-23T23:43:59.233+0000] {dag.py:3823} INFO - Setting next_dagrun for TechAndUrbanGrowth to 2025-07-23 00:00:00+00:00, run_after=2025-07-24 00:00:00+00:00
[2025-07-23T23:43:59.368+0000] {processor.py:183} INFO - Processing /opt/airflow/dags/main.py took 1.036 seconds
[2025-07-23T23:44:29.810+0000] {processor.py:161} INFO - Started process (PID=251) to work on /opt/airflow/dags/main.py
[2025-07-23T23:44:29.819+0000] {processor.py:830} INFO - Processing file /opt/airflow/dags/main.py for tasks to queue
[2025-07-23T23:44:29.826+0000] {logging_mixin.py:188} INFO - [2025-07-23T23:44:29.823+0000] {dagbag.py:538} INFO - Filling up the DagBag from /opt/airflow/dags/main.py
[2025-07-23T23:44:30.343+0000] {processor.py:840} INFO - DAG(s) 'TechAndUrbanGrowth' retrieved from /opt/airflow/dags/main.py
[2025-07-23T23:44:30.564+0000] {logging_mixin.py:188} INFO - [2025-07-23T23:44:30.564+0000] {dag.py:3036} INFO - Sync 1 DAGs
[2025-07-23T23:44:30.680+0000] {logging_mixin.py:188} INFO - [2025-07-23T23:44:30.680+0000] {dag.py:3823} INFO - Setting next_dagrun for TechAndUrbanGrowth to 2025-07-23 00:00:00+00:00, run_after=2025-07-24 00:00:00+00:00
[2025-07-23T23:44:30.799+0000] {processor.py:183} INFO - Processing /opt/airflow/dags/main.py took 1.020 seconds
[2025-07-23T23:45:01.183+0000] {processor.py:161} INFO - Started process (PID=256) to work on /opt/airflow/dags/main.py
[2025-07-23T23:45:01.188+0000] {processor.py:830} INFO - Processing file /opt/airflow/dags/main.py for tasks to queue
[2025-07-23T23:45:01.192+0000] {logging_mixin.py:188} INFO - [2025-07-23T23:45:01.191+0000] {dagbag.py:538} INFO - Filling up the DagBag from /opt/airflow/dags/main.py
[2025-07-23T23:45:01.742+0000] {processor.py:840} INFO - DAG(s) 'TechAndUrbanGrowth' retrieved from /opt/airflow/dags/main.py
[2025-07-23T23:45:01.867+0000] {logging_mixin.py:188} INFO - [2025-07-23T23:45:01.867+0000] {dag.py:3036} INFO - Sync 1 DAGs
[2025-07-23T23:45:01.929+0000] {logging_mixin.py:188} INFO - [2025-07-23T23:45:01.929+0000] {dag.py:3823} INFO - Setting next_dagrun for TechAndUrbanGrowth to 2025-07-23 00:00:00+00:00, run_after=2025-07-24 00:00:00+00:00
[2025-07-23T23:45:01.986+0000] {processor.py:183} INFO - Processing /opt/airflow/dags/main.py took 0.808 seconds
[2025-07-23T23:45:32.881+0000] {processor.py:161} INFO - Started process (PID=261) to work on /opt/airflow/dags/main.py
[2025-07-23T23:45:32.911+0000] {processor.py:830} INFO - Processing file /opt/airflow/dags/main.py for tasks to queue
[2025-07-23T23:45:32.926+0000] {logging_mixin.py:188} INFO - [2025-07-23T23:45:32.919+0000] {dagbag.py:538} INFO - Filling up the DagBag from /opt/airflow/dags/main.py
[2025-07-23T23:45:33.924+0000] {processor.py:840} INFO - DAG(s) 'TechAndUrbanGrowth' retrieved from /opt/airflow/dags/main.py
[2025-07-23T23:45:34.327+0000] {logging_mixin.py:188} INFO - [2025-07-23T23:45:34.326+0000] {dag.py:3036} INFO - Sync 1 DAGs
[2025-07-23T23:45:34.633+0000] {logging_mixin.py:188} INFO - [2025-07-23T23:45:34.632+0000] {dag.py:3823} INFO - Setting next_dagrun for TechAndUrbanGrowth to 2025-07-23 00:00:00+00:00, run_after=2025-07-24 00:00:00+00:00
[2025-07-23T23:45:34.822+0000] {processor.py:183} INFO - Processing /opt/airflow/dags/main.py took 2.008 seconds
[2025-07-23T23:46:05.313+0000] {processor.py:161} INFO - Started process (PID=266) to work on /opt/airflow/dags/main.py
[2025-07-23T23:46:05.333+0000] {processor.py:830} INFO - Processing file /opt/airflow/dags/main.py for tasks to queue
[2025-07-23T23:46:05.342+0000] {logging_mixin.py:188} INFO - [2025-07-23T23:46:05.338+0000] {dagbag.py:538} INFO - Filling up the DagBag from /opt/airflow/dags/main.py
[2025-07-23T23:46:05.984+0000] {processor.py:840} INFO - DAG(s) 'TechAndUrbanGrowth' retrieved from /opt/airflow/dags/main.py
[2025-07-23T23:46:06.465+0000] {logging_mixin.py:188} INFO - [2025-07-23T23:46:06.465+0000] {dag.py:3036} INFO - Sync 1 DAGs
[2025-07-23T23:46:06.916+0000] {logging_mixin.py:188} INFO - [2025-07-23T23:46:06.915+0000] {dag.py:3823} INFO - Setting next_dagrun for TechAndUrbanGrowth to 2025-07-23 00:00:00+00:00, run_after=2025-07-24 00:00:00+00:00
[2025-07-23T23:46:07.054+0000] {processor.py:183} INFO - Processing /opt/airflow/dags/main.py took 1.806 seconds
[2025-07-23T23:46:37.685+0000] {processor.py:161} INFO - Started process (PID=271) to work on /opt/airflow/dags/main.py
[2025-07-23T23:46:37.703+0000] {processor.py:830} INFO - Processing file /opt/airflow/dags/main.py for tasks to queue
[2025-07-23T23:46:37.714+0000] {logging_mixin.py:188} INFO - [2025-07-23T23:46:37.711+0000] {dagbag.py:538} INFO - Filling up the DagBag from /opt/airflow/dags/main.py
[2025-07-23T23:46:38.652+0000] {processor.py:840} INFO - DAG(s) 'TechAndUrbanGrowth' retrieved from /opt/airflow/dags/main.py
[2025-07-23T23:46:38.930+0000] {logging_mixin.py:188} INFO - [2025-07-23T23:46:38.929+0000] {dag.py:3036} INFO - Sync 1 DAGs
[2025-07-23T23:46:39.275+0000] {logging_mixin.py:188} INFO - [2025-07-23T23:46:39.274+0000] {dag.py:3823} INFO - Setting next_dagrun for TechAndUrbanGrowth to 2025-07-23 00:00:00+00:00, run_after=2025-07-24 00:00:00+00:00
[2025-07-23T23:46:39.517+0000] {processor.py:183} INFO - Processing /opt/airflow/dags/main.py took 1.920 seconds
[2025-07-23T23:47:10.515+0000] {processor.py:161} INFO - Started process (PID=276) to work on /opt/airflow/dags/main.py
[2025-07-23T23:47:10.544+0000] {processor.py:830} INFO - Processing file /opt/airflow/dags/main.py for tasks to queue
[2025-07-23T23:47:10.563+0000] {logging_mixin.py:188} INFO - [2025-07-23T23:47:10.556+0000] {dagbag.py:538} INFO - Filling up the DagBag from /opt/airflow/dags/main.py
[2025-07-23T23:47:12.921+0000] {processor.py:840} INFO - DAG(s) 'TechAndUrbanGrowth' retrieved from /opt/airflow/dags/main.py
[2025-07-23T23:47:13.698+0000] {logging_mixin.py:188} INFO - [2025-07-23T23:47:13.697+0000] {dag.py:3036} INFO - Sync 1 DAGs
[2025-07-23T23:47:13.991+0000] {logging_mixin.py:188} INFO - [2025-07-23T23:47:13.990+0000] {dag.py:3823} INFO - Setting next_dagrun for TechAndUrbanGrowth to 2025-07-23 00:00:00+00:00, run_after=2025-07-24 00:00:00+00:00
[2025-07-23T23:47:14.083+0000] {processor.py:183} INFO - Processing /opt/airflow/dags/main.py took 3.647 seconds
[2025-07-23T23:47:45.520+0000] {processor.py:161} INFO - Started process (PID=281) to work on /opt/airflow/dags/main.py
[2025-07-23T23:47:45.601+0000] {processor.py:830} INFO - Processing file /opt/airflow/dags/main.py for tasks to queue
[2025-07-23T23:47:45.646+0000] {logging_mixin.py:188} INFO - [2025-07-23T23:47:45.621+0000] {dagbag.py:538} INFO - Filling up the DagBag from /opt/airflow/dags/main.py
[2025-07-23T23:47:48.514+0000] {processor.py:840} INFO - DAG(s) 'TechAndUrbanGrowth' retrieved from /opt/airflow/dags/main.py
[2025-07-23T23:47:49.332+0000] {logging_mixin.py:188} INFO - [2025-07-23T23:47:49.332+0000] {dag.py:3036} INFO - Sync 1 DAGs
[2025-07-23T23:47:50.048+0000] {logging_mixin.py:188} INFO - [2025-07-23T23:47:50.045+0000] {dag.py:3823} INFO - Setting next_dagrun for TechAndUrbanGrowth to 2025-07-23 00:00:00+00:00, run_after=2025-07-24 00:00:00+00:00
[2025-07-23T23:47:50.449+0000] {processor.py:183} INFO - Processing /opt/airflow/dags/main.py took 5.163 seconds
[2025-07-23T23:48:21.187+0000] {processor.py:161} INFO - Started process (PID=286) to work on /opt/airflow/dags/main.py
[2025-07-23T23:48:21.214+0000] {processor.py:830} INFO - Processing file /opt/airflow/dags/main.py for tasks to queue
[2025-07-23T23:48:21.232+0000] {logging_mixin.py:188} INFO - [2025-07-23T23:48:21.227+0000] {dagbag.py:538} INFO - Filling up the DagBag from /opt/airflow/dags/main.py
[2025-07-23T23:48:22.606+0000] {processor.py:840} INFO - DAG(s) 'TechAndUrbanGrowth' retrieved from /opt/airflow/dags/main.py
[2025-07-23T23:48:23.011+0000] {logging_mixin.py:188} INFO - [2025-07-23T23:48:23.010+0000] {dag.py:3036} INFO - Sync 1 DAGs
[2025-07-23T23:48:23.276+0000] {logging_mixin.py:188} INFO - [2025-07-23T23:48:23.276+0000] {dag.py:3823} INFO - Setting next_dagrun for TechAndUrbanGrowth to 2025-07-23 00:00:00+00:00, run_after=2025-07-24 00:00:00+00:00
[2025-07-23T23:48:23.426+0000] {processor.py:183} INFO - Processing /opt/airflow/dags/main.py took 2.299 seconds
[2025-07-23T23:48:54.485+0000] {processor.py:161} INFO - Started process (PID=291) to work on /opt/airflow/dags/main.py
[2025-07-23T23:48:54.492+0000] {processor.py:830} INFO - Processing file /opt/airflow/dags/main.py for tasks to queue
[2025-07-23T23:48:54.499+0000] {logging_mixin.py:188} INFO - [2025-07-23T23:48:54.495+0000] {dagbag.py:538} INFO - Filling up the DagBag from /opt/airflow/dags/main.py
[2025-07-23T23:48:55.030+0000] {processor.py:840} INFO - DAG(s) 'TechAndUrbanGrowth' retrieved from /opt/airflow/dags/main.py
[2025-07-23T23:48:55.188+0000] {logging_mixin.py:188} INFO - [2025-07-23T23:48:55.188+0000] {dag.py:3036} INFO - Sync 1 DAGs
[2025-07-23T23:48:55.374+0000] {logging_mixin.py:188} INFO - [2025-07-23T23:48:55.373+0000] {dag.py:3823} INFO - Setting next_dagrun for TechAndUrbanGrowth to 2025-07-23 00:00:00+00:00, run_after=2025-07-24 00:00:00+00:00
[2025-07-23T23:48:55.480+0000] {processor.py:183} INFO - Processing /opt/airflow/dags/main.py took 1.030 seconds
[2025-07-23T23:49:26.125+0000] {processor.py:161} INFO - Started process (PID=296) to work on /opt/airflow/dags/main.py
[2025-07-23T23:49:26.141+0000] {processor.py:830} INFO - Processing file /opt/airflow/dags/main.py for tasks to queue
[2025-07-23T23:49:26.157+0000] {logging_mixin.py:188} INFO - [2025-07-23T23:49:26.151+0000] {dagbag.py:538} INFO - Filling up the DagBag from /opt/airflow/dags/main.py
[2025-07-23T23:49:27.316+0000] {processor.py:840} INFO - DAG(s) 'TechAndUrbanGrowth' retrieved from /opt/airflow/dags/main.py
[2025-07-23T23:49:27.612+0000] {logging_mixin.py:188} INFO - [2025-07-23T23:49:27.612+0000] {dag.py:3036} INFO - Sync 1 DAGs
[2025-07-23T23:49:27.808+0000] {logging_mixin.py:188} INFO - [2025-07-23T23:49:27.808+0000] {dag.py:3823} INFO - Setting next_dagrun for TechAndUrbanGrowth to 2025-07-23 00:00:00+00:00, run_after=2025-07-24 00:00:00+00:00
[2025-07-23T23:49:27.922+0000] {processor.py:183} INFO - Processing /opt/airflow/dags/main.py took 1.878 seconds
[2025-07-23T23:49:58.546+0000] {processor.py:161} INFO - Started process (PID=301) to work on /opt/airflow/dags/main.py
[2025-07-23T23:49:58.560+0000] {processor.py:830} INFO - Processing file /opt/airflow/dags/main.py for tasks to queue
[2025-07-23T23:49:58.567+0000] {logging_mixin.py:188} INFO - [2025-07-23T23:49:58.564+0000] {dagbag.py:538} INFO - Filling up the DagBag from /opt/airflow/dags/main.py
[2025-07-23T23:49:59.107+0000] {processor.py:840} INFO - DAG(s) 'TechAndUrbanGrowth' retrieved from /opt/airflow/dags/main.py
[2025-07-23T23:49:59.328+0000] {logging_mixin.py:188} INFO - [2025-07-23T23:49:59.327+0000] {dag.py:3036} INFO - Sync 1 DAGs
[2025-07-23T23:49:59.437+0000] {logging_mixin.py:188} INFO - [2025-07-23T23:49:59.436+0000] {dag.py:3823} INFO - Setting next_dagrun for TechAndUrbanGrowth to 2025-07-23 00:00:00+00:00, run_after=2025-07-24 00:00:00+00:00
[2025-07-23T23:49:59.520+0000] {processor.py:183} INFO - Processing /opt/airflow/dags/main.py took 1.014 seconds
[2025-07-23T23:50:30.048+0000] {processor.py:161} INFO - Started process (PID=306) to work on /opt/airflow/dags/main.py
[2025-07-23T23:50:30.052+0000] {processor.py:830} INFO - Processing file /opt/airflow/dags/main.py for tasks to queue
[2025-07-23T23:50:30.055+0000] {logging_mixin.py:188} INFO - [2025-07-23T23:50:30.054+0000] {dagbag.py:538} INFO - Filling up the DagBag from /opt/airflow/dags/main.py
[2025-07-23T23:50:30.272+0000] {processor.py:840} INFO - DAG(s) 'TechAndUrbanGrowth' retrieved from /opt/airflow/dags/main.py
[2025-07-23T23:50:30.348+0000] {logging_mixin.py:188} INFO - [2025-07-23T23:50:30.348+0000] {dag.py:3036} INFO - Sync 1 DAGs
[2025-07-23T23:50:30.414+0000] {logging_mixin.py:188} INFO - [2025-07-23T23:50:30.414+0000] {dag.py:3823} INFO - Setting next_dagrun for TechAndUrbanGrowth to 2025-07-23 00:00:00+00:00, run_after=2025-07-24 00:00:00+00:00
[2025-07-23T23:50:30.462+0000] {processor.py:183} INFO - Processing /opt/airflow/dags/main.py took 0.423 seconds
[2025-07-23T23:51:01.038+0000] {processor.py:161} INFO - Started process (PID=311) to work on /opt/airflow/dags/main.py
[2025-07-23T23:51:01.043+0000] {processor.py:830} INFO - Processing file /opt/airflow/dags/main.py for tasks to queue
[2025-07-23T23:51:01.052+0000] {logging_mixin.py:188} INFO - [2025-07-23T23:51:01.048+0000] {dagbag.py:538} INFO - Filling up the DagBag from /opt/airflow/dags/main.py
[2025-07-23T23:51:01.635+0000] {processor.py:840} INFO - DAG(s) 'TechAndUrbanGrowth' retrieved from /opt/airflow/dags/main.py
[2025-07-23T23:51:01.867+0000] {logging_mixin.py:188} INFO - [2025-07-23T23:51:01.866+0000] {dag.py:3036} INFO - Sync 1 DAGs
[2025-07-23T23:51:02.136+0000] {logging_mixin.py:188} INFO - [2025-07-23T23:51:02.133+0000] {dag.py:3823} INFO - Setting next_dagrun for TechAndUrbanGrowth to 2025-07-23 00:00:00+00:00, run_after=2025-07-24 00:00:00+00:00
[2025-07-23T23:51:02.225+0000] {processor.py:183} INFO - Processing /opt/airflow/dags/main.py took 1.207 seconds
[2025-07-23T23:51:32.629+0000] {processor.py:161} INFO - Started process (PID=316) to work on /opt/airflow/dags/main.py
[2025-07-23T23:51:32.633+0000] {processor.py:830} INFO - Processing file /opt/airflow/dags/main.py for tasks to queue
[2025-07-23T23:51:32.635+0000] {logging_mixin.py:188} INFO - [2025-07-23T23:51:32.635+0000] {dagbag.py:538} INFO - Filling up the DagBag from /opt/airflow/dags/main.py
[2025-07-23T23:51:32.910+0000] {processor.py:840} INFO - DAG(s) 'TechAndUrbanGrowth' retrieved from /opt/airflow/dags/main.py
[2025-07-23T23:51:32.991+0000] {logging_mixin.py:188} INFO - [2025-07-23T23:51:32.990+0000] {dag.py:3036} INFO - Sync 1 DAGs
[2025-07-23T23:51:33.029+0000] {logging_mixin.py:188} INFO - [2025-07-23T23:51:33.029+0000] {dag.py:3823} INFO - Setting next_dagrun for TechAndUrbanGrowth to 2025-07-23 00:00:00+00:00, run_after=2025-07-24 00:00:00+00:00
[2025-07-23T23:51:33.070+0000] {processor.py:183} INFO - Processing /opt/airflow/dags/main.py took 0.448 seconds
[2025-07-23T23:52:03.539+0000] {processor.py:161} INFO - Started process (PID=321) to work on /opt/airflow/dags/main.py
[2025-07-23T23:52:03.546+0000] {processor.py:830} INFO - Processing file /opt/airflow/dags/main.py for tasks to queue
[2025-07-23T23:52:03.555+0000] {logging_mixin.py:188} INFO - [2025-07-23T23:52:03.550+0000] {dagbag.py:538} INFO - Filling up the DagBag from /opt/airflow/dags/main.py
[2025-07-23T23:52:04.410+0000] {processor.py:840} INFO - DAG(s) 'TechAndUrbanGrowth' retrieved from /opt/airflow/dags/main.py
[2025-07-23T23:52:04.725+0000] {logging_mixin.py:188} INFO - [2025-07-23T23:52:04.725+0000] {dag.py:3036} INFO - Sync 1 DAGs
[2025-07-23T23:52:04.909+0000] {logging_mixin.py:188} INFO - [2025-07-23T23:52:04.909+0000] {dag.py:3823} INFO - Setting next_dagrun for TechAndUrbanGrowth to 2025-07-23 00:00:00+00:00, run_after=2025-07-24 00:00:00+00:00
[2025-07-23T23:52:04.992+0000] {processor.py:183} INFO - Processing /opt/airflow/dags/main.py took 1.533 seconds
[2025-07-23T23:52:35.452+0000] {processor.py:161} INFO - Started process (PID=326) to work on /opt/airflow/dags/main.py
[2025-07-23T23:52:35.457+0000] {processor.py:830} INFO - Processing file /opt/airflow/dags/main.py for tasks to queue
[2025-07-23T23:52:35.462+0000] {logging_mixin.py:188} INFO - [2025-07-23T23:52:35.460+0000] {dagbag.py:538} INFO - Filling up the DagBag from /opt/airflow/dags/main.py
[2025-07-23T23:52:35.847+0000] {processor.py:840} INFO - DAG(s) 'TechAndUrbanGrowth' retrieved from /opt/airflow/dags/main.py
[2025-07-23T23:52:35.904+0000] {logging_mixin.py:188} INFO - [2025-07-23T23:52:35.903+0000] {dag.py:3036} INFO - Sync 1 DAGs
[2025-07-23T23:52:35.964+0000] {logging_mixin.py:188} INFO - [2025-07-23T23:52:35.963+0000] {dag.py:3823} INFO - Setting next_dagrun for TechAndUrbanGrowth to 2025-07-23 00:00:00+00:00, run_after=2025-07-24 00:00:00+00:00
[2025-07-23T23:52:36.012+0000] {processor.py:183} INFO - Processing /opt/airflow/dags/main.py took 0.576 seconds
[2025-07-23T23:53:06.222+0000] {processor.py:161} INFO - Started process (PID=331) to work on /opt/airflow/dags/main.py
[2025-07-23T23:53:06.226+0000] {processor.py:830} INFO - Processing file /opt/airflow/dags/main.py for tasks to queue
[2025-07-23T23:53:06.229+0000] {logging_mixin.py:188} INFO - [2025-07-23T23:53:06.228+0000] {dagbag.py:538} INFO - Filling up the DagBag from /opt/airflow/dags/main.py
[2025-07-23T23:53:06.562+0000] {processor.py:840} INFO - DAG(s) 'TechAndUrbanGrowth' retrieved from /opt/airflow/dags/main.py
[2025-07-23T23:53:06.621+0000] {logging_mixin.py:188} INFO - [2025-07-23T23:53:06.620+0000] {dag.py:3036} INFO - Sync 1 DAGs
[2025-07-23T23:53:06.662+0000] {logging_mixin.py:188} INFO - [2025-07-23T23:53:06.661+0000] {dag.py:3823} INFO - Setting next_dagrun for TechAndUrbanGrowth to 2025-07-23 00:00:00+00:00, run_after=2025-07-24 00:00:00+00:00
[2025-07-23T23:53:06.721+0000] {processor.py:183} INFO - Processing /opt/airflow/dags/main.py took 0.512 seconds
[2025-07-23T23:53:37.140+0000] {processor.py:161} INFO - Started process (PID=336) to work on /opt/airflow/dags/main.py
[2025-07-23T23:53:37.144+0000] {processor.py:830} INFO - Processing file /opt/airflow/dags/main.py for tasks to queue
[2025-07-23T23:53:37.147+0000] {logging_mixin.py:188} INFO - [2025-07-23T23:53:37.146+0000] {dagbag.py:538} INFO - Filling up the DagBag from /opt/airflow/dags/main.py
[2025-07-23T23:53:37.430+0000] {processor.py:840} INFO - DAG(s) 'TechAndUrbanGrowth' retrieved from /opt/airflow/dags/main.py
[2025-07-23T23:53:37.509+0000] {logging_mixin.py:188} INFO - [2025-07-23T23:53:37.508+0000] {dag.py:3036} INFO - Sync 1 DAGs
[2025-07-23T23:53:37.620+0000] {logging_mixin.py:188} INFO - [2025-07-23T23:53:37.619+0000] {dag.py:3823} INFO - Setting next_dagrun for TechAndUrbanGrowth to 2025-07-23 00:00:00+00:00, run_after=2025-07-24 00:00:00+00:00
[2025-07-23T23:53:37.687+0000] {processor.py:183} INFO - Processing /opt/airflow/dags/main.py took 0.553 seconds
[2025-07-23T23:54:08.030+0000] {processor.py:161} INFO - Started process (PID=341) to work on /opt/airflow/dags/main.py
[2025-07-23T23:54:08.036+0000] {processor.py:830} INFO - Processing file /opt/airflow/dags/main.py for tasks to queue
[2025-07-23T23:54:08.041+0000] {logging_mixin.py:188} INFO - [2025-07-23T23:54:08.040+0000] {dagbag.py:538} INFO - Filling up the DagBag from /opt/airflow/dags/main.py
[2025-07-23T23:54:08.461+0000] {processor.py:840} INFO - DAG(s) 'TechAndUrbanGrowth' retrieved from /opt/airflow/dags/main.py
[2025-07-23T23:54:08.549+0000] {logging_mixin.py:188} INFO - [2025-07-23T23:54:08.548+0000] {dag.py:3036} INFO - Sync 1 DAGs
[2025-07-23T23:54:08.603+0000] {logging_mixin.py:188} INFO - [2025-07-23T23:54:08.602+0000] {dag.py:3823} INFO - Setting next_dagrun for TechAndUrbanGrowth to 2025-07-23 00:00:00+00:00, run_after=2025-07-24 00:00:00+00:00
[2025-07-23T23:54:08.648+0000] {processor.py:183} INFO - Processing /opt/airflow/dags/main.py took 0.648 seconds
[2025-07-23T23:54:39.252+0000] {processor.py:161} INFO - Started process (PID=346) to work on /opt/airflow/dags/main.py
[2025-07-23T23:54:39.262+0000] {processor.py:830} INFO - Processing file /opt/airflow/dags/main.py for tasks to queue
[2025-07-23T23:54:39.272+0000] {logging_mixin.py:188} INFO - [2025-07-23T23:54:39.270+0000] {dagbag.py:538} INFO - Filling up the DagBag from /opt/airflow/dags/main.py
[2025-07-23T23:54:39.799+0000] {processor.py:840} INFO - DAG(s) 'TechAndUrbanGrowth' retrieved from /opt/airflow/dags/main.py
[2025-07-23T23:54:39.951+0000] {logging_mixin.py:188} INFO - [2025-07-23T23:54:39.951+0000] {dag.py:3036} INFO - Sync 1 DAGs
[2025-07-23T23:54:40.165+0000] {logging_mixin.py:188} INFO - [2025-07-23T23:54:40.163+0000] {dag.py:3823} INFO - Setting next_dagrun for TechAndUrbanGrowth to 2025-07-23 00:00:00+00:00, run_after=2025-07-24 00:00:00+00:00
[2025-07-23T23:54:40.261+0000] {processor.py:183} INFO - Processing /opt/airflow/dags/main.py took 1.055 seconds
[2025-07-23T23:55:10.562+0000] {processor.py:161} INFO - Started process (PID=351) to work on /opt/airflow/dags/main.py
[2025-07-23T23:55:10.566+0000] {processor.py:830} INFO - Processing file /opt/airflow/dags/main.py for tasks to queue
[2025-07-23T23:55:10.569+0000] {logging_mixin.py:188} INFO - [2025-07-23T23:55:10.568+0000] {dagbag.py:538} INFO - Filling up the DagBag from /opt/airflow/dags/main.py
[2025-07-23T23:55:10.867+0000] {processor.py:840} INFO - DAG(s) 'TechAndUrbanGrowth' retrieved from /opt/airflow/dags/main.py
[2025-07-23T23:55:10.914+0000] {logging_mixin.py:188} INFO - [2025-07-23T23:55:10.913+0000] {dag.py:3036} INFO - Sync 1 DAGs
[2025-07-23T23:55:10.955+0000] {logging_mixin.py:188} INFO - [2025-07-23T23:55:10.955+0000] {dag.py:3823} INFO - Setting next_dagrun for TechAndUrbanGrowth to 2025-07-23 00:00:00+00:00, run_after=2025-07-24 00:00:00+00:00
[2025-07-23T23:55:10.995+0000] {processor.py:183} INFO - Processing /opt/airflow/dags/main.py took 0.447 seconds
[2025-07-23T23:57:41.151+0000] {processor.py:161} INFO - Started process (PID=167) to work on /opt/airflow/dags/main.py
[2025-07-23T23:57:41.192+0000] {processor.py:830} INFO - Processing file /opt/airflow/dags/main.py for tasks to queue
[2025-07-23T23:57:41.247+0000] {logging_mixin.py:188} INFO - [2025-07-23T23:57:41.215+0000] {dagbag.py:538} INFO - Filling up the DagBag from /opt/airflow/dags/main.py
[2025-07-23T23:57:43.937+0000] {processor.py:840} INFO - DAG(s) 'TechAndUrbanGrowth' retrieved from /opt/airflow/dags/main.py
[2025-07-23T23:57:44.492+0000] {logging_mixin.py:188} INFO - [2025-07-23T23:57:44.489+0000] {dag.py:3036} INFO - Sync 1 DAGs
[2025-07-23T23:57:44.962+0000] {logging_mixin.py:188} INFO - [2025-07-23T23:57:44.957+0000] {dag.py:3823} INFO - Setting next_dagrun for TechAndUrbanGrowth to 2025-07-22 00:00:00+00:00, run_after=2025-07-23 00:00:00+00:00
[2025-07-23T23:57:45.088+0000] {processor.py:183} INFO - Processing /opt/airflow/dags/main.py took 4.122 seconds
[2025-07-23T23:58:15.682+0000] {processor.py:161} INFO - Started process (PID=172) to work on /opt/airflow/dags/main.py
[2025-07-23T23:58:15.695+0000] {processor.py:830} INFO - Processing file /opt/airflow/dags/main.py for tasks to queue
[2025-07-23T23:58:15.705+0000] {logging_mixin.py:188} INFO - [2025-07-23T23:58:15.700+0000] {dagbag.py:538} INFO - Filling up the DagBag from /opt/airflow/dags/main.py
[2025-07-23T23:58:16.337+0000] {processor.py:840} INFO - DAG(s) 'TechAndUrbanGrowth' retrieved from /opt/airflow/dags/main.py
[2025-07-23T23:58:17.335+0000] {logging_mixin.py:188} INFO - [2025-07-23T23:58:17.334+0000] {dag.py:3036} INFO - Sync 1 DAGs
[2025-07-23T23:58:17.414+0000] {logging_mixin.py:188} INFO - [2025-07-23T23:58:17.413+0000] {dag.py:3823} INFO - Setting next_dagrun for TechAndUrbanGrowth to 2025-07-22 00:00:00+00:00, run_after=2025-07-23 00:00:00+00:00
[2025-07-23T23:58:17.478+0000] {processor.py:183} INFO - Processing /opt/airflow/dags/main.py took 1.857 seconds
[2025-07-23T23:58:48.313+0000] {processor.py:161} INFO - Started process (PID=177) to work on /opt/airflow/dags/main.py
[2025-07-23T23:58:48.343+0000] {processor.py:830} INFO - Processing file /opt/airflow/dags/main.py for tasks to queue
[2025-07-23T23:58:48.361+0000] {logging_mixin.py:188} INFO - [2025-07-23T23:58:48.355+0000] {dagbag.py:538} INFO - Filling up the DagBag from /opt/airflow/dags/main.py
[2025-07-23T23:58:49.438+0000] {processor.py:840} INFO - DAG(s) 'TechAndUrbanGrowth' retrieved from /opt/airflow/dags/main.py
[2025-07-23T23:58:49.680+0000] {logging_mixin.py:188} INFO - [2025-07-23T23:58:49.679+0000] {dag.py:3036} INFO - Sync 1 DAGs
[2025-07-23T23:58:49.917+0000] {logging_mixin.py:188} INFO - [2025-07-23T23:58:49.917+0000] {dag.py:3823} INFO - Setting next_dagrun for TechAndUrbanGrowth to 2025-07-22 00:00:00+00:00, run_after=2025-07-23 00:00:00+00:00
[2025-07-23T23:58:50.031+0000] {processor.py:183} INFO - Processing /opt/airflow/dags/main.py took 1.756 seconds
[2025-07-23T23:59:20.489+0000] {processor.py:161} INFO - Started process (PID=182) to work on /opt/airflow/dags/main.py
[2025-07-23T23:59:20.492+0000] {processor.py:830} INFO - Processing file /opt/airflow/dags/main.py for tasks to queue
[2025-07-23T23:59:20.495+0000] {logging_mixin.py:188} INFO - [2025-07-23T23:59:20.494+0000] {dagbag.py:538} INFO - Filling up the DagBag from /opt/airflow/dags/main.py
[2025-07-23T23:59:20.870+0000] {processor.py:840} INFO - DAG(s) 'TechAndUrbanGrowth' retrieved from /opt/airflow/dags/main.py
[2025-07-23T23:59:20.988+0000] {logging_mixin.py:188} INFO - [2025-07-23T23:59:20.987+0000] {dag.py:3036} INFO - Sync 1 DAGs
[2025-07-23T23:59:21.156+0000] {logging_mixin.py:188} INFO - [2025-07-23T23:59:21.156+0000] {dag.py:3823} INFO - Setting next_dagrun for TechAndUrbanGrowth to 2025-07-22 00:00:00+00:00, run_after=2025-07-23 00:00:00+00:00
[2025-07-23T23:59:21.255+0000] {processor.py:183} INFO - Processing /opt/airflow/dags/main.py took 0.774 seconds
[2025-07-23T23:59:51.763+0000] {processor.py:161} INFO - Started process (PID=187) to work on /opt/airflow/dags/main.py
[2025-07-23T23:59:51.766+0000] {processor.py:830} INFO - Processing file /opt/airflow/dags/main.py for tasks to queue
[2025-07-23T23:59:51.771+0000] {logging_mixin.py:188} INFO - [2025-07-23T23:59:51.769+0000] {dagbag.py:538} INFO - Filling up the DagBag from /opt/airflow/dags/main.py
[2025-07-23T23:59:52.128+0000] {processor.py:840} INFO - DAG(s) 'TechAndUrbanGrowth' retrieved from /opt/airflow/dags/main.py
[2025-07-23T23:59:52.203+0000] {logging_mixin.py:188} INFO - [2025-07-23T23:59:52.203+0000] {dag.py:3036} INFO - Sync 1 DAGs
[2025-07-23T23:59:52.273+0000] {logging_mixin.py:188} INFO - [2025-07-23T23:59:52.272+0000] {dag.py:3823} INFO - Setting next_dagrun for TechAndUrbanGrowth to 2025-07-22 00:00:00+00:00, run_after=2025-07-23 00:00:00+00:00
[2025-07-23T23:59:52.350+0000] {processor.py:183} INFO - Processing /opt/airflow/dags/main.py took 0.596 seconds
