[2025-07-24T02:30:23.832+0000] {taskinstance.py:1956} INFO - Dependencies all met for dep_context=non-requeueable deps ti=<TaskInstance: TechAndUrbanGrowth.ingestion_population_data manual__2025-07-24T02:30:16.843306+00:00 [queued]>
[2025-07-24T02:30:23.903+0000] {taskinstance.py:1956} INFO - Dependencies all met for dep_context=requeueable deps ti=<TaskInstance: TechAndUrbanGrowth.ingestion_population_data manual__2025-07-24T02:30:16.843306+00:00 [queued]>
[2025-07-24T02:30:23.908+0000] {taskinstance.py:2170} INFO - Starting attempt 1 of 2
[2025-07-24T02:30:24.014+0000] {taskinstance.py:2191} INFO - Executing <Task(PythonOperator): ingestion_population_data> on 2025-07-24 02:30:16.843306+00:00
[2025-07-24T02:30:24.043+0000] {standard_task_runner.py:60} INFO - Started process 1694 to run task
[2025-07-24T02:30:24.253+0000] {standard_task_runner.py:87} INFO - Running: ['***', 'tasks', 'run', 'TechAndUrbanGrowth', 'ingestion_population_data', 'manual__2025-07-24T02:30:16.843306+00:00', '--job-id', '80', '--raw', '--subdir', 'DAGS_FOLDER/main.py', '--cfg-path', '/tmp/tmpw64szoj1']
[2025-07-24T02:30:24.419+0000] {standard_task_runner.py:88} INFO - Job 80: Subtask ingestion_population_data
[2025-07-24T02:30:25.611+0000] {task_command.py:423} INFO - Running <TaskInstance: TechAndUrbanGrowth.ingestion_population_data manual__2025-07-24T02:30:16.843306+00:00 [running]> on host 4c8899e5e1ad
[2025-07-24T02:30:27.036+0000] {taskinstance.py:2480} INFO - Exporting env vars: AIRFLOW_CTX_DAG_OWNER='***' AIRFLOW_CTX_DAG_ID='TechAndUrbanGrowth' AIRFLOW_CTX_TASK_ID='ingestion_population_data' AIRFLOW_CTX_EXECUTION_DATE='2025-07-24T02:30:16.843306+00:00' AIRFLOW_CTX_TRY_NUMBER='1' AIRFLOW_CTX_DAG_RUN_ID='manual__2025-07-24T02:30:16.843306+00:00'
[2025-07-24T02:30:48.821+0000] {ingestion_3.py:34} INFO - ✔ Datos población obtenidos para ARG, registros: 65
[2025-07-24T02:31:10.378+0000] {ingestion_3.py:34} INFO - ✔ Datos población obtenidos para ATG, registros: 65
[2025-07-24T02:31:10.929+0000] {ingestion_3.py:34} INFO - ✔ Datos población obtenidos para BHS, registros: 65
[2025-07-24T02:31:11.511+0000] {ingestion_3.py:34} INFO - ✔ Datos población obtenidos para BRB, registros: 65
[2025-07-24T02:31:33.290+0000] {ingestion_3.py:34} INFO - ✔ Datos población obtenidos para BLZ, registros: 65
[2025-07-24T02:31:33.978+0000] {ingestion_3.py:34} INFO - ✔ Datos población obtenidos para BOL, registros: 65
[2025-07-24T02:31:34.713+0000] {ingestion_3.py:34} INFO - ✔ Datos población obtenidos para BRA, registros: 65
[2025-07-24T02:31:35.303+0000] {ingestion_3.py:34} INFO - ✔ Datos población obtenidos para CAN, registros: 65
[2025-07-24T02:31:35.908+0000] {ingestion_3.py:34} INFO - ✔ Datos población obtenidos para CHL, registros: 65
[2025-07-24T02:31:36.666+0000] {ingestion_3.py:34} INFO - ✔ Datos población obtenidos para COL, registros: 65
[2025-07-24T02:31:58.484+0000] {ingestion_3.py:34} INFO - ✔ Datos población obtenidos para CRI, registros: 65
[2025-07-24T02:32:20.010+0000] {ingestion_3.py:34} INFO - ✔ Datos población obtenidos para CUB, registros: 65
[2025-07-24T02:32:41.541+0000] {ingestion_3.py:34} INFO - ✔ Datos población obtenidos para DMA, registros: 65
[2025-07-24T02:32:42.133+0000] {ingestion_3.py:34} INFO - ✔ Datos población obtenidos para DOM, registros: 65
[2025-07-24T02:33:03.706+0000] {ingestion_3.py:34} INFO - ✔ Datos población obtenidos para ECU, registros: 65
[2025-07-24T02:33:04.532+0000] {ingestion_3.py:34} INFO - ✔ Datos población obtenidos para SLV, registros: 65
[2025-07-24T02:33:05.132+0000] {ingestion_3.py:34} INFO - ✔ Datos población obtenidos para GRD, registros: 65
[2025-07-24T02:33:05.684+0000] {ingestion_3.py:34} INFO - ✔ Datos población obtenidos para GTM, registros: 65
[2025-07-24T02:33:27.188+0000] {ingestion_3.py:34} INFO - ✔ Datos población obtenidos para GUY, registros: 65
[2025-07-24T02:33:27.682+0000] {ingestion_3.py:34} INFO - ✔ Datos población obtenidos para HTI, registros: 65
[2025-07-24T02:33:28.133+0000] {ingestion_3.py:34} INFO - ✔ Datos población obtenidos para HND, registros: 65
[2025-07-24T02:33:28.627+0000] {ingestion_3.py:34} INFO - ✔ Datos población obtenidos para JAM, registros: 65
[2025-07-24T02:33:28.923+0000] {ingestion_3.py:34} INFO - ✔ Datos población obtenidos para MEX, registros: 65
[2025-07-24T02:33:29.361+0000] {ingestion_3.py:34} INFO - ✔ Datos población obtenidos para NIC, registros: 65
[2025-07-24T02:33:50.906+0000] {ingestion_3.py:34} INFO - ✔ Datos población obtenidos para PAN, registros: 65
[2025-07-24T02:33:51.350+0000] {ingestion_3.py:34} INFO - ✔ Datos población obtenidos para PRY, registros: 65
[2025-07-24T02:33:51.814+0000] {ingestion_3.py:34} INFO - ✔ Datos población obtenidos para PER, registros: 65
[2025-07-24T02:34:13.308+0000] {ingestion_3.py:34} INFO - ✔ Datos población obtenidos para KNA, registros: 65
[2025-07-24T02:34:13.928+0000] {ingestion_3.py:34} INFO - ✔ Datos población obtenidos para LCA, registros: 65
[2025-07-24T02:34:14.359+0000] {ingestion_3.py:34} INFO - ✔ Datos población obtenidos para VCT, registros: 65
[2025-07-24T02:34:14.927+0000] {ingestion_3.py:34} INFO - ✔ Datos población obtenidos para SUR, registros: 65
[2025-07-24T02:34:15.354+0000] {ingestion_3.py:34} INFO - ✔ Datos población obtenidos para TTO, registros: 65
[2025-07-24T02:34:15.805+0000] {ingestion_3.py:34} INFO - ✔ Datos población obtenidos para URY, registros: 65
[2025-07-24T02:34:16.092+0000] {ingestion_3.py:34} INFO - ✔ Datos población obtenidos para USA, registros: 65
[2025-07-24T02:34:16.553+0000] {ingestion_3.py:34} INFO - ✔ Datos población obtenidos para VEN, registros: 65
[2025-07-24T02:34:17.101+0000] {ingestion_3.py:41} INFO - ✔ Total registros población obtenidos: 2275
[2025-07-24T02:34:17.123+0000] {python.py:201} INFO - Done. Returned value was: None
[2025-07-24T02:34:17.220+0000] {taskinstance.py:1138} INFO - Marking task as SUCCESS. dag_id=TechAndUrbanGrowth, task_id=ingestion_population_data, execution_date=20250724T023016, start_date=20250724T023023, end_date=20250724T023417
[2025-07-24T02:34:17.461+0000] {local_task_job_runner.py:234} INFO - Task exited with return code 0
[2025-07-24T02:34:17.663+0000] {taskinstance.py:3280} INFO - 1 downstream tasks scheduled from follow-on schedule check
