[2025-07-24T00:01:03.769+0000] {taskinstance.py:1956} INFO - Dependencies all met for dep_context=non-requeueable deps ti=<TaskInstance: TechAndUrbanGrowth.ingestion_urbanization_data scheduled__2025-07-23T00:00:00+00:00 [queued]>
[2025-07-24T00:01:03.868+0000] {taskinstance.py:1956} INFO - Dependencies all met for dep_context=requeueable deps ti=<TaskInstance: TechAndUrbanGrowth.ingestion_urbanization_data scheduled__2025-07-23T00:00:00+00:00 [queued]>
[2025-07-24T00:01:03.874+0000] {taskinstance.py:2170} INFO - Starting attempt 1 of 2
[2025-07-24T00:01:04.602+0000] {taskinstance.py:2191} INFO - Executing <Task(PythonOperator): ingestion_urbanization_data> on 2025-07-23 00:00:00+00:00
[2025-07-24T00:01:04.894+0000] {standard_task_runner.py:60} INFO - Started process 207 to run task
[2025-07-24T00:01:05.331+0000] {standard_task_runner.py:87} INFO - Running: ['***', 'tasks', 'run', 'TechAndUrbanGrowth', 'ingestion_urbanization_data', 'scheduled__2025-07-23T00:00:00+00:00', '--job-id', '2', '--raw', '--subdir', 'DAGS_FOLDER/main.py', '--cfg-path', '/tmp/tmpcs4wml4l']
[2025-07-24T00:01:05.579+0000] {standard_task_runner.py:88} INFO - Job 2: Subtask ingestion_urbanization_data
[2025-07-24T00:01:06.824+0000] {task_command.py:423} INFO - Running <TaskInstance: TechAndUrbanGrowth.ingestion_urbanization_data scheduled__2025-07-23T00:00:00+00:00 [running]> on host 42eccaba6988
[2025-07-24T00:01:08.065+0000] {taskinstance.py:2480} INFO - Exporting env vars: AIRFLOW_CTX_DAG_OWNER='***' AIRFLOW_CTX_DAG_ID='TechAndUrbanGrowth' AIRFLOW_CTX_TASK_ID='ingestion_urbanization_data' AIRFLOW_CTX_EXECUTION_DATE='2025-07-23T00:00:00+00:00' AIRFLOW_CTX_TRY_NUMBER='1' AIRFLOW_CTX_DAG_RUN_ID='scheduled__2025-07-23T00:00:00+00:00'
[2025-07-24T00:01:13.137+0000] {ingestion_2.py:31} INFO - ✔ Datos de urbanización obtenidos y almacenados
[2025-07-24T00:01:13.435+0000] {python.py:201} INFO - Done. Returned value was: None
[2025-07-24T00:01:14.382+0000] {taskinstance.py:1138} INFO - Marking task as SUCCESS. dag_id=TechAndUrbanGrowth, task_id=ingestion_urbanization_data, execution_date=20250723T000000, start_date=20250724T000103, end_date=20250724T000114
[2025-07-24T00:01:14.739+0000] {local_task_job_runner.py:234} INFO - Task exited with return code 0
[2025-07-24T00:01:15.610+0000] {taskinstance.py:3280} INFO - 1 downstream tasks scheduled from follow-on schedule check
[2025-07-24T00:22:17.360+0000] {taskinstance.py:1956} INFO - Dependencies all met for dep_context=non-requeueable deps ti=<TaskInstance: TechAndUrbanGrowth.ingestion_urbanization_data scheduled__2025-07-23T00:00:00+00:00 [queued]>
[2025-07-24T00:22:17.447+0000] {taskinstance.py:1956} INFO - Dependencies all met for dep_context=requeueable deps ti=<TaskInstance: TechAndUrbanGrowth.ingestion_urbanization_data scheduled__2025-07-23T00:00:00+00:00 [queued]>
[2025-07-24T00:22:17.453+0000] {taskinstance.py:2170} INFO - Starting attempt 1 of 2
[2025-07-24T00:22:17.579+0000] {taskinstance.py:2191} INFO - Executing <Task(PythonOperator): ingestion_urbanization_data> on 2025-07-23 00:00:00+00:00
[2025-07-24T00:22:17.766+0000] {standard_task_runner.py:60} INFO - Started process 232 to run task
[2025-07-24T00:22:17.996+0000] {standard_task_runner.py:87} INFO - Running: ['***', 'tasks', 'run', 'TechAndUrbanGrowth', 'ingestion_urbanization_data', 'scheduled__2025-07-23T00:00:00+00:00', '--job-id', '2', '--raw', '--subdir', 'DAGS_FOLDER/main.py', '--cfg-path', '/tmp/tmp29uj1unl']
[2025-07-24T00:22:18.117+0000] {standard_task_runner.py:88} INFO - Job 2: Subtask ingestion_urbanization_data
[2025-07-24T00:22:20.544+0000] {task_command.py:423} INFO - Running <TaskInstance: TechAndUrbanGrowth.ingestion_urbanization_data scheduled__2025-07-23T00:00:00+00:00 [running]> on host 4c8899e5e1ad
[2025-07-24T00:22:26.449+0000] {taskinstance.py:2480} INFO - Exporting env vars: AIRFLOW_CTX_DAG_OWNER='***' AIRFLOW_CTX_DAG_ID='TechAndUrbanGrowth' AIRFLOW_CTX_TASK_ID='ingestion_urbanization_data' AIRFLOW_CTX_EXECUTION_DATE='2025-07-23T00:00:00+00:00' AIRFLOW_CTX_TRY_NUMBER='1' AIRFLOW_CTX_DAG_RUN_ID='scheduled__2025-07-23T00:00:00+00:00'
[2025-07-24T00:22:48.946+0000] {ingestion_2.py:31} INFO - ✔ Datos de urbanización obtenidos y almacenados
[2025-07-24T00:22:48.968+0000] {python.py:201} INFO - Done. Returned value was: None
[2025-07-24T00:22:49.021+0000] {taskinstance.py:1138} INFO - Marking task as SUCCESS. dag_id=TechAndUrbanGrowth, task_id=ingestion_urbanization_data, execution_date=20250723T000000, start_date=20250724T002217, end_date=20250724T002249
[2025-07-24T00:22:49.174+0000] {local_task_job_runner.py:234} INFO - Task exited with return code 0
[2025-07-24T00:22:49.471+0000] {taskinstance.py:3280} INFO - 1 downstream tasks scheduled from follow-on schedule check
