[2025-07-24T00:01:29.302+0000] {taskinstance.py:1956} INFO - Dependencies all met for dep_context=non-requeueable deps ti=<TaskInstance: TechAndUrbanGrowth.transform_air_quality_data manual__2025-07-24T00:00:52.362117+00:00 [queued]>
[2025-07-24T00:01:29.382+0000] {taskinstance.py:1956} INFO - Dependencies all met for dep_context=requeueable deps ti=<TaskInstance: TechAndUrbanGrowth.transform_air_quality_data manual__2025-07-24T00:00:52.362117+00:00 [queued]>
[2025-07-24T00:01:29.385+0000] {taskinstance.py:2170} INFO - Starting attempt 1 of 2
[2025-07-24T00:01:29.551+0000] {taskinstance.py:2191} INFO - Executing <Task(PythonOperator): transform_air_quality_data> on 2025-07-24 00:00:52.362117+00:00
[2025-07-24T00:01:29.577+0000] {standard_task_runner.py:60} INFO - Started process 237 to run task
[2025-07-24T00:01:29.623+0000] {standard_task_runner.py:87} INFO - Running: ['***', 'tasks', 'run', 'TechAndUrbanGrowth', 'transform_air_quality_data', 'manual__2025-07-24T00:00:52.362117+00:00', '--job-id', '13', '--raw', '--subdir', 'DAGS_FOLDER/main.py', '--cfg-path', '/tmp/tmpkfnzreyz']
[2025-07-24T00:01:29.635+0000] {standard_task_runner.py:88} INFO - Job 13: Subtask transform_air_quality_data
[2025-07-24T00:01:30.090+0000] {task_command.py:423} INFO - Running <TaskInstance: TechAndUrbanGrowth.transform_air_quality_data manual__2025-07-24T00:00:52.362117+00:00 [running]> on host 42eccaba6988
[2025-07-24T00:01:30.396+0000] {taskinstance.py:2480} INFO - Exporting env vars: AIRFLOW_CTX_DAG_OWNER='***' AIRFLOW_CTX_DAG_ID='TechAndUrbanGrowth' AIRFLOW_CTX_TASK_ID='transform_air_quality_data' AIRFLOW_CTX_EXECUTION_DATE='2025-07-24T00:00:52.362117+00:00' AIRFLOW_CTX_TRY_NUMBER='1' AIRFLOW_CTX_DAG_RUN_ID='manual__2025-07-24T00:00:52.362117+00:00'
[2025-07-24T00:01:30.438+0000] {transform_1.py:58} INFO - ✔ Transformado dato calidad aire 0 para Buenos Aires
[2025-07-24T00:01:30.443+0000] {transform_1.py:58} INFO - ✔ Transformado dato calidad aire 1 para St. John's
[2025-07-24T00:01:30.448+0000] {transform_1.py:58} INFO - ✔ Transformado dato calidad aire 2 para Nassau
[2025-07-24T00:01:30.450+0000] {transform_1.py:58} INFO - ✔ Transformado dato calidad aire 3 para Bridgetown
[2025-07-24T00:01:30.451+0000] {transform_1.py:58} INFO - ✔ Transformado dato calidad aire 4 para Belmopan
[2025-07-24T00:01:30.452+0000] {transform_1.py:58} INFO - ✔ Transformado dato calidad aire 5 para Sucre
[2025-07-24T00:01:30.454+0000] {transform_1.py:58} INFO - ✔ Transformado dato calidad aire 6 para Brasilia
[2025-07-24T00:01:30.455+0000] {transform_1.py:58} INFO - ✔ Transformado dato calidad aire 7 para Ottawa
[2025-07-24T00:01:30.456+0000] {transform_1.py:58} INFO - ✔ Transformado dato calidad aire 8 para Santiago
[2025-07-24T00:01:30.457+0000] {transform_1.py:58} INFO - ✔ Transformado dato calidad aire 9 para Bogotá
[2025-07-24T00:01:30.458+0000] {transform_1.py:58} INFO - ✔ Transformado dato calidad aire 10 para San José
[2025-07-24T00:01:30.459+0000] {transform_1.py:58} INFO - ✔ Transformado dato calidad aire 11 para Havana
[2025-07-24T00:01:30.460+0000] {transform_1.py:58} INFO - ✔ Transformado dato calidad aire 12 para Roseau
[2025-07-24T00:01:30.462+0000] {transform_1.py:58} INFO - ✔ Transformado dato calidad aire 13 para Santo Domingo
[2025-07-24T00:01:30.463+0000] {transform_1.py:58} INFO - ✔ Transformado dato calidad aire 14 para Quito
[2025-07-24T00:01:30.464+0000] {transform_1.py:58} INFO - ✔ Transformado dato calidad aire 15 para San Salvador
[2025-07-24T00:01:30.465+0000] {transform_1.py:58} INFO - ✔ Transformado dato calidad aire 16 para St. George's
[2025-07-24T00:01:30.466+0000] {transform_1.py:58} INFO - ✔ Transformado dato calidad aire 17 para Guatemala City
[2025-07-24T00:01:30.467+0000] {transform_1.py:58} INFO - ✔ Transformado dato calidad aire 18 para Georgetown
[2025-07-24T00:01:30.468+0000] {transform_1.py:58} INFO - ✔ Transformado dato calidad aire 19 para Port-au-Prince
[2025-07-24T00:01:30.469+0000] {transform_1.py:58} INFO - ✔ Transformado dato calidad aire 20 para Tegucigalpa
[2025-07-24T00:01:30.471+0000] {transform_1.py:58} INFO - ✔ Transformado dato calidad aire 21 para Kingston
[2025-07-24T00:01:30.472+0000] {transform_1.py:58} INFO - ✔ Transformado dato calidad aire 22 para Ciudad de México
[2025-07-24T00:01:30.473+0000] {transform_1.py:58} INFO - ✔ Transformado dato calidad aire 23 para Managua
[2025-07-24T00:01:30.475+0000] {transform_1.py:58} INFO - ✔ Transformado dato calidad aire 24 para Panama City
[2025-07-24T00:01:30.476+0000] {transform_1.py:58} INFO - ✔ Transformado dato calidad aire 25 para Asunción
[2025-07-24T00:01:30.477+0000] {transform_1.py:58} INFO - ✔ Transformado dato calidad aire 26 para Lima
[2025-07-24T00:01:30.479+0000] {transform_1.py:58} INFO - ✔ Transformado dato calidad aire 27 para Basseterre
[2025-07-24T00:01:30.480+0000] {transform_1.py:58} INFO - ✔ Transformado dato calidad aire 28 para Castries
[2025-07-24T00:01:30.481+0000] {transform_1.py:58} INFO - ✔ Transformado dato calidad aire 29 para Kingstown
[2025-07-24T00:01:30.483+0000] {transform_1.py:58} INFO - ✔ Transformado dato calidad aire 30 para Paramaribo
[2025-07-24T00:01:30.484+0000] {transform_1.py:58} INFO - ✔ Transformado dato calidad aire 31 para Port of Spain
[2025-07-24T00:01:30.485+0000] {transform_1.py:58} INFO - ✔ Transformado dato calidad aire 32 para Montevideo
[2025-07-24T00:01:30.487+0000] {transform_1.py:58} INFO - ✔ Transformado dato calidad aire 33 para Washington
[2025-07-24T00:01:30.490+0000] {transform_1.py:58} INFO - ✔ Transformado dato calidad aire 34 para Caracas
[2025-07-24T00:01:30.689+0000] {python.py:201} INFO - Done. Returned value was: None
[2025-07-24T00:01:30.723+0000] {taskinstance.py:1138} INFO - Marking task as SUCCESS. dag_id=TechAndUrbanGrowth, task_id=transform_air_quality_data, execution_date=20250724T000052, start_date=20250724T000129, end_date=20250724T000130
[2025-07-24T00:01:30.793+0000] {local_task_job_runner.py:234} INFO - Task exited with return code 0
[2025-07-24T00:01:30.855+0000] {taskinstance.py:3280} INFO - 1 downstream tasks scheduled from follow-on schedule check
