[2025-07-23T23:28:06.625+0000] {taskinstance.py:1956} INFO - Dependencies all met for dep_context=non-requeueable deps ti=<TaskInstance: TechAndUrbanGrowth.load_all_to_mongo scheduled__2025-07-22T00:00:00+00:00 [queued]>
[2025-07-23T23:28:06.644+0000] {taskinstance.py:1956} INFO - Dependencies all met for dep_context=requeueable deps ti=<TaskInstance: TechAndUrbanGrowth.load_all_to_mongo scheduled__2025-07-22T00:00:00+00:00 [queued]>
[2025-07-23T23:28:06.645+0000] {taskinstance.py:2170} INFO - Starting attempt 1 of 2
[2025-07-23T23:28:06.669+0000] {taskinstance.py:2191} INFO - Executing <Task(PythonOperator): load_all_to_mongo> on 2025-07-22 00:00:00+00:00
[2025-07-23T23:28:06.679+0000] {standard_task_runner.py:60} INFO - Started process 187 to run task
[2025-07-23T23:28:06.685+0000] {standard_task_runner.py:87} INFO - Running: ['***', 'tasks', 'run', 'TechAndUrbanGrowth', 'load_all_to_mongo', 'scheduled__2025-07-22T00:00:00+00:00', '--job-id', '18', '--raw', '--subdir', 'DAGS_FOLDER/main.py', '--cfg-path', '/tmp/tmprfj44m3o']
[2025-07-23T23:28:06.691+0000] {standard_task_runner.py:88} INFO - Job 18: Subtask load_all_to_mongo
[2025-07-23T23:28:06.815+0000] {task_command.py:423} INFO - Running <TaskInstance: TechAndUrbanGrowth.load_all_to_mongo scheduled__2025-07-22T00:00:00+00:00 [running]> on host 835426bf55cb
[2025-07-23T23:28:06.981+0000] {taskinstance.py:2480} INFO - Exporting env vars: AIRFLOW_CTX_DAG_OWNER='***' AIRFLOW_CTX_DAG_ID='TechAndUrbanGrowth' AIRFLOW_CTX_TASK_ID='load_all_to_mongo' AIRFLOW_CTX_EXECUTION_DATE='2025-07-22T00:00:00+00:00' AIRFLOW_CTX_TRY_NUMBER='1' AIRFLOW_CTX_DAG_RUN_ID='scheduled__2025-07-22T00:00:00+00:00'
[2025-07-23T23:28:06.983+0000] {load_mongo.py:13} INFO - 📦 Conectando a MongoDB...
[2025-07-23T23:28:07.121+0000] {load_mongo.py:21} INFO - Datos urbanización recibidos: tipo=<class 'NoneType'>, cantidad=0
[2025-07-23T23:28:07.123+0000] {load_mongo.py:22} INFO - Datos calidad aire recibidos: tipo=<class 'list'>, cantidad=35
[2025-07-23T23:28:07.124+0000] {load_mongo.py:23} INFO - Datos población recibidos: tipo=<class 'list'>, cantidad=65
[2025-07-23T23:28:07.126+0000] {load_mongo.py:40} WARNING - ⚠️ No hay datos de urbanización para cargar
[2025-07-23T23:28:07.403+0000] {load_mongo.py:67} INFO - 💨 Calidad del aire: 35 registros upsertados
[2025-07-23T23:28:08.080+0000] {load_mongo.py:101} INFO - 📝 Resumen consolidado insertado: {'timestamp': '2025-07-23T23:28:07.969415', 'sources': ['population', 'urbanization', 'air_quality'], 'summary': {'population': 65, 'urbanization': 0, 'air_quality': 35, 'total_upserted': 100}, '_id': ObjectId('688170076bc1ad41ee3cc0e9')}
[2025-07-23T23:28:08.164+0000] {load_mongo.py:106} INFO - ✅ Carga finalizada con éxito: 100 registros upsertados
[2025-07-23T23:28:08.171+0000] {python.py:201} INFO - Done. Returned value was: None
[2025-07-23T23:28:08.231+0000] {taskinstance.py:1138} INFO - Marking task as SUCCESS. dag_id=TechAndUrbanGrowth, task_id=load_all_to_mongo, execution_date=20250722T000000, start_date=20250723T232806, end_date=20250723T232808
[2025-07-23T23:28:08.389+0000] {local_task_job_runner.py:234} INFO - Task exited with return code 0
[2025-07-23T23:28:08.472+0000] {taskinstance.py:3280} INFO - 1 downstream tasks scheduled from follow-on schedule check
