[2025-07-24T00:00:23.043+0000] {processor.py:161} INFO - Started process (PID=192) to work on /opt/airflow/dags/main.py
[2025-07-24T00:00:23.079+0000] {processor.py:830} INFO - Processing file /opt/airflow/dags/main.py for tasks to queue
[2025-07-24T00:00:23.094+0000] {logging_mixin.py:188} INFO - [2025-07-24T00:00:23.087+0000] {dagbag.py:538} INFO - Filling up the DagBag from /opt/airflow/dags/main.py
[2025-07-24T00:00:24.253+0000] {processor.py:840} INFO - DAG(s) 'TechAndUrbanGrowth' retrieved from /opt/airflow/dags/main.py
[2025-07-24T00:00:24.765+0000] {logging_mixin.py:188} INFO - [2025-07-24T00:00:24.764+0000] {dag.py:3036} INFO - Sync 1 DAGs
[2025-07-24T00:00:25.210+0000] {logging_mixin.py:188} INFO - [2025-07-24T00:00:25.208+0000] {dag.py:3823} INFO - Setting next_dagrun for TechAndUrbanGrowth to 2025-07-23 00:00:00+00:00, run_after=2025-07-24 00:00:00+00:00
[2025-07-24T00:00:25.422+0000] {processor.py:183} INFO - Processing /opt/airflow/dags/main.py took 2.507 seconds
[2025-07-24T00:00:57.755+0000] {processor.py:161} INFO - Started process (PID=203) to work on /opt/airflow/dags/main.py
[2025-07-24T00:00:57.836+0000] {processor.py:830} INFO - Processing file /opt/airflow/dags/main.py for tasks to queue
[2025-07-24T00:00:57.852+0000] {logging_mixin.py:188} INFO - [2025-07-24T00:00:57.844+0000] {dagbag.py:538} INFO - Filling up the DagBag from /opt/airflow/dags/main.py
[2025-07-24T00:01:01.567+0000] {processor.py:840} INFO - DAG(s) 'TechAndUrbanGrowth' retrieved from /opt/airflow/dags/main.py
[2025-07-24T00:01:03.568+0000] {logging_mixin.py:188} INFO - [2025-07-24T00:01:03.469+0000] {dag.py:3036} INFO - Sync 1 DAGs
[2025-07-24T00:01:05.596+0000] {logging_mixin.py:188} INFO - [2025-07-24T00:01:05.594+0000] {dag.py:3823} INFO - Setting next_dagrun for TechAndUrbanGrowth to 2025-07-24 00:00:00+00:00, run_after=2025-07-25 00:00:00+00:00
[2025-07-24T00:01:06.441+0000] {processor.py:183} INFO - Processing /opt/airflow/dags/main.py took 9.205 seconds
[2025-07-24T00:01:36.943+0000] {processor.py:161} INFO - Started process (PID=252) to work on /opt/airflow/dags/main.py
[2025-07-24T00:01:36.953+0000] {processor.py:830} INFO - Processing file /opt/airflow/dags/main.py for tasks to queue
[2025-07-24T00:01:36.963+0000] {logging_mixin.py:188} INFO - [2025-07-24T00:01:36.959+0000] {dagbag.py:538} INFO - Filling up the DagBag from /opt/airflow/dags/main.py
[2025-07-24T00:01:37.589+0000] {processor.py:840} INFO - DAG(s) 'TechAndUrbanGrowth' retrieved from /opt/airflow/dags/main.py
[2025-07-24T00:01:37.781+0000] {logging_mixin.py:188} INFO - [2025-07-24T00:01:37.781+0000] {dag.py:3036} INFO - Sync 1 DAGs
[2025-07-24T00:01:37.881+0000] {logging_mixin.py:188} INFO - [2025-07-24T00:01:37.880+0000] {dag.py:3823} INFO - Setting next_dagrun for TechAndUrbanGrowth to 2025-07-24 00:00:00+00:00, run_after=2025-07-25 00:00:00+00:00
[2025-07-24T00:01:38.005+0000] {processor.py:183} INFO - Processing /opt/airflow/dags/main.py took 1.114 seconds
[2025-07-24T00:02:08.208+0000] {processor.py:161} INFO - Started process (PID=263) to work on /opt/airflow/dags/main.py
[2025-07-24T00:02:08.221+0000] {processor.py:830} INFO - Processing file /opt/airflow/dags/main.py for tasks to queue
[2025-07-24T00:02:08.227+0000] {logging_mixin.py:188} INFO - [2025-07-24T00:02:08.224+0000] {dagbag.py:538} INFO - Filling up the DagBag from /opt/airflow/dags/main.py
[2025-07-24T00:02:08.746+0000] {processor.py:840} INFO - DAG(s) 'TechAndUrbanGrowth' retrieved from /opt/airflow/dags/main.py
[2025-07-24T00:02:08.872+0000] {logging_mixin.py:188} INFO - [2025-07-24T00:02:08.871+0000] {dag.py:3036} INFO - Sync 1 DAGs
[2025-07-24T00:02:08.969+0000] {logging_mixin.py:188} INFO - [2025-07-24T00:02:08.968+0000] {dag.py:3823} INFO - Setting next_dagrun for TechAndUrbanGrowth to 2025-07-24 00:00:00+00:00, run_after=2025-07-25 00:00:00+00:00
[2025-07-24T00:02:09.035+0000] {processor.py:183} INFO - Processing /opt/airflow/dags/main.py took 0.860 seconds
[2025-07-24T00:02:39.496+0000] {processor.py:161} INFO - Started process (PID=268) to work on /opt/airflow/dags/main.py
[2025-07-24T00:02:39.509+0000] {processor.py:830} INFO - Processing file /opt/airflow/dags/main.py for tasks to queue
[2025-07-24T00:02:39.512+0000] {logging_mixin.py:188} INFO - [2025-07-24T00:02:39.511+0000] {dagbag.py:538} INFO - Filling up the DagBag from /opt/airflow/dags/main.py
[2025-07-24T00:02:40.238+0000] {processor.py:840} INFO - DAG(s) 'TechAndUrbanGrowth' retrieved from /opt/airflow/dags/main.py
[2025-07-24T00:02:40.383+0000] {logging_mixin.py:188} INFO - [2025-07-24T00:02:40.382+0000] {dag.py:3036} INFO - Sync 1 DAGs
[2025-07-24T00:02:40.435+0000] {logging_mixin.py:188} INFO - [2025-07-24T00:02:40.434+0000] {dag.py:3823} INFO - Setting next_dagrun for TechAndUrbanGrowth to 2025-07-24 00:00:00+00:00, run_after=2025-07-25 00:00:00+00:00
[2025-07-24T00:02:40.472+0000] {processor.py:183} INFO - Processing /opt/airflow/dags/main.py took 0.985 seconds
[2025-07-24T00:03:11.782+0000] {processor.py:161} INFO - Started process (PID=273) to work on /opt/airflow/dags/main.py
[2025-07-24T00:03:11.803+0000] {processor.py:830} INFO - Processing file /opt/airflow/dags/main.py for tasks to queue
[2025-07-24T00:03:11.818+0000] {logging_mixin.py:188} INFO - [2025-07-24T00:03:11.812+0000] {dagbag.py:538} INFO - Filling up the DagBag from /opt/airflow/dags/main.py
[2025-07-24T00:03:13.132+0000] {processor.py:840} INFO - DAG(s) 'TechAndUrbanGrowth' retrieved from /opt/airflow/dags/main.py
[2025-07-24T00:03:13.508+0000] {logging_mixin.py:188} INFO - [2025-07-24T00:03:13.508+0000] {dag.py:3036} INFO - Sync 1 DAGs
[2025-07-24T00:03:13.670+0000] {logging_mixin.py:188} INFO - [2025-07-24T00:03:13.670+0000] {dag.py:3823} INFO - Setting next_dagrun for TechAndUrbanGrowth to 2025-07-24 00:00:00+00:00, run_after=2025-07-25 00:00:00+00:00
[2025-07-24T00:03:13.761+0000] {processor.py:183} INFO - Processing /opt/airflow/dags/main.py took 2.058 seconds
[2025-07-24T00:03:44.181+0000] {processor.py:161} INFO - Started process (PID=278) to work on /opt/airflow/dags/main.py
[2025-07-24T00:03:44.184+0000] {processor.py:830} INFO - Processing file /opt/airflow/dags/main.py for tasks to queue
[2025-07-24T00:03:44.187+0000] {logging_mixin.py:188} INFO - [2025-07-24T00:03:44.186+0000] {dagbag.py:538} INFO - Filling up the DagBag from /opt/airflow/dags/main.py
[2025-07-24T00:03:44.586+0000] {processor.py:840} INFO - DAG(s) 'TechAndUrbanGrowth' retrieved from /opt/airflow/dags/main.py
[2025-07-24T00:03:44.636+0000] {logging_mixin.py:188} INFO - [2025-07-24T00:03:44.636+0000] {dag.py:3036} INFO - Sync 1 DAGs
[2025-07-24T00:03:44.727+0000] {logging_mixin.py:188} INFO - [2025-07-24T00:03:44.726+0000] {dag.py:3823} INFO - Setting next_dagrun for TechAndUrbanGrowth to 2025-07-24 00:00:00+00:00, run_after=2025-07-25 00:00:00+00:00
[2025-07-24T00:03:44.799+0000] {processor.py:183} INFO - Processing /opt/airflow/dags/main.py took 0.624 seconds
[2025-07-24T00:04:15.205+0000] {processor.py:161} INFO - Started process (PID=283) to work on /opt/airflow/dags/main.py
[2025-07-24T00:04:15.207+0000] {processor.py:830} INFO - Processing file /opt/airflow/dags/main.py for tasks to queue
[2025-07-24T00:04:15.210+0000] {logging_mixin.py:188} INFO - [2025-07-24T00:04:15.209+0000] {dagbag.py:538} INFO - Filling up the DagBag from /opt/airflow/dags/main.py
[2025-07-24T00:04:15.446+0000] {processor.py:840} INFO - DAG(s) 'TechAndUrbanGrowth' retrieved from /opt/airflow/dags/main.py
[2025-07-24T00:04:15.503+0000] {logging_mixin.py:188} INFO - [2025-07-24T00:04:15.502+0000] {dag.py:3036} INFO - Sync 1 DAGs
[2025-07-24T00:04:15.557+0000] {logging_mixin.py:188} INFO - [2025-07-24T00:04:15.557+0000] {dag.py:3823} INFO - Setting next_dagrun for TechAndUrbanGrowth to 2025-07-24 00:00:00+00:00, run_after=2025-07-25 00:00:00+00:00
[2025-07-24T00:04:15.630+0000] {processor.py:183} INFO - Processing /opt/airflow/dags/main.py took 0.434 seconds
[2025-07-24T00:04:45.780+0000] {processor.py:161} INFO - Started process (PID=288) to work on /opt/airflow/dags/main.py
[2025-07-24T00:04:45.783+0000] {processor.py:830} INFO - Processing file /opt/airflow/dags/main.py for tasks to queue
[2025-07-24T00:04:45.785+0000] {logging_mixin.py:188} INFO - [2025-07-24T00:04:45.784+0000] {dagbag.py:538} INFO - Filling up the DagBag from /opt/airflow/dags/main.py
[2025-07-24T00:04:46.051+0000] {processor.py:840} INFO - DAG(s) 'TechAndUrbanGrowth' retrieved from /opt/airflow/dags/main.py
[2025-07-24T00:04:46.109+0000] {logging_mixin.py:188} INFO - [2025-07-24T00:04:46.108+0000] {dag.py:3036} INFO - Sync 1 DAGs
[2025-07-24T00:04:46.158+0000] {logging_mixin.py:188} INFO - [2025-07-24T00:04:46.157+0000] {dag.py:3823} INFO - Setting next_dagrun for TechAndUrbanGrowth to 2025-07-24 00:00:00+00:00, run_after=2025-07-25 00:00:00+00:00
[2025-07-24T00:04:46.198+0000] {processor.py:183} INFO - Processing /opt/airflow/dags/main.py took 0.425 seconds
[2025-07-24T00:05:16.616+0000] {processor.py:161} INFO - Started process (PID=293) to work on /opt/airflow/dags/main.py
[2025-07-24T00:05:16.625+0000] {processor.py:830} INFO - Processing file /opt/airflow/dags/main.py for tasks to queue
[2025-07-24T00:05:16.730+0000] {logging_mixin.py:188} INFO - [2025-07-24T00:05:16.721+0000] {dagbag.py:538} INFO - Filling up the DagBag from /opt/airflow/dags/main.py
[2025-07-24T00:05:17.814+0000] {processor.py:840} INFO - DAG(s) 'TechAndUrbanGrowth' retrieved from /opt/airflow/dags/main.py
[2025-07-24T00:05:18.121+0000] {logging_mixin.py:188} INFO - [2025-07-24T00:05:18.120+0000] {dag.py:3036} INFO - Sync 1 DAGs
[2025-07-24T00:05:18.291+0000] {logging_mixin.py:188} INFO - [2025-07-24T00:05:18.290+0000] {dag.py:3823} INFO - Setting next_dagrun for TechAndUrbanGrowth to 2025-07-24 00:00:00+00:00, run_after=2025-07-25 00:00:00+00:00
[2025-07-24T00:05:18.383+0000] {processor.py:183} INFO - Processing /opt/airflow/dags/main.py took 1.820 seconds
[2025-07-24T00:05:48.806+0000] {processor.py:161} INFO - Started process (PID=298) to work on /opt/airflow/dags/main.py
[2025-07-24T00:05:48.809+0000] {processor.py:830} INFO - Processing file /opt/airflow/dags/main.py for tasks to queue
[2025-07-24T00:05:48.811+0000] {logging_mixin.py:188} INFO - [2025-07-24T00:05:48.811+0000] {dagbag.py:538} INFO - Filling up the DagBag from /opt/airflow/dags/main.py
[2025-07-24T00:05:49.046+0000] {processor.py:840} INFO - DAG(s) 'TechAndUrbanGrowth' retrieved from /opt/airflow/dags/main.py
[2025-07-24T00:05:49.130+0000] {logging_mixin.py:188} INFO - [2025-07-24T00:05:49.128+0000] {dag.py:3036} INFO - Sync 1 DAGs
[2025-07-24T00:05:49.238+0000] {logging_mixin.py:188} INFO - [2025-07-24T00:05:49.237+0000] {dag.py:3823} INFO - Setting next_dagrun for TechAndUrbanGrowth to 2025-07-24 00:00:00+00:00, run_after=2025-07-25 00:00:00+00:00
[2025-07-24T00:05:49.301+0000] {processor.py:183} INFO - Processing /opt/airflow/dags/main.py took 0.502 seconds
[2025-07-24T00:06:19.715+0000] {processor.py:161} INFO - Started process (PID=303) to work on /opt/airflow/dags/main.py
[2025-07-24T00:06:19.719+0000] {processor.py:830} INFO - Processing file /opt/airflow/dags/main.py for tasks to queue
[2025-07-24T00:06:19.722+0000] {logging_mixin.py:188} INFO - [2025-07-24T00:06:19.721+0000] {dagbag.py:538} INFO - Filling up the DagBag from /opt/airflow/dags/main.py
[2025-07-24T00:06:20.074+0000] {processor.py:840} INFO - DAG(s) 'TechAndUrbanGrowth' retrieved from /opt/airflow/dags/main.py
[2025-07-24T00:06:20.174+0000] {logging_mixin.py:188} INFO - [2025-07-24T00:06:20.173+0000] {dag.py:3036} INFO - Sync 1 DAGs
[2025-07-24T00:06:20.282+0000] {logging_mixin.py:188} INFO - [2025-07-24T00:06:20.281+0000] {dag.py:3823} INFO - Setting next_dagrun for TechAndUrbanGrowth to 2025-07-24 00:00:00+00:00, run_after=2025-07-25 00:00:00+00:00
[2025-07-24T00:06:20.351+0000] {processor.py:183} INFO - Processing /opt/airflow/dags/main.py took 0.648 seconds
[2025-07-24T00:06:50.514+0000] {processor.py:161} INFO - Started process (PID=308) to work on /opt/airflow/dags/main.py
[2025-07-24T00:06:50.517+0000] {processor.py:830} INFO - Processing file /opt/airflow/dags/main.py for tasks to queue
[2025-07-24T00:06:50.520+0000] {logging_mixin.py:188} INFO - [2025-07-24T00:06:50.519+0000] {dagbag.py:538} INFO - Filling up the DagBag from /opt/airflow/dags/main.py
[2025-07-24T00:06:50.872+0000] {processor.py:840} INFO - DAG(s) 'TechAndUrbanGrowth' retrieved from /opt/airflow/dags/main.py
[2025-07-24T00:06:50.976+0000] {logging_mixin.py:188} INFO - [2025-07-24T00:06:50.975+0000] {dag.py:3036} INFO - Sync 1 DAGs
[2025-07-24T00:06:51.038+0000] {logging_mixin.py:188} INFO - [2025-07-24T00:06:51.037+0000] {dag.py:3823} INFO - Setting next_dagrun for TechAndUrbanGrowth to 2025-07-24 00:00:00+00:00, run_after=2025-07-25 00:00:00+00:00
[2025-07-24T00:06:51.087+0000] {processor.py:183} INFO - Processing /opt/airflow/dags/main.py took 0.581 seconds
[2025-07-24T00:07:21.505+0000] {processor.py:161} INFO - Started process (PID=313) to work on /opt/airflow/dags/main.py
[2025-07-24T00:07:21.509+0000] {processor.py:830} INFO - Processing file /opt/airflow/dags/main.py for tasks to queue
[2025-07-24T00:07:21.517+0000] {logging_mixin.py:188} INFO - [2025-07-24T00:07:21.516+0000] {dagbag.py:538} INFO - Filling up the DagBag from /opt/airflow/dags/main.py
[2025-07-24T00:07:21.777+0000] {processor.py:840} INFO - DAG(s) 'TechAndUrbanGrowth' retrieved from /opt/airflow/dags/main.py
[2025-07-24T00:07:21.864+0000] {logging_mixin.py:188} INFO - [2025-07-24T00:07:21.863+0000] {dag.py:3036} INFO - Sync 1 DAGs
[2025-07-24T00:07:21.945+0000] {logging_mixin.py:188} INFO - [2025-07-24T00:07:21.944+0000] {dag.py:3823} INFO - Setting next_dagrun for TechAndUrbanGrowth to 2025-07-24 00:00:00+00:00, run_after=2025-07-25 00:00:00+00:00
[2025-07-24T00:07:22.002+0000] {processor.py:183} INFO - Processing /opt/airflow/dags/main.py took 0.505 seconds
[2025-07-24T00:07:52.865+0000] {processor.py:161} INFO - Started process (PID=318) to work on /opt/airflow/dags/main.py
[2025-07-24T00:07:52.876+0000] {processor.py:830} INFO - Processing file /opt/airflow/dags/main.py for tasks to queue
[2025-07-24T00:07:52.883+0000] {logging_mixin.py:188} INFO - [2025-07-24T00:07:52.880+0000] {dagbag.py:538} INFO - Filling up the DagBag from /opt/airflow/dags/main.py
[2025-07-24T00:07:53.504+0000] {processor.py:840} INFO - DAG(s) 'TechAndUrbanGrowth' retrieved from /opt/airflow/dags/main.py
[2025-07-24T00:07:53.706+0000] {logging_mixin.py:188} INFO - [2025-07-24T00:07:53.705+0000] {dag.py:3036} INFO - Sync 1 DAGs
[2025-07-24T00:07:53.820+0000] {logging_mixin.py:188} INFO - [2025-07-24T00:07:53.819+0000] {dag.py:3823} INFO - Setting next_dagrun for TechAndUrbanGrowth to 2025-07-24 00:00:00+00:00, run_after=2025-07-25 00:00:00+00:00
[2025-07-24T00:07:53.910+0000] {processor.py:183} INFO - Processing /opt/airflow/dags/main.py took 1.088 seconds
[2025-07-24T00:08:24.208+0000] {processor.py:161} INFO - Started process (PID=323) to work on /opt/airflow/dags/main.py
[2025-07-24T00:08:24.211+0000] {processor.py:830} INFO - Processing file /opt/airflow/dags/main.py for tasks to queue
[2025-07-24T00:08:24.214+0000] {logging_mixin.py:188} INFO - [2025-07-24T00:08:24.213+0000] {dagbag.py:538} INFO - Filling up the DagBag from /opt/airflow/dags/main.py
[2025-07-24T00:08:24.436+0000] {processor.py:840} INFO - DAG(s) 'TechAndUrbanGrowth' retrieved from /opt/airflow/dags/main.py
[2025-07-24T00:08:24.488+0000] {logging_mixin.py:188} INFO - [2025-07-24T00:08:24.487+0000] {dag.py:3036} INFO - Sync 1 DAGs
[2025-07-24T00:08:24.521+0000] {logging_mixin.py:188} INFO - [2025-07-24T00:08:24.520+0000] {dag.py:3823} INFO - Setting next_dagrun for TechAndUrbanGrowth to 2025-07-24 00:00:00+00:00, run_after=2025-07-25 00:00:00+00:00
[2025-07-24T00:08:24.562+0000] {processor.py:183} INFO - Processing /opt/airflow/dags/main.py took 0.368 seconds
[2025-07-24T00:08:54.970+0000] {processor.py:161} INFO - Started process (PID=328) to work on /opt/airflow/dags/main.py
[2025-07-24T00:08:54.973+0000] {processor.py:830} INFO - Processing file /opt/airflow/dags/main.py for tasks to queue
[2025-07-24T00:08:54.977+0000] {logging_mixin.py:188} INFO - [2025-07-24T00:08:54.976+0000] {dagbag.py:538} INFO - Filling up the DagBag from /opt/airflow/dags/main.py
[2025-07-24T00:08:55.324+0000] {processor.py:840} INFO - DAG(s) 'TechAndUrbanGrowth' retrieved from /opt/airflow/dags/main.py
[2025-07-24T00:08:55.384+0000] {logging_mixin.py:188} INFO - [2025-07-24T00:08:55.383+0000] {dag.py:3036} INFO - Sync 1 DAGs
[2025-07-24T00:08:55.441+0000] {logging_mixin.py:188} INFO - [2025-07-24T00:08:55.441+0000] {dag.py:3823} INFO - Setting next_dagrun for TechAndUrbanGrowth to 2025-07-24 00:00:00+00:00, run_after=2025-07-25 00:00:00+00:00
[2025-07-24T00:08:55.484+0000] {processor.py:183} INFO - Processing /opt/airflow/dags/main.py took 0.529 seconds
[2025-07-24T00:09:25.956+0000] {processor.py:161} INFO - Started process (PID=333) to work on /opt/airflow/dags/main.py
[2025-07-24T00:09:25.961+0000] {processor.py:830} INFO - Processing file /opt/airflow/dags/main.py for tasks to queue
[2025-07-24T00:09:25.969+0000] {logging_mixin.py:188} INFO - [2025-07-24T00:09:25.965+0000] {dagbag.py:538} INFO - Filling up the DagBag from /opt/airflow/dags/main.py
[2025-07-24T00:09:26.486+0000] {processor.py:840} INFO - DAG(s) 'TechAndUrbanGrowth' retrieved from /opt/airflow/dags/main.py
[2025-07-24T00:09:26.701+0000] {logging_mixin.py:188} INFO - [2025-07-24T00:09:26.700+0000] {dag.py:3036} INFO - Sync 1 DAGs
[2025-07-24T00:09:26.836+0000] {logging_mixin.py:188} INFO - [2025-07-24T00:09:26.836+0000] {dag.py:3823} INFO - Setting next_dagrun for TechAndUrbanGrowth to 2025-07-24 00:00:00+00:00, run_after=2025-07-25 00:00:00+00:00
[2025-07-24T00:09:26.961+0000] {processor.py:183} INFO - Processing /opt/airflow/dags/main.py took 1.032 seconds
[2025-07-24T00:09:57.368+0000] {processor.py:161} INFO - Started process (PID=338) to work on /opt/airflow/dags/main.py
[2025-07-24T00:09:57.377+0000] {processor.py:830} INFO - Processing file /opt/airflow/dags/main.py for tasks to queue
[2025-07-24T00:09:57.387+0000] {logging_mixin.py:188} INFO - [2025-07-24T00:09:57.382+0000] {dagbag.py:538} INFO - Filling up the DagBag from /opt/airflow/dags/main.py
[2025-07-24T00:09:58.445+0000] {processor.py:840} INFO - DAG(s) 'TechAndUrbanGrowth' retrieved from /opt/airflow/dags/main.py
[2025-07-24T00:16:09.880+0000] {processor.py:161} INFO - Started process (PID=167) to work on /opt/airflow/dags/main.py
[2025-07-24T00:16:09.896+0000] {processor.py:830} INFO - Processing file /opt/airflow/dags/main.py for tasks to queue
[2025-07-24T00:16:09.907+0000] {logging_mixin.py:188} INFO - [2025-07-24T00:16:09.903+0000] {dagbag.py:538} INFO - Filling up the DagBag from /opt/airflow/dags/main.py
[2025-07-24T00:16:10.550+0000] {processor.py:840} INFO - DAG(s) 'TechAndUrbanGrowth' retrieved from /opt/airflow/dags/main.py
[2025-07-24T00:16:10.722+0000] {logging_mixin.py:188} INFO - [2025-07-24T00:16:10.721+0000] {dag.py:3036} INFO - Sync 1 DAGs
[2025-07-24T00:16:10.855+0000] {logging_mixin.py:188} INFO - [2025-07-24T00:16:10.854+0000] {dag.py:3823} INFO - Setting next_dagrun for TechAndUrbanGrowth to 2025-07-23 00:00:00+00:00, run_after=2025-07-24 00:00:00+00:00
[2025-07-24T00:16:10.949+0000] {processor.py:183} INFO - Processing /opt/airflow/dags/main.py took 1.132 seconds
[2025-07-24T00:16:41.292+0000] {processor.py:161} INFO - Started process (PID=172) to work on /opt/airflow/dags/main.py
[2025-07-24T00:16:41.303+0000] {processor.py:830} INFO - Processing file /opt/airflow/dags/main.py for tasks to queue
[2025-07-24T00:16:41.314+0000] {logging_mixin.py:188} INFO - [2025-07-24T00:16:41.310+0000] {dagbag.py:538} INFO - Filling up the DagBag from /opt/airflow/dags/main.py
[2025-07-24T00:16:42.699+0000] {processor.py:840} INFO - DAG(s) 'TechAndUrbanGrowth' retrieved from /opt/airflow/dags/main.py
[2025-07-24T00:16:44.327+0000] {logging_mixin.py:188} INFO - [2025-07-24T00:16:44.326+0000] {dag.py:3036} INFO - Sync 1 DAGs
[2025-07-24T00:16:44.418+0000] {logging_mixin.py:188} INFO - [2025-07-24T00:16:44.417+0000] {dag.py:3823} INFO - Setting next_dagrun for TechAndUrbanGrowth to 2025-07-23 00:00:00+00:00, run_after=2025-07-24 00:00:00+00:00
[2025-07-24T00:16:44.541+0000] {processor.py:183} INFO - Processing /opt/airflow/dags/main.py took 3.360 seconds
[2025-07-24T00:17:15.190+0000] {processor.py:161} INFO - Started process (PID=177) to work on /opt/airflow/dags/main.py
[2025-07-24T00:17:15.202+0000] {processor.py:830} INFO - Processing file /opt/airflow/dags/main.py for tasks to queue
[2025-07-24T00:17:15.215+0000] {logging_mixin.py:188} INFO - [2025-07-24T00:17:15.211+0000] {dagbag.py:538} INFO - Filling up the DagBag from /opt/airflow/dags/main.py
[2025-07-24T00:17:16.487+0000] {processor.py:840} INFO - DAG(s) 'TechAndUrbanGrowth' retrieved from /opt/airflow/dags/main.py
[2025-07-24T00:17:16.783+0000] {logging_mixin.py:188} INFO - [2025-07-24T00:17:16.782+0000] {dag.py:3036} INFO - Sync 1 DAGs
[2025-07-24T00:17:16.988+0000] {logging_mixin.py:188} INFO - [2025-07-24T00:17:16.987+0000] {dag.py:3823} INFO - Setting next_dagrun for TechAndUrbanGrowth to 2025-07-23 00:00:00+00:00, run_after=2025-07-24 00:00:00+00:00
[2025-07-24T00:17:17.116+0000] {processor.py:183} INFO - Processing /opt/airflow/dags/main.py took 1.965 seconds
[2025-07-24T00:17:47.623+0000] {processor.py:161} INFO - Started process (PID=182) to work on /opt/airflow/dags/main.py
[2025-07-24T00:17:47.628+0000] {processor.py:830} INFO - Processing file /opt/airflow/dags/main.py for tasks to queue
[2025-07-24T00:17:47.634+0000] {logging_mixin.py:188} INFO - [2025-07-24T00:17:47.632+0000] {dagbag.py:538} INFO - Filling up the DagBag from /opt/airflow/dags/main.py
[2025-07-24T00:17:48.282+0000] {processor.py:840} INFO - DAG(s) 'TechAndUrbanGrowth' retrieved from /opt/airflow/dags/main.py
[2025-07-24T00:17:48.751+0000] {logging_mixin.py:188} INFO - [2025-07-24T00:17:48.750+0000] {dag.py:3036} INFO - Sync 1 DAGs
[2025-07-24T00:17:48.940+0000] {logging_mixin.py:188} INFO - [2025-07-24T00:17:48.939+0000] {dag.py:3823} INFO - Setting next_dagrun for TechAndUrbanGrowth to 2025-07-23 00:00:00+00:00, run_after=2025-07-24 00:00:00+00:00
[2025-07-24T00:17:49.055+0000] {processor.py:183} INFO - Processing /opt/airflow/dags/main.py took 1.458 seconds
[2025-07-24T00:18:19.623+0000] {processor.py:161} INFO - Started process (PID=187) to work on /opt/airflow/dags/main.py
[2025-07-24T00:18:19.644+0000] {processor.py:830} INFO - Processing file /opt/airflow/dags/main.py for tasks to queue
[2025-07-24T00:18:19.673+0000] {logging_mixin.py:188} INFO - [2025-07-24T00:18:19.666+0000] {dagbag.py:538} INFO - Filling up the DagBag from /opt/airflow/dags/main.py
[2025-07-24T00:18:20.046+0000] {processor.py:840} INFO - DAG(s) 'TechAndUrbanGrowth' retrieved from /opt/airflow/dags/main.py
[2025-07-24T00:18:20.138+0000] {logging_mixin.py:188} INFO - [2025-07-24T00:18:20.137+0000] {dag.py:3036} INFO - Sync 1 DAGs
[2025-07-24T00:18:20.184+0000] {logging_mixin.py:188} INFO - [2025-07-24T00:18:20.184+0000] {dag.py:3823} INFO - Setting next_dagrun for TechAndUrbanGrowth to 2025-07-23 00:00:00+00:00, run_after=2025-07-24 00:00:00+00:00
[2025-07-24T00:18:20.223+0000] {processor.py:183} INFO - Processing /opt/airflow/dags/main.py took 0.722 seconds
[2025-07-24T00:18:50.590+0000] {processor.py:161} INFO - Started process (PID=192) to work on /opt/airflow/dags/main.py
[2025-07-24T00:18:50.593+0000] {processor.py:830} INFO - Processing file /opt/airflow/dags/main.py for tasks to queue
[2025-07-24T00:18:50.595+0000] {logging_mixin.py:188} INFO - [2025-07-24T00:18:50.595+0000] {dagbag.py:538} INFO - Filling up the DagBag from /opt/airflow/dags/main.py
[2025-07-24T00:18:50.887+0000] {processor.py:840} INFO - DAG(s) 'TechAndUrbanGrowth' retrieved from /opt/airflow/dags/main.py
[2025-07-24T00:18:50.946+0000] {logging_mixin.py:188} INFO - [2025-07-24T00:18:50.946+0000] {dag.py:3036} INFO - Sync 1 DAGs
[2025-07-24T00:18:50.983+0000] {logging_mixin.py:188} INFO - [2025-07-24T00:18:50.982+0000] {dag.py:3823} INFO - Setting next_dagrun for TechAndUrbanGrowth to 2025-07-23 00:00:00+00:00, run_after=2025-07-24 00:00:00+00:00
[2025-07-24T00:18:51.021+0000] {processor.py:183} INFO - Processing /opt/airflow/dags/main.py took 0.437 seconds
[2025-07-24T00:19:21.398+0000] {processor.py:161} INFO - Started process (PID=197) to work on /opt/airflow/dags/main.py
[2025-07-24T00:19:21.401+0000] {processor.py:830} INFO - Processing file /opt/airflow/dags/main.py for tasks to queue
[2025-07-24T00:19:21.403+0000] {logging_mixin.py:188} INFO - [2025-07-24T00:19:21.402+0000] {dagbag.py:538} INFO - Filling up the DagBag from /opt/airflow/dags/main.py
[2025-07-24T00:19:21.652+0000] {processor.py:840} INFO - DAG(s) 'TechAndUrbanGrowth' retrieved from /opt/airflow/dags/main.py
[2025-07-24T00:19:21.735+0000] {logging_mixin.py:188} INFO - [2025-07-24T00:19:21.735+0000] {dag.py:3036} INFO - Sync 1 DAGs
[2025-07-24T00:19:21.796+0000] {logging_mixin.py:188} INFO - [2025-07-24T00:19:21.795+0000] {dag.py:3823} INFO - Setting next_dagrun for TechAndUrbanGrowth to 2025-07-23 00:00:00+00:00, run_after=2025-07-24 00:00:00+00:00
[2025-07-24T00:19:21.857+0000] {processor.py:183} INFO - Processing /opt/airflow/dags/main.py took 0.465 seconds
[2025-07-24T00:19:52.263+0000] {processor.py:161} INFO - Started process (PID=202) to work on /opt/airflow/dags/main.py
[2025-07-24T00:19:52.266+0000] {processor.py:830} INFO - Processing file /opt/airflow/dags/main.py for tasks to queue
[2025-07-24T00:19:52.269+0000] {logging_mixin.py:188} INFO - [2025-07-24T00:19:52.268+0000] {dagbag.py:538} INFO - Filling up the DagBag from /opt/airflow/dags/main.py
[2025-07-24T00:19:52.579+0000] {processor.py:840} INFO - DAG(s) 'TechAndUrbanGrowth' retrieved from /opt/airflow/dags/main.py
[2025-07-24T00:19:52.662+0000] {logging_mixin.py:188} INFO - [2025-07-24T00:19:52.661+0000] {dag.py:3036} INFO - Sync 1 DAGs
[2025-07-24T00:19:52.740+0000] {logging_mixin.py:188} INFO - [2025-07-24T00:19:52.739+0000] {dag.py:3823} INFO - Setting next_dagrun for TechAndUrbanGrowth to 2025-07-23 00:00:00+00:00, run_after=2025-07-24 00:00:00+00:00
[2025-07-24T00:19:52.794+0000] {processor.py:183} INFO - Processing /opt/airflow/dags/main.py took 0.539 seconds
[2025-07-24T00:20:23.224+0000] {processor.py:161} INFO - Started process (PID=207) to work on /opt/airflow/dags/main.py
[2025-07-24T00:20:23.228+0000] {processor.py:830} INFO - Processing file /opt/airflow/dags/main.py for tasks to queue
[2025-07-24T00:20:23.232+0000] {logging_mixin.py:188} INFO - [2025-07-24T00:20:23.230+0000] {dagbag.py:538} INFO - Filling up the DagBag from /opt/airflow/dags/main.py
[2025-07-24T00:20:23.566+0000] {processor.py:840} INFO - DAG(s) 'TechAndUrbanGrowth' retrieved from /opt/airflow/dags/main.py
[2025-07-24T00:20:23.718+0000] {logging_mixin.py:188} INFO - [2025-07-24T00:20:23.716+0000] {dag.py:3036} INFO - Sync 1 DAGs
[2025-07-24T00:20:23.828+0000] {logging_mixin.py:188} INFO - [2025-07-24T00:20:23.828+0000] {dag.py:3823} INFO - Setting next_dagrun for TechAndUrbanGrowth to 2025-07-23 00:00:00+00:00, run_after=2025-07-24 00:00:00+00:00
[2025-07-24T00:20:23.879+0000] {processor.py:183} INFO - Processing /opt/airflow/dags/main.py took 0.671 seconds
[2025-07-24T00:20:54.295+0000] {processor.py:161} INFO - Started process (PID=212) to work on /opt/airflow/dags/main.py
[2025-07-24T00:20:54.302+0000] {processor.py:830} INFO - Processing file /opt/airflow/dags/main.py for tasks to queue
[2025-07-24T00:20:54.306+0000] {logging_mixin.py:188} INFO - [2025-07-24T00:20:54.305+0000] {dagbag.py:538} INFO - Filling up the DagBag from /opt/airflow/dags/main.py
[2025-07-24T00:20:54.687+0000] {processor.py:840} INFO - DAG(s) 'TechAndUrbanGrowth' retrieved from /opt/airflow/dags/main.py
[2025-07-24T00:20:54.757+0000] {logging_mixin.py:188} INFO - [2025-07-24T00:20:54.757+0000] {dag.py:3036} INFO - Sync 1 DAGs
[2025-07-24T00:20:54.828+0000] {logging_mixin.py:188} INFO - [2025-07-24T00:20:54.827+0000] {dag.py:3823} INFO - Setting next_dagrun for TechAndUrbanGrowth to 2025-07-23 00:00:00+00:00, run_after=2025-07-24 00:00:00+00:00
[2025-07-24T00:20:54.898+0000] {processor.py:183} INFO - Processing /opt/airflow/dags/main.py took 0.614 seconds
[2025-07-24T00:21:25.884+0000] {processor.py:161} INFO - Started process (PID=217) to work on /opt/airflow/dags/main.py
[2025-07-24T00:21:25.915+0000] {processor.py:830} INFO - Processing file /opt/airflow/dags/main.py for tasks to queue
[2025-07-24T00:21:25.933+0000] {logging_mixin.py:188} INFO - [2025-07-24T00:21:25.928+0000] {dagbag.py:538} INFO - Filling up the DagBag from /opt/airflow/dags/main.py
[2025-07-24T00:21:26.808+0000] {processor.py:840} INFO - DAG(s) 'TechAndUrbanGrowth' retrieved from /opt/airflow/dags/main.py
[2025-07-24T00:21:27.133+0000] {logging_mixin.py:188} INFO - [2025-07-24T00:21:27.132+0000] {dag.py:3036} INFO - Sync 1 DAGs
[2025-07-24T00:21:27.399+0000] {logging_mixin.py:188} INFO - [2025-07-24T00:21:27.398+0000] {dag.py:3823} INFO - Setting next_dagrun for TechAndUrbanGrowth to 2025-07-23 00:00:00+00:00, run_after=2025-07-24 00:00:00+00:00
[2025-07-24T00:21:27.526+0000] {processor.py:183} INFO - Processing /opt/airflow/dags/main.py took 1.751 seconds
[2025-07-24T00:21:58.466+0000] {processor.py:161} INFO - Started process (PID=222) to work on /opt/airflow/dags/main.py
[2025-07-24T00:21:58.481+0000] {processor.py:830} INFO - Processing file /opt/airflow/dags/main.py for tasks to queue
[2025-07-24T00:21:58.496+0000] {logging_mixin.py:188} INFO - [2025-07-24T00:21:58.490+0000] {dagbag.py:538} INFO - Filling up the DagBag from /opt/airflow/dags/main.py
[2025-07-24T00:22:00.353+0000] {processor.py:840} INFO - DAG(s) 'TechAndUrbanGrowth' retrieved from /opt/airflow/dags/main.py
[2025-07-24T00:22:01.566+0000] {logging_mixin.py:188} INFO - [2025-07-24T00:22:01.565+0000] {dag.py:3036} INFO - Sync 1 DAGs
[2025-07-24T00:22:02.154+0000] {logging_mixin.py:188} INFO - [2025-07-24T00:22:02.151+0000] {dag.py:3823} INFO - Setting next_dagrun for TechAndUrbanGrowth to 2025-07-23 00:00:00+00:00, run_after=2025-07-24 00:00:00+00:00
[2025-07-24T00:22:02.371+0000] {processor.py:183} INFO - Processing /opt/airflow/dags/main.py took 3.969 seconds
[2025-07-24T00:22:33.802+0000] {processor.py:161} INFO - Started process (PID=245) to work on /opt/airflow/dags/main.py
[2025-07-24T00:22:33.871+0000] {processor.py:830} INFO - Processing file /opt/airflow/dags/main.py for tasks to queue
[2025-07-24T00:22:33.893+0000] {logging_mixin.py:188} INFO - [2025-07-24T00:22:33.888+0000] {dagbag.py:538} INFO - Filling up the DagBag from /opt/airflow/dags/main.py
[2025-07-24T00:22:36.889+0000] {processor.py:840} INFO - DAG(s) 'TechAndUrbanGrowth' retrieved from /opt/airflow/dags/main.py
[2025-07-24T00:22:37.456+0000] {logging_mixin.py:188} INFO - [2025-07-24T00:22:37.455+0000] {dag.py:3036} INFO - Sync 1 DAGs
[2025-07-24T00:22:37.638+0000] {logging_mixin.py:188} INFO - [2025-07-24T00:22:37.637+0000] {dag.py:3823} INFO - Setting next_dagrun for TechAndUrbanGrowth to 2025-07-24 00:00:00+00:00, run_after=2025-07-25 00:00:00+00:00
[2025-07-24T00:22:37.743+0000] {processor.py:183} INFO - Processing /opt/airflow/dags/main.py took 4.263 seconds
[2025-07-24T00:23:08.403+0000] {processor.py:161} INFO - Started process (PID=288) to work on /opt/airflow/dags/main.py
[2025-07-24T00:23:08.407+0000] {processor.py:830} INFO - Processing file /opt/airflow/dags/main.py for tasks to queue
[2025-07-24T00:23:08.414+0000] {logging_mixin.py:188} INFO - [2025-07-24T00:23:08.412+0000] {dagbag.py:538} INFO - Filling up the DagBag from /opt/airflow/dags/main.py
[2025-07-24T00:23:08.766+0000] {processor.py:840} INFO - DAG(s) 'TechAndUrbanGrowth' retrieved from /opt/airflow/dags/main.py
[2025-07-24T00:23:08.885+0000] {logging_mixin.py:188} INFO - [2025-07-24T00:23:08.885+0000] {dag.py:3036} INFO - Sync 1 DAGs
[2025-07-24T00:23:08.947+0000] {logging_mixin.py:188} INFO - [2025-07-24T00:23:08.946+0000] {dag.py:3823} INFO - Setting next_dagrun for TechAndUrbanGrowth to 2025-07-24 00:00:00+00:00, run_after=2025-07-25 00:00:00+00:00
[2025-07-24T00:23:08.991+0000] {processor.py:183} INFO - Processing /opt/airflow/dags/main.py took 0.616 seconds
[2025-07-24T00:23:39.228+0000] {processor.py:161} INFO - Started process (PID=293) to work on /opt/airflow/dags/main.py
[2025-07-24T00:23:39.235+0000] {processor.py:830} INFO - Processing file /opt/airflow/dags/main.py for tasks to queue
[2025-07-24T00:23:39.241+0000] {logging_mixin.py:188} INFO - [2025-07-24T00:23:39.239+0000] {dagbag.py:538} INFO - Filling up the DagBag from /opt/airflow/dags/main.py
[2025-07-24T00:23:39.774+0000] {processor.py:840} INFO - DAG(s) 'TechAndUrbanGrowth' retrieved from /opt/airflow/dags/main.py
[2025-07-24T00:23:40.024+0000] {logging_mixin.py:188} INFO - [2025-07-24T00:23:40.023+0000] {dag.py:3036} INFO - Sync 1 DAGs
[2025-07-24T00:23:40.246+0000] {logging_mixin.py:188} INFO - [2025-07-24T00:23:40.245+0000] {dag.py:3823} INFO - Setting next_dagrun for TechAndUrbanGrowth to 2025-07-24 00:00:00+00:00, run_after=2025-07-25 00:00:00+00:00
[2025-07-24T00:23:40.358+0000] {processor.py:183} INFO - Processing /opt/airflow/dags/main.py took 1.158 seconds
[2025-07-24T00:24:10.796+0000] {processor.py:161} INFO - Started process (PID=298) to work on /opt/airflow/dags/main.py
[2025-07-24T00:24:10.825+0000] {processor.py:830} INFO - Processing file /opt/airflow/dags/main.py for tasks to queue
[2025-07-24T00:24:10.858+0000] {logging_mixin.py:188} INFO - [2025-07-24T00:24:10.852+0000] {dagbag.py:538} INFO - Filling up the DagBag from /opt/airflow/dags/main.py
[2025-07-24T00:24:11.934+0000] {processor.py:840} INFO - DAG(s) 'TechAndUrbanGrowth' retrieved from /opt/airflow/dags/main.py
[2025-07-24T00:24:12.280+0000] {logging_mixin.py:188} INFO - [2025-07-24T00:24:12.279+0000] {dag.py:3036} INFO - Sync 1 DAGs
[2025-07-24T00:24:12.517+0000] {logging_mixin.py:188} INFO - [2025-07-24T00:24:12.516+0000] {dag.py:3823} INFO - Setting next_dagrun for TechAndUrbanGrowth to 2025-07-24 00:00:00+00:00, run_after=2025-07-25 00:00:00+00:00
[2025-07-24T00:24:12.621+0000] {processor.py:183} INFO - Processing /opt/airflow/dags/main.py took 1.895 seconds
[2025-07-24T00:24:43.096+0000] {processor.py:161} INFO - Started process (PID=303) to work on /opt/airflow/dags/main.py
[2025-07-24T00:24:43.100+0000] {processor.py:830} INFO - Processing file /opt/airflow/dags/main.py for tasks to queue
[2025-07-24T00:24:43.103+0000] {logging_mixin.py:188} INFO - [2025-07-24T00:24:43.102+0000] {dagbag.py:538} INFO - Filling up the DagBag from /opt/airflow/dags/main.py
[2025-07-24T00:24:43.415+0000] {processor.py:840} INFO - DAG(s) 'TechAndUrbanGrowth' retrieved from /opt/airflow/dags/main.py
[2025-07-24T00:24:43.504+0000] {logging_mixin.py:188} INFO - [2025-07-24T00:24:43.504+0000] {dag.py:3036} INFO - Sync 1 DAGs
[2025-07-24T00:24:43.545+0000] {logging_mixin.py:188} INFO - [2025-07-24T00:24:43.543+0000] {dag.py:3823} INFO - Setting next_dagrun for TechAndUrbanGrowth to 2025-07-24 00:00:00+00:00, run_after=2025-07-25 00:00:00+00:00
[2025-07-24T00:24:43.620+0000] {processor.py:183} INFO - Processing /opt/airflow/dags/main.py took 0.531 seconds
[2025-07-24T00:25:14.060+0000] {processor.py:161} INFO - Started process (PID=308) to work on /opt/airflow/dags/main.py
[2025-07-24T00:25:14.063+0000] {processor.py:830} INFO - Processing file /opt/airflow/dags/main.py for tasks to queue
[2025-07-24T00:25:14.066+0000] {logging_mixin.py:188} INFO - [2025-07-24T00:25:14.066+0000] {dagbag.py:538} INFO - Filling up the DagBag from /opt/airflow/dags/main.py
[2025-07-24T00:25:14.418+0000] {processor.py:840} INFO - DAG(s) 'TechAndUrbanGrowth' retrieved from /opt/airflow/dags/main.py
[2025-07-24T00:25:14.508+0000] {logging_mixin.py:188} INFO - [2025-07-24T00:25:14.508+0000] {dag.py:3036} INFO - Sync 1 DAGs
[2025-07-24T00:25:14.559+0000] {logging_mixin.py:188} INFO - [2025-07-24T00:25:14.558+0000] {dag.py:3823} INFO - Setting next_dagrun for TechAndUrbanGrowth to 2025-07-24 00:00:00+00:00, run_after=2025-07-25 00:00:00+00:00
[2025-07-24T00:25:14.596+0000] {processor.py:183} INFO - Processing /opt/airflow/dags/main.py took 0.549 seconds
[2025-07-24T00:25:45.216+0000] {processor.py:161} INFO - Started process (PID=313) to work on /opt/airflow/dags/main.py
[2025-07-24T00:25:45.236+0000] {processor.py:830} INFO - Processing file /opt/airflow/dags/main.py for tasks to queue
[2025-07-24T00:25:45.253+0000] {logging_mixin.py:188} INFO - [2025-07-24T00:25:45.247+0000] {dagbag.py:538} INFO - Filling up the DagBag from /opt/airflow/dags/main.py
[2025-07-24T00:25:46.230+0000] {processor.py:840} INFO - DAG(s) 'TechAndUrbanGrowth' retrieved from /opt/airflow/dags/main.py
[2025-07-24T00:25:46.855+0000] {logging_mixin.py:188} INFO - [2025-07-24T00:25:46.854+0000] {dag.py:3036} INFO - Sync 1 DAGs
[2025-07-24T00:25:47.122+0000] {logging_mixin.py:188} INFO - [2025-07-24T00:25:47.120+0000] {dag.py:3823} INFO - Setting next_dagrun for TechAndUrbanGrowth to 2025-07-24 00:00:00+00:00, run_after=2025-07-25 00:00:00+00:00
[2025-07-24T00:25:47.246+0000] {processor.py:183} INFO - Processing /opt/airflow/dags/main.py took 2.142 seconds
[2025-07-24T00:26:18.569+0000] {processor.py:161} INFO - Started process (PID=318) to work on /opt/airflow/dags/main.py
[2025-07-24T00:26:18.575+0000] {processor.py:830} INFO - Processing file /opt/airflow/dags/main.py for tasks to queue
[2025-07-24T00:26:18.586+0000] {logging_mixin.py:188} INFO - [2025-07-24T00:26:18.581+0000] {dagbag.py:538} INFO - Filling up the DagBag from /opt/airflow/dags/main.py
[2025-07-24T00:26:19.588+0000] {processor.py:840} INFO - DAG(s) 'TechAndUrbanGrowth' retrieved from /opt/airflow/dags/main.py
[2025-07-24T00:26:19.992+0000] {logging_mixin.py:188} INFO - [2025-07-24T00:26:19.990+0000] {dag.py:3036} INFO - Sync 1 DAGs
[2025-07-24T00:26:20.376+0000] {logging_mixin.py:188} INFO - [2025-07-24T00:26:20.365+0000] {dag.py:3823} INFO - Setting next_dagrun for TechAndUrbanGrowth to 2025-07-24 00:00:00+00:00, run_after=2025-07-25 00:00:00+00:00
[2025-07-24T00:26:20.500+0000] {processor.py:183} INFO - Processing /opt/airflow/dags/main.py took 1.981 seconds
[2025-07-24T00:26:50.934+0000] {processor.py:161} INFO - Started process (PID=323) to work on /opt/airflow/dags/main.py
[2025-07-24T00:26:50.941+0000] {processor.py:830} INFO - Processing file /opt/airflow/dags/main.py for tasks to queue
[2025-07-24T00:26:50.944+0000] {logging_mixin.py:188} INFO - [2025-07-24T00:26:50.944+0000] {dagbag.py:538} INFO - Filling up the DagBag from /opt/airflow/dags/main.py
[2025-07-24T00:26:51.302+0000] {processor.py:840} INFO - DAG(s) 'TechAndUrbanGrowth' retrieved from /opt/airflow/dags/main.py
[2025-07-24T00:26:51.394+0000] {logging_mixin.py:188} INFO - [2025-07-24T00:26:51.394+0000] {dag.py:3036} INFO - Sync 1 DAGs
[2025-07-24T00:26:51.443+0000] {logging_mixin.py:188} INFO - [2025-07-24T00:26:51.442+0000] {dag.py:3823} INFO - Setting next_dagrun for TechAndUrbanGrowth to 2025-07-24 00:00:00+00:00, run_after=2025-07-25 00:00:00+00:00
[2025-07-24T00:26:51.495+0000] {processor.py:183} INFO - Processing /opt/airflow/dags/main.py took 0.572 seconds
[2025-07-24T00:27:22.009+0000] {processor.py:161} INFO - Started process (PID=328) to work on /opt/airflow/dags/main.py
[2025-07-24T00:27:22.023+0000] {processor.py:830} INFO - Processing file /opt/airflow/dags/main.py for tasks to queue
[2025-07-24T00:27:22.026+0000] {logging_mixin.py:188} INFO - [2025-07-24T00:27:22.025+0000] {dagbag.py:538} INFO - Filling up the DagBag from /opt/airflow/dags/main.py
[2025-07-24T00:27:22.411+0000] {processor.py:840} INFO - DAG(s) 'TechAndUrbanGrowth' retrieved from /opt/airflow/dags/main.py
[2025-07-24T00:27:22.509+0000] {logging_mixin.py:188} INFO - [2025-07-24T00:27:22.507+0000] {dag.py:3036} INFO - Sync 1 DAGs
[2025-07-24T00:27:22.580+0000] {logging_mixin.py:188} INFO - [2025-07-24T00:27:22.580+0000] {dag.py:3823} INFO - Setting next_dagrun for TechAndUrbanGrowth to 2025-07-24 00:00:00+00:00, run_after=2025-07-25 00:00:00+00:00
[2025-07-24T00:27:22.637+0000] {processor.py:183} INFO - Processing /opt/airflow/dags/main.py took 0.652 seconds
[2025-07-24T00:27:53.198+0000] {processor.py:161} INFO - Started process (PID=349) to work on /opt/airflow/dags/main.py
[2025-07-24T00:27:53.203+0000] {processor.py:830} INFO - Processing file /opt/airflow/dags/main.py for tasks to queue
[2025-07-24T00:27:53.208+0000] {logging_mixin.py:188} INFO - [2025-07-24T00:27:53.207+0000] {dagbag.py:538} INFO - Filling up the DagBag from /opt/airflow/dags/main.py
[2025-07-24T00:27:53.563+0000] {processor.py:840} INFO - DAG(s) 'TechAndUrbanGrowth' retrieved from /opt/airflow/dags/main.py
[2025-07-24T00:27:53.712+0000] {logging_mixin.py:188} INFO - [2025-07-24T00:27:53.712+0000] {dag.py:3036} INFO - Sync 1 DAGs
[2025-07-24T00:27:53.774+0000] {logging_mixin.py:188} INFO - [2025-07-24T00:27:53.773+0000] {dag.py:3823} INFO - Setting next_dagrun for TechAndUrbanGrowth to 2025-07-24 00:00:00+00:00, run_after=2025-07-25 00:00:00+00:00
[2025-07-24T00:27:53.821+0000] {processor.py:183} INFO - Processing /opt/airflow/dags/main.py took 0.656 seconds
[2025-07-24T00:28:24.221+0000] {processor.py:161} INFO - Started process (PID=366) to work on /opt/airflow/dags/main.py
[2025-07-24T00:28:24.224+0000] {processor.py:830} INFO - Processing file /opt/airflow/dags/main.py for tasks to queue
[2025-07-24T00:28:24.226+0000] {logging_mixin.py:188} INFO - [2025-07-24T00:28:24.226+0000] {dagbag.py:538} INFO - Filling up the DagBag from /opt/airflow/dags/main.py
[2025-07-24T00:28:24.540+0000] {processor.py:840} INFO - DAG(s) 'TechAndUrbanGrowth' retrieved from /opt/airflow/dags/main.py
[2025-07-24T00:28:24.598+0000] {logging_mixin.py:188} INFO - [2025-07-24T00:28:24.597+0000] {dag.py:3036} INFO - Sync 1 DAGs
[2025-07-24T00:28:24.636+0000] {logging_mixin.py:188} INFO - [2025-07-24T00:28:24.636+0000] {dag.py:3823} INFO - Setting next_dagrun for TechAndUrbanGrowth to 2025-07-24 00:00:00+00:00, run_after=2025-07-25 00:00:00+00:00
[2025-07-24T00:28:24.676+0000] {processor.py:183} INFO - Processing /opt/airflow/dags/main.py took 0.467 seconds
[2025-07-24T00:28:55.022+0000] {processor.py:161} INFO - Started process (PID=371) to work on /opt/airflow/dags/main.py
[2025-07-24T00:28:55.026+0000] {processor.py:830} INFO - Processing file /opt/airflow/dags/main.py for tasks to queue
[2025-07-24T00:28:55.028+0000] {logging_mixin.py:188} INFO - [2025-07-24T00:28:55.028+0000] {dagbag.py:538} INFO - Filling up the DagBag from /opt/airflow/dags/main.py
[2025-07-24T00:28:55.300+0000] {processor.py:840} INFO - DAG(s) 'TechAndUrbanGrowth' retrieved from /opt/airflow/dags/main.py
[2025-07-24T00:28:55.414+0000] {logging_mixin.py:188} INFO - [2025-07-24T00:28:55.413+0000] {dag.py:3036} INFO - Sync 1 DAGs
[2025-07-24T00:28:55.520+0000] {logging_mixin.py:188} INFO - [2025-07-24T00:28:55.519+0000] {dag.py:3823} INFO - Setting next_dagrun for TechAndUrbanGrowth to 2025-07-24 00:00:00+00:00, run_after=2025-07-25 00:00:00+00:00
[2025-07-24T00:28:55.590+0000] {processor.py:183} INFO - Processing /opt/airflow/dags/main.py took 0.575 seconds
[2025-07-24T00:29:26.237+0000] {processor.py:161} INFO - Started process (PID=376) to work on /opt/airflow/dags/main.py
[2025-07-24T00:29:26.243+0000] {processor.py:830} INFO - Processing file /opt/airflow/dags/main.py for tasks to queue
[2025-07-24T00:29:26.248+0000] {logging_mixin.py:188} INFO - [2025-07-24T00:29:26.247+0000] {dagbag.py:538} INFO - Filling up the DagBag from /opt/airflow/dags/main.py
[2025-07-24T00:29:26.601+0000] {processor.py:840} INFO - DAG(s) 'TechAndUrbanGrowth' retrieved from /opt/airflow/dags/main.py
[2025-07-24T00:29:26.799+0000] {logging_mixin.py:188} INFO - [2025-07-24T00:29:26.798+0000] {dag.py:3036} INFO - Sync 1 DAGs
[2025-07-24T00:29:26.929+0000] {logging_mixin.py:188} INFO - [2025-07-24T00:29:26.928+0000] {dag.py:3823} INFO - Setting next_dagrun for TechAndUrbanGrowth to 2025-07-24 00:00:00+00:00, run_after=2025-07-25 00:00:00+00:00
[2025-07-24T00:29:27.037+0000] {processor.py:183} INFO - Processing /opt/airflow/dags/main.py took 0.816 seconds
[2025-07-24T00:29:58.126+0000] {processor.py:161} INFO - Started process (PID=393) to work on /opt/airflow/dags/main.py
[2025-07-24T00:29:58.149+0000] {processor.py:830} INFO - Processing file /opt/airflow/dags/main.py for tasks to queue
[2025-07-24T00:29:58.173+0000] {logging_mixin.py:188} INFO - [2025-07-24T00:29:58.164+0000] {dagbag.py:538} INFO - Filling up the DagBag from /opt/airflow/dags/main.py
[2025-07-24T00:29:58.868+0000] {processor.py:840} INFO - DAG(s) 'TechAndUrbanGrowth' retrieved from /opt/airflow/dags/main.py
[2025-07-24T00:29:59.073+0000] {logging_mixin.py:188} INFO - [2025-07-24T00:29:59.072+0000] {dag.py:3036} INFO - Sync 1 DAGs
[2025-07-24T00:29:59.216+0000] {logging_mixin.py:188} INFO - [2025-07-24T00:29:59.216+0000] {dag.py:3823} INFO - Setting next_dagrun for TechAndUrbanGrowth to 2025-07-24 00:00:00+00:00, run_after=2025-07-25 00:00:00+00:00
[2025-07-24T00:29:59.299+0000] {processor.py:183} INFO - Processing /opt/airflow/dags/main.py took 1.264 seconds
[2025-07-24T00:30:29.761+0000] {processor.py:161} INFO - Started process (PID=414) to work on /opt/airflow/dags/main.py
[2025-07-24T00:30:29.764+0000] {processor.py:830} INFO - Processing file /opt/airflow/dags/main.py for tasks to queue
[2025-07-24T00:30:29.768+0000] {logging_mixin.py:188} INFO - [2025-07-24T00:30:29.767+0000] {dagbag.py:538} INFO - Filling up the DagBag from /opt/airflow/dags/main.py
[2025-07-24T00:30:30.139+0000] {processor.py:840} INFO - DAG(s) 'TechAndUrbanGrowth' retrieved from /opt/airflow/dags/main.py
[2025-07-24T00:30:30.240+0000] {logging_mixin.py:188} INFO - [2025-07-24T00:30:30.239+0000] {dag.py:3036} INFO - Sync 1 DAGs
[2025-07-24T00:30:30.312+0000] {logging_mixin.py:188} INFO - [2025-07-24T00:30:30.311+0000] {dag.py:3823} INFO - Setting next_dagrun for TechAndUrbanGrowth to 2025-07-24 00:00:00+00:00, run_after=2025-07-25 00:00:00+00:00
[2025-07-24T00:30:30.376+0000] {processor.py:183} INFO - Processing /opt/airflow/dags/main.py took 0.632 seconds
[2025-07-24T00:31:00.668+0000] {processor.py:161} INFO - Started process (PID=419) to work on /opt/airflow/dags/main.py
[2025-07-24T00:31:00.674+0000] {processor.py:830} INFO - Processing file /opt/airflow/dags/main.py for tasks to queue
[2025-07-24T00:31:00.678+0000] {logging_mixin.py:188} INFO - [2025-07-24T00:31:00.677+0000] {dagbag.py:538} INFO - Filling up the DagBag from /opt/airflow/dags/main.py
[2025-07-24T00:31:01.111+0000] {processor.py:840} INFO - DAG(s) 'TechAndUrbanGrowth' retrieved from /opt/airflow/dags/main.py
[2025-07-24T00:31:01.191+0000] {logging_mixin.py:188} INFO - [2025-07-24T00:31:01.190+0000] {dag.py:3036} INFO - Sync 1 DAGs
[2025-07-24T00:31:01.243+0000] {logging_mixin.py:188} INFO - [2025-07-24T00:31:01.243+0000] {dag.py:3823} INFO - Setting next_dagrun for TechAndUrbanGrowth to 2025-07-24 00:00:00+00:00, run_after=2025-07-25 00:00:00+00:00
[2025-07-24T00:31:01.289+0000] {processor.py:183} INFO - Processing /opt/airflow/dags/main.py took 0.633 seconds
[2025-07-24T00:31:31.958+0000] {processor.py:161} INFO - Started process (PID=424) to work on /opt/airflow/dags/main.py
[2025-07-24T00:31:31.962+0000] {processor.py:830} INFO - Processing file /opt/airflow/dags/main.py for tasks to queue
[2025-07-24T00:31:31.965+0000] {logging_mixin.py:188} INFO - [2025-07-24T00:31:31.964+0000] {dagbag.py:538} INFO - Filling up the DagBag from /opt/airflow/dags/main.py
[2025-07-24T00:31:32.338+0000] {processor.py:840} INFO - DAG(s) 'TechAndUrbanGrowth' retrieved from /opt/airflow/dags/main.py
[2025-07-24T00:31:32.402+0000] {logging_mixin.py:188} INFO - [2025-07-24T00:31:32.401+0000] {dag.py:3036} INFO - Sync 1 DAGs
[2025-07-24T00:31:32.525+0000] {logging_mixin.py:188} INFO - [2025-07-24T00:31:32.524+0000] {dag.py:3823} INFO - Setting next_dagrun for TechAndUrbanGrowth to 2025-07-24 00:00:00+00:00, run_after=2025-07-25 00:00:00+00:00
[2025-07-24T00:31:32.608+0000] {processor.py:183} INFO - Processing /opt/airflow/dags/main.py took 0.659 seconds
[2025-07-24T00:32:03.162+0000] {processor.py:161} INFO - Started process (PID=429) to work on /opt/airflow/dags/main.py
[2025-07-24T00:32:03.171+0000] {processor.py:830} INFO - Processing file /opt/airflow/dags/main.py for tasks to queue
[2025-07-24T00:32:03.184+0000] {logging_mixin.py:188} INFO - [2025-07-24T00:32:03.178+0000] {dagbag.py:538} INFO - Filling up the DagBag from /opt/airflow/dags/main.py
[2025-07-24T00:32:03.815+0000] {processor.py:840} INFO - DAG(s) 'TechAndUrbanGrowth' retrieved from /opt/airflow/dags/main.py
[2025-07-24T00:32:04.321+0000] {logging_mixin.py:188} INFO - [2025-07-24T00:32:04.320+0000] {dag.py:3036} INFO - Sync 1 DAGs
[2025-07-24T00:32:04.518+0000] {logging_mixin.py:188} INFO - [2025-07-24T00:32:04.517+0000] {dag.py:3823} INFO - Setting next_dagrun for TechAndUrbanGrowth to 2025-07-24 00:00:00+00:00, run_after=2025-07-25 00:00:00+00:00
[2025-07-24T00:32:04.587+0000] {processor.py:183} INFO - Processing /opt/airflow/dags/main.py took 1.469 seconds
[2025-07-24T00:32:34.758+0000] {processor.py:161} INFO - Started process (PID=434) to work on /opt/airflow/dags/main.py
[2025-07-24T00:32:34.764+0000] {processor.py:830} INFO - Processing file /opt/airflow/dags/main.py for tasks to queue
[2025-07-24T00:32:34.767+0000] {logging_mixin.py:188} INFO - [2025-07-24T00:32:34.766+0000] {dagbag.py:538} INFO - Filling up the DagBag from /opt/airflow/dags/main.py
[2025-07-24T00:32:35.074+0000] {processor.py:840} INFO - DAG(s) 'TechAndUrbanGrowth' retrieved from /opt/airflow/dags/main.py
[2025-07-24T00:32:35.173+0000] {logging_mixin.py:188} INFO - [2025-07-24T00:32:35.172+0000] {dag.py:3036} INFO - Sync 1 DAGs
[2025-07-24T00:32:35.212+0000] {logging_mixin.py:188} INFO - [2025-07-24T00:32:35.212+0000] {dag.py:3823} INFO - Setting next_dagrun for TechAndUrbanGrowth to 2025-07-24 00:00:00+00:00, run_after=2025-07-25 00:00:00+00:00
[2025-07-24T00:32:35.255+0000] {processor.py:183} INFO - Processing /opt/airflow/dags/main.py took 0.506 seconds
[2025-07-24T00:33:05.747+0000] {processor.py:161} INFO - Started process (PID=439) to work on /opt/airflow/dags/main.py
[2025-07-24T00:33:05.751+0000] {processor.py:830} INFO - Processing file /opt/airflow/dags/main.py for tasks to queue
[2025-07-24T00:33:05.755+0000] {logging_mixin.py:188} INFO - [2025-07-24T00:33:05.753+0000] {dagbag.py:538} INFO - Filling up the DagBag from /opt/airflow/dags/main.py
[2025-07-24T00:33:06.077+0000] {processor.py:840} INFO - DAG(s) 'TechAndUrbanGrowth' retrieved from /opt/airflow/dags/main.py
[2025-07-24T00:33:06.122+0000] {logging_mixin.py:188} INFO - [2025-07-24T00:33:06.121+0000] {dag.py:3036} INFO - Sync 1 DAGs
[2025-07-24T00:33:06.155+0000] {logging_mixin.py:188} INFO - [2025-07-24T00:33:06.155+0000] {dag.py:3823} INFO - Setting next_dagrun for TechAndUrbanGrowth to 2025-07-24 00:00:00+00:00, run_after=2025-07-25 00:00:00+00:00
[2025-07-24T00:33:06.196+0000] {processor.py:183} INFO - Processing /opt/airflow/dags/main.py took 0.462 seconds
[2025-07-24T00:33:36.658+0000] {processor.py:161} INFO - Started process (PID=444) to work on /opt/airflow/dags/main.py
[2025-07-24T00:33:36.665+0000] {processor.py:830} INFO - Processing file /opt/airflow/dags/main.py for tasks to queue
[2025-07-24T00:33:36.670+0000] {logging_mixin.py:188} INFO - [2025-07-24T00:33:36.668+0000] {dagbag.py:538} INFO - Filling up the DagBag from /opt/airflow/dags/main.py
[2025-07-24T00:33:37.231+0000] {processor.py:840} INFO - DAG(s) 'TechAndUrbanGrowth' retrieved from /opt/airflow/dags/main.py
[2025-07-24T00:33:37.323+0000] {logging_mixin.py:188} INFO - [2025-07-24T00:33:37.323+0000] {dag.py:3036} INFO - Sync 1 DAGs
[2025-07-24T00:33:37.381+0000] {logging_mixin.py:188} INFO - [2025-07-24T00:33:37.381+0000] {dag.py:3823} INFO - Setting next_dagrun for TechAndUrbanGrowth to 2025-07-24 00:00:00+00:00, run_after=2025-07-25 00:00:00+00:00
[2025-07-24T00:33:37.447+0000] {processor.py:183} INFO - Processing /opt/airflow/dags/main.py took 0.802 seconds
[2025-07-24T00:34:07.988+0000] {processor.py:161} INFO - Started process (PID=449) to work on /opt/airflow/dags/main.py
[2025-07-24T00:34:07.995+0000] {processor.py:830} INFO - Processing file /opt/airflow/dags/main.py for tasks to queue
[2025-07-24T00:34:08.007+0000] {logging_mixin.py:188} INFO - [2025-07-24T00:34:08.001+0000] {dagbag.py:538} INFO - Filling up the DagBag from /opt/airflow/dags/main.py
[2025-07-24T00:34:08.540+0000] {processor.py:840} INFO - DAG(s) 'TechAndUrbanGrowth' retrieved from /opt/airflow/dags/main.py
[2025-07-24T00:34:08.651+0000] {logging_mixin.py:188} INFO - [2025-07-24T00:34:08.651+0000] {dag.py:3036} INFO - Sync 1 DAGs
[2025-07-24T00:34:08.719+0000] {logging_mixin.py:188} INFO - [2025-07-24T00:34:08.719+0000] {dag.py:3823} INFO - Setting next_dagrun for TechAndUrbanGrowth to 2025-07-24 00:00:00+00:00, run_after=2025-07-25 00:00:00+00:00
[2025-07-24T00:34:08.770+0000] {processor.py:183} INFO - Processing /opt/airflow/dags/main.py took 0.824 seconds
[2025-07-24T00:34:40.086+0000] {processor.py:161} INFO - Started process (PID=454) to work on /opt/airflow/dags/main.py
[2025-07-24T00:34:40.109+0000] {processor.py:830} INFO - Processing file /opt/airflow/dags/main.py for tasks to queue
[2025-07-24T00:34:40.128+0000] {logging_mixin.py:188} INFO - [2025-07-24T00:34:40.120+0000] {dagbag.py:538} INFO - Filling up the DagBag from /opt/airflow/dags/main.py
[2025-07-24T00:34:41.162+0000] {processor.py:840} INFO - DAG(s) 'TechAndUrbanGrowth' retrieved from /opt/airflow/dags/main.py
[2025-07-24T00:34:41.812+0000] {logging_mixin.py:188} INFO - [2025-07-24T00:34:41.811+0000] {dag.py:3036} INFO - Sync 1 DAGs
[2025-07-24T00:34:42.241+0000] {logging_mixin.py:188} INFO - [2025-07-24T00:34:42.239+0000] {dag.py:3823} INFO - Setting next_dagrun for TechAndUrbanGrowth to 2025-07-24 00:00:00+00:00, run_after=2025-07-25 00:00:00+00:00
[2025-07-24T00:34:42.495+0000] {processor.py:183} INFO - Processing /opt/airflow/dags/main.py took 2.471 seconds
[2025-07-24T00:35:13.068+0000] {processor.py:161} INFO - Started process (PID=459) to work on /opt/airflow/dags/main.py
[2025-07-24T00:35:13.073+0000] {processor.py:830} INFO - Processing file /opt/airflow/dags/main.py for tasks to queue
[2025-07-24T00:35:13.076+0000] {logging_mixin.py:188} INFO - [2025-07-24T00:35:13.076+0000] {dagbag.py:538} INFO - Filling up the DagBag from /opt/airflow/dags/main.py
[2025-07-24T00:35:13.547+0000] {processor.py:840} INFO - DAG(s) 'TechAndUrbanGrowth' retrieved from /opt/airflow/dags/main.py
[2025-07-24T00:35:13.612+0000] {logging_mixin.py:188} INFO - [2025-07-24T00:35:13.611+0000] {dag.py:3036} INFO - Sync 1 DAGs
[2025-07-24T00:35:13.668+0000] {logging_mixin.py:188} INFO - [2025-07-24T00:35:13.667+0000] {dag.py:3823} INFO - Setting next_dagrun for TechAndUrbanGrowth to 2025-07-24 00:00:00+00:00, run_after=2025-07-25 00:00:00+00:00
[2025-07-24T00:35:13.716+0000] {processor.py:183} INFO - Processing /opt/airflow/dags/main.py took 0.678 seconds
[2025-07-24T00:35:44.340+0000] {processor.py:161} INFO - Started process (PID=464) to work on /opt/airflow/dags/main.py
[2025-07-24T00:35:44.346+0000] {processor.py:830} INFO - Processing file /opt/airflow/dags/main.py for tasks to queue
[2025-07-24T00:35:44.356+0000] {logging_mixin.py:188} INFO - [2025-07-24T00:35:44.351+0000] {dagbag.py:538} INFO - Filling up the DagBag from /opt/airflow/dags/main.py
[2025-07-24T00:35:44.931+0000] {processor.py:840} INFO - DAG(s) 'TechAndUrbanGrowth' retrieved from /opt/airflow/dags/main.py
[2025-07-24T00:35:45.139+0000] {logging_mixin.py:188} INFO - [2025-07-24T00:35:45.139+0000] {dag.py:3036} INFO - Sync 1 DAGs
[2025-07-24T00:35:45.317+0000] {logging_mixin.py:188} INFO - [2025-07-24T00:35:45.317+0000] {dag.py:3823} INFO - Setting next_dagrun for TechAndUrbanGrowth to 2025-07-24 00:00:00+00:00, run_after=2025-07-25 00:00:00+00:00
[2025-07-24T00:35:45.403+0000] {processor.py:183} INFO - Processing /opt/airflow/dags/main.py took 1.106 seconds
[2025-07-24T00:36:15.895+0000] {processor.py:161} INFO - Started process (PID=469) to work on /opt/airflow/dags/main.py
[2025-07-24T00:36:15.900+0000] {processor.py:830} INFO - Processing file /opt/airflow/dags/main.py for tasks to queue
[2025-07-24T00:36:15.903+0000] {logging_mixin.py:188} INFO - [2025-07-24T00:36:15.902+0000] {dagbag.py:538} INFO - Filling up the DagBag from /opt/airflow/dags/main.py
[2025-07-24T00:36:16.143+0000] {processor.py:840} INFO - DAG(s) 'TechAndUrbanGrowth' retrieved from /opt/airflow/dags/main.py
[2025-07-24T00:36:16.199+0000] {logging_mixin.py:188} INFO - [2025-07-24T00:36:16.198+0000] {dag.py:3036} INFO - Sync 1 DAGs
[2025-07-24T00:36:16.280+0000] {logging_mixin.py:188} INFO - [2025-07-24T00:36:16.280+0000] {dag.py:3823} INFO - Setting next_dagrun for TechAndUrbanGrowth to 2025-07-24 00:00:00+00:00, run_after=2025-07-25 00:00:00+00:00
[2025-07-24T00:36:16.355+0000] {processor.py:183} INFO - Processing /opt/airflow/dags/main.py took 0.467 seconds
[2025-07-24T00:36:47.048+0000] {processor.py:161} INFO - Started process (PID=474) to work on /opt/airflow/dags/main.py
[2025-07-24T00:36:47.063+0000] {processor.py:830} INFO - Processing file /opt/airflow/dags/main.py for tasks to queue
[2025-07-24T00:36:47.067+0000] {logging_mixin.py:188} INFO - [2025-07-24T00:36:47.066+0000] {dagbag.py:538} INFO - Filling up the DagBag from /opt/airflow/dags/main.py
[2025-07-24T00:36:49.295+0000] {processor.py:840} INFO - DAG(s) 'TechAndUrbanGrowth' retrieved from /opt/airflow/dags/main.py
[2025-07-24T00:36:50.384+0000] {logging_mixin.py:188} INFO - [2025-07-24T00:36:50.384+0000] {dag.py:3036} INFO - Sync 1 DAGs
[2025-07-24T00:36:50.745+0000] {logging_mixin.py:188} INFO - [2025-07-24T00:36:50.744+0000] {dag.py:3823} INFO - Setting next_dagrun for TechAndUrbanGrowth to 2025-07-24 00:00:00+00:00, run_after=2025-07-25 00:00:00+00:00
[2025-07-24T00:36:50.912+0000] {processor.py:183} INFO - Processing /opt/airflow/dags/main.py took 3.886 seconds
[2025-07-24T00:37:23.392+0000] {processor.py:161} INFO - Started process (PID=479) to work on /opt/airflow/dags/main.py
[2025-07-24T00:37:23.453+0000] {processor.py:830} INFO - Processing file /opt/airflow/dags/main.py for tasks to queue
[2025-07-24T00:37:23.469+0000] {logging_mixin.py:188} INFO - [2025-07-24T00:37:23.464+0000] {dagbag.py:538} INFO - Filling up the DagBag from /opt/airflow/dags/main.py
[2025-07-24T00:37:25.748+0000] {processor.py:840} INFO - DAG(s) 'TechAndUrbanGrowth' retrieved from /opt/airflow/dags/main.py
[2025-07-24T00:37:26.654+0000] {logging_mixin.py:188} INFO - [2025-07-24T00:37:26.653+0000] {dag.py:3036} INFO - Sync 1 DAGs
[2025-07-24T00:37:27.042+0000] {logging_mixin.py:188} INFO - [2025-07-24T00:37:27.040+0000] {dag.py:3823} INFO - Setting next_dagrun for TechAndUrbanGrowth to 2025-07-24 00:00:00+00:00, run_after=2025-07-25 00:00:00+00:00
[2025-07-24T00:37:27.190+0000] {processor.py:183} INFO - Processing /opt/airflow/dags/main.py took 4.359 seconds
[2025-07-24T00:37:58.061+0000] {processor.py:161} INFO - Started process (PID=484) to work on /opt/airflow/dags/main.py
[2025-07-24T00:37:58.073+0000] {processor.py:830} INFO - Processing file /opt/airflow/dags/main.py for tasks to queue
[2025-07-24T00:37:58.083+0000] {logging_mixin.py:188} INFO - [2025-07-24T00:37:58.079+0000] {dagbag.py:538} INFO - Filling up the DagBag from /opt/airflow/dags/main.py
[2025-07-24T00:37:59.601+0000] {processor.py:840} INFO - DAG(s) 'TechAndUrbanGrowth' retrieved from /opt/airflow/dags/main.py
[2025-07-24T00:37:59.927+0000] {logging_mixin.py:188} INFO - [2025-07-24T00:37:59.926+0000] {dag.py:3036} INFO - Sync 1 DAGs
[2025-07-24T00:38:00.299+0000] {logging_mixin.py:188} INFO - [2025-07-24T00:38:00.292+0000] {dag.py:3823} INFO - Setting next_dagrun for TechAndUrbanGrowth to 2025-07-24 00:00:00+00:00, run_after=2025-07-25 00:00:00+00:00
[2025-07-24T00:38:00.599+0000] {processor.py:183} INFO - Processing /opt/airflow/dags/main.py took 2.603 seconds
[2025-07-24T00:38:31.260+0000] {processor.py:161} INFO - Started process (PID=489) to work on /opt/airflow/dags/main.py
[2025-07-24T00:38:31.267+0000] {processor.py:830} INFO - Processing file /opt/airflow/dags/main.py for tasks to queue
[2025-07-24T00:38:31.273+0000] {logging_mixin.py:188} INFO - [2025-07-24T00:38:31.270+0000] {dagbag.py:538} INFO - Filling up the DagBag from /opt/airflow/dags/main.py
[2025-07-24T00:38:31.822+0000] {processor.py:840} INFO - DAG(s) 'TechAndUrbanGrowth' retrieved from /opt/airflow/dags/main.py
[2025-07-24T00:38:31.983+0000] {logging_mixin.py:188} INFO - [2025-07-24T00:38:31.982+0000] {dag.py:3036} INFO - Sync 1 DAGs
[2025-07-24T00:38:32.125+0000] {logging_mixin.py:188} INFO - [2025-07-24T00:38:32.124+0000] {dag.py:3823} INFO - Setting next_dagrun for TechAndUrbanGrowth to 2025-07-24 00:00:00+00:00, run_after=2025-07-25 00:00:00+00:00
[2025-07-24T00:38:32.212+0000] {processor.py:183} INFO - Processing /opt/airflow/dags/main.py took 1.020 seconds
[2025-07-24T00:39:02.836+0000] {processor.py:161} INFO - Started process (PID=494) to work on /opt/airflow/dags/main.py
[2025-07-24T00:39:02.847+0000] {processor.py:830} INFO - Processing file /opt/airflow/dags/main.py for tasks to queue
[2025-07-24T00:39:02.858+0000] {logging_mixin.py:188} INFO - [2025-07-24T00:39:02.854+0000] {dagbag.py:538} INFO - Filling up the DagBag from /opt/airflow/dags/main.py
[2025-07-24T00:39:04.488+0000] {processor.py:840} INFO - DAG(s) 'TechAndUrbanGrowth' retrieved from /opt/airflow/dags/main.py
[2025-07-24T00:39:04.862+0000] {logging_mixin.py:188} INFO - [2025-07-24T00:39:04.861+0000] {dag.py:3036} INFO - Sync 1 DAGs
[2025-07-24T00:39:05.181+0000] {logging_mixin.py:188} INFO - [2025-07-24T00:39:05.172+0000] {dag.py:3823} INFO - Setting next_dagrun for TechAndUrbanGrowth to 2025-07-24 00:00:00+00:00, run_after=2025-07-25 00:00:00+00:00
[2025-07-24T00:39:05.319+0000] {processor.py:183} INFO - Processing /opt/airflow/dags/main.py took 2.531 seconds
[2025-07-24T00:39:36.396+0000] {processor.py:161} INFO - Started process (PID=499) to work on /opt/airflow/dags/main.py
[2025-07-24T00:39:36.408+0000] {processor.py:830} INFO - Processing file /opt/airflow/dags/main.py for tasks to queue
[2025-07-24T00:39:36.426+0000] {logging_mixin.py:188} INFO - [2025-07-24T00:39:36.417+0000] {dagbag.py:538} INFO - Filling up the DagBag from /opt/airflow/dags/main.py
[2025-07-24T00:39:37.752+0000] {processor.py:840} INFO - DAG(s) 'TechAndUrbanGrowth' retrieved from /opt/airflow/dags/main.py
[2025-07-24T00:39:38.073+0000] {logging_mixin.py:188} INFO - [2025-07-24T00:39:38.072+0000] {dag.py:3036} INFO - Sync 1 DAGs
[2025-07-24T00:39:38.286+0000] {logging_mixin.py:188} INFO - [2025-07-24T00:39:38.285+0000] {dag.py:3823} INFO - Setting next_dagrun for TechAndUrbanGrowth to 2025-07-24 00:00:00+00:00, run_after=2025-07-25 00:00:00+00:00
[2025-07-24T00:39:38.417+0000] {processor.py:183} INFO - Processing /opt/airflow/dags/main.py took 2.097 seconds
[2025-07-24T00:40:08.628+0000] {processor.py:161} INFO - Started process (PID=504) to work on /opt/airflow/dags/main.py
[2025-07-24T00:40:08.633+0000] {processor.py:830} INFO - Processing file /opt/airflow/dags/main.py for tasks to queue
[2025-07-24T00:40:08.638+0000] {logging_mixin.py:188} INFO - [2025-07-24T00:40:08.637+0000] {dagbag.py:538} INFO - Filling up the DagBag from /opt/airflow/dags/main.py
[2025-07-24T00:40:09.494+0000] {processor.py:840} INFO - DAG(s) 'TechAndUrbanGrowth' retrieved from /opt/airflow/dags/main.py
[2025-07-24T00:40:09.632+0000] {logging_mixin.py:188} INFO - [2025-07-24T00:40:09.631+0000] {dag.py:3036} INFO - Sync 1 DAGs
[2025-07-24T00:40:09.755+0000] {logging_mixin.py:188} INFO - [2025-07-24T00:40:09.754+0000] {dag.py:3823} INFO - Setting next_dagrun for TechAndUrbanGrowth to 2025-07-24 00:00:00+00:00, run_after=2025-07-25 00:00:00+00:00
[2025-07-24T00:40:09.907+0000] {processor.py:183} INFO - Processing /opt/airflow/dags/main.py took 1.287 seconds
[2025-07-24T00:40:42.404+0000] {processor.py:161} INFO - Started process (PID=509) to work on /opt/airflow/dags/main.py
[2025-07-24T00:40:42.475+0000] {processor.py:830} INFO - Processing file /opt/airflow/dags/main.py for tasks to queue
[2025-07-24T00:40:42.515+0000] {logging_mixin.py:188} INFO - [2025-07-24T00:40:42.492+0000] {dagbag.py:538} INFO - Filling up the DagBag from /opt/airflow/dags/main.py
[2025-07-24T00:40:46.726+0000] {processor.py:840} INFO - DAG(s) 'TechAndUrbanGrowth' retrieved from /opt/airflow/dags/main.py
[2025-07-24T00:40:47.605+0000] {logging_mixin.py:188} INFO - [2025-07-24T00:40:47.604+0000] {dag.py:3036} INFO - Sync 1 DAGs
[2025-07-24T00:40:48.400+0000] {logging_mixin.py:188} INFO - [2025-07-24T00:40:48.399+0000] {dag.py:3823} INFO - Setting next_dagrun for TechAndUrbanGrowth to 2025-07-24 00:00:00+00:00, run_after=2025-07-25 00:00:00+00:00
[2025-07-24T00:40:48.598+0000] {processor.py:183} INFO - Processing /opt/airflow/dags/main.py took 7.521 seconds
[2025-07-24T00:41:20.946+0000] {processor.py:161} INFO - Started process (PID=514) to work on /opt/airflow/dags/main.py
[2025-07-24T00:41:20.985+0000] {processor.py:830} INFO - Processing file /opt/airflow/dags/main.py for tasks to queue
[2025-07-24T00:41:21.061+0000] {logging_mixin.py:188} INFO - [2025-07-24T00:41:21.018+0000] {dagbag.py:538} INFO - Filling up the DagBag from /opt/airflow/dags/main.py
[2025-07-24T00:41:26.649+0000] {processor.py:840} INFO - DAG(s) 'TechAndUrbanGrowth' retrieved from /opt/airflow/dags/main.py
[2025-07-24T00:41:27.107+0000] {logging_mixin.py:188} INFO - [2025-07-24T00:41:27.107+0000] {dag.py:3036} INFO - Sync 1 DAGs
[2025-07-24T00:41:27.293+0000] {logging_mixin.py:188} INFO - [2025-07-24T00:41:27.292+0000] {dag.py:3823} INFO - Setting next_dagrun for TechAndUrbanGrowth to 2025-07-24 00:00:00+00:00, run_after=2025-07-25 00:00:00+00:00
[2025-07-24T00:41:27.453+0000] {processor.py:183} INFO - Processing /opt/airflow/dags/main.py took 6.720 seconds
[2025-07-24T00:41:59.459+0000] {processor.py:161} INFO - Started process (PID=519) to work on /opt/airflow/dags/main.py
[2025-07-24T00:41:59.465+0000] {processor.py:830} INFO - Processing file /opt/airflow/dags/main.py for tasks to queue
[2025-07-24T00:41:59.483+0000] {logging_mixin.py:188} INFO - [2025-07-24T00:41:59.474+0000] {dagbag.py:538} INFO - Filling up the DagBag from /opt/airflow/dags/main.py
[2025-07-24T00:42:00.697+0000] {processor.py:840} INFO - DAG(s) 'TechAndUrbanGrowth' retrieved from /opt/airflow/dags/main.py
[2025-07-24T00:42:00.931+0000] {logging_mixin.py:188} INFO - [2025-07-24T00:42:00.931+0000] {dag.py:3036} INFO - Sync 1 DAGs
[2025-07-24T00:42:01.067+0000] {logging_mixin.py:188} INFO - [2025-07-24T00:42:01.066+0000] {dag.py:3823} INFO - Setting next_dagrun for TechAndUrbanGrowth to 2025-07-24 00:00:00+00:00, run_after=2025-07-25 00:00:00+00:00
[2025-07-24T00:42:01.157+0000] {processor.py:183} INFO - Processing /opt/airflow/dags/main.py took 1.943 seconds
[2025-07-24T00:42:32.019+0000] {processor.py:161} INFO - Started process (PID=524) to work on /opt/airflow/dags/main.py
[2025-07-24T00:42:32.045+0000] {processor.py:830} INFO - Processing file /opt/airflow/dags/main.py for tasks to queue
[2025-07-24T00:42:32.066+0000] {logging_mixin.py:188} INFO - [2025-07-24T00:42:32.056+0000] {dagbag.py:538} INFO - Filling up the DagBag from /opt/airflow/dags/main.py
[2025-07-24T00:42:33.207+0000] {processor.py:840} INFO - DAG(s) 'TechAndUrbanGrowth' retrieved from /opt/airflow/dags/main.py
[2025-07-24T00:42:33.574+0000] {logging_mixin.py:188} INFO - [2025-07-24T00:42:33.573+0000] {dag.py:3036} INFO - Sync 1 DAGs
[2025-07-24T00:42:33.853+0000] {logging_mixin.py:188} INFO - [2025-07-24T00:42:33.851+0000] {dag.py:3823} INFO - Setting next_dagrun for TechAndUrbanGrowth to 2025-07-24 00:00:00+00:00, run_after=2025-07-25 00:00:00+00:00
[2025-07-24T00:42:33.989+0000] {processor.py:183} INFO - Processing /opt/airflow/dags/main.py took 2.057 seconds
[2025-07-24T00:43:04.121+0000] {processor.py:161} INFO - Started process (PID=529) to work on /opt/airflow/dags/main.py
[2025-07-24T00:43:04.126+0000] {processor.py:830} INFO - Processing file /opt/airflow/dags/main.py for tasks to queue
[2025-07-24T00:43:04.129+0000] {logging_mixin.py:188} INFO - [2025-07-24T00:43:04.128+0000] {dagbag.py:538} INFO - Filling up the DagBag from /opt/airflow/dags/main.py
[2025-07-24T00:43:04.439+0000] {processor.py:840} INFO - DAG(s) 'TechAndUrbanGrowth' retrieved from /opt/airflow/dags/main.py
[2025-07-24T00:43:04.491+0000] {logging_mixin.py:188} INFO - [2025-07-24T00:43:04.490+0000] {dag.py:3036} INFO - Sync 1 DAGs
[2025-07-24T00:43:04.561+0000] {logging_mixin.py:188} INFO - [2025-07-24T00:43:04.560+0000] {dag.py:3823} INFO - Setting next_dagrun for TechAndUrbanGrowth to 2025-07-24 00:00:00+00:00, run_after=2025-07-25 00:00:00+00:00
[2025-07-24T00:43:04.690+0000] {processor.py:183} INFO - Processing /opt/airflow/dags/main.py took 0.581 seconds
[2025-07-24T00:43:35.518+0000] {processor.py:161} INFO - Started process (PID=534) to work on /opt/airflow/dags/main.py
[2025-07-24T00:43:35.526+0000] {processor.py:830} INFO - Processing file /opt/airflow/dags/main.py for tasks to queue
[2025-07-24T00:43:35.531+0000] {logging_mixin.py:188} INFO - [2025-07-24T00:43:35.530+0000] {dagbag.py:538} INFO - Filling up the DagBag from /opt/airflow/dags/main.py
[2025-07-24T00:43:36.064+0000] {processor.py:840} INFO - DAG(s) 'TechAndUrbanGrowth' retrieved from /opt/airflow/dags/main.py
[2025-07-24T00:43:36.220+0000] {logging_mixin.py:188} INFO - [2025-07-24T00:43:36.219+0000] {dag.py:3036} INFO - Sync 1 DAGs
[2025-07-24T00:43:36.309+0000] {logging_mixin.py:188} INFO - [2025-07-24T00:43:36.308+0000] {dag.py:3823} INFO - Setting next_dagrun for TechAndUrbanGrowth to 2025-07-24 00:00:00+00:00, run_after=2025-07-25 00:00:00+00:00
[2025-07-24T00:43:36.380+0000] {processor.py:183} INFO - Processing /opt/airflow/dags/main.py took 0.898 seconds
[2025-07-24T00:44:06.800+0000] {processor.py:161} INFO - Started process (PID=539) to work on /opt/airflow/dags/main.py
[2025-07-24T00:44:06.802+0000] {processor.py:830} INFO - Processing file /opt/airflow/dags/main.py for tasks to queue
[2025-07-24T00:44:06.805+0000] {logging_mixin.py:188} INFO - [2025-07-24T00:44:06.804+0000] {dagbag.py:538} INFO - Filling up the DagBag from /opt/airflow/dags/main.py
[2025-07-24T00:44:07.057+0000] {processor.py:840} INFO - DAG(s) 'TechAndUrbanGrowth' retrieved from /opt/airflow/dags/main.py
[2025-07-24T00:44:07.116+0000] {logging_mixin.py:188} INFO - [2025-07-24T00:44:07.116+0000] {dag.py:3036} INFO - Sync 1 DAGs
[2025-07-24T00:44:07.226+0000] {logging_mixin.py:188} INFO - [2025-07-24T00:44:07.225+0000] {dag.py:3823} INFO - Setting next_dagrun for TechAndUrbanGrowth to 2025-07-24 00:00:00+00:00, run_after=2025-07-25 00:00:00+00:00
[2025-07-24T00:44:07.339+0000] {processor.py:183} INFO - Processing /opt/airflow/dags/main.py took 0.546 seconds
[2025-07-24T00:44:37.783+0000] {processor.py:161} INFO - Started process (PID=544) to work on /opt/airflow/dags/main.py
[2025-07-24T00:44:37.786+0000] {processor.py:830} INFO - Processing file /opt/airflow/dags/main.py for tasks to queue
[2025-07-24T00:44:37.789+0000] {logging_mixin.py:188} INFO - [2025-07-24T00:44:37.788+0000] {dagbag.py:538} INFO - Filling up the DagBag from /opt/airflow/dags/main.py
[2025-07-24T00:44:37.997+0000] {processor.py:840} INFO - DAG(s) 'TechAndUrbanGrowth' retrieved from /opt/airflow/dags/main.py
[2025-07-24T00:44:38.050+0000] {logging_mixin.py:188} INFO - [2025-07-24T00:44:38.050+0000] {dag.py:3036} INFO - Sync 1 DAGs
[2025-07-24T00:44:38.088+0000] {logging_mixin.py:188} INFO - [2025-07-24T00:44:38.088+0000] {dag.py:3823} INFO - Setting next_dagrun for TechAndUrbanGrowth to 2025-07-24 00:00:00+00:00, run_after=2025-07-25 00:00:00+00:00
[2025-07-24T00:44:38.127+0000] {processor.py:183} INFO - Processing /opt/airflow/dags/main.py took 0.351 seconds
[2025-07-24T00:45:08.423+0000] {processor.py:161} INFO - Started process (PID=549) to work on /opt/airflow/dags/main.py
[2025-07-24T00:45:08.427+0000] {processor.py:830} INFO - Processing file /opt/airflow/dags/main.py for tasks to queue
[2025-07-24T00:45:08.430+0000] {logging_mixin.py:188} INFO - [2025-07-24T00:45:08.429+0000] {dagbag.py:538} INFO - Filling up the DagBag from /opt/airflow/dags/main.py
[2025-07-24T00:45:08.684+0000] {processor.py:840} INFO - DAG(s) 'TechAndUrbanGrowth' retrieved from /opt/airflow/dags/main.py
[2025-07-24T00:45:08.754+0000] {logging_mixin.py:188} INFO - [2025-07-24T00:45:08.753+0000] {dag.py:3036} INFO - Sync 1 DAGs
[2025-07-24T00:45:08.804+0000] {logging_mixin.py:188} INFO - [2025-07-24T00:45:08.804+0000] {dag.py:3823} INFO - Setting next_dagrun for TechAndUrbanGrowth to 2025-07-24 00:00:00+00:00, run_after=2025-07-25 00:00:00+00:00
[2025-07-24T00:45:08.860+0000] {processor.py:183} INFO - Processing /opt/airflow/dags/main.py took 0.448 seconds
[2025-07-24T00:45:39.270+0000] {processor.py:161} INFO - Started process (PID=554) to work on /opt/airflow/dags/main.py
[2025-07-24T00:45:39.273+0000] {processor.py:830} INFO - Processing file /opt/airflow/dags/main.py for tasks to queue
[2025-07-24T00:45:39.278+0000] {logging_mixin.py:188} INFO - [2025-07-24T00:45:39.276+0000] {dagbag.py:538} INFO - Filling up the DagBag from /opt/airflow/dags/main.py
[2025-07-24T00:45:39.554+0000] {processor.py:840} INFO - DAG(s) 'TechAndUrbanGrowth' retrieved from /opt/airflow/dags/main.py
[2025-07-24T00:45:39.623+0000] {logging_mixin.py:188} INFO - [2025-07-24T00:45:39.623+0000] {dag.py:3036} INFO - Sync 1 DAGs
[2025-07-24T00:45:39.673+0000] {logging_mixin.py:188} INFO - [2025-07-24T00:45:39.672+0000] {dag.py:3823} INFO - Setting next_dagrun for TechAndUrbanGrowth to 2025-07-24 00:00:00+00:00, run_after=2025-07-25 00:00:00+00:00
[2025-07-24T00:45:39.710+0000] {processor.py:183} INFO - Processing /opt/airflow/dags/main.py took 0.452 seconds
[2025-07-24T00:46:10.436+0000] {processor.py:161} INFO - Started process (PID=559) to work on /opt/airflow/dags/main.py
[2025-07-24T00:46:10.458+0000] {processor.py:830} INFO - Processing file /opt/airflow/dags/main.py for tasks to queue
[2025-07-24T00:46:10.471+0000] {logging_mixin.py:188} INFO - [2025-07-24T00:46:10.466+0000] {dagbag.py:538} INFO - Filling up the DagBag from /opt/airflow/dags/main.py
[2025-07-24T00:46:11.335+0000] {processor.py:840} INFO - DAG(s) 'TechAndUrbanGrowth' retrieved from /opt/airflow/dags/main.py
[2025-07-24T00:46:11.522+0000] {logging_mixin.py:188} INFO - [2025-07-24T00:46:11.522+0000] {dag.py:3036} INFO - Sync 1 DAGs
[2025-07-24T00:46:11.639+0000] {logging_mixin.py:188} INFO - [2025-07-24T00:46:11.639+0000] {dag.py:3823} INFO - Setting next_dagrun for TechAndUrbanGrowth to 2025-07-24 00:00:00+00:00, run_after=2025-07-25 00:00:00+00:00
[2025-07-24T00:46:11.709+0000] {processor.py:183} INFO - Processing /opt/airflow/dags/main.py took 1.384 seconds
[2025-07-24T00:46:42.094+0000] {processor.py:161} INFO - Started process (PID=564) to work on /opt/airflow/dags/main.py
[2025-07-24T00:46:42.097+0000] {processor.py:830} INFO - Processing file /opt/airflow/dags/main.py for tasks to queue
[2025-07-24T00:46:42.101+0000] {logging_mixin.py:188} INFO - [2025-07-24T00:46:42.099+0000] {dagbag.py:538} INFO - Filling up the DagBag from /opt/airflow/dags/main.py
[2025-07-24T00:46:42.386+0000] {processor.py:840} INFO - DAG(s) 'TechAndUrbanGrowth' retrieved from /opt/airflow/dags/main.py
[2025-07-24T00:46:42.613+0000] {logging_mixin.py:188} INFO - [2025-07-24T00:46:42.613+0000] {dag.py:3036} INFO - Sync 1 DAGs
[2025-07-24T00:46:42.738+0000] {logging_mixin.py:188} INFO - [2025-07-24T00:46:42.738+0000] {dag.py:3823} INFO - Setting next_dagrun for TechAndUrbanGrowth to 2025-07-24 00:00:00+00:00, run_after=2025-07-25 00:00:00+00:00
[2025-07-24T00:46:42.782+0000] {processor.py:183} INFO - Processing /opt/airflow/dags/main.py took 0.695 seconds
[2025-07-24T00:47:13.153+0000] {processor.py:161} INFO - Started process (PID=569) to work on /opt/airflow/dags/main.py
[2025-07-24T00:47:13.156+0000] {processor.py:830} INFO - Processing file /opt/airflow/dags/main.py for tasks to queue
[2025-07-24T00:47:13.159+0000] {logging_mixin.py:188} INFO - [2025-07-24T00:47:13.158+0000] {dagbag.py:538} INFO - Filling up the DagBag from /opt/airflow/dags/main.py
[2025-07-24T00:47:13.414+0000] {processor.py:840} INFO - DAG(s) 'TechAndUrbanGrowth' retrieved from /opt/airflow/dags/main.py
[2025-07-24T00:47:13.477+0000] {logging_mixin.py:188} INFO - [2025-07-24T00:47:13.476+0000] {dag.py:3036} INFO - Sync 1 DAGs
[2025-07-24T00:47:13.519+0000] {logging_mixin.py:188} INFO - [2025-07-24T00:47:13.519+0000] {dag.py:3823} INFO - Setting next_dagrun for TechAndUrbanGrowth to 2025-07-24 00:00:00+00:00, run_after=2025-07-25 00:00:00+00:00
[2025-07-24T00:47:13.561+0000] {processor.py:183} INFO - Processing /opt/airflow/dags/main.py took 0.417 seconds
[2025-07-24T00:47:43.930+0000] {processor.py:161} INFO - Started process (PID=574) to work on /opt/airflow/dags/main.py
[2025-07-24T00:47:43.933+0000] {processor.py:830} INFO - Processing file /opt/airflow/dags/main.py for tasks to queue
[2025-07-24T00:47:43.935+0000] {logging_mixin.py:188} INFO - [2025-07-24T00:47:43.934+0000] {dagbag.py:538} INFO - Filling up the DagBag from /opt/airflow/dags/main.py
[2025-07-24T00:47:44.258+0000] {processor.py:840} INFO - DAG(s) 'TechAndUrbanGrowth' retrieved from /opt/airflow/dags/main.py
[2025-07-24T00:47:44.349+0000] {logging_mixin.py:188} INFO - [2025-07-24T00:47:44.348+0000] {dag.py:3036} INFO - Sync 1 DAGs
[2025-07-24T00:47:44.441+0000] {logging_mixin.py:188} INFO - [2025-07-24T00:47:44.440+0000] {dag.py:3823} INFO - Setting next_dagrun for TechAndUrbanGrowth to 2025-07-24 00:00:00+00:00, run_after=2025-07-25 00:00:00+00:00
[2025-07-24T00:47:44.489+0000] {processor.py:183} INFO - Processing /opt/airflow/dags/main.py took 0.567 seconds
[2025-07-24T00:48:14.774+0000] {processor.py:161} INFO - Started process (PID=579) to work on /opt/airflow/dags/main.py
[2025-07-24T00:48:14.778+0000] {processor.py:830} INFO - Processing file /opt/airflow/dags/main.py for tasks to queue
[2025-07-24T00:48:14.781+0000] {logging_mixin.py:188} INFO - [2025-07-24T00:48:14.780+0000] {dagbag.py:538} INFO - Filling up the DagBag from /opt/airflow/dags/main.py
[2025-07-24T00:48:15.008+0000] {processor.py:840} INFO - DAG(s) 'TechAndUrbanGrowth' retrieved from /opt/airflow/dags/main.py
[2025-07-24T00:48:15.063+0000] {logging_mixin.py:188} INFO - [2025-07-24T00:48:15.062+0000] {dag.py:3036} INFO - Sync 1 DAGs
[2025-07-24T00:48:15.115+0000] {logging_mixin.py:188} INFO - [2025-07-24T00:48:15.114+0000] {dag.py:3823} INFO - Setting next_dagrun for TechAndUrbanGrowth to 2025-07-24 00:00:00+00:00, run_after=2025-07-25 00:00:00+00:00
[2025-07-24T00:48:15.177+0000] {processor.py:183} INFO - Processing /opt/airflow/dags/main.py took 0.411 seconds
[2025-07-24T00:48:45.578+0000] {processor.py:161} INFO - Started process (PID=584) to work on /opt/airflow/dags/main.py
[2025-07-24T00:48:45.581+0000] {processor.py:830} INFO - Processing file /opt/airflow/dags/main.py for tasks to queue
[2025-07-24T00:48:45.584+0000] {logging_mixin.py:188} INFO - [2025-07-24T00:48:45.583+0000] {dagbag.py:538} INFO - Filling up the DagBag from /opt/airflow/dags/main.py
[2025-07-24T00:48:45.857+0000] {processor.py:840} INFO - DAG(s) 'TechAndUrbanGrowth' retrieved from /opt/airflow/dags/main.py
[2025-07-24T00:48:45.926+0000] {logging_mixin.py:188} INFO - [2025-07-24T00:48:45.926+0000] {dag.py:3036} INFO - Sync 1 DAGs
[2025-07-24T00:48:45.978+0000] {logging_mixin.py:188} INFO - [2025-07-24T00:48:45.977+0000] {dag.py:3823} INFO - Setting next_dagrun for TechAndUrbanGrowth to 2025-07-24 00:00:00+00:00, run_after=2025-07-25 00:00:00+00:00
[2025-07-24T00:48:46.022+0000] {processor.py:183} INFO - Processing /opt/airflow/dags/main.py took 0.452 seconds
[2025-07-24T00:49:16.426+0000] {processor.py:161} INFO - Started process (PID=589) to work on /opt/airflow/dags/main.py
[2025-07-24T00:49:16.429+0000] {processor.py:830} INFO - Processing file /opt/airflow/dags/main.py for tasks to queue
[2025-07-24T00:49:16.432+0000] {logging_mixin.py:188} INFO - [2025-07-24T00:49:16.431+0000] {dagbag.py:538} INFO - Filling up the DagBag from /opt/airflow/dags/main.py
[2025-07-24T00:49:16.688+0000] {processor.py:840} INFO - DAG(s) 'TechAndUrbanGrowth' retrieved from /opt/airflow/dags/main.py
[2025-07-24T00:49:16.756+0000] {logging_mixin.py:188} INFO - [2025-07-24T00:49:16.756+0000] {dag.py:3036} INFO - Sync 1 DAGs
[2025-07-24T00:49:16.811+0000] {logging_mixin.py:188} INFO - [2025-07-24T00:49:16.810+0000] {dag.py:3823} INFO - Setting next_dagrun for TechAndUrbanGrowth to 2025-07-24 00:00:00+00:00, run_after=2025-07-25 00:00:00+00:00
[2025-07-24T00:49:16.859+0000] {processor.py:183} INFO - Processing /opt/airflow/dags/main.py took 0.441 seconds
[2025-07-24T00:49:47.306+0000] {processor.py:161} INFO - Started process (PID=594) to work on /opt/airflow/dags/main.py
[2025-07-24T00:49:47.311+0000] {processor.py:830} INFO - Processing file /opt/airflow/dags/main.py for tasks to queue
[2025-07-24T00:49:47.314+0000] {logging_mixin.py:188} INFO - [2025-07-24T00:49:47.313+0000] {dagbag.py:538} INFO - Filling up the DagBag from /opt/airflow/dags/main.py
[2025-07-24T00:49:47.832+0000] {processor.py:840} INFO - DAG(s) 'TechAndUrbanGrowth' retrieved from /opt/airflow/dags/main.py
[2025-07-24T00:49:47.935+0000] {logging_mixin.py:188} INFO - [2025-07-24T00:49:47.934+0000] {dag.py:3036} INFO - Sync 1 DAGs
[2025-07-24T00:49:48.001+0000] {logging_mixin.py:188} INFO - [2025-07-24T00:49:48.000+0000] {dag.py:3823} INFO - Setting next_dagrun for TechAndUrbanGrowth to 2025-07-24 00:00:00+00:00, run_after=2025-07-25 00:00:00+00:00
[2025-07-24T00:49:48.048+0000] {processor.py:183} INFO - Processing /opt/airflow/dags/main.py took 0.761 seconds
[2025-07-24T00:50:18.442+0000] {processor.py:161} INFO - Started process (PID=599) to work on /opt/airflow/dags/main.py
[2025-07-24T00:50:18.446+0000] {processor.py:830} INFO - Processing file /opt/airflow/dags/main.py for tasks to queue
[2025-07-24T00:50:18.449+0000] {logging_mixin.py:188} INFO - [2025-07-24T00:50:18.448+0000] {dagbag.py:538} INFO - Filling up the DagBag from /opt/airflow/dags/main.py
[2025-07-24T00:50:18.764+0000] {processor.py:840} INFO - DAG(s) 'TechAndUrbanGrowth' retrieved from /opt/airflow/dags/main.py
[2025-07-24T00:50:18.829+0000] {logging_mixin.py:188} INFO - [2025-07-24T00:50:18.829+0000] {dag.py:3036} INFO - Sync 1 DAGs
[2025-07-24T00:50:18.869+0000] {logging_mixin.py:188} INFO - [2025-07-24T00:50:18.869+0000] {dag.py:3823} INFO - Setting next_dagrun for TechAndUrbanGrowth to 2025-07-24 00:00:00+00:00, run_after=2025-07-25 00:00:00+00:00
[2025-07-24T00:50:18.907+0000] {processor.py:183} INFO - Processing /opt/airflow/dags/main.py took 0.474 seconds
[2025-07-24T00:50:49.293+0000] {processor.py:161} INFO - Started process (PID=604) to work on /opt/airflow/dags/main.py
[2025-07-24T00:50:49.297+0000] {processor.py:830} INFO - Processing file /opt/airflow/dags/main.py for tasks to queue
[2025-07-24T00:50:49.300+0000] {logging_mixin.py:188} INFO - [2025-07-24T00:50:49.298+0000] {dagbag.py:538} INFO - Filling up the DagBag from /opt/airflow/dags/main.py
[2025-07-24T00:50:49.616+0000] {processor.py:840} INFO - DAG(s) 'TechAndUrbanGrowth' retrieved from /opt/airflow/dags/main.py
[2025-07-24T00:50:49.697+0000] {logging_mixin.py:188} INFO - [2025-07-24T00:50:49.697+0000] {dag.py:3036} INFO - Sync 1 DAGs
[2025-07-24T00:50:49.754+0000] {logging_mixin.py:188} INFO - [2025-07-24T00:50:49.754+0000] {dag.py:3823} INFO - Setting next_dagrun for TechAndUrbanGrowth to 2025-07-24 00:00:00+00:00, run_after=2025-07-25 00:00:00+00:00
[2025-07-24T00:50:49.805+0000] {processor.py:183} INFO - Processing /opt/airflow/dags/main.py took 0.519 seconds
[2025-07-24T00:51:20.458+0000] {processor.py:161} INFO - Started process (PID=609) to work on /opt/airflow/dags/main.py
[2025-07-24T00:51:20.462+0000] {processor.py:830} INFO - Processing file /opt/airflow/dags/main.py for tasks to queue
[2025-07-24T00:51:20.464+0000] {logging_mixin.py:188} INFO - [2025-07-24T00:51:20.463+0000] {dagbag.py:538} INFO - Filling up the DagBag from /opt/airflow/dags/main.py
[2025-07-24T00:51:20.699+0000] {processor.py:840} INFO - DAG(s) 'TechAndUrbanGrowth' retrieved from /opt/airflow/dags/main.py
[2025-07-24T00:51:20.767+0000] {logging_mixin.py:188} INFO - [2025-07-24T00:51:20.766+0000] {dag.py:3036} INFO - Sync 1 DAGs
[2025-07-24T00:51:20.819+0000] {logging_mixin.py:188} INFO - [2025-07-24T00:51:20.819+0000] {dag.py:3823} INFO - Setting next_dagrun for TechAndUrbanGrowth to 2025-07-24 00:00:00+00:00, run_after=2025-07-25 00:00:00+00:00
[2025-07-24T00:51:20.900+0000] {processor.py:183} INFO - Processing /opt/airflow/dags/main.py took 0.449 seconds
[2025-07-24T00:51:51.307+0000] {processor.py:161} INFO - Started process (PID=614) to work on /opt/airflow/dags/main.py
[2025-07-24T00:51:51.311+0000] {processor.py:830} INFO - Processing file /opt/airflow/dags/main.py for tasks to queue
[2025-07-24T00:51:51.314+0000] {logging_mixin.py:188} INFO - [2025-07-24T00:51:51.313+0000] {dagbag.py:538} INFO - Filling up the DagBag from /opt/airflow/dags/main.py
[2025-07-24T00:51:51.587+0000] {processor.py:840} INFO - DAG(s) 'TechAndUrbanGrowth' retrieved from /opt/airflow/dags/main.py
[2025-07-24T00:51:51.665+0000] {logging_mixin.py:188} INFO - [2025-07-24T00:51:51.664+0000] {dag.py:3036} INFO - Sync 1 DAGs
[2025-07-24T00:51:51.770+0000] {logging_mixin.py:188} INFO - [2025-07-24T00:51:51.770+0000] {dag.py:3823} INFO - Setting next_dagrun for TechAndUrbanGrowth to 2025-07-24 00:00:00+00:00, run_after=2025-07-25 00:00:00+00:00
[2025-07-24T00:51:51.850+0000] {processor.py:183} INFO - Processing /opt/airflow/dags/main.py took 0.551 seconds
[2025-07-24T00:52:22.281+0000] {processor.py:161} INFO - Started process (PID=619) to work on /opt/airflow/dags/main.py
[2025-07-24T00:52:22.285+0000] {processor.py:830} INFO - Processing file /opt/airflow/dags/main.py for tasks to queue
[2025-07-24T00:52:22.290+0000] {logging_mixin.py:188} INFO - [2025-07-24T00:52:22.287+0000] {dagbag.py:538} INFO - Filling up the DagBag from /opt/airflow/dags/main.py
[2025-07-24T00:52:22.679+0000] {processor.py:840} INFO - DAG(s) 'TechAndUrbanGrowth' retrieved from /opt/airflow/dags/main.py
[2025-07-24T00:52:22.734+0000] {logging_mixin.py:188} INFO - [2025-07-24T00:52:22.733+0000] {dag.py:3036} INFO - Sync 1 DAGs
[2025-07-24T00:52:22.807+0000] {logging_mixin.py:188} INFO - [2025-07-24T00:52:22.806+0000] {dag.py:3823} INFO - Setting next_dagrun for TechAndUrbanGrowth to 2025-07-24 00:00:00+00:00, run_after=2025-07-25 00:00:00+00:00
[2025-07-24T00:52:22.889+0000] {processor.py:183} INFO - Processing /opt/airflow/dags/main.py took 0.617 seconds
[2025-07-24T00:52:53.430+0000] {processor.py:161} INFO - Started process (PID=624) to work on /opt/airflow/dags/main.py
[2025-07-24T00:52:53.437+0000] {processor.py:830} INFO - Processing file /opt/airflow/dags/main.py for tasks to queue
[2025-07-24T00:52:53.442+0000] {logging_mixin.py:188} INFO - [2025-07-24T00:52:53.440+0000] {dagbag.py:538} INFO - Filling up the DagBag from /opt/airflow/dags/main.py
[2025-07-24T00:52:53.805+0000] {processor.py:840} INFO - DAG(s) 'TechAndUrbanGrowth' retrieved from /opt/airflow/dags/main.py
[2025-07-24T00:52:53.863+0000] {logging_mixin.py:188} INFO - [2025-07-24T00:52:53.862+0000] {dag.py:3036} INFO - Sync 1 DAGs
[2025-07-24T00:52:53.915+0000] {logging_mixin.py:188} INFO - [2025-07-24T00:52:53.915+0000] {dag.py:3823} INFO - Setting next_dagrun for TechAndUrbanGrowth to 2025-07-24 00:00:00+00:00, run_after=2025-07-25 00:00:00+00:00
[2025-07-24T00:52:53.958+0000] {processor.py:183} INFO - Processing /opt/airflow/dags/main.py took 0.538 seconds
[2025-07-24T00:53:24.328+0000] {processor.py:161} INFO - Started process (PID=629) to work on /opt/airflow/dags/main.py
[2025-07-24T00:53:24.331+0000] {processor.py:830} INFO - Processing file /opt/airflow/dags/main.py for tasks to queue
[2025-07-24T00:53:24.333+0000] {logging_mixin.py:188} INFO - [2025-07-24T00:53:24.332+0000] {dagbag.py:538} INFO - Filling up the DagBag from /opt/airflow/dags/main.py
[2025-07-24T00:53:24.611+0000] {processor.py:840} INFO - DAG(s) 'TechAndUrbanGrowth' retrieved from /opt/airflow/dags/main.py
[2025-07-24T00:53:24.681+0000] {logging_mixin.py:188} INFO - [2025-07-24T00:53:24.680+0000] {dag.py:3036} INFO - Sync 1 DAGs
[2025-07-24T00:53:24.756+0000] {logging_mixin.py:188} INFO - [2025-07-24T00:53:24.756+0000] {dag.py:3823} INFO - Setting next_dagrun for TechAndUrbanGrowth to 2025-07-24 00:00:00+00:00, run_after=2025-07-25 00:00:00+00:00
[2025-07-24T00:53:24.824+0000] {processor.py:183} INFO - Processing /opt/airflow/dags/main.py took 0.503 seconds
[2025-07-24T00:53:55.182+0000] {processor.py:161} INFO - Started process (PID=634) to work on /opt/airflow/dags/main.py
[2025-07-24T00:53:55.187+0000] {processor.py:830} INFO - Processing file /opt/airflow/dags/main.py for tasks to queue
[2025-07-24T00:53:55.191+0000] {logging_mixin.py:188} INFO - [2025-07-24T00:53:55.190+0000] {dagbag.py:538} INFO - Filling up the DagBag from /opt/airflow/dags/main.py
[2025-07-24T00:53:55.504+0000] {processor.py:840} INFO - DAG(s) 'TechAndUrbanGrowth' retrieved from /opt/airflow/dags/main.py
[2025-07-24T00:53:55.627+0000] {logging_mixin.py:188} INFO - [2025-07-24T00:53:55.626+0000] {dag.py:3036} INFO - Sync 1 DAGs
[2025-07-24T00:53:55.752+0000] {logging_mixin.py:188} INFO - [2025-07-24T00:53:55.750+0000] {dag.py:3823} INFO - Setting next_dagrun for TechAndUrbanGrowth to 2025-07-24 00:00:00+00:00, run_after=2025-07-25 00:00:00+00:00
[2025-07-24T00:53:55.827+0000] {processor.py:183} INFO - Processing /opt/airflow/dags/main.py took 0.660 seconds
[2025-07-24T00:54:26.234+0000] {processor.py:161} INFO - Started process (PID=639) to work on /opt/airflow/dags/main.py
[2025-07-24T00:54:26.238+0000] {processor.py:830} INFO - Processing file /opt/airflow/dags/main.py for tasks to queue
[2025-07-24T00:54:26.241+0000] {logging_mixin.py:188} INFO - [2025-07-24T00:54:26.240+0000] {dagbag.py:538} INFO - Filling up the DagBag from /opt/airflow/dags/main.py
[2025-07-24T00:54:26.552+0000] {processor.py:840} INFO - DAG(s) 'TechAndUrbanGrowth' retrieved from /opt/airflow/dags/main.py
[2025-07-24T00:54:26.617+0000] {logging_mixin.py:188} INFO - [2025-07-24T00:54:26.617+0000] {dag.py:3036} INFO - Sync 1 DAGs
[2025-07-24T00:54:26.659+0000] {logging_mixin.py:188} INFO - [2025-07-24T00:54:26.658+0000] {dag.py:3823} INFO - Setting next_dagrun for TechAndUrbanGrowth to 2025-07-24 00:00:00+00:00, run_after=2025-07-25 00:00:00+00:00
[2025-07-24T00:54:26.703+0000] {processor.py:183} INFO - Processing /opt/airflow/dags/main.py took 0.477 seconds
[2025-07-24T00:54:57.083+0000] {processor.py:161} INFO - Started process (PID=644) to work on /opt/airflow/dags/main.py
[2025-07-24T00:54:57.087+0000] {processor.py:830} INFO - Processing file /opt/airflow/dags/main.py for tasks to queue
[2025-07-24T00:54:57.090+0000] {logging_mixin.py:188} INFO - [2025-07-24T00:54:57.089+0000] {dagbag.py:538} INFO - Filling up the DagBag from /opt/airflow/dags/main.py
[2025-07-24T00:54:57.389+0000] {processor.py:840} INFO - DAG(s) 'TechAndUrbanGrowth' retrieved from /opt/airflow/dags/main.py
[2025-07-24T00:54:57.477+0000] {logging_mixin.py:188} INFO - [2025-07-24T00:54:57.476+0000] {dag.py:3036} INFO - Sync 1 DAGs
[2025-07-24T00:54:57.520+0000] {logging_mixin.py:188} INFO - [2025-07-24T00:54:57.520+0000] {dag.py:3823} INFO - Setting next_dagrun for TechAndUrbanGrowth to 2025-07-24 00:00:00+00:00, run_after=2025-07-25 00:00:00+00:00
[2025-07-24T00:54:57.565+0000] {processor.py:183} INFO - Processing /opt/airflow/dags/main.py took 0.491 seconds
[2025-07-24T00:55:27.967+0000] {processor.py:161} INFO - Started process (PID=649) to work on /opt/airflow/dags/main.py
[2025-07-24T00:55:27.970+0000] {processor.py:830} INFO - Processing file /opt/airflow/dags/main.py for tasks to queue
[2025-07-24T00:55:27.973+0000] {logging_mixin.py:188} INFO - [2025-07-24T00:55:27.972+0000] {dagbag.py:538} INFO - Filling up the DagBag from /opt/airflow/dags/main.py
[2025-07-24T00:55:28.266+0000] {processor.py:840} INFO - DAG(s) 'TechAndUrbanGrowth' retrieved from /opt/airflow/dags/main.py
[2025-07-24T00:55:28.366+0000] {logging_mixin.py:188} INFO - [2025-07-24T00:55:28.366+0000] {dag.py:3036} INFO - Sync 1 DAGs
[2025-07-24T00:55:28.436+0000] {logging_mixin.py:188} INFO - [2025-07-24T00:55:28.435+0000] {dag.py:3823} INFO - Setting next_dagrun for TechAndUrbanGrowth to 2025-07-24 00:00:00+00:00, run_after=2025-07-25 00:00:00+00:00
[2025-07-24T00:55:28.477+0000] {processor.py:183} INFO - Processing /opt/airflow/dags/main.py took 0.520 seconds
[2025-07-24T00:55:58.703+0000] {processor.py:161} INFO - Started process (PID=654) to work on /opt/airflow/dags/main.py
[2025-07-24T00:55:58.707+0000] {processor.py:830} INFO - Processing file /opt/airflow/dags/main.py for tasks to queue
[2025-07-24T00:55:58.709+0000] {logging_mixin.py:188} INFO - [2025-07-24T00:55:58.708+0000] {dagbag.py:538} INFO - Filling up the DagBag from /opt/airflow/dags/main.py
[2025-07-24T00:55:59.018+0000] {processor.py:840} INFO - DAG(s) 'TechAndUrbanGrowth' retrieved from /opt/airflow/dags/main.py
[2025-07-24T00:55:59.084+0000] {logging_mixin.py:188} INFO - [2025-07-24T00:55:59.084+0000] {dag.py:3036} INFO - Sync 1 DAGs
[2025-07-24T00:55:59.146+0000] {logging_mixin.py:188} INFO - [2025-07-24T00:55:59.146+0000] {dag.py:3823} INFO - Setting next_dagrun for TechAndUrbanGrowth to 2025-07-24 00:00:00+00:00, run_after=2025-07-25 00:00:00+00:00
[2025-07-24T00:55:59.204+0000] {processor.py:183} INFO - Processing /opt/airflow/dags/main.py took 0.508 seconds
[2025-07-24T00:56:29.828+0000] {processor.py:161} INFO - Started process (PID=659) to work on /opt/airflow/dags/main.py
[2025-07-24T00:56:29.833+0000] {processor.py:830} INFO - Processing file /opt/airflow/dags/main.py for tasks to queue
[2025-07-24T00:56:29.838+0000] {logging_mixin.py:188} INFO - [2025-07-24T00:56:29.836+0000] {dagbag.py:538} INFO - Filling up the DagBag from /opt/airflow/dags/main.py
[2025-07-24T00:56:30.252+0000] {processor.py:840} INFO - DAG(s) 'TechAndUrbanGrowth' retrieved from /opt/airflow/dags/main.py
[2025-07-24T00:56:30.324+0000] {logging_mixin.py:188} INFO - [2025-07-24T00:56:30.323+0000] {dag.py:3036} INFO - Sync 1 DAGs
[2025-07-24T00:56:30.370+0000] {logging_mixin.py:188} INFO - [2025-07-24T00:56:30.370+0000] {dag.py:3823} INFO - Setting next_dagrun for TechAndUrbanGrowth to 2025-07-24 00:00:00+00:00, run_after=2025-07-25 00:00:00+00:00
[2025-07-24T00:56:30.415+0000] {processor.py:183} INFO - Processing /opt/airflow/dags/main.py took 0.598 seconds
[2025-07-24T00:57:00.885+0000] {processor.py:161} INFO - Started process (PID=664) to work on /opt/airflow/dags/main.py
[2025-07-24T00:57:00.889+0000] {processor.py:830} INFO - Processing file /opt/airflow/dags/main.py for tasks to queue
[2025-07-24T00:57:00.892+0000] {logging_mixin.py:188} INFO - [2025-07-24T00:57:00.891+0000] {dagbag.py:538} INFO - Filling up the DagBag from /opt/airflow/dags/main.py
[2025-07-24T00:57:01.214+0000] {processor.py:840} INFO - DAG(s) 'TechAndUrbanGrowth' retrieved from /opt/airflow/dags/main.py
[2025-07-24T00:57:01.273+0000] {logging_mixin.py:188} INFO - [2025-07-24T00:57:01.273+0000] {dag.py:3036} INFO - Sync 1 DAGs
[2025-07-24T00:57:01.315+0000] {logging_mixin.py:188} INFO - [2025-07-24T00:57:01.314+0000] {dag.py:3823} INFO - Setting next_dagrun for TechAndUrbanGrowth to 2025-07-24 00:00:00+00:00, run_after=2025-07-25 00:00:00+00:00
[2025-07-24T00:57:01.362+0000] {processor.py:183} INFO - Processing /opt/airflow/dags/main.py took 0.487 seconds
[2025-07-24T00:57:31.765+0000] {processor.py:161} INFO - Started process (PID=669) to work on /opt/airflow/dags/main.py
[2025-07-24T00:57:31.769+0000] {processor.py:830} INFO - Processing file /opt/airflow/dags/main.py for tasks to queue
[2025-07-24T00:57:31.772+0000] {logging_mixin.py:188} INFO - [2025-07-24T00:57:31.771+0000] {dagbag.py:538} INFO - Filling up the DagBag from /opt/airflow/dags/main.py
[2025-07-24T00:57:32.100+0000] {processor.py:840} INFO - DAG(s) 'TechAndUrbanGrowth' retrieved from /opt/airflow/dags/main.py
[2025-07-24T00:57:32.159+0000] {logging_mixin.py:188} INFO - [2025-07-24T00:57:32.158+0000] {dag.py:3036} INFO - Sync 1 DAGs
[2025-07-24T00:57:32.201+0000] {logging_mixin.py:188} INFO - [2025-07-24T00:57:32.199+0000] {dag.py:3823} INFO - Setting next_dagrun for TechAndUrbanGrowth to 2025-07-24 00:00:00+00:00, run_after=2025-07-25 00:00:00+00:00
[2025-07-24T00:57:32.244+0000] {processor.py:183} INFO - Processing /opt/airflow/dags/main.py took 0.485 seconds
[2025-07-24T00:58:02.843+0000] {processor.py:161} INFO - Started process (PID=674) to work on /opt/airflow/dags/main.py
[2025-07-24T00:58:02.923+0000] {processor.py:830} INFO - Processing file /opt/airflow/dags/main.py for tasks to queue
[2025-07-24T00:58:02.933+0000] {logging_mixin.py:188} INFO - [2025-07-24T00:58:02.925+0000] {dagbag.py:538} INFO - Filling up the DagBag from /opt/airflow/dags/main.py
[2025-07-24T00:58:03.777+0000] {processor.py:840} INFO - DAG(s) 'TechAndUrbanGrowth' retrieved from /opt/airflow/dags/main.py
[2025-07-24T00:58:03.887+0000] {logging_mixin.py:188} INFO - [2025-07-24T00:58:03.887+0000] {dag.py:3036} INFO - Sync 1 DAGs
[2025-07-24T00:58:03.951+0000] {logging_mixin.py:188} INFO - [2025-07-24T00:58:03.950+0000] {dag.py:3823} INFO - Setting next_dagrun for TechAndUrbanGrowth to 2025-07-24 00:00:00+00:00, run_after=2025-07-25 00:00:00+00:00
[2025-07-24T00:58:04.077+0000] {processor.py:183} INFO - Processing /opt/airflow/dags/main.py took 1.252 seconds
[2025-07-24T00:58:34.766+0000] {processor.py:161} INFO - Started process (PID=679) to work on /opt/airflow/dags/main.py
[2025-07-24T00:58:34.791+0000] {processor.py:830} INFO - Processing file /opt/airflow/dags/main.py for tasks to queue
[2025-07-24T00:58:34.807+0000] {logging_mixin.py:188} INFO - [2025-07-24T00:58:34.800+0000] {dagbag.py:538} INFO - Filling up the DagBag from /opt/airflow/dags/main.py
[2025-07-24T00:58:35.599+0000] {processor.py:840} INFO - DAG(s) 'TechAndUrbanGrowth' retrieved from /opt/airflow/dags/main.py
[2025-07-24T00:58:35.815+0000] {logging_mixin.py:188} INFO - [2025-07-24T00:58:35.815+0000] {dag.py:3036} INFO - Sync 1 DAGs
[2025-07-24T00:58:35.938+0000] {logging_mixin.py:188} INFO - [2025-07-24T00:58:35.935+0000] {dag.py:3823} INFO - Setting next_dagrun for TechAndUrbanGrowth to 2025-07-24 00:00:00+00:00, run_after=2025-07-25 00:00:00+00:00
[2025-07-24T00:58:36.023+0000] {processor.py:183} INFO - Processing /opt/airflow/dags/main.py took 1.312 seconds
[2025-07-24T00:59:06.167+0000] {processor.py:161} INFO - Started process (PID=684) to work on /opt/airflow/dags/main.py
[2025-07-24T00:59:06.172+0000] {processor.py:830} INFO - Processing file /opt/airflow/dags/main.py for tasks to queue
[2025-07-24T00:59:06.176+0000] {logging_mixin.py:188} INFO - [2025-07-24T00:59:06.175+0000] {dagbag.py:538} INFO - Filling up the DagBag from /opt/airflow/dags/main.py
[2025-07-24T00:59:06.431+0000] {processor.py:840} INFO - DAG(s) 'TechAndUrbanGrowth' retrieved from /opt/airflow/dags/main.py
[2025-07-24T00:59:06.499+0000] {logging_mixin.py:188} INFO - [2025-07-24T00:59:06.498+0000] {dag.py:3036} INFO - Sync 1 DAGs
[2025-07-24T00:59:06.545+0000] {logging_mixin.py:188} INFO - [2025-07-24T00:59:06.545+0000] {dag.py:3823} INFO - Setting next_dagrun for TechAndUrbanGrowth to 2025-07-24 00:00:00+00:00, run_after=2025-07-25 00:00:00+00:00
[2025-07-24T00:59:06.637+0000] {processor.py:183} INFO - Processing /opt/airflow/dags/main.py took 0.480 seconds
