[2025-07-24T00:22:47.003+0000] {taskinstance.py:1956} INFO - Dependencies all met for dep_context=non-requeueable deps ti=<TaskInstance: TechAndUrbanGrowth.load_all_to_mongo manual__2025-07-24T00:22:16.353267+00:00 [queued]>
[2025-07-24T00:22:47.020+0000] {taskinstance.py:1956} INFO - Dependencies all met for dep_context=requeueable deps ti=<TaskInstance: TechAndUrbanGrowth.load_all_to_mongo manual__2025-07-24T00:22:16.353267+00:00 [queued]>
[2025-07-24T00:22:47.021+0000] {taskinstance.py:2170} INFO - Starting attempt 1 of 2
[2025-07-24T00:22:47.043+0000] {taskinstance.py:2191} INFO - Executing <Task(PythonOperator): load_all_to_mongo> on 2025-07-24 00:22:16.353267+00:00
[2025-07-24T00:22:47.054+0000] {standard_task_runner.py:60} INFO - Started process 265 to run task
[2025-07-24T00:22:47.059+0000] {standard_task_runner.py:87} INFO - Running: ['***', 'tasks', 'run', 'TechAndUrbanGrowth', 'load_all_to_mongo', 'manual__2025-07-24T00:22:16.353267+00:00', '--job-id', '12', '--raw', '--subdir', 'DAGS_FOLDER/main.py', '--cfg-path', '/tmp/tmpqkrvw8b8']
[2025-07-24T00:22:47.063+0000] {standard_task_runner.py:88} INFO - Job 12: Subtask load_all_to_mongo
[2025-07-24T00:22:47.216+0000] {task_command.py:423} INFO - Running <TaskInstance: TechAndUrbanGrowth.load_all_to_mongo manual__2025-07-24T00:22:16.353267+00:00 [running]> on host 4c8899e5e1ad
[2025-07-24T00:22:47.404+0000] {taskinstance.py:2480} INFO - Exporting env vars: AIRFLOW_CTX_DAG_OWNER='***' AIRFLOW_CTX_DAG_ID='TechAndUrbanGrowth' AIRFLOW_CTX_TASK_ID='load_all_to_mongo' AIRFLOW_CTX_EXECUTION_DATE='2025-07-24T00:22:16.353267+00:00' AIRFLOW_CTX_TRY_NUMBER='1' AIRFLOW_CTX_DAG_RUN_ID='manual__2025-07-24T00:22:16.353267+00:00'
[2025-07-24T00:22:47.407+0000] {load_mongo.py:13} INFO - 📦 Conectando a MongoDB...
[2025-07-24T00:22:47.519+0000] {load_mongo.py:21} INFO - Datos urbanización recibidos: tipo=<class 'list'>, cantidad=65
[2025-07-24T00:22:47.520+0000] {load_mongo.py:22} INFO - Datos calidad aire recibidos: tipo=<class 'list'>, cantidad=35
[2025-07-24T00:22:47.521+0000] {load_mongo.py:23} INFO - Datos población recibidos: tipo=<class 'list'>, cantidad=65
[2025-07-24T00:22:48.337+0000] {load_mongo.py:67} INFO - 💨 Calidad del aire: 35 registros upsertados
[2025-07-24T00:22:48.568+0000] {load_mongo.py:101} INFO - 📝 Resumen consolidado insertado: {'timestamp': '2025-07-24T00:22:48.531804', 'sources': ['population', 'urbanization', 'air_quality'], 'summary': {'population': 65, 'urbanization': 65, 'air_quality': 35, 'total_upserted': 165}, '_id': ObjectId('68817cd87423b95137860f1c')}
[2025-07-24T00:22:48.618+0000] {load_mongo.py:106} INFO - ✅ Carga finalizada con éxito: 165 registros upsertados
[2025-07-24T00:22:48.620+0000] {python.py:201} INFO - Done. Returned value was: None
[2025-07-24T00:22:48.638+0000] {taskinstance.py:1138} INFO - Marking task as SUCCESS. dag_id=TechAndUrbanGrowth, task_id=load_all_to_mongo, execution_date=20250724T002216, start_date=20250724T002247, end_date=20250724T002248
[2025-07-24T00:22:48.680+0000] {local_task_job_runner.py:234} INFO - Task exited with return code 0
[2025-07-24T00:22:48.722+0000] {taskinstance.py:3280} INFO - 1 downstream tasks scheduled from follow-on schedule check
