[2025-07-24T03:36:59.794+0000] {taskinstance.py:1956} INFO - Dependencies all met for dep_context=non-requeueable deps ti=<TaskInstance: TechAndUrbanGrowth.ingestion_air_quality_data manual__2025-07-24T03:36:52.564661+00:00 [queued]>
[2025-07-24T03:36:59.843+0000] {taskinstance.py:1956} INFO - Dependencies all met for dep_context=requeueable deps ti=<TaskInstance: TechAndUrbanGrowth.ingestion_air_quality_data manual__2025-07-24T03:36:52.564661+00:00 [queued]>
[2025-07-24T03:36:59.845+0000] {taskinstance.py:2170} INFO - Starting attempt 1 of 2
[2025-07-24T03:36:59.911+0000] {taskinstance.py:2191} INFO - Executing <Task(PythonOperator): ingestion_air_quality_data> on 2025-07-24 03:36:52.564661+00:00
[2025-07-24T03:36:59.979+0000] {standard_task_runner.py:60} INFO - Started process 2609 to run task
[2025-07-24T03:37:00.080+0000] {standard_task_runner.py:87} INFO - Running: ['***', 'tasks', 'run', 'TechAndUrbanGrowth', 'ingestion_air_quality_data', 'manual__2025-07-24T03:36:52.564661+00:00', '--job-id', '149', '--raw', '--subdir', 'DAGS_FOLDER/main.py', '--cfg-path', '/tmp/tmp__7kyipi']
[2025-07-24T03:37:00.146+0000] {standard_task_runner.py:88} INFO - Job 149: Subtask ingestion_air_quality_data
[2025-07-24T03:37:00.524+0000] {task_command.py:423} INFO - Running <TaskInstance: TechAndUrbanGrowth.ingestion_air_quality_data manual__2025-07-24T03:36:52.564661+00:00 [running]> on host 4c8899e5e1ad
[2025-07-24T03:37:01.093+0000] {taskinstance.py:2480} INFO - Exporting env vars: AIRFLOW_CTX_DAG_OWNER='***' AIRFLOW_CTX_DAG_ID='TechAndUrbanGrowth' AIRFLOW_CTX_TASK_ID='ingestion_air_quality_data' AIRFLOW_CTX_EXECUTION_DATE='2025-07-24T03:36:52.564661+00:00' AIRFLOW_CTX_TRY_NUMBER='1' AIRFLOW_CTX_DAG_RUN_ID='manual__2025-07-24T03:36:52.564661+00:00'
[2025-07-24T03:37:01.989+0000] {ingestion_1.py:43} INFO - ✔ Datos de calidad del aire obtenidos para Buenos Aires, ARG
[2025-07-24T03:37:02.203+0000] {ingestion_1.py:43} INFO - ✔ Datos de calidad del aire obtenidos para St. John's, ATG
[2025-07-24T03:37:02.398+0000] {ingestion_1.py:43} INFO - ✔ Datos de calidad del aire obtenidos para Nassau, BHS
[2025-07-24T03:37:02.554+0000] {ingestion_1.py:43} INFO - ✔ Datos de calidad del aire obtenidos para Bridgetown, BRB
[2025-07-24T03:37:02.742+0000] {ingestion_1.py:43} INFO - ✔ Datos de calidad del aire obtenidos para Belmopan, BLZ
[2025-07-24T03:37:02.944+0000] {ingestion_1.py:43} INFO - ✔ Datos de calidad del aire obtenidos para Sucre, BOL
[2025-07-24T03:37:03.128+0000] {ingestion_1.py:43} INFO - ✔ Datos de calidad del aire obtenidos para Brasilia, BRA
[2025-07-24T03:37:03.315+0000] {ingestion_1.py:43} INFO - ✔ Datos de calidad del aire obtenidos para Ottawa, CAN
[2025-07-24T03:37:03.500+0000] {ingestion_1.py:43} INFO - ✔ Datos de calidad del aire obtenidos para Santiago, CHL
[2025-07-24T03:37:03.653+0000] {ingestion_1.py:43} INFO - ✔ Datos de calidad del aire obtenidos para Bogotá, COL
[2025-07-24T03:37:03.838+0000] {ingestion_1.py:43} INFO - ✔ Datos de calidad del aire obtenidos para San José, CRI
[2025-07-24T03:37:03.993+0000] {ingestion_1.py:43} INFO - ✔ Datos de calidad del aire obtenidos para Havana, CUB
[2025-07-24T03:37:04.146+0000] {ingestion_1.py:43} INFO - ✔ Datos de calidad del aire obtenidos para Roseau, DMA
[2025-07-24T03:37:04.329+0000] {ingestion_1.py:43} INFO - ✔ Datos de calidad del aire obtenidos para Santo Domingo, DOM
[2025-07-24T03:37:04.525+0000] {ingestion_1.py:43} INFO - ✔ Datos de calidad del aire obtenidos para Quito, ECU
[2025-07-24T03:37:04.711+0000] {ingestion_1.py:43} INFO - ✔ Datos de calidad del aire obtenidos para San Salvador, SLV
[2025-07-24T03:37:04.915+0000] {ingestion_1.py:43} INFO - ✔ Datos de calidad del aire obtenidos para St. George's, GRD
[2025-07-24T03:37:05.102+0000] {ingestion_1.py:43} INFO - ✔ Datos de calidad del aire obtenidos para Guatemala City, GTM
[2025-07-24T03:37:05.305+0000] {ingestion_1.py:43} INFO - ✔ Datos de calidad del aire obtenidos para Georgetown, GUY
[2025-07-24T03:37:05.494+0000] {ingestion_1.py:43} INFO - ✔ Datos de calidad del aire obtenidos para Port-au-Prince, HTI
[2025-07-24T03:37:05.648+0000] {ingestion_1.py:43} INFO - ✔ Datos de calidad del aire obtenidos para Tegucigalpa, HND
[2025-07-24T03:37:05.836+0000] {ingestion_1.py:43} INFO - ✔ Datos de calidad del aire obtenidos para Kingston, JAM
[2025-07-24T03:37:06.019+0000] {ingestion_1.py:43} INFO - ✔ Datos de calidad del aire obtenidos para Ciudad de México, MEX
[2025-07-24T03:37:06.219+0000] {ingestion_1.py:43} INFO - ✔ Datos de calidad del aire obtenidos para Managua, NIC
[2025-07-24T03:37:06.413+0000] {ingestion_1.py:43} INFO - ✔ Datos de calidad del aire obtenidos para Panama City, PAN
[2025-07-24T03:37:06.616+0000] {ingestion_1.py:43} INFO - ✔ Datos de calidad del aire obtenidos para Asunción, PRY
[2025-07-24T03:37:06.774+0000] {ingestion_1.py:43} INFO - ✔ Datos de calidad del aire obtenidos para Lima, PER
[2025-07-24T03:37:06.960+0000] {ingestion_1.py:43} INFO - ✔ Datos de calidad del aire obtenidos para Basseterre, KNA
[2025-07-24T03:37:07.119+0000] {ingestion_1.py:43} INFO - ✔ Datos de calidad del aire obtenidos para Castries, LCA
[2025-07-24T03:37:07.315+0000] {ingestion_1.py:43} INFO - ✔ Datos de calidad del aire obtenidos para Kingstown, VCT
[2025-07-24T03:37:07.483+0000] {ingestion_1.py:43} INFO - ✔ Datos de calidad del aire obtenidos para Paramaribo, SUR
[2025-07-24T03:37:07.673+0000] {ingestion_1.py:43} INFO - ✔ Datos de calidad del aire obtenidos para Port of Spain, TTO
[2025-07-24T03:37:07.844+0000] {ingestion_1.py:43} INFO - ✔ Datos de calidad del aire obtenidos para Montevideo, URY
[2025-07-24T03:37:08.041+0000] {ingestion_1.py:43} INFO - ✔ Datos de calidad del aire obtenidos para Washington, USA
[2025-07-24T03:37:08.200+0000] {ingestion_1.py:43} INFO - ✔ Datos de calidad del aire obtenidos para Caracas, VEN
[2025-07-24T03:37:08.251+0000] {python.py:201} INFO - Done. Returned value was: None
[2025-07-24T03:37:08.283+0000] {taskinstance.py:1138} INFO - Marking task as SUCCESS. dag_id=TechAndUrbanGrowth, task_id=ingestion_air_quality_data, execution_date=20250724T033652, start_date=20250724T033659, end_date=20250724T033708
[2025-07-24T03:37:08.367+0000] {local_task_job_runner.py:234} INFO - Task exited with return code 0
[2025-07-24T03:37:08.448+0000] {taskinstance.py:3280} INFO - 1 downstream tasks scheduled from follow-on schedule check
