[2025-07-24T03:35:00.736+0000] {taskinstance.py:1956} INFO - Dependencies all met for dep_context=non-requeueable deps ti=<TaskInstance: TechAndUrbanGrowth.transform_air_quality_data manual__2025-07-24T03:34:40.874189+00:00 [queued]>
[2025-07-24T03:35:00.756+0000] {taskinstance.py:1956} INFO - Dependencies all met for dep_context=requeueable deps ti=<TaskInstance: TechAndUrbanGrowth.transform_air_quality_data manual__2025-07-24T03:34:40.874189+00:00 [queued]>
[2025-07-24T03:35:00.758+0000] {taskinstance.py:2170} INFO - Starting attempt 1 of 2
[2025-07-24T03:35:00.794+0000] {taskinstance.py:2191} INFO - Executing <Task(PythonOperator): transform_air_quality_data> on 2025-07-24 03:34:40.874189+00:00
[2025-07-24T03:35:00.812+0000] {standard_task_runner.py:60} INFO - Started process 2571 to run task
[2025-07-24T03:35:00.819+0000] {standard_task_runner.py:87} INFO - Running: ['***', 'tasks', 'run', 'TechAndUrbanGrowth', 'transform_air_quality_data', 'manual__2025-07-24T03:34:40.874189+00:00', '--job-id', '144', '--raw', '--subdir', 'DAGS_FOLDER/main.py', '--cfg-path', '/tmp/tmpm25pkb5k']
[2025-07-24T03:35:00.822+0000] {standard_task_runner.py:88} INFO - Job 144: Subtask transform_air_quality_data
[2025-07-24T03:35:00.997+0000] {task_command.py:423} INFO - Running <TaskInstance: TechAndUrbanGrowth.transform_air_quality_data manual__2025-07-24T03:34:40.874189+00:00 [running]> on host 4c8899e5e1ad
[2025-07-24T03:35:01.210+0000] {taskinstance.py:2480} INFO - Exporting env vars: AIRFLOW_CTX_DAG_OWNER='***' AIRFLOW_CTX_DAG_ID='TechAndUrbanGrowth' AIRFLOW_CTX_TASK_ID='transform_air_quality_data' AIRFLOW_CTX_EXECUTION_DATE='2025-07-24T03:34:40.874189+00:00' AIRFLOW_CTX_TRY_NUMBER='1' AIRFLOW_CTX_DAG_RUN_ID='manual__2025-07-24T03:34:40.874189+00:00'
[2025-07-24T03:35:01.247+0000] {transform_1.py:59} INFO - ✔ Transformado dato calidad aire 0 para Buenos Aires
[2025-07-24T03:35:01.248+0000] {transform_1.py:59} INFO - ✔ Transformado dato calidad aire 1 para St. John's
[2025-07-24T03:35:01.249+0000] {transform_1.py:59} INFO - ✔ Transformado dato calidad aire 2 para Nassau
[2025-07-24T03:35:01.249+0000] {transform_1.py:59} INFO - ✔ Transformado dato calidad aire 3 para Bridgetown
[2025-07-24T03:35:01.250+0000] {transform_1.py:59} INFO - ✔ Transformado dato calidad aire 4 para Belmopan
[2025-07-24T03:35:01.250+0000] {transform_1.py:59} INFO - ✔ Transformado dato calidad aire 5 para Sucre
[2025-07-24T03:35:01.251+0000] {transform_1.py:59} INFO - ✔ Transformado dato calidad aire 6 para Brasilia
[2025-07-24T03:35:01.251+0000] {transform_1.py:59} INFO - ✔ Transformado dato calidad aire 7 para Ottawa
[2025-07-24T03:35:01.252+0000] {transform_1.py:59} INFO - ✔ Transformado dato calidad aire 8 para Santiago
[2025-07-24T03:35:01.252+0000] {transform_1.py:59} INFO - ✔ Transformado dato calidad aire 9 para Bogotá
[2025-07-24T03:35:01.253+0000] {transform_1.py:59} INFO - ✔ Transformado dato calidad aire 10 para San José
[2025-07-24T03:35:01.254+0000] {transform_1.py:59} INFO - ✔ Transformado dato calidad aire 11 para Havana
[2025-07-24T03:35:01.254+0000] {transform_1.py:59} INFO - ✔ Transformado dato calidad aire 12 para Roseau
[2025-07-24T03:35:01.255+0000] {transform_1.py:59} INFO - ✔ Transformado dato calidad aire 13 para Santo Domingo
[2025-07-24T03:35:01.256+0000] {transform_1.py:59} INFO - ✔ Transformado dato calidad aire 14 para Quito
[2025-07-24T03:35:01.257+0000] {transform_1.py:59} INFO - ✔ Transformado dato calidad aire 15 para San Salvador
[2025-07-24T03:35:01.258+0000] {transform_1.py:59} INFO - ✔ Transformado dato calidad aire 16 para St. George's
[2025-07-24T03:35:01.259+0000] {transform_1.py:59} INFO - ✔ Transformado dato calidad aire 17 para Guatemala City
[2025-07-24T03:35:01.260+0000] {transform_1.py:59} INFO - ✔ Transformado dato calidad aire 18 para Georgetown
[2025-07-24T03:35:01.260+0000] {transform_1.py:59} INFO - ✔ Transformado dato calidad aire 19 para Port-au-Prince
[2025-07-24T03:35:01.261+0000] {transform_1.py:59} INFO - ✔ Transformado dato calidad aire 20 para Tegucigalpa
[2025-07-24T03:35:01.262+0000] {transform_1.py:59} INFO - ✔ Transformado dato calidad aire 21 para Kingston
[2025-07-24T03:35:01.263+0000] {transform_1.py:59} INFO - ✔ Transformado dato calidad aire 22 para Ciudad de México
[2025-07-24T03:35:01.264+0000] {transform_1.py:59} INFO - ✔ Transformado dato calidad aire 23 para Managua
[2025-07-24T03:35:01.264+0000] {transform_1.py:59} INFO - ✔ Transformado dato calidad aire 24 para Panama City
[2025-07-24T03:35:01.265+0000] {transform_1.py:59} INFO - ✔ Transformado dato calidad aire 25 para Asunción
[2025-07-24T03:35:01.267+0000] {transform_1.py:59} INFO - ✔ Transformado dato calidad aire 26 para Lima
[2025-07-24T03:35:01.267+0000] {transform_1.py:59} INFO - ✔ Transformado dato calidad aire 27 para Basseterre
[2025-07-24T03:35:01.268+0000] {transform_1.py:59} INFO - ✔ Transformado dato calidad aire 28 para Castries
[2025-07-24T03:35:01.269+0000] {transform_1.py:59} INFO - ✔ Transformado dato calidad aire 29 para Kingstown
[2025-07-24T03:35:01.269+0000] {transform_1.py:59} INFO - ✔ Transformado dato calidad aire 30 para Paramaribo
[2025-07-24T03:35:01.270+0000] {transform_1.py:59} INFO - ✔ Transformado dato calidad aire 31 para Port of Spain
[2025-07-24T03:35:01.270+0000] {transform_1.py:59} INFO - ✔ Transformado dato calidad aire 32 para Montevideo
[2025-07-24T03:35:01.271+0000] {transform_1.py:59} INFO - ✔ Transformado dato calidad aire 33 para Washington
[2025-07-24T03:35:01.273+0000] {transform_1.py:59} INFO - ✔ Transformado dato calidad aire 34 para Caracas
[2025-07-24T03:35:01.296+0000] {python.py:201} INFO - Done. Returned value was: None
[2025-07-24T03:35:01.313+0000] {taskinstance.py:1138} INFO - Marking task as SUCCESS. dag_id=TechAndUrbanGrowth, task_id=transform_air_quality_data, execution_date=20250724T033440, start_date=20250724T033500, end_date=20250724T033501
[2025-07-24T03:35:01.354+0000] {local_task_job_runner.py:234} INFO - Task exited with return code 0
[2025-07-24T03:35:01.397+0000] {taskinstance.py:3280} INFO - 0 downstream tasks scheduled from follow-on schedule check
