[2025-07-24T00:01:22.076+0000] {taskinstance.py:1956} INFO - Dependencies all met for dep_context=non-requeueable deps ti=<TaskInstance: TechAndUrbanGrowth.transform_urbanization_data scheduled__2025-07-23T00:00:00+00:00 [queued]>
[2025-07-24T00:01:22.132+0000] {taskinstance.py:1956} INFO - Dependencies all met for dep_context=requeueable deps ti=<TaskInstance: TechAndUrbanGrowth.transform_urbanization_data scheduled__2025-07-23T00:00:00+00:00 [queued]>
[2025-07-24T00:01:22.139+0000] {taskinstance.py:2170} INFO - Starting attempt 1 of 2
[2025-07-24T00:01:22.257+0000] {taskinstance.py:2191} INFO - Executing <Task(PythonOperator): transform_urbanization_data> on 2025-07-23 00:00:00+00:00
[2025-07-24T00:01:22.302+0000] {standard_task_runner.py:60} INFO - Started process 233 to run task
[2025-07-24T00:01:22.453+0000] {standard_task_runner.py:87} INFO - Running: ['***', 'tasks', 'run', 'TechAndUrbanGrowth', 'transform_urbanization_data', 'scheduled__2025-07-23T00:00:00+00:00', '--job-id', '9', '--raw', '--subdir', 'DAGS_FOLDER/main.py', '--cfg-path', '/tmp/tmpwnon6bw2']
[2025-07-24T00:01:22.554+0000] {standard_task_runner.py:88} INFO - Job 9: Subtask transform_urbanization_data
[2025-07-24T00:01:23.405+0000] {task_command.py:423} INFO - Running <TaskInstance: TechAndUrbanGrowth.transform_urbanization_data scheduled__2025-07-23T00:00:00+00:00 [running]> on host 42eccaba6988
[2025-07-24T00:01:24.751+0000] {taskinstance.py:2480} INFO - Exporting env vars: AIRFLOW_CTX_DAG_OWNER='***' AIRFLOW_CTX_DAG_ID='TechAndUrbanGrowth' AIRFLOW_CTX_TASK_ID='transform_urbanization_data' AIRFLOW_CTX_EXECUTION_DATE='2025-07-23T00:00:00+00:00' AIRFLOW_CTX_TRY_NUMBER='1' AIRFLOW_CTX_DAG_RUN_ID='scheduled__2025-07-23T00:00:00+00:00'
[2025-07-24T00:01:24.942+0000] {transform_2.py:38} INFO - ✔ 65 registros de urbanización transformados correctamente
[2025-07-24T00:01:24.944+0000] {python.py:201} INFO - Done. Returned value was: None
[2025-07-24T00:01:24.995+0000] {taskinstance.py:1138} INFO - Marking task as SUCCESS. dag_id=TechAndUrbanGrowth, task_id=transform_urbanization_data, execution_date=20250723T000000, start_date=20250724T000122, end_date=20250724T000124
[2025-07-24T00:01:25.256+0000] {local_task_job_runner.py:234} INFO - Task exited with return code 0
[2025-07-24T00:01:25.403+0000] {taskinstance.py:3280} INFO - 0 downstream tasks scheduled from follow-on schedule check
[2025-07-24T00:22:51.256+0000] {taskinstance.py:1956} INFO - Dependencies all met for dep_context=non-requeueable deps ti=<TaskInstance: TechAndUrbanGrowth.transform_urbanization_data scheduled__2025-07-23T00:00:00+00:00 [queued]>
[2025-07-24T00:22:51.280+0000] {taskinstance.py:1956} INFO - Dependencies all met for dep_context=requeueable deps ti=<TaskInstance: TechAndUrbanGrowth.transform_urbanization_data scheduled__2025-07-23T00:00:00+00:00 [queued]>
[2025-07-24T00:22:51.282+0000] {taskinstance.py:2170} INFO - Starting attempt 1 of 2
[2025-07-24T00:22:51.315+0000] {taskinstance.py:2191} INFO - Executing <Task(PythonOperator): transform_urbanization_data> on 2025-07-23 00:00:00+00:00
[2025-07-24T00:22:51.339+0000] {standard_task_runner.py:60} INFO - Started process 274 to run task
[2025-07-24T00:22:51.360+0000] {standard_task_runner.py:87} INFO - Running: ['***', 'tasks', 'run', 'TechAndUrbanGrowth', 'transform_urbanization_data', 'scheduled__2025-07-23T00:00:00+00:00', '--job-id', '15', '--raw', '--subdir', 'DAGS_FOLDER/main.py', '--cfg-path', '/tmp/tmplyv9i5jm']
[2025-07-24T00:22:51.370+0000] {standard_task_runner.py:88} INFO - Job 15: Subtask transform_urbanization_data
[2025-07-24T00:22:51.512+0000] {task_command.py:423} INFO - Running <TaskInstance: TechAndUrbanGrowth.transform_urbanization_data scheduled__2025-07-23T00:00:00+00:00 [running]> on host 4c8899e5e1ad
[2025-07-24T00:22:51.736+0000] {taskinstance.py:2480} INFO - Exporting env vars: AIRFLOW_CTX_DAG_OWNER='***' AIRFLOW_CTX_DAG_ID='TechAndUrbanGrowth' AIRFLOW_CTX_TASK_ID='transform_urbanization_data' AIRFLOW_CTX_EXECUTION_DATE='2025-07-23T00:00:00+00:00' AIRFLOW_CTX_TRY_NUMBER='1' AIRFLOW_CTX_DAG_RUN_ID='scheduled__2025-07-23T00:00:00+00:00'
[2025-07-24T00:22:51.822+0000] {transform_2.py:38} INFO - ✔ 65 registros de urbanización transformados correctamente
[2025-07-24T00:22:51.823+0000] {python.py:201} INFO - Done. Returned value was: None
[2025-07-24T00:22:51.839+0000] {taskinstance.py:1138} INFO - Marking task as SUCCESS. dag_id=TechAndUrbanGrowth, task_id=transform_urbanization_data, execution_date=20250723T000000, start_date=20250724T002251, end_date=20250724T002251
[2025-07-24T00:22:51.897+0000] {local_task_job_runner.py:234} INFO - Task exited with return code 0
[2025-07-24T00:22:51.940+0000] {taskinstance.py:3280} INFO - 1 downstream tasks scheduled from follow-on schedule check
