[2025-07-23T23:28:06.642+0000] {taskinstance.py:1956} INFO - Dependencies all met for dep_context=non-requeueable deps ti=<TaskInstance: TechAndUrbanGrowth.load_all_to_mongo manual__2025-07-23T23:20:17.194085+00:00 [queued]>
[2025-07-23T23:28:06.663+0000] {taskinstance.py:1956} INFO - Dependencies all met for dep_context=requeueable deps ti=<TaskInstance: TechAndUrbanGrowth.load_all_to_mongo manual__2025-07-23T23:20:17.194085+00:00 [queued]>
[2025-07-23T23:28:06.664+0000] {taskinstance.py:2170} INFO - Starting attempt 1 of 2
[2025-07-23T23:28:06.687+0000] {taskinstance.py:2191} INFO - Executing <Task(PythonOperator): load_all_to_mongo> on 2025-07-23 23:20:17.194085+00:00
[2025-07-23T23:28:06.704+0000] {standard_task_runner.py:60} INFO - Started process 188 to run task
[2025-07-23T23:28:06.710+0000] {standard_task_runner.py:87} INFO - Running: ['***', 'tasks', 'run', 'TechAndUrbanGrowth', 'load_all_to_mongo', 'manual__2025-07-23T23:20:17.194085+00:00', '--job-id', '19', '--raw', '--subdir', 'DAGS_FOLDER/main.py', '--cfg-path', '/tmp/tmpnl7_ktda']
[2025-07-23T23:28:06.715+0000] {standard_task_runner.py:88} INFO - Job 19: Subtask load_all_to_mongo
[2025-07-23T23:28:06.846+0000] {task_command.py:423} INFO - Running <TaskInstance: TechAndUrbanGrowth.load_all_to_mongo manual__2025-07-23T23:20:17.194085+00:00 [running]> on host 835426bf55cb
[2025-07-23T23:28:07.016+0000] {taskinstance.py:2480} INFO - Exporting env vars: AIRFLOW_CTX_DAG_OWNER='***' AIRFLOW_CTX_DAG_ID='TechAndUrbanGrowth' AIRFLOW_CTX_TASK_ID='load_all_to_mongo' AIRFLOW_CTX_EXECUTION_DATE='2025-07-23T23:20:17.194085+00:00' AIRFLOW_CTX_TRY_NUMBER='1' AIRFLOW_CTX_DAG_RUN_ID='manual__2025-07-23T23:20:17.194085+00:00'
[2025-07-23T23:28:07.020+0000] {load_mongo.py:13} INFO - 📦 Conectando a MongoDB...
[2025-07-23T23:28:07.157+0000] {load_mongo.py:21} INFO - Datos urbanización recibidos: tipo=<class 'NoneType'>, cantidad=0
[2025-07-23T23:28:07.158+0000] {load_mongo.py:22} INFO - Datos calidad aire recibidos: tipo=<class 'list'>, cantidad=35
[2025-07-23T23:28:07.160+0000] {load_mongo.py:23} INFO - Datos población recibidos: tipo=<class 'list'>, cantidad=65
[2025-07-23T23:28:07.162+0000] {load_mongo.py:40} WARNING - ⚠️ No hay datos de urbanización para cargar
[2025-07-23T23:28:07.403+0000] {load_mongo.py:67} INFO - 💨 Calidad del aire: 35 registros upsertados
[2025-07-23T23:28:08.017+0000] {load_mongo.py:101} INFO - 📝 Resumen consolidado insertado: {'timestamp': '2025-07-23T23:28:07.969412', 'sources': ['population', 'urbanization', 'air_quality'], 'summary': {'population': 65, 'urbanization': 0, 'air_quality': 35, 'total_upserted': 100}, '_id': ObjectId('68817007ce8069702fc18dfc')}
[2025-07-23T23:28:08.109+0000] {load_mongo.py:106} INFO - ✅ Carga finalizada con éxito: 100 registros upsertados
[2025-07-23T23:28:08.115+0000] {python.py:201} INFO - Done. Returned value was: None
[2025-07-23T23:28:08.154+0000] {taskinstance.py:1138} INFO - Marking task as SUCCESS. dag_id=TechAndUrbanGrowth, task_id=load_all_to_mongo, execution_date=20250723T232017, start_date=20250723T232806, end_date=20250723T232808
[2025-07-23T23:28:08.252+0000] {local_task_job_runner.py:234} INFO - Task exited with return code 0
[2025-07-23T23:28:08.379+0000] {taskinstance.py:3280} INFO - 1 downstream tasks scheduled from follow-on schedule check
