[2025-07-24T00:01:36.619+0000] {taskinstance.py:1956} INFO - Dependencies all met for dep_context=non-requeueable deps ti=<TaskInstance: TechAndUrbanGrowth.save_last_success_time scheduled__2025-07-23T00:00:00+00:00 [queued]>
[2025-07-24T00:01:36.639+0000] {taskinstance.py:1956} INFO - Dependencies all met for dep_context=requeueable deps ti=<TaskInstance: TechAndUrbanGrowth.save_last_success_time scheduled__2025-07-23T00:00:00+00:00 [queued]>
[2025-07-24T00:01:36.640+0000] {taskinstance.py:2170} INFO - Starting attempt 1 of 2
[2025-07-24T00:01:36.671+0000] {taskinstance.py:2191} INFO - Executing <Task(PythonOperator): save_last_success_time> on 2025-07-23 00:00:00+00:00
[2025-07-24T00:01:36.691+0000] {standard_task_runner.py:60} INFO - Started process 251 to run task
[2025-07-24T00:01:36.700+0000] {standard_task_runner.py:87} INFO - Running: ['***', 'tasks', 'run', 'TechAndUrbanGrowth', 'save_last_success_time', 'scheduled__2025-07-23T00:00:00+00:00', '--job-id', '17', '--raw', '--subdir', 'DAGS_FOLDER/main.py', '--cfg-path', '/tmp/tmp6xo8uju9']
[2025-07-24T00:01:36.705+0000] {standard_task_runner.py:88} INFO - Job 17: Subtask save_last_success_time
[2025-07-24T00:01:36.864+0000] {task_command.py:423} INFO - Running <TaskInstance: TechAndUrbanGrowth.save_last_success_time scheduled__2025-07-23T00:00:00+00:00 [running]> on host 42eccaba6988
[2025-07-24T00:01:37.084+0000] {taskinstance.py:2480} INFO - Exporting env vars: AIRFLOW_CTX_DAG_OWNER='***' AIRFLOW_CTX_DAG_ID='TechAndUrbanGrowth' AIRFLOW_CTX_TASK_ID='save_last_success_time' AIRFLOW_CTX_EXECUTION_DATE='2025-07-23T00:00:00+00:00' AIRFLOW_CTX_TRY_NUMBER='1' AIRFLOW_CTX_DAG_RUN_ID='scheduled__2025-07-23T00:00:00+00:00'
[2025-07-24T00:01:37.196+0000] {load_mongo.py:126} INFO - 🕒 Última ejecución exitosa registrada
[2025-07-24T00:01:37.221+0000] {python.py:201} INFO - Done. Returned value was: None
[2025-07-24T00:01:37.256+0000] {taskinstance.py:1138} INFO - Marking task as SUCCESS. dag_id=TechAndUrbanGrowth, task_id=save_last_success_time, execution_date=20250723T000000, start_date=20250724T000136, end_date=20250724T000137
[2025-07-24T00:01:37.335+0000] {local_task_job_runner.py:234} INFO - Task exited with return code 0
[2025-07-24T00:01:37.391+0000] {taskinstance.py:3280} INFO - 0 downstream tasks scheduled from follow-on schedule check
[2025-07-24T00:22:57.204+0000] {taskinstance.py:1956} INFO - Dependencies all met for dep_context=non-requeueable deps ti=<TaskInstance: TechAndUrbanGrowth.save_last_success_time scheduled__2025-07-23T00:00:00+00:00 [queued]>
[2025-07-24T00:22:57.240+0000] {taskinstance.py:1956} INFO - Dependencies all met for dep_context=requeueable deps ti=<TaskInstance: TechAndUrbanGrowth.save_last_success_time scheduled__2025-07-23T00:00:00+00:00 [queued]>
[2025-07-24T00:22:57.241+0000] {taskinstance.py:2170} INFO - Starting attempt 1 of 2
[2025-07-24T00:22:57.328+0000] {taskinstance.py:2191} INFO - Executing <Task(PythonOperator): save_last_success_time> on 2025-07-23 00:00:00+00:00
[2025-07-24T00:22:57.347+0000] {standard_task_runner.py:60} INFO - Started process 284 to run task
[2025-07-24T00:22:57.355+0000] {standard_task_runner.py:87} INFO - Running: ['***', 'tasks', 'run', 'TechAndUrbanGrowth', 'save_last_success_time', 'scheduled__2025-07-23T00:00:00+00:00', '--job-id', '17', '--raw', '--subdir', 'DAGS_FOLDER/main.py', '--cfg-path', '/tmp/tmpgoea29m3']
[2025-07-24T00:22:57.360+0000] {standard_task_runner.py:88} INFO - Job 17: Subtask save_last_success_time
[2025-07-24T00:22:57.540+0000] {task_command.py:423} INFO - Running <TaskInstance: TechAndUrbanGrowth.save_last_success_time scheduled__2025-07-23T00:00:00+00:00 [running]> on host 4c8899e5e1ad
[2025-07-24T00:22:57.732+0000] {taskinstance.py:2480} INFO - Exporting env vars: AIRFLOW_CTX_DAG_OWNER='***' AIRFLOW_CTX_DAG_ID='TechAndUrbanGrowth' AIRFLOW_CTX_TASK_ID='save_last_success_time' AIRFLOW_CTX_EXECUTION_DATE='2025-07-23T00:00:00+00:00' AIRFLOW_CTX_TRY_NUMBER='1' AIRFLOW_CTX_DAG_RUN_ID='scheduled__2025-07-23T00:00:00+00:00'
[2025-07-24T00:22:57.793+0000] {load_mongo.py:126} INFO - 🕒 Última ejecución exitosa registrada
[2025-07-24T00:22:57.796+0000] {python.py:201} INFO - Done. Returned value was: None
[2025-07-24T00:22:57.817+0000] {taskinstance.py:1138} INFO - Marking task as SUCCESS. dag_id=TechAndUrbanGrowth, task_id=save_last_success_time, execution_date=20250723T000000, start_date=20250724T002257, end_date=20250724T002257
[2025-07-24T00:22:57.872+0000] {local_task_job_runner.py:234} INFO - Task exited with return code 0
[2025-07-24T00:22:57.900+0000] {taskinstance.py:3280} INFO - 0 downstream tasks scheduled from follow-on schedule check
